<?xml version="1.0" encoding="UTF-8"?>
<testExecutions version="1">
  <file path="/Users/davitbejanyan/Desktop/kafka-ui/kafka-ui-react-app/src/components/Topics/Topic/Messages/Filters/__tests__/AddFilter.spec.tsx">
    <testCase name="AddFilter component  should test click on Saved Filters redirects to Saved components" duration="140"/>
    <testCase name="AddFilter component  info button to be in the document" duration="112"/>
    <testCase name="AddFilter component  renders InfoModal" duration="490">
      <failure message="TestingLibraryElementError: Unable to find an accessible element with the role &quot;button&quot; and name &quot;Ok&quot;"><![CDATA[TestingLibraryElementError: Unable to find an accessible element with the role "button" and name "Ok"

Here are the accessible roles:

  heading:

  Name "Add filter":
  <h3
    class="sc-dmctIk jzaHye"
  />

  --------------------------------------------------
  button:

  Name "info":
  <button
    aria-label="info"
    class="sc-hHTYSt kMTTZE"
    type="button"
  />

  Name "Cancel":
  <button
    class="sc-iAEawV fqJOCd"
    type="button"
  />

  Name "Add filter":
  <button
    class="sc-iAEawV erdBca"
    disabled=""
    type="submit"
  />

  --------------------------------------------------
  savedFilterText:

  Name "":
  <div
    class="sc-cCjUiG ZEjMA"
    role="savedFilterText"
  />

  --------------------------------------------------
  form:

  Name "Filters submit Form":
  <form
    aria-label="Filters submit Form"
  />

  --------------------------------------------------
  textbox:

  Name "":
  <textarea
    autocapitalize="off"
    autocorrect="off"
    class="ace_text-input"
    spellcheck="false"
    style="opacity: 0; font-size: 1px;"
    wrap="off"
  />

  Name "":
  <input
    autocomplete="off"
    class="sc-gswNZR hfxlEz"
    name="name"
    placeholder="Enter Name"
    value=""
  />

  --------------------------------------------------
  checkbox:

  Name "":
  <input
    name="saveFilter"
    type="checkbox"
  />

  --------------------------------------------------

Ignored nodes: comments, script, style
<body>
  <div>
    <div>
      <h3
        class="sc-dmctIk jzaHye"
      >
        Add filter
        <div>
          <button
            aria-label="info"
            class="sc-hHTYSt kMTTZE"
            type="button"
          >
            <svg
              fill="none"
              height="19"
              viewBox="0 0 19 19"
              width="19"
              xmlns="http://www.w3.org/2000/svg"
            >
              <circle
                cx="9.5"
                cy="9.5"
                r="8.5"
                stroke="#5C5CF6"
                stroke-width="2"
              />
              <path
                d="M8.31818 11.2727V11.0682C8.31818 10.5994 8.35511 10.2259 8.42898 9.94744C8.50284 9.66903 8.61222 9.44602 8.7571 9.27841C8.90199 9.10795 9.07955 8.95455 9.28977 8.81818C9.47159 8.69886 9.63352 8.58381 9.77557 8.47301C9.92045 8.36222 10.0341 8.24432 10.1165 8.11932C10.2017 7.99432 10.2443 7.85227 10.2443 7.69318C10.2443 7.55114 10.2102 7.42614 10.142 7.31818C10.0739 7.21023 9.98153 7.12642 9.86506 7.06676C9.74858 7.0071 9.61932 6.97727 9.47727 6.97727C9.32386 6.97727 9.18182 7.01278 9.05114 7.08381C8.9233 7.15483 8.8196 7.25284 8.74006 7.37784C8.66335 7.50284 8.625 7.64773 8.625 7.8125H6.44318C6.44886 7.1875 6.59091 6.6804 6.86932 6.29119C7.14773 5.89915 7.51705 5.61222 7.97727 5.4304C8.4375 5.24574 8.94318 5.15341 9.49432 5.15341C10.1023 5.15341 10.6449 5.2429 11.1222 5.42188C11.5994 5.59801 11.9759 5.86506 12.2514 6.22301C12.527 6.57812 12.6648 7.02273 12.6648 7.55682C12.6648 7.90057 12.6051 8.20312 12.4858 8.46449C12.3693 8.72301 12.206 8.9517 11.9957 9.15057C11.7884 9.34659 11.5455 9.52557 11.267 9.6875C11.0625 9.80682 10.8906 9.9304 10.7514 10.0582C10.6122 10.1832 10.5071 10.3267 10.4361 10.4886C10.3651 10.6477 10.3295 10.8409 10.3295 11.0682V11.2727H8.31818ZM9.35795 14.1364C9.02841 14.1364 8.74574 14.0213 8.50994 13.7912C8.27699 13.5582 8.16193 13.2756 8.16477 12.9432C8.16193 12.6193 8.27699 12.3423 8.50994 12.1122C8.74574 11.8821 9.02841 11.767 9.35795 11.767C9.67045 11.767 9.94602 11.8821 10.1847 12.1122C10.4261 12.3423 10.5483 12.6193 10.5511 12.9432C10.5483 13.1648 10.4901 13.3665 10.3764 13.5483C10.2656 13.7273 10.1207 13.8707 9.94176 13.9787C9.76278 14.0838 9.56818 14.1364 9.35795 14.1364Z"
                fill="#4C4CFF"
              />
            </svg>
          </button>
        </div>
      </h3>
      <div
        class="sc-cCjUiG ZEjMA"
        role="savedFilterText"
      >
        <svg
          fill="none"
          height="20"
          viewBox="0 0 18 20"
          width="18"
          xmlns="http://www.w3.org/2000/svg"
        >
          <path
            clip-rule="evenodd"
            d="M16 2H2L2 17.9873L7.29945 15.4982C8.3767 14.9922 9.6233 14.9922 10.7005 15.4982L16 17.9873V2ZM2 0C0.895431 0 0 0.895431 0 2V17.9873C0 19.4527 1.5239 20.4206 2.85027 19.7976L8.14973 17.3085C8.68835 17.0555 9.31165 17.0555 9.85027 17.3085L15.1497 19.7976C16.4761 20.4206 18 19.4527 18 17.9873V2C18 0.895431 17.1046 0 16 0H2Z"
            fill="#4C4CFF"
            fill-rule="evenodd"
          />
          <path
            d="M9 4L10.4401 7.01791L13.7553 7.45492L11.3301 9.75709L11.9389 13.0451L9 11.45L6.06107 13.0451L6.66991 9.75709L4.24472 7.45492L7.55993 7.01791L9 4Z"
            fill="#4C4CFF"
          />
        </svg>
         
        <div
          class="sc-cjibBx bKCFub"
        >
          Saved Filters
        </div>
      </div>
      <form
        aria-label="Filters submit Form"
      >
        <div>
          <label
            class="sc-eeMvmM jfuHTd"
          >
            Filter code
          </label>
          <div
            class=" ace_editor ace_hidpi ace-tomorrow sc-cUEOzv cBOUBi"
            id="ace-editor"
            style="width: 100%; height: 372px; font-size: 14px;"
          >
            <textarea
              autocapitalize="off"
              autocorrect="off"
              class="ace_text-input"
              spellcheck="false"
              style="opacity: 0; font-size: 1px;"
              wrap="off"
            />
            <div
              aria-hidden="true"
              class="ace_gutter"
            >
              <div
                class="ace_layer ace_gutter-layer ace_folding-enabled"
                style="height: 1000000px;"
              />
            </div>
            <div
              class="ace_scroller"
              style="line-height: 0px;"
            >
              <div
                class="ace_content"
              >
                <div
                  class="ace_layer ace_print-margin-layer"
                >
                  <div
                    class="ace_print-margin"
                    style="left: 4px; visibility: visible;"
                  />
                </div>
                <div
                  class="ace_layer ace_marker-layer"
                />
                <div
                  class="ace_layer ace_text-layer"
                  style="height: 1000000px; margin: 0px 4px;"
                />
                <div
                  class="ace_layer ace_marker-layer"
                />
                <div
                  class="ace_layer ace_cursor-layer ace_hidden-cursors"
                >
                  <div
                    class="ace_cursor"
                  />
                </div>
              </div>
            </div>
            <div
              class="ace_scrollbar ace_scrollbar-v"
              style="display: none; width: 20px;"
            >
              <div
                class="ace_scrollbar-inner"
                style="width: 20px;"
              >
                 
              </div>
            </div>
            <div
              class="ace_scrollbar ace_scrollbar-h"
              style="display: none; height: 20px;"
            >
              <div
                class="ace_scrollbar-inner"
                style="height: 20px;"
              >
                 
              </div>
            </div>
            <div
              style="height: auto; width: auto; top: 0px; left: 0px; visibility: hidden; position: absolute; white-space: pre; overflow: hidden;"
            >
              <div
                style="height: auto; width: auto; top: 0px; left: 0px; visibility: hidden; position: absolute; white-space: pre; overflow: visible;"
              />
              <div
                style="height: auto; width: auto; top: 0px; left: 0px; visibility: hidden; position: absolute; white-space: pre; overflow: visible;"
              >
                XXXXXXXXXXXXXXXXXXXXXXXXXXXXXXXXXXXXXXXXXXXXXXXXXXXXXXXXXXXXXXXXXXXXXXXXXXXXXXXXXXXXXXXXXXXXXXXXXXXXXXXXXXXXXXXXXXXXXXXXXXXXXXXXXXXXXXXXXXXXXXXXXXXXXXXXXXXXXXXXXXXXXXXXXXXXXXXXXXXXXXXXXXXXXXXXXXXXXXXXXXXXXXXXXXXXXXXXXXXXXXXXXXXXXXXXXXXXXXXXXXXXXXXXXXXXXXXX
              </div>
            </div>
          </div>
        </div>
        <div>
          <p
            class="sc-dkrFOg igepYK"
          />
        </div>
        <div
          class="sc-bYMpWt kZuSKh"
        >
          <input
            name="saveFilter"
            type="checkbox"
          />
          <label
            class="sc-eeMvmM jfuHTd"
          >
            Save this filter
          </label>
        </div>
        <div>
          <label
            class="sc-eeMvmM jfuHTd"
          >
            Display name
          </label>
          <div
            class="sc-bcXHqe gcpBvl"
          >
            <input
              autocomplete="off"
              class="sc-gswNZR hfxlEz"
              name="name"
              placeholder="Enter Name"
              value=""
            />
          </div>
        </div>
        <div>
          <p
            class="sc-dkrFOg igepYK"
          />
        </div>
        <div
          class="sc-iveFHk iUfZEC"
        >
          <button
            class="sc-iAEawV fqJOCd"
            type="button"
          >
            Cancel
          </button>
          <button
            class="sc-iAEawV erdBca"
            disabled=""
            type="submit"
          >
            Add filter
          </button>
        </div>
      </form>
    </div>
  </div>
</body>
    at Object.getElementError (/Users/davitbejanyan/Desktop/kafka-ui/kafka-ui-react-app/node_modules/.pnpm/@testing-library+dom@8.19.0/node_modules/@testing-library/dom/dist/config.js:40:19)
    at /Users/davitbejanyan/Desktop/kafka-ui/kafka-ui-react-app/node_modules/.pnpm/@testing-library+dom@8.19.0/node_modules/@testing-library/dom/dist/query-helpers.js:90:38
    at /Users/davitbejanyan/Desktop/kafka-ui/kafka-ui-react-app/node_modules/.pnpm/@testing-library+dom@8.19.0/node_modules/@testing-library/dom/dist/query-helpers.js:62:17
    at /Users/davitbejanyan/Desktop/kafka-ui/kafka-ui-react-app/node_modules/.pnpm/@testing-library+dom@8.19.0/node_modules/@testing-library/dom/dist/query-helpers.js:111:19
    at Object.getByRole (/Users/davitbejanyan/Desktop/kafka-ui/kafka-ui-react-app/src/components/Topics/Topic/Messages/Filters/__tests__/AddFilter.spec.tsx:53:21)
    at Promise.then.completed (/Users/davitbejanyan/Desktop/kafka-ui/kafka-ui-react-app/node_modules/.pnpm/jest-circus@29.1.2/node_modules/jest-circus/build/utils.js:333:28)
    at new Promise (<anonymous>)
    at callAsyncCircusFn (/Users/davitbejanyan/Desktop/kafka-ui/kafka-ui-react-app/node_modules/.pnpm/jest-circus@29.1.2/node_modules/jest-circus/build/utils.js:259:10)
    at _callCircusTest (/Users/davitbejanyan/Desktop/kafka-ui/kafka-ui-react-app/node_modules/.pnpm/jest-circus@29.1.2/node_modules/jest-circus/build/run.js:277:40)
    at _runTest (/Users/davitbejanyan/Desktop/kafka-ui/kafka-ui-react-app/node_modules/.pnpm/jest-circus@29.1.2/node_modules/jest-circus/build/run.js:209:3)
    at _runTestsForDescribeBlock (/Users/davitbejanyan/Desktop/kafka-ui/kafka-ui-react-app/node_modules/.pnpm/jest-circus@29.1.2/node_modules/jest-circus/build/run.js:97:9)
    at _runTestsForDescribeBlock (/Users/davitbejanyan/Desktop/kafka-ui/kafka-ui-react-app/node_modules/.pnpm/jest-circus@29.1.2/node_modules/jest-circus/build/run.js:91:9)
    at _runTestsForDescribeBlock (/Users/davitbejanyan/Desktop/kafka-ui/kafka-ui-react-app/node_modules/.pnpm/jest-circus@29.1.2/node_modules/jest-circus/build/run.js:91:9)
    at run (/Users/davitbejanyan/Desktop/kafka-ui/kafka-ui-react-app/node_modules/.pnpm/jest-circus@29.1.2/node_modules/jest-circus/build/run.js:31:3)
    at runAndTransformResultsToJestFormat (/Users/davitbejanyan/Desktop/kafka-ui/kafka-ui-react-app/node_modules/.pnpm/jest-circus@29.1.2/node_modules/jest-circus/build/legacy-code-todo-rewrite/jestAdapterInit.js:136:21)
    at jestAdapter (/Users/davitbejanyan/Desktop/kafka-ui/kafka-ui-react-app/node_modules/.pnpm/jest-circus@29.1.2/node_modules/jest-circus/build/legacy-code-todo-rewrite/jestAdapter.js:92:19)
    at runTestInternal (/Users/davitbejanyan/Desktop/kafka-ui/kafka-ui-react-app/node_modules/.pnpm/jest-runner@29.1.2/node_modules/jest-runner/build/runTest.js:407:16)
    at runTest (/Users/davitbejanyan/Desktop/kafka-ui/kafka-ui-react-app/node_modules/.pnpm/jest-runner@29.1.2/node_modules/jest-runner/build/runTest.js:491:34)
    at Object.worker (/Users/davitbejanyan/Desktop/kafka-ui/kafka-ui-react-app/node_modules/.pnpm/jest-runner@29.1.2/node_modules/jest-runner/build/testWorker.js:133:12)]]></failure>
    </testCase>
    <testCase name="AddFilter component  should test click on return to custom filter redirects to Saved Filters" duration="36"/>
    <testCase name="AddFilter component Add new filter adding new filter" duration="70">
      <failure message="Error: expect(element).toBeEnabled()"><![CDATA[Error: expect(element).toBeEnabled()

Received element is not enabled:
  <button class="sc-iAEawV erdBca" disabled="" type="submit" />
    at toBeEnabled (/Users/davitbejanyan/Desktop/kafka-ui/kafka-ui-react-app/src/components/Topics/Topic/Messages/Filters/__tests__/AddFilter.spec.tsx:91:28)
    at tryCatch (/Users/davitbejanyan/Desktop/kafka-ui/kafka-ui-react-app/src/components/Topics/Topic/Messages/Filters/__tests__/AddFilter.spec.tsx:2:1)
    at Generator._invoke (/Users/davitbejanyan/Desktop/kafka-ui/kafka-ui-react-app/src/components/Topics/Topic/Messages/Filters/__tests__/AddFilter.spec.tsx:2:1)
    at Generator.next (/Users/davitbejanyan/Desktop/kafka-ui/kafka-ui-react-app/src/components/Topics/Topic/Messages/Filters/__tests__/AddFilter.spec.tsx:2:1)
    at asyncGeneratorStep (/Users/davitbejanyan/Desktop/kafka-ui/kafka-ui-react-app/src/components/Topics/Topic/Messages/Filters/__tests__/AddFilter.spec.tsx:2:1)
    at _next (/Users/davitbejanyan/Desktop/kafka-ui/kafka-ui-react-app/src/components/Topics/Topic/Messages/Filters/__tests__/AddFilter.spec.tsx:2:1)]]></failure>
    </testCase>
    <testCase name="AddFilter component Add new filter should check unSaved filter without name" duration="89">
      <failure message="Error: expect(element).toBeEnabled()"><![CDATA[Error: expect(element).toBeEnabled()

Received element is not enabled:
  <button class="sc-iAEawV erdBca" disabled="" type="submit" />
    at toBeEnabled (/Users/davitbejanyan/Desktop/kafka-ui/kafka-ui-react-app/src/components/Topics/Topic/Messages/Filters/__tests__/AddFilter.spec.tsx:105:28)
    at tryCatch (/Users/davitbejanyan/Desktop/kafka-ui/kafka-ui-react-app/src/components/Topics/Topic/Messages/Filters/__tests__/AddFilter.spec.tsx:2:1)
    at Generator._invoke (/Users/davitbejanyan/Desktop/kafka-ui/kafka-ui-react-app/src/components/Topics/Topic/Messages/Filters/__tests__/AddFilter.spec.tsx:2:1)
    at Generator.next (/Users/davitbejanyan/Desktop/kafka-ui/kafka-ui-react-app/src/components/Topics/Topic/Messages/Filters/__tests__/AddFilter.spec.tsx:2:1)
    at asyncGeneratorStep (/Users/davitbejanyan/Desktop/kafka-ui/kafka-ui-react-app/src/components/Topics/Topic/Messages/Filters/__tests__/AddFilter.spec.tsx:2:1)
    at _next (/Users/davitbejanyan/Desktop/kafka-ui/kafka-ui-react-app/src/components/Topics/Topic/Messages/Filters/__tests__/AddFilter.spec.tsx:2:1)]]></failure>
    </testCase>
    <testCase name="AddFilter component Add new filter calls editFilter when edit button is clicked in saved filters" duration="26">
      <failure message="Error: expect(jest.fn()).toHaveBeenCalledTimes(expected)"><![CDATA[Error: expect(jest.fn()).toHaveBeenCalledTimes(expected)

Expected number of calls: 1
Received number of calls: 0
    at toHaveBeenCalledTimes (/Users/davitbejanyan/Desktop/kafka-ui/kafka-ui-react-app/src/components/Topics/Topic/Messages/Filters/__tests__/AddFilter.spec.tsx:118:30)
    at tryCatch (/Users/davitbejanyan/Desktop/kafka-ui/kafka-ui-react-app/src/components/Topics/Topic/Messages/Filters/__tests__/AddFilter.spec.tsx:2:1)
    at Generator._invoke (/Users/davitbejanyan/Desktop/kafka-ui/kafka-ui-react-app/src/components/Topics/Topic/Messages/Filters/__tests__/AddFilter.spec.tsx:2:1)
    at Generator.next (/Users/davitbejanyan/Desktop/kafka-ui/kafka-ui-react-app/src/components/Topics/Topic/Messages/Filters/__tests__/AddFilter.spec.tsx:2:1)
    at asyncGeneratorStep (/Users/davitbejanyan/Desktop/kafka-ui/kafka-ui-react-app/src/components/Topics/Topic/Messages/Filters/__tests__/AddFilter.spec.tsx:2:1)
    at _next (/Users/davitbejanyan/Desktop/kafka-ui/kafka-ui-react-app/src/components/Topics/Topic/Messages/Filters/__tests__/AddFilter.spec.tsx:2:1)]]></failure>
    </testCase>
    <testCase name="AddFilter component onSubmit with Filter being saved OnSubmit conditions with codeValue and nameValue in fields OnSubmit condition with checkbox off functionality" duration="69">
      <failure message="Error: expect(element).toBeEnabled()"><![CDATA[Error: expect(element).toBeEnabled()

Received element is not enabled:
  <button class="sc-iAEawV erdBca" disabled="" type="submit" />
    at toBeEnabled (/Users/davitbejanyan/Desktop/kafka-ui/kafka-ui-react-app/src/components/Topics/Topic/Messages/Filters/__tests__/AddFilter.spec.tsx:167:30)
    at tryCatch (/Users/davitbejanyan/Desktop/kafka-ui/kafka-ui-react-app/src/components/Topics/Topic/Messages/Filters/__tests__/AddFilter.spec.tsx:2:1)
    at Generator._invoke (/Users/davitbejanyan/Desktop/kafka-ui/kafka-ui-react-app/src/components/Topics/Topic/Messages/Filters/__tests__/AddFilter.spec.tsx:2:1)
    at Generator.next (/Users/davitbejanyan/Desktop/kafka-ui/kafka-ui-react-app/src/components/Topics/Topic/Messages/Filters/__tests__/AddFilter.spec.tsx:2:1)
    at asyncGeneratorStep (/Users/davitbejanyan/Desktop/kafka-ui/kafka-ui-react-app/src/components/Topics/Topic/Messages/Filters/__tests__/AddFilter.spec.tsx:2:1)
    at _next (/Users/davitbejanyan/Desktop/kafka-ui/kafka-ui-react-app/src/components/Topics/Topic/Messages/Filters/__tests__/AddFilter.spec.tsx:2:1)
    at /Users/davitbejanyan/Desktop/kafka-ui/kafka-ui-react-app/src/components/Topics/Topic/Messages/Filters/__tests__/AddFilter.spec.tsx:2:1
    at new Promise (<anonymous>)
    at Object.<anonymous> (/Users/davitbejanyan/Desktop/kafka-ui/kafka-ui-react-app/src/components/Topics/Topic/Messages/Filters/__tests__/AddFilter.spec.tsx:2:1)
    at Promise.then.completed (/Users/davitbejanyan/Desktop/kafka-ui/kafka-ui-react-app/node_modules/.pnpm/jest-circus@29.1.2/node_modules/jest-circus/build/utils.js:333:28)
    at new Promise (<anonymous>)
    at callAsyncCircusFn (/Users/davitbejanyan/Desktop/kafka-ui/kafka-ui-react-app/node_modules/.pnpm/jest-circus@29.1.2/node_modules/jest-circus/build/utils.js:259:10)
    at _callCircusTest (/Users/davitbejanyan/Desktop/kafka-ui/kafka-ui-react-app/node_modules/.pnpm/jest-circus@29.1.2/node_modules/jest-circus/build/run.js:277:40)
    at _runTest (/Users/davitbejanyan/Desktop/kafka-ui/kafka-ui-react-app/node_modules/.pnpm/jest-circus@29.1.2/node_modules/jest-circus/build/run.js:209:3)
    at _runTestsForDescribeBlock (/Users/davitbejanyan/Desktop/kafka-ui/kafka-ui-react-app/node_modules/.pnpm/jest-circus@29.1.2/node_modules/jest-circus/build/run.js:97:9)
    at _runTestsForDescribeBlock (/Users/davitbejanyan/Desktop/kafka-ui/kafka-ui-react-app/node_modules/.pnpm/jest-circus@29.1.2/node_modules/jest-circus/build/run.js:91:9)
    at _runTestsForDescribeBlock (/Users/davitbejanyan/Desktop/kafka-ui/kafka-ui-react-app/node_modules/.pnpm/jest-circus@29.1.2/node_modules/jest-circus/build/run.js:91:9)
    at _runTestsForDescribeBlock (/Users/davitbejanyan/Desktop/kafka-ui/kafka-ui-react-app/node_modules/.pnpm/jest-circus@29.1.2/node_modules/jest-circus/build/run.js:91:9)
    at run (/Users/davitbejanyan/Desktop/kafka-ui/kafka-ui-react-app/node_modules/.pnpm/jest-circus@29.1.2/node_modules/jest-circus/build/run.js:31:3)
    at runAndTransformResultsToJestFormat (/Users/davitbejanyan/Desktop/kafka-ui/kafka-ui-react-app/node_modules/.pnpm/jest-circus@29.1.2/node_modules/jest-circus/build/legacy-code-todo-rewrite/jestAdapterInit.js:136:21)
    at jestAdapter (/Users/davitbejanyan/Desktop/kafka-ui/kafka-ui-react-app/node_modules/.pnpm/jest-circus@29.1.2/node_modules/jest-circus/build/legacy-code-todo-rewrite/jestAdapter.js:92:19)
    at runTestInternal (/Users/davitbejanyan/Desktop/kafka-ui/kafka-ui-react-app/node_modules/.pnpm/jest-runner@29.1.2/node_modules/jest-runner/build/runTest.js:407:16)
    at runTest (/Users/davitbejanyan/Desktop/kafka-ui/kafka-ui-react-app/node_modules/.pnpm/jest-runner@29.1.2/node_modules/jest-runner/build/runTest.js:491:34)
    at Object.worker (/Users/davitbejanyan/Desktop/kafka-ui/kafka-ui-react-app/node_modules/.pnpm/jest-runner@29.1.2/node_modules/jest-runner/build/testWorker.js:133:12)]]></failure>
    </testCase>
    <testCase name="AddFilter component onSubmit with Filter being saved OnSubmit conditions with codeValue and nameValue in fields OnSubmit condition with checkbox on functionality" duration="93">
      <failure message="Error: expect(jest.fn()).toHaveBeenCalled()"><![CDATA[Error: expect(jest.fn()).toHaveBeenCalled()

Expected number of calls: >= 1
Received number of calls:    0
    at toHaveBeenCalled (/Users/davitbejanyan/Desktop/kafka-ui/kafka-ui-react-app/src/components/Topics/Topic/Messages/Filters/__tests__/AddFilter.spec.tsx:182:31)
    at tryCatch (/Users/davitbejanyan/Desktop/kafka-ui/kafka-ui-react-app/src/components/Topics/Topic/Messages/Filters/__tests__/AddFilter.spec.tsx:2:1)
    at Generator._invoke (/Users/davitbejanyan/Desktop/kafka-ui/kafka-ui-react-app/src/components/Topics/Topic/Messages/Filters/__tests__/AddFilter.spec.tsx:2:1)
    at Generator.next (/Users/davitbejanyan/Desktop/kafka-ui/kafka-ui-react-app/src/components/Topics/Topic/Messages/Filters/__tests__/AddFilter.spec.tsx:2:1)
    at asyncGeneratorStep (/Users/davitbejanyan/Desktop/kafka-ui/kafka-ui-react-app/src/components/Topics/Topic/Messages/Filters/__tests__/AddFilter.spec.tsx:2:1)
    at _next (/Users/davitbejanyan/Desktop/kafka-ui/kafka-ui-react-app/src/components/Topics/Topic/Messages/Filters/__tests__/AddFilter.spec.tsx:2:1)]]></failure>
    </testCase>
    <testCase name="AddFilter component onSubmit with Filter being saved OnSubmit conditions with codeValue and nameValue in fields should check the state submit button when checkbox state changes so is name input value" duration="176">
      <failure message="Error: expect(element).toHaveValue()"><![CDATA[Error: expect(element).toHaveValue()

Expected the element to have value:

Received:
  letr
    at toHaveValue (/Users/davitbejanyan/Desktop/kafka-ui/kafka-ui-react-app/src/components/Topics/Topic/Messages/Filters/__tests__/AddFilter.spec.tsx:198:29)
    at tryCatch (/Users/davitbejanyan/Desktop/kafka-ui/kafka-ui-react-app/src/components/Topics/Topic/Messages/Filters/__tests__/AddFilter.spec.tsx:2:1)
    at Generator._invoke (/Users/davitbejanyan/Desktop/kafka-ui/kafka-ui-react-app/src/components/Topics/Topic/Messages/Filters/__tests__/AddFilter.spec.tsx:2:1)
    at Generator.next (/Users/davitbejanyan/Desktop/kafka-ui/kafka-ui-react-app/src/components/Topics/Topic/Messages/Filters/__tests__/AddFilter.spec.tsx:2:1)
    at asyncGeneratorStep (/Users/davitbejanyan/Desktop/kafka-ui/kafka-ui-react-app/src/components/Topics/Topic/Messages/Filters/__tests__/AddFilter.spec.tsx:2:1)
    at _next (/Users/davitbejanyan/Desktop/kafka-ui/kafka-ui-react-app/src/components/Topics/Topic/Messages/Filters/__tests__/AddFilter.spec.tsx:2:1)]]></failure>
    </testCase>
    <testCase name="AddFilter component onSubmit with Filter being saved should use sliced code as the filter name if filter name is empty" duration="84">
      <failure message="Error: The element content to be cleared could not be selected."><![CDATA[Error: The element content to be cleared could not be selected.
    at Object.clear (/Users/davitbejanyan/Desktop/kafka-ui/kafka-ui-react-app/node_modules/.pnpm/@testing-library+user-event@14.4.3_aaq3sbffpfe3jnxzm2zngsddei/node_modules/@testing-library/user-event/dist/cjs/utility/clear.js:36:15)
    at /Users/davitbejanyan/Desktop/kafka-ui/kafka-ui-react-app/node_modules/.pnpm/@testing-library+user-event@14.4.3_aaq3sbffpfe3jnxzm2zngsddei/node_modules/@testing-library/user-event/dist/cjs/setup/setup.js:88:45
    at Object.asyncWrapper (/Users/davitbejanyan/Desktop/kafka-ui/kafka-ui-react-app/node_modules/.pnpm/@testing-library+react@13.4.0_biqbaboplfbrettd7655fr4n2y/node_modules/@testing-library/react/dist/pure.js:71:20)
    at Object.wrapAsync (/Users/davitbejanyan/Desktop/kafka-ui/kafka-ui-react-app/node_modules/.pnpm/@testing-library+user-event@14.4.3_aaq3sbffpfe3jnxzm2zngsddei/node_modules/@testing-library/user-event/dist/cjs/setup/wrapAsync.js:10:28)
    at Object.method [as clear] (/Users/davitbejanyan/Desktop/kafka-ui/kafka-ui-react-app/node_modules/.pnpm/@testing-library+user-event@14.4.3_aaq3sbffpfe3jnxzm2zngsddei/node_modules/@testing-library/user-event/dist/cjs/setup/setup.js:88:26)
    at Object.clear (/Users/davitbejanyan/Desktop/kafka-ui/kafka-ui-react-app/node_modules/.pnpm/@testing-library+user-event@14.4.3_aaq3sbffpfe3jnxzm2zngsddei/node_modules/@testing-library/user-event/dist/cjs/setup/directApi.js:8:36)
    at clear (/Users/davitbejanyan/Desktop/kafka-ui/kafka-ui-react-app/src/components/Topics/Topic/Messages/Filters/__tests__/AddFilter.spec.tsx:243:19)
    at /Users/davitbejanyan/Desktop/kafka-ui/kafka-ui-react-app/node_modules/.pnpm/@testing-library+react@13.4.0_biqbaboplfbrettd7655fr4n2y/node_modules/@testing-library/react/dist/act-compat.js:64:24
    at act (/Users/davitbejanyan/Desktop/kafka-ui/kafka-ui-react-app/node_modules/.pnpm/react@18.2.0/node_modules/react/cjs/react.development.js:2512:16)
    at /Users/davitbejanyan/Desktop/kafka-ui/kafka-ui-react-app/node_modules/.pnpm/@testing-library+react@13.4.0_biqbaboplfbrettd7655fr4n2y/node_modules/@testing-library/react/dist/act-compat.js:63:25
    at _callee12$ (/Users/davitbejanyan/Desktop/kafka-ui/kafka-ui-react-app/src/components/Topics/Topic/Messages/Filters/__tests__/AddFilter.spec.tsx:241:16)
    at tryCatch (/Users/davitbejanyan/Desktop/kafka-ui/kafka-ui-react-app/src/components/Topics/Topic/Messages/Filters/__tests__/AddFilter.spec.tsx:2:1)
    at Generator._invoke (/Users/davitbejanyan/Desktop/kafka-ui/kafka-ui-react-app/src/components/Topics/Topic/Messages/Filters/__tests__/AddFilter.spec.tsx:2:1)
    at Generator.next (/Users/davitbejanyan/Desktop/kafka-ui/kafka-ui-react-app/src/components/Topics/Topic/Messages/Filters/__tests__/AddFilter.spec.tsx:2:1)
    at asyncGeneratorStep (/Users/davitbejanyan/Desktop/kafka-ui/kafka-ui-react-app/src/components/Topics/Topic/Messages/Filters/__tests__/AddFilter.spec.tsx:2:1)
    at _next (/Users/davitbejanyan/Desktop/kafka-ui/kafka-ui-react-app/src/components/Topics/Topic/Messages/Filters/__tests__/AddFilter.spec.tsx:2:1)
    at /Users/davitbejanyan/Desktop/kafka-ui/kafka-ui-react-app/src/components/Topics/Topic/Messages/Filters/__tests__/AddFilter.spec.tsx:2:1
    at new Promise (<anonymous>)
    at Object.<anonymous> (/Users/davitbejanyan/Desktop/kafka-ui/kafka-ui-react-app/src/components/Topics/Topic/Messages/Filters/__tests__/AddFilter.spec.tsx:2:1)
    at Promise.then.completed (/Users/davitbejanyan/Desktop/kafka-ui/kafka-ui-react-app/node_modules/.pnpm/jest-circus@29.1.2/node_modules/jest-circus/build/utils.js:333:28)
    at new Promise (<anonymous>)
    at callAsyncCircusFn (/Users/davitbejanyan/Desktop/kafka-ui/kafka-ui-react-app/node_modules/.pnpm/jest-circus@29.1.2/node_modules/jest-circus/build/utils.js:259:10)
    at _callCircusTest (/Users/davitbejanyan/Desktop/kafka-ui/kafka-ui-react-app/node_modules/.pnpm/jest-circus@29.1.2/node_modules/jest-circus/build/run.js:277:40)
    at _runTest (/Users/davitbejanyan/Desktop/kafka-ui/kafka-ui-react-app/node_modules/.pnpm/jest-circus@29.1.2/node_modules/jest-circus/build/run.js:209:3)
    at _runTestsForDescribeBlock (/Users/davitbejanyan/Desktop/kafka-ui/kafka-ui-react-app/node_modules/.pnpm/jest-circus@29.1.2/node_modules/jest-circus/build/run.js:97:9)
    at _runTestsForDescribeBlock (/Users/davitbejanyan/Desktop/kafka-ui/kafka-ui-react-app/node_modules/.pnpm/jest-circus@29.1.2/node_modules/jest-circus/build/run.js:91:9)
    at _runTestsForDescribeBlock (/Users/davitbejanyan/Desktop/kafka-ui/kafka-ui-react-app/node_modules/.pnpm/jest-circus@29.1.2/node_modules/jest-circus/build/run.js:91:9)
    at run (/Users/davitbejanyan/Desktop/kafka-ui/kafka-ui-react-app/node_modules/.pnpm/jest-circus@29.1.2/node_modules/jest-circus/build/run.js:31:3)
    at runAndTransformResultsToJestFormat (/Users/davitbejanyan/Desktop/kafka-ui/kafka-ui-react-app/node_modules/.pnpm/jest-circus@29.1.2/node_modules/jest-circus/build/legacy-code-todo-rewrite/jestAdapterInit.js:136:21)
    at jestAdapter (/Users/davitbejanyan/Desktop/kafka-ui/kafka-ui-react-app/node_modules/.pnpm/jest-circus@29.1.2/node_modules/jest-circus/build/legacy-code-todo-rewrite/jestAdapter.js:92:19)
    at runTestInternal (/Users/davitbejanyan/Desktop/kafka-ui/kafka-ui-react-app/node_modules/.pnpm/jest-runner@29.1.2/node_modules/jest-runner/build/runTest.js:407:16)
    at runTest (/Users/davitbejanyan/Desktop/kafka-ui/kafka-ui-react-app/node_modules/.pnpm/jest-runner@29.1.2/node_modules/jest-runner/build/runTest.js:491:34)
    at Object.worker (/Users/davitbejanyan/Desktop/kafka-ui/kafka-ui-react-app/node_modules/.pnpm/jest-runner@29.1.2/node_modules/jest-runner/build/testWorker.js:133:12)]]></failure>
      <failure message="TypeError: ref.getData is not a function"><![CDATA[TypeError: ref.getData is not a function
    at /Users/davitbejanyan/Desktop/kafka-ui/kafka-ui-react-app/node_modules/.pnpm/@testing-library+user-event@14.4.3_aaq3sbffpfe3jnxzm2zngsddei/node_modules/@testing-library/user-event/dist/cjs/event/behavior/paste.js:18:102
    at Object.dispatchEvent (/Users/davitbejanyan/Desktop/kafka-ui/kafka-ui-react-app/node_modules/.pnpm/@testing-library+user-event@14.4.3_aaq3sbffpfe3jnxzm2zngsddei/node_modules/@testing-library/user-event/dist/cjs/event/dispatchEvent.js:43:13)
    at Object.dispatchUIEvent (/Users/davitbejanyan/Desktop/kafka-ui/kafka-ui-react-app/node_modules/.pnpm/@testing-library+user-event@14.4.3_aaq3sbffpfe3jnxzm2zngsddei/node_modules/@testing-library/user-event/dist/cjs/event/dispatchEvent.js:24:26)
    at Object.paste (/Users/davitbejanyan/Desktop/kafka-ui/kafka-ui-react-app/node_modules/.pnpm/@testing-library+user-event@14.4.3_aaq3sbffpfe3jnxzm2zngsddei/node_modules/@testing-library/user-event/dist/cjs/clipboard/paste.js:23:10)
    at /Users/davitbejanyan/Desktop/kafka-ui/kafka-ui-react-app/node_modules/.pnpm/@testing-library+user-event@14.4.3_aaq3sbffpfe3jnxzm2zngsddei/node_modules/@testing-library/user-event/dist/cjs/setup/setup.js:88:45
    at Object.asyncWrapper (/Users/davitbejanyan/Desktop/kafka-ui/kafka-ui-react-app/node_modules/.pnpm/@testing-library+react@13.4.0_biqbaboplfbrettd7655fr4n2y/node_modules/@testing-library/react/dist/pure.js:71:20)
    at Object.wrapAsync (/Users/davitbejanyan/Desktop/kafka-ui/kafka-ui-react-app/node_modules/.pnpm/@testing-library+user-event@14.4.3_aaq3sbffpfe3jnxzm2zngsddei/node_modules/@testing-library/user-event/dist/cjs/setup/wrapAsync.js:10:28)
    at Object.method [as paste] (/Users/davitbejanyan/Desktop/kafka-ui/kafka-ui-react-app/node_modules/.pnpm/@testing-library+user-event@14.4.3_aaq3sbffpfe3jnxzm2zngsddei/node_modules/@testing-library/user-event/dist/cjs/setup/setup.js:88:26)
    at Object.paste (/Users/davitbejanyan/Desktop/kafka-ui/kafka-ui-react-app/node_modules/.pnpm/@testing-library+user-event@14.4.3_aaq3sbffpfe3jnxzm2zngsddei/node_modules/@testing-library/user-event/dist/cjs/setup/directApi.js:37:43)
    at paste (/Users/davitbejanyan/Desktop/kafka-ui/kafka-ui-react-app/src/components/Topics/Topic/Messages/Filters/__tests__/AddFilter.spec.tsx:244:19)
    at /Users/davitbejanyan/Desktop/kafka-ui/kafka-ui-react-app/node_modules/.pnpm/@testing-library+react@13.4.0_biqbaboplfbrettd7655fr4n2y/node_modules/@testing-library/react/dist/act-compat.js:64:24
    at act (/Users/davitbejanyan/Desktop/kafka-ui/kafka-ui-react-app/node_modules/.pnpm/react@18.2.0/node_modules/react/cjs/react.development.js:2512:16)
    at /Users/davitbejanyan/Desktop/kafka-ui/kafka-ui-react-app/node_modules/.pnpm/@testing-library+react@13.4.0_biqbaboplfbrettd7655fr4n2y/node_modules/@testing-library/react/dist/act-compat.js:63:25
    at _callee12$ (/Users/davitbejanyan/Desktop/kafka-ui/kafka-ui-react-app/src/components/Topics/Topic/Messages/Filters/__tests__/AddFilter.spec.tsx:241:16)
    at tryCatch (/Users/davitbejanyan/Desktop/kafka-ui/kafka-ui-react-app/src/components/Topics/Topic/Messages/Filters/__tests__/AddFilter.spec.tsx:2:1)
    at Generator._invoke (/Users/davitbejanyan/Desktop/kafka-ui/kafka-ui-react-app/src/components/Topics/Topic/Messages/Filters/__tests__/AddFilter.spec.tsx:2:1)
    at Generator.next (/Users/davitbejanyan/Desktop/kafka-ui/kafka-ui-react-app/src/components/Topics/Topic/Messages/Filters/__tests__/AddFilter.spec.tsx:2:1)
    at asyncGeneratorStep (/Users/davitbejanyan/Desktop/kafka-ui/kafka-ui-react-app/src/components/Topics/Topic/Messages/Filters/__tests__/AddFilter.spec.tsx:2:1)
    at _next (/Users/davitbejanyan/Desktop/kafka-ui/kafka-ui-react-app/src/components/Topics/Topic/Messages/Filters/__tests__/AddFilter.spec.tsx:2:1)
    at /Users/davitbejanyan/Desktop/kafka-ui/kafka-ui-react-app/src/components/Topics/Topic/Messages/Filters/__tests__/AddFilter.spec.tsx:2:1
    at new Promise (<anonymous>)
    at Object.<anonymous> (/Users/davitbejanyan/Desktop/kafka-ui/kafka-ui-react-app/src/components/Topics/Topic/Messages/Filters/__tests__/AddFilter.spec.tsx:2:1)
    at Promise.then.completed (/Users/davitbejanyan/Desktop/kafka-ui/kafka-ui-react-app/node_modules/.pnpm/jest-circus@29.1.2/node_modules/jest-circus/build/utils.js:333:28)
    at new Promise (<anonymous>)
    at callAsyncCircusFn (/Users/davitbejanyan/Desktop/kafka-ui/kafka-ui-react-app/node_modules/.pnpm/jest-circus@29.1.2/node_modules/jest-circus/build/utils.js:259:10)
    at _callCircusTest (/Users/davitbejanyan/Desktop/kafka-ui/kafka-ui-react-app/node_modules/.pnpm/jest-circus@29.1.2/node_modules/jest-circus/build/run.js:277:40)
    at _runTest (/Users/davitbejanyan/Desktop/kafka-ui/kafka-ui-react-app/node_modules/.pnpm/jest-circus@29.1.2/node_modules/jest-circus/build/run.js:209:3)
    at _runTestsForDescribeBlock (/Users/davitbejanyan/Desktop/kafka-ui/kafka-ui-react-app/node_modules/.pnpm/jest-circus@29.1.2/node_modules/jest-circus/build/run.js:97:9)
    at _runTestsForDescribeBlock (/Users/davitbejanyan/Desktop/kafka-ui/kafka-ui-react-app/node_modules/.pnpm/jest-circus@29.1.2/node_modules/jest-circus/build/run.js:91:9)
    at _runTestsForDescribeBlock (/Users/davitbejanyan/Desktop/kafka-ui/kafka-ui-react-app/node_modules/.pnpm/jest-circus@29.1.2/node_modules/jest-circus/build/run.js:91:9)
    at run (/Users/davitbejanyan/Desktop/kafka-ui/kafka-ui-react-app/node_modules/.pnpm/jest-circus@29.1.2/node_modules/jest-circus/build/run.js:31:3)
    at runAndTransformResultsToJestFormat (/Users/davitbejanyan/Desktop/kafka-ui/kafka-ui-react-app/node_modules/.pnpm/jest-circus@29.1.2/node_modules/jest-circus/build/legacy-code-todo-rewrite/jestAdapterInit.js:136:21)
    at jestAdapter (/Users/davitbejanyan/Desktop/kafka-ui/kafka-ui-react-app/node_modules/.pnpm/jest-circus@29.1.2/node_modules/jest-circus/build/legacy-code-todo-rewrite/jestAdapter.js:92:19)
    at runTestInternal (/Users/davitbejanyan/Desktop/kafka-ui/kafka-ui-react-app/node_modules/.pnpm/jest-runner@29.1.2/node_modules/jest-runner/build/runTest.js:407:16)
    at runTest (/Users/davitbejanyan/Desktop/kafka-ui/kafka-ui-react-app/node_modules/.pnpm/jest-runner@29.1.2/node_modules/jest-runner/build/runTest.js:491:34)
    at Object.worker (/Users/davitbejanyan/Desktop/kafka-ui/kafka-ui-react-app/node_modules/.pnpm/jest-runner@29.1.2/node_modules/jest-runner/build/testWorker.js:133:12)]]></failure>
      <failure message="Error: expect(element).toHaveValue(a long filter code"><![CDATA[Error: expect(element).toHaveValue(a long filter code

)

Expected the element to have value:
  a long filter code


Received:
  irn


    at toHaveValue (/Users/davitbejanyan/Desktop/kafka-ui/kafka-ui-react-app/src/components/Topics/Topic/Messages/Filters/__tests__/AddFilter.spec.tsx:248:27)
    at tryCatch (/Users/davitbejanyan/Desktop/kafka-ui/kafka-ui-react-app/src/components/Topics/Topic/Messages/Filters/__tests__/AddFilter.spec.tsx:2:1)
    at Generator._invoke (/Users/davitbejanyan/Desktop/kafka-ui/kafka-ui-react-app/src/components/Topics/Topic/Messages/Filters/__tests__/AddFilter.spec.tsx:2:1)
    at Generator.next (/Users/davitbejanyan/Desktop/kafka-ui/kafka-ui-react-app/src/components/Topics/Topic/Messages/Filters/__tests__/AddFilter.spec.tsx:2:1)
    at asyncGeneratorStep (/Users/davitbejanyan/Desktop/kafka-ui/kafka-ui-react-app/src/components/Topics/Topic/Messages/Filters/__tests__/AddFilter.spec.tsx:2:1)
    at _next (/Users/davitbejanyan/Desktop/kafka-ui/kafka-ui-react-app/src/components/Topics/Topic/Messages/Filters/__tests__/AddFilter.spec.tsx:2:1)]]></failure>
    </testCase>
  </file>
  <file path="/Users/davitbejanyan/Desktop/kafka-ui/kafka-ui-react-app/src/components/Topics/Topic/Edit/DangerZone/__test__/DangerZone.spec.tsx">
    <testCase name="DangerZone renders the component" duration="200"/>
    <testCase name="DangerZone calls increaseTopicPartitionsCount mutation" duration="120">
      <failure message="Error: expect(jest.fn()).toHaveBeenCalledTimes(expected)"><![CDATA[Error: expect(jest.fn()).toHaveBeenCalledTimes(expected)

Expected number of calls: 1
Received number of calls: 0
    at toHaveBeenCalledTimes (/Users/davitbejanyan/Desktop/kafka-ui/kafka-ui-react-app/src/components/Topics/Topic/Edit/DangerZone/__test__/DangerZone.spec.tsx:101:46)
    at tryCatch (/Users/davitbejanyan/Desktop/kafka-ui/kafka-ui-react-app/src/components/Topics/Topic/Edit/DangerZone/__test__/DangerZone.spec.tsx:2:1)
    at Generator._invoke (/Users/davitbejanyan/Desktop/kafka-ui/kafka-ui-react-app/src/components/Topics/Topic/Edit/DangerZone/__test__/DangerZone.spec.tsx:2:1)
    at Generator.next (/Users/davitbejanyan/Desktop/kafka-ui/kafka-ui-react-app/src/components/Topics/Topic/Edit/DangerZone/__test__/DangerZone.spec.tsx:2:1)
    at asyncGeneratorStep (/Users/davitbejanyan/Desktop/kafka-ui/kafka-ui-react-app/src/components/Topics/Topic/Edit/DangerZone/__test__/DangerZone.spec.tsx:2:1)
    at _next (/Users/davitbejanyan/Desktop/kafka-ui/kafka-ui-react-app/src/components/Topics/Topic/Edit/DangerZone/__test__/DangerZone.spec.tsx:2:1)]]></failure>
    </testCase>
    <testCase name="DangerZone calls updateTopicReplicationFactor" duration="155"/>
    <testCase name="DangerZone should view the validation error when partition value is lower than the default passed or empty" duration="16">
      <failure message="Error: expect(element).toHaveValue(-1)"><![CDATA[Error: expect(element).toHaveValue(-1)

Expected the element to have value:
  -1
Received:
  null
    at toHaveValue (/Users/davitbejanyan/Desktop/kafka-ui/kafka-ui-react-app/src/components/Topics/Topic/Edit/DangerZone/__test__/DangerZone.spec.tsx:146:28)
    at tryCatch (/Users/davitbejanyan/Desktop/kafka-ui/kafka-ui-react-app/src/components/Topics/Topic/Edit/DangerZone/__test__/DangerZone.spec.tsx:2:1)
    at Generator._invoke (/Users/davitbejanyan/Desktop/kafka-ui/kafka-ui-react-app/src/components/Topics/Topic/Edit/DangerZone/__test__/DangerZone.spec.tsx:2:1)
    at Generator.next (/Users/davitbejanyan/Desktop/kafka-ui/kafka-ui-react-app/src/components/Topics/Topic/Edit/DangerZone/__test__/DangerZone.spec.tsx:2:1)
    at asyncGeneratorStep (/Users/davitbejanyan/Desktop/kafka-ui/kafka-ui-react-app/src/components/Topics/Topic/Edit/DangerZone/__test__/DangerZone.spec.tsx:2:1)
    at _next (/Users/davitbejanyan/Desktop/kafka-ui/kafka-ui-react-app/src/components/Topics/Topic/Edit/DangerZone/__test__/DangerZone.spec.tsx:2:1)]]></failure>
    </testCase>
    <testCase name="DangerZone should view the validation error when Replication Facto value is lower than the default passed or empty" duration="1023">
      <failure message="Error: Unable to find an element with the text: /are required/i. This could be because the text is broken up by multiple elements. In this case, you can provide a function for your text matcher to make your matcher more flexible."><![CDATA[Error: Unable to find an element with the text: /are required/i. This could be because the text is broken up by multiple elements. In this case, you can provide a function for your text matcher to make your matcher more flexible.

Ignored nodes: comments, script, style
<body>
  <div>
    <div>
      <div
        class="sc-jSUZER dahRgs"
      >
        <h1
          class="sc-gKPRtg eHGlLW"
        >
          Danger Zone
        </h1>
        <div
          class="sc-iBYQkv jJPjGv"
        >
          Change these parameters only if you are absolutely sure what you are doing.
        </div>
        <div>
          <form
            aria-label="Edit number of partitions"
            class="sc-ftTHYK bNjlNB"
          >
            <div>
              <label
                class="sc-eDvSVe jigDmB"
                for="partitions"
              >
                Number of partitions *
              </label>
              <div
                class="sc-gswNZR fzmVbB"
              >
                <input
                  class="sc-dkrFOg cBNvWN"
                  id="partitions"
                  name="partitions"
                  placeholder="Number of partitions"
                  type="number"
                />
              </div>
            </div>
            <div>
              <button
                class="sc-bcXHqe fyfSDm"
                disabled=""
                type="submit"
              >
                Submit
              </button>
            </div>
          </form>
          <p
            class="sc-hLBbgP bDCoEK"
          />
          <form
            aria-label="Edit replication factor"
            class="sc-ftTHYK bNjlNB"
          >
            <div>
              <label
                class="sc-eDvSVe jigDmB"
                for="replicationFactor"
              >
                Replication Factor *
              </label>
              <div
                class="sc-gswNZR fzmVbB"
              >
                <input
                  class="sc-dkrFOg cBNvWN"
                  id="replicationFactor"
                  name="replicationFactor"
                  placeholder="Replication Factor"
                  type="number"
                />
              </div>
            </div>
            <div>
              <button
                class="sc-bcXHqe fyfSDm"
                type="submit"
              >
                Submit
              </button>
            </div>
          </form>
          <p
            class="sc-hLBbgP bDCoEK"
          />
        </div>
      </div>
    </div>
  </div>
</body>
    at waitForWrapper (/Users/davitbejanyan/Desktop/kafka-ui/kafka-ui-react-app/node_modules/.pnpm/@testing-library+dom@8.19.0/node_modules/@testing-library/dom/dist/wait-for.js:187:27)
    at _callee6$ (/Users/davitbejanyan/Desktop/kafka-ui/kafka-ui-react-app/src/components/Topics/Topic/Edit/DangerZone/__test__/DangerZone.spec.tsx:170:18)
    at tryCatch (/Users/davitbejanyan/Desktop/kafka-ui/kafka-ui-react-app/src/components/Topics/Topic/Edit/DangerZone/__test__/DangerZone.spec.tsx:2:1)
    at Generator._invoke (/Users/davitbejanyan/Desktop/kafka-ui/kafka-ui-react-app/src/components/Topics/Topic/Edit/DangerZone/__test__/DangerZone.spec.tsx:2:1)
    at Generator.next (/Users/davitbejanyan/Desktop/kafka-ui/kafka-ui-react-app/src/components/Topics/Topic/Edit/DangerZone/__test__/DangerZone.spec.tsx:2:1)
    at asyncGeneratorStep (/Users/davitbejanyan/Desktop/kafka-ui/kafka-ui-react-app/src/components/Topics/Topic/Edit/DangerZone/__test__/DangerZone.spec.tsx:2:1)
    at _next (/Users/davitbejanyan/Desktop/kafka-ui/kafka-ui-react-app/src/components/Topics/Topic/Edit/DangerZone/__test__/DangerZone.spec.tsx:2:1)
    at runNextTicks (node:internal/process/task_queues:61:5)
    at listOnTimeout (node:internal/timers:528:9)
    at processTimers (node:internal/timers:502:7)]]></failure>
    </testCase>
    <testCase name="DangerZone should close the partitions dialog if he cancel button is pressed" duration="133">
      <failure message="TestingLibraryElementError: Unable to find an accessible element with the role &quot;dialog&quot;"><![CDATA[TestingLibraryElementError: Unable to find an accessible element with the role "dialog"

Here are the accessible roles:

  heading:

  Name "Danger Zone":
  <h1
    class="sc-gKPRtg eHGlLW"
  />

  --------------------------------------------------
  form:

  Name "Edit number of partitions":
  <form
    aria-label="Edit number of partitions"
    class="sc-ftTHYK bNjlNB"
  />

  Name "Edit replication factor":
  <form
    aria-label="Edit replication factor"
    class="sc-ftTHYK bNjlNB"
  />

  --------------------------------------------------
  spinbutton:

  Name "Number of partitions *":
  <input
    class="sc-dkrFOg cBNvWN"
    id="partitions"
    name="partitions"
    placeholder="Number of partitions"
    type="number"
  />

  Name "Replication Factor *":
  <input
    class="sc-dkrFOg cBNvWN"
    id="replicationFactor"
    name="replicationFactor"
    placeholder="Replication Factor"
    type="number"
  />

  --------------------------------------------------
  button:

  Name "Submit":
  <button
    class="sc-bcXHqe fyfSDm"
    disabled=""
    type="submit"
  />

  Name "Submit":
  <button
    class="sc-bcXHqe fyfSDm"
    disabled=""
    type="submit"
  />

  --------------------------------------------------

Ignored nodes: comments, script, style
<body>
  <div>
    <div>
      <div
        class="sc-jSUZER dahRgs"
      >
        <h1
          class="sc-gKPRtg eHGlLW"
        >
          Danger Zone
        </h1>
        <div
          class="sc-iBYQkv jJPjGv"
        >
          Change these parameters only if you are absolutely sure what you are doing.
        </div>
        <div>
          <form
            aria-label="Edit number of partitions"
            class="sc-ftTHYK bNjlNB"
          >
            <div>
              <label
                class="sc-eDvSVe jigDmB"
                for="partitions"
              >
                Number of partitions *
              </label>
              <div
                class="sc-gswNZR fzmVbB"
              >
                <input
                  class="sc-dkrFOg cBNvWN"
                  id="partitions"
                  name="partitions"
                  placeholder="Number of partitions"
                  type="number"
                />
              </div>
            </div>
            <div>
              <button
                class="sc-bcXHqe fyfSDm"
                disabled=""
                type="submit"
              >
                Submit
              </button>
            </div>
          </form>
          <p
            class="sc-hLBbgP bDCoEK"
          />
          <form
            aria-label="Edit replication factor"
            class="sc-ftTHYK bNjlNB"
          >
            <div>
              <label
                class="sc-eDvSVe jigDmB"
                for="replicationFactor"
              >
                Replication Factor *
              </label>
              <div
                class="sc-gswNZR fzmVbB"
              >
                <input
                  class="sc-dkrFOg cBNvWN"
                  id="replicationFactor"
                  name="replicationFactor"
                  placeholder="Replication Factor"
                  type="number"
                />
              </div>
            </div>
            <div>
              <button
                class="sc-bcXHqe fyfSDm"
                disabled=""
                type="submit"
              >
                Submit
              </button>
            </div>
          </form>
          <p
            class="sc-hLBbgP bDCoEK"
          />
        </div>
      </div>
    </div>
  </div>
</body>
    at Object.getElementError (/Users/davitbejanyan/Desktop/kafka-ui/kafka-ui-react-app/node_modules/.pnpm/@testing-library+dom@8.19.0/node_modules/@testing-library/dom/dist/config.js:40:19)
    at /Users/davitbejanyan/Desktop/kafka-ui/kafka-ui-react-app/node_modules/.pnpm/@testing-library+dom@8.19.0/node_modules/@testing-library/dom/dist/query-helpers.js:90:38
    at /Users/davitbejanyan/Desktop/kafka-ui/kafka-ui-react-app/node_modules/.pnpm/@testing-library+dom@8.19.0/node_modules/@testing-library/dom/dist/query-helpers.js:62:17
    at /Users/davitbejanyan/Desktop/kafka-ui/kafka-ui-react-app/node_modules/.pnpm/@testing-library+dom@8.19.0/node_modules/@testing-library/dom/dist/query-helpers.js:111:19
    at getByRole (/Users/davitbejanyan/Desktop/kafka-ui/kafka-ui-react-app/src/components/Topics/Topic/Edit/DangerZone/__test__/DangerZone.spec.tsx:46:25)
    at tryCatch (/Users/davitbejanyan/Desktop/kafka-ui/kafka-ui-react-app/src/components/Topics/Topic/Edit/DangerZone/__test__/DangerZone.spec.tsx:2:1)
    at Generator._invoke (/Users/davitbejanyan/Desktop/kafka-ui/kafka-ui-react-app/src/components/Topics/Topic/Edit/DangerZone/__test__/DangerZone.spec.tsx:2:1)
    at Generator.next (/Users/davitbejanyan/Desktop/kafka-ui/kafka-ui-react-app/src/components/Topics/Topic/Edit/DangerZone/__test__/DangerZone.spec.tsx:2:1)
    at asyncGeneratorStep (/Users/davitbejanyan/Desktop/kafka-ui/kafka-ui-react-app/src/components/Topics/Topic/Edit/DangerZone/__test__/DangerZone.spec.tsx:2:1)
    at _next (/Users/davitbejanyan/Desktop/kafka-ui/kafka-ui-react-app/src/components/Topics/Topic/Edit/DangerZone/__test__/DangerZone.spec.tsx:2:1)
    at /Users/davitbejanyan/Desktop/kafka-ui/kafka-ui-react-app/src/components/Topics/Topic/Edit/DangerZone/__test__/DangerZone.spec.tsx:2:1
    at new Promise (<anonymous>)
    at /Users/davitbejanyan/Desktop/kafka-ui/kafka-ui-react-app/src/components/Topics/Topic/Edit/DangerZone/__test__/DangerZone.spec.tsx:2:1
    at checkDialogThenPressCancel (/Users/davitbejanyan/Desktop/kafka-ui/kafka-ui-react-app/src/components/Topics/Topic/Edit/DangerZone/__test__/DangerZone.spec.tsx:45:33)
    at checkDialogThenPressCancel (/Users/davitbejanyan/Desktop/kafka-ui/kafka-ui-react-app/src/components/Topics/Topic/Edit/DangerZone/__test__/DangerZone.spec.tsx:190:11)
    at tryCatch (/Users/davitbejanyan/Desktop/kafka-ui/kafka-ui-react-app/src/components/Topics/Topic/Edit/DangerZone/__test__/DangerZone.spec.tsx:2:1)
    at Generator._invoke (/Users/davitbejanyan/Desktop/kafka-ui/kafka-ui-react-app/src/components/Topics/Topic/Edit/DangerZone/__test__/DangerZone.spec.tsx:2:1)
    at Generator.next (/Users/davitbejanyan/Desktop/kafka-ui/kafka-ui-react-app/src/components/Topics/Topic/Edit/DangerZone/__test__/DangerZone.spec.tsx:2:1)
    at asyncGeneratorStep (/Users/davitbejanyan/Desktop/kafka-ui/kafka-ui-react-app/src/components/Topics/Topic/Edit/DangerZone/__test__/DangerZone.spec.tsx:2:1)
    at _next (/Users/davitbejanyan/Desktop/kafka-ui/kafka-ui-react-app/src/components/Topics/Topic/Edit/DangerZone/__test__/DangerZone.spec.tsx:2:1)]]></failure>
    </testCase>
    <testCase name="DangerZone should close the replicator dialog if he cancel button is pressed" duration="155">
      <failure message="TestingLibraryElementError: Unable to find an accessible element with the role &quot;dialog&quot;"><![CDATA[TestingLibraryElementError: Unable to find an accessible element with the role "dialog"

Here are the accessible roles:

  heading:

  Name "Danger Zone":
  <h1
    class="sc-gKPRtg eHGlLW"
  />

  --------------------------------------------------
  form:

  Name "Edit number of partitions":
  <form
    aria-label="Edit number of partitions"
    class="sc-ftTHYK bNjlNB"
  />

  Name "Edit replication factor":
  <form
    aria-label="Edit replication factor"
    class="sc-ftTHYK bNjlNB"
  />

  --------------------------------------------------
  spinbutton:

  Name "Number of partitions *":
  <input
    class="sc-dkrFOg cBNvWN"
    id="partitions"
    name="partitions"
    placeholder="Number of partitions"
    type="number"
  />

  Name "Replication Factor *":
  <input
    class="sc-dkrFOg cBNvWN"
    id="replicationFactor"
    name="replicationFactor"
    placeholder="Replication Factor"
    type="number"
  />

  --------------------------------------------------
  button:

  Name "Submit":
  <button
    class="sc-bcXHqe fyfSDm"
    disabled=""
    type="submit"
  />

  Name "Submit":
  <button
    class="sc-bcXHqe fyfSDm"
    type="submit"
  />

  --------------------------------------------------

Ignored nodes: comments, script, style
<body>
  <div>
    <div>
      <div
        class="sc-jSUZER dahRgs"
      >
        <h1
          class="sc-gKPRtg eHGlLW"
        >
          Danger Zone
        </h1>
        <div
          class="sc-iBYQkv jJPjGv"
        >
          Change these parameters only if you are absolutely sure what you are doing.
        </div>
        <div>
          <form
            aria-label="Edit number of partitions"
            class="sc-ftTHYK bNjlNB"
          >
            <div>
              <label
                class="sc-eDvSVe jigDmB"
                for="partitions"
              >
                Number of partitions *
              </label>
              <div
                class="sc-gswNZR fzmVbB"
              >
                <input
                  class="sc-dkrFOg cBNvWN"
                  id="partitions"
                  name="partitions"
                  placeholder="Number of partitions"
                  type="number"
                />
              </div>
            </div>
            <div>
              <button
                class="sc-bcXHqe fyfSDm"
                disabled=""
                type="submit"
              >
                Submit
              </button>
            </div>
          </form>
          <p
            class="sc-hLBbgP bDCoEK"
          />
          <form
            aria-label="Edit replication factor"
            class="sc-ftTHYK bNjlNB"
          >
            <div>
              <label
                class="sc-eDvSVe jigDmB"
                for="replicationFactor"
              >
                Replication Factor *
              </label>
              <div
                class="sc-gswNZR fzmVbB"
              >
                <input
                  class="sc-dkrFOg cBNvWN"
                  id="replicationFactor"
                  name="replicationFactor"
                  placeholder="Replication Factor"
                  type="number"
                />
              </div>
            </div>
            <div>
              <button
                class="sc-bcXHqe fyfSDm"
                type="submit"
              >
                Submit
              </button>
            </div>
          </form>
          <p
            class="sc-hLBbgP bDCoEK"
          />
        </div>
      </div>
    </div>
  </div>
</body>
    at Object.getElementError (/Users/davitbejanyan/Desktop/kafka-ui/kafka-ui-react-app/node_modules/.pnpm/@testing-library+dom@8.19.0/node_modules/@testing-library/dom/dist/config.js:40:19)
    at /Users/davitbejanyan/Desktop/kafka-ui/kafka-ui-react-app/node_modules/.pnpm/@testing-library+dom@8.19.0/node_modules/@testing-library/dom/dist/query-helpers.js:90:38
    at /Users/davitbejanyan/Desktop/kafka-ui/kafka-ui-react-app/node_modules/.pnpm/@testing-library+dom@8.19.0/node_modules/@testing-library/dom/dist/query-helpers.js:62:17
    at /Users/davitbejanyan/Desktop/kafka-ui/kafka-ui-react-app/node_modules/.pnpm/@testing-library+dom@8.19.0/node_modules/@testing-library/dom/dist/query-helpers.js:111:19
    at getByRole (/Users/davitbejanyan/Desktop/kafka-ui/kafka-ui-react-app/src/components/Topics/Topic/Edit/DangerZone/__test__/DangerZone.spec.tsx:46:25)
    at tryCatch (/Users/davitbejanyan/Desktop/kafka-ui/kafka-ui-react-app/src/components/Topics/Topic/Edit/DangerZone/__test__/DangerZone.spec.tsx:2:1)
    at Generator._invoke (/Users/davitbejanyan/Desktop/kafka-ui/kafka-ui-react-app/src/components/Topics/Topic/Edit/DangerZone/__test__/DangerZone.spec.tsx:2:1)
    at Generator.next (/Users/davitbejanyan/Desktop/kafka-ui/kafka-ui-react-app/src/components/Topics/Topic/Edit/DangerZone/__test__/DangerZone.spec.tsx:2:1)
    at asyncGeneratorStep (/Users/davitbejanyan/Desktop/kafka-ui/kafka-ui-react-app/src/components/Topics/Topic/Edit/DangerZone/__test__/DangerZone.spec.tsx:2:1)
    at _next (/Users/davitbejanyan/Desktop/kafka-ui/kafka-ui-react-app/src/components/Topics/Topic/Edit/DangerZone/__test__/DangerZone.spec.tsx:2:1)
    at /Users/davitbejanyan/Desktop/kafka-ui/kafka-ui-react-app/src/components/Topics/Topic/Edit/DangerZone/__test__/DangerZone.spec.tsx:2:1
    at new Promise (<anonymous>)
    at /Users/davitbejanyan/Desktop/kafka-ui/kafka-ui-react-app/src/components/Topics/Topic/Edit/DangerZone/__test__/DangerZone.spec.tsx:2:1
    at checkDialogThenPressCancel (/Users/davitbejanyan/Desktop/kafka-ui/kafka-ui-react-app/src/components/Topics/Topic/Edit/DangerZone/__test__/DangerZone.spec.tsx:45:33)
    at checkDialogThenPressCancel (/Users/davitbejanyan/Desktop/kafka-ui/kafka-ui-react-app/src/components/Topics/Topic/Edit/DangerZone/__test__/DangerZone.spec.tsx:204:11)
    at tryCatch (/Users/davitbejanyan/Desktop/kafka-ui/kafka-ui-react-app/src/components/Topics/Topic/Edit/DangerZone/__test__/DangerZone.spec.tsx:2:1)
    at Generator._invoke (/Users/davitbejanyan/Desktop/kafka-ui/kafka-ui-react-app/src/components/Topics/Topic/Edit/DangerZone/__test__/DangerZone.spec.tsx:2:1)
    at Generator.next (/Users/davitbejanyan/Desktop/kafka-ui/kafka-ui-react-app/src/components/Topics/Topic/Edit/DangerZone/__test__/DangerZone.spec.tsx:2:1)
    at asyncGeneratorStep (/Users/davitbejanyan/Desktop/kafka-ui/kafka-ui-react-app/src/components/Topics/Topic/Edit/DangerZone/__test__/DangerZone.spec.tsx:2:1)
    at _next (/Users/davitbejanyan/Desktop/kafka-ui/kafka-ui-react-app/src/components/Topics/Topic/Edit/DangerZone/__test__/DangerZone.spec.tsx:2:1)]]></failure>
    </testCase>
  </file>
  <file path="/Users/davitbejanyan/Desktop/kafka-ui/kafka-ui-react-app/src/components/Topics/Topic/Messages/Filters/__tests__/Filters.spec.tsx">
    <testCase name="Filters component shows cancel button while fetching" duration="114"/>
    <testCase name="Filters component shows submit button while fetching is over" duration="50"/>
    <testCase name="Filters component Input elements search input" duration="53">
      <failure message="Error: expect(element).toHaveValue(Hello World!)"><![CDATA[Error: expect(element).toHaveValue(Hello World!)

Expected the element to have value:
  Hello World!
Received:

    at Object.toHaveValue (/Users/davitbejanyan/Desktop/kafka-ui/kafka-ui-react-app/src/components/Topics/Topic/Messages/Filters/__tests__/Filters.spec.tsx:99:27)
    at Promise.then.completed (/Users/davitbejanyan/Desktop/kafka-ui/kafka-ui-react-app/node_modules/.pnpm/jest-circus@29.1.2/node_modules/jest-circus/build/utils.js:333:28)
    at new Promise (<anonymous>)
    at callAsyncCircusFn (/Users/davitbejanyan/Desktop/kafka-ui/kafka-ui-react-app/node_modules/.pnpm/jest-circus@29.1.2/node_modules/jest-circus/build/utils.js:259:10)
    at _callCircusTest (/Users/davitbejanyan/Desktop/kafka-ui/kafka-ui-react-app/node_modules/.pnpm/jest-circus@29.1.2/node_modules/jest-circus/build/run.js:277:40)
    at _runTest (/Users/davitbejanyan/Desktop/kafka-ui/kafka-ui-react-app/node_modules/.pnpm/jest-circus@29.1.2/node_modules/jest-circus/build/run.js:209:3)
    at _runTestsForDescribeBlock (/Users/davitbejanyan/Desktop/kafka-ui/kafka-ui-react-app/node_modules/.pnpm/jest-circus@29.1.2/node_modules/jest-circus/build/run.js:97:9)
    at _runTestsForDescribeBlock (/Users/davitbejanyan/Desktop/kafka-ui/kafka-ui-react-app/node_modules/.pnpm/jest-circus@29.1.2/node_modules/jest-circus/build/run.js:91:9)
    at _runTestsForDescribeBlock (/Users/davitbejanyan/Desktop/kafka-ui/kafka-ui-react-app/node_modules/.pnpm/jest-circus@29.1.2/node_modules/jest-circus/build/run.js:91:9)
    at run (/Users/davitbejanyan/Desktop/kafka-ui/kafka-ui-react-app/node_modules/.pnpm/jest-circus@29.1.2/node_modules/jest-circus/build/run.js:31:3)
    at runAndTransformResultsToJestFormat (/Users/davitbejanyan/Desktop/kafka-ui/kafka-ui-react-app/node_modules/.pnpm/jest-circus@29.1.2/node_modules/jest-circus/build/legacy-code-todo-rewrite/jestAdapterInit.js:136:21)
    at jestAdapter (/Users/davitbejanyan/Desktop/kafka-ui/kafka-ui-react-app/node_modules/.pnpm/jest-circus@29.1.2/node_modules/jest-circus/build/legacy-code-todo-rewrite/jestAdapter.js:92:19)
    at runTestInternal (/Users/davitbejanyan/Desktop/kafka-ui/kafka-ui-react-app/node_modules/.pnpm/jest-runner@29.1.2/node_modules/jest-runner/build/runTest.js:407:16)
    at runTest (/Users/davitbejanyan/Desktop/kafka-ui/kafka-ui-react-app/node_modules/.pnpm/jest-runner@29.1.2/node_modules/jest-runner/build/runTest.js:491:34)
    at Object.worker (/Users/davitbejanyan/Desktop/kafka-ui/kafka-ui-react-app/node_modules/.pnpm/jest-runner@29.1.2/node_modules/jest-runner/build/testWorker.js:133:12)]]></failure>
    </testCase>
    <testCase name="Filters component Input elements offset input" duration="75">
      <failure message="Error: expect(element).toHaveValue(Hello World!)"><![CDATA[Error: expect(element).toHaveValue(Hello World!)

Expected the element to have value:
  Hello World!
Received:

    at Object.toHaveValue (/Users/davitbejanyan/Desktop/kafka-ui/kafka-ui-react-app/src/components/Topics/Topic/Messages/Filters/__tests__/Filters.spec.tsx:106:27)
    at Promise.then.completed (/Users/davitbejanyan/Desktop/kafka-ui/kafka-ui-react-app/node_modules/.pnpm/jest-circus@29.1.2/node_modules/jest-circus/build/utils.js:333:28)
    at new Promise (<anonymous>)
    at callAsyncCircusFn (/Users/davitbejanyan/Desktop/kafka-ui/kafka-ui-react-app/node_modules/.pnpm/jest-circus@29.1.2/node_modules/jest-circus/build/utils.js:259:10)
    at _callCircusTest (/Users/davitbejanyan/Desktop/kafka-ui/kafka-ui-react-app/node_modules/.pnpm/jest-circus@29.1.2/node_modules/jest-circus/build/run.js:277:40)
    at _runTest (/Users/davitbejanyan/Desktop/kafka-ui/kafka-ui-react-app/node_modules/.pnpm/jest-circus@29.1.2/node_modules/jest-circus/build/run.js:209:3)
    at _runTestsForDescribeBlock (/Users/davitbejanyan/Desktop/kafka-ui/kafka-ui-react-app/node_modules/.pnpm/jest-circus@29.1.2/node_modules/jest-circus/build/run.js:97:9)
    at _runTestsForDescribeBlock (/Users/davitbejanyan/Desktop/kafka-ui/kafka-ui-react-app/node_modules/.pnpm/jest-circus@29.1.2/node_modules/jest-circus/build/run.js:91:9)
    at _runTestsForDescribeBlock (/Users/davitbejanyan/Desktop/kafka-ui/kafka-ui-react-app/node_modules/.pnpm/jest-circus@29.1.2/node_modules/jest-circus/build/run.js:91:9)
    at run (/Users/davitbejanyan/Desktop/kafka-ui/kafka-ui-react-app/node_modules/.pnpm/jest-circus@29.1.2/node_modules/jest-circus/build/run.js:31:3)
    at runAndTransformResultsToJestFormat (/Users/davitbejanyan/Desktop/kafka-ui/kafka-ui-react-app/node_modules/.pnpm/jest-circus@29.1.2/node_modules/jest-circus/build/legacy-code-todo-rewrite/jestAdapterInit.js:136:21)
    at jestAdapter (/Users/davitbejanyan/Desktop/kafka-ui/kafka-ui-react-app/node_modules/.pnpm/jest-circus@29.1.2/node_modules/jest-circus/build/legacy-code-todo-rewrite/jestAdapter.js:92:19)
    at runTestInternal (/Users/davitbejanyan/Desktop/kafka-ui/kafka-ui-react-app/node_modules/.pnpm/jest-runner@29.1.2/node_modules/jest-runner/build/runTest.js:407:16)
    at runTest (/Users/davitbejanyan/Desktop/kafka-ui/kafka-ui-react-app/node_modules/.pnpm/jest-runner@29.1.2/node_modules/jest-runner/build/runTest.js:491:34)
    at Object.worker (/Users/davitbejanyan/Desktop/kafka-ui/kafka-ui-react-app/node_modules/.pnpm/jest-runner@29.1.2/node_modules/jest-runner/build/testWorker.js:133:12)]]></failure>
    </testCase>
    <testCase name="Filters component Input elements timestamp input" duration="162">
      <failure message="Error: expect(element).toHaveTextContent()"><![CDATA[Error: expect(element).toHaveTextContent()

Expected element to have text content:
  Timestamp
Received:
  Offset
    at toHaveTextContent (/Users/davitbejanyan/Desktop/kafka-ui/kafka-ui-react-app/src/components/Topics/Topic/Messages/Filters/__tests__/Filters.spec.tsx:119:25)
    at tryCatch (/Users/davitbejanyan/Desktop/kafka-ui/kafka-ui-react-app/src/components/Topics/Topic/Messages/Filters/__tests__/Filters.spec.tsx:2:1)
    at Generator._invoke (/Users/davitbejanyan/Desktop/kafka-ui/kafka-ui-react-app/src/components/Topics/Topic/Messages/Filters/__tests__/Filters.spec.tsx:2:1)
    at Generator.next (/Users/davitbejanyan/Desktop/kafka-ui/kafka-ui-react-app/src/components/Topics/Topic/Messages/Filters/__tests__/Filters.spec.tsx:2:1)
    at asyncGeneratorStep (/Users/davitbejanyan/Desktop/kafka-ui/kafka-ui-react-app/src/components/Topics/Topic/Messages/Filters/__tests__/Filters.spec.tsx:2:1)
    at _next (/Users/davitbejanyan/Desktop/kafka-ui/kafka-ui-react-app/src/components/Topics/Topic/Messages/Filters/__tests__/Filters.spec.tsx:2:1)]]></failure>
    </testCase>
    <testCase name="Filters component Select elements seekType select" duration="96"/>
    <testCase name="Filters component Select elements seekDirection select" duration="128"/>
    <testCase name="Filters component stop loading when live mode is active" duration="88"/>
    <testCase name="Filters component renders addFilter modal" duration="232"/>
    <testCase name="Filters component when there is active smart filter shows saved smart filter" duration="246">
      <failure message="Error: expect(received).toEqual(expected) // deep equality"><![CDATA[Error: expect(received).toEqual(expected) // deep equality

Expected: "filter name·
"
Received: ""
    at toEqual (/Users/davitbejanyan/Desktop/kafka-ui/kafka-ui-react-app/src/components/Topics/Topic/Messages/Filters/__tests__/Filters.spec.tsx:209:37)
    at tryCatch (/Users/davitbejanyan/Desktop/kafka-ui/kafka-ui-react-app/src/components/Topics/Topic/Messages/Filters/__tests__/Filters.spec.tsx:2:1)
    at Generator._invoke (/Users/davitbejanyan/Desktop/kafka-ui/kafka-ui-react-app/src/components/Topics/Topic/Messages/Filters/__tests__/Filters.spec.tsx:2:1)
    at Generator.next (/Users/davitbejanyan/Desktop/kafka-ui/kafka-ui-react-app/src/components/Topics/Topic/Messages/Filters/__tests__/Filters.spec.tsx:2:1)
    at asyncGeneratorStep (/Users/davitbejanyan/Desktop/kafka-ui/kafka-ui-react-app/src/components/Topics/Topic/Messages/Filters/__tests__/Filters.spec.tsx:2:1)
    at _next (/Users/davitbejanyan/Desktop/kafka-ui/kafka-ui-react-app/src/components/Topics/Topic/Messages/Filters/__tests__/Filters.spec.tsx:2:1)]]></failure>
    </testCase>
    <testCase name="Filters component when there is active smart filter delete the active smart Filter" duration="154">
      <failure message="Error: expect(received).toEqual(expected) // deep equality"><![CDATA[Error: expect(received).toEqual(expected) // deep equality

Expected: "filter name·
"
Received: ""
    at toEqual (/Users/davitbejanyan/Desktop/kafka-ui/kafka-ui-react-app/src/components/Topics/Topic/Messages/Filters/__tests__/Filters.spec.tsx:209:37)
    at tryCatch (/Users/davitbejanyan/Desktop/kafka-ui/kafka-ui-react-app/src/components/Topics/Topic/Messages/Filters/__tests__/Filters.spec.tsx:2:1)
    at Generator._invoke (/Users/davitbejanyan/Desktop/kafka-ui/kafka-ui-react-app/src/components/Topics/Topic/Messages/Filters/__tests__/Filters.spec.tsx:2:1)
    at Generator.next (/Users/davitbejanyan/Desktop/kafka-ui/kafka-ui-react-app/src/components/Topics/Topic/Messages/Filters/__tests__/Filters.spec.tsx:2:1)
    at asyncGeneratorStep (/Users/davitbejanyan/Desktop/kafka-ui/kafka-ui-react-app/src/components/Topics/Topic/Messages/Filters/__tests__/Filters.spec.tsx:2:1)
    at _next (/Users/davitbejanyan/Desktop/kafka-ui/kafka-ui-react-app/src/components/Topics/Topic/Messages/Filters/__tests__/Filters.spec.tsx:2:1)]]></failure>
    </testCase>
  </file>
  <file path="/Users/davitbejanyan/Desktop/kafka-ui/kafka-ui-react-app/src/components/Topics/Topic/__test__/Topic.spec.tsx">
    <testCase name="Details Action Bar when it has readonly flag renders disabled the Action button" duration="89"/>
    <testCase name="Details Action Bar when remove topic modal is open calls deleteTopic on confirm" duration="181">
      <failure message="TestingLibraryElementError: Unable to find an accessible element with the role &quot;button&quot; and name &quot;Confirm&quot;"><![CDATA[TestingLibraryElementError: Unable to find an accessible element with the role "button" and name "Confirm"

Here are the accessible roles:

  link:

  Name "Topics":
  <a
    aria-current="page"
    class="sc-dkrFOg jReuCK active"
    href="/ui/clusters/local/all-topics"
  />

  Name "Overview":
  <a
    aria-current="page"
    class="is-active"
    href="/ui/clusters/local/all-topics/external.topic"
  />

  Name "Messages":
  <a
    class=""
    href="/ui/clusters/local/all-topics/external.topic/messages"
  />

  Name "Consumers":
  <a
    class=""
    href="/ui/clusters/local/all-topics/external.topic/consumer-groups"
  />

  Name "Settings":
  <a
    class=""
    href="/ui/clusters/local/all-topics/external.topic/settings"
  />

  Name "Statistics":
  <a
    class=""
    href="/ui/clusters/local/all-topics/external.topic/statistics"
  />

  --------------------------------------------------
  heading:

  Name "external.topic":
  <h1
    class="sc-bcXHqe lkOvdv"
  />

  Name "Produce Message Close":
  <h3
    class="sc-bcXHqe ivKYPM"
  />

  --------------------------------------------------
  button:

  Name "Produce Message":
  <button
    class="sc-eDvSVe bfGLck"
  />

  Name "Dropdown Toggle":
  <button
    aria-label="Dropdown Toggle"
    class="sc-iBYQkv iJzVjg"
  />

  Name "Close":
  <button
    class="sc-eDvSVe bfGLck"
  />

  --------------------------------------------------
  navigation:

  Name "":
  <nav
    class="sc-jSUZER iUMTjN"
    role="navigation"
  />

  --------------------------------------------------

Ignored nodes: comments, script, style
<body>
  <div>
    <div>
      <div
        class="sc-hLBbgP hnICHN"
      >
        <div
          class="sc-gswNZR rEfrd"
        >
          <a
            aria-current="page"
            class="sc-dkrFOg jReuCK active"
            href="/ui/clusters/local/all-topics"
          >
            Topics
          </a>
          <h1
            class="sc-bcXHqe lkOvdv"
          >
            external.topic
          </h1>
        </div>
        <div>
          <button
            class="sc-eDvSVe bfGLck"
          >
            Produce Message
          </button>
          <div
            class="sc-jrcTuL exfGIM"
          >
            <button
              aria-label="Dropdown Toggle"
              class="sc-iBYQkv iJzVjg"
            >
              <svg
                fill="none"
                height="16"
                viewBox="0 0 4 16"
                width="4"
                xmlns="http://www.w3.org/2000/svg"
              >
                <path
                  d="M2 4C3.1 4 4 3.1 4 2C4 0.9 3.1 0 2 0C0.9 0 0 0.9 0 2C0 3.1 0.9 4 2 4ZM2 6C0.9 6 0 6.9 0 8C0 9.1 0.9 10 2 10C3.1 10 4 9.1 4 8C4 6.9 3.1 6 2 6ZM2 12C0.9 12 0 12.9 0 14C0 15.1 0.9 16 2 16C3.1 16 4 15.1 4 14C4 12.9 3.1 12 2 12Z"
                  fill="#73848C"
                />
              </svg>
            </button>
            <div
              class="szh-menu-container sc-gKPRtg egimCy"
              style="position: relative;"
            >
              <ul
                aria-label="Menu"
                class="szh-menu szh-menu--state-closed szh-menu--dir-bottom"
                role="menu"
                style="margin: 0px; display: none; position: absolute; left: 0px; top: 0px;"
                tabindex="-1"
              >
                <div
                  style="position: absolute; left: 0px; top: 0px;"
                  tabindex="-1"
                />
                <li
                  class="szh-menu__item"
                  role="menuitem"
                  tabindex="-1"
                >
                  Edit settings
                  <div
                    class="sc-pyfCe fqpdmx"
                  >
                    Pay attention! This operation has
                    <br />
                    especially important consequences.
                  </div>
                </li>
                <li
                  class="szh-menu__item"
                  role="menuitem"
                  tabindex="-1"
                >
                  <div
                    class="sc-ftTHYK kLQFOY"
                  >
                    Clear messages
                    <div
                      class="sc-pyfCe fqpdmx"
                    >
                      Clearing messages is only allowed for topics
                      <br />
                      with DELETE policy
                    </div>
                  </div>
                </li>
                <li
                  class="szh-menu__item"
                  role="menuitem"
                  tabindex="-1"
                >
                  <div
                    class="sc-ftTHYK kLQFOY"
                  >
                    Recreate Topic
                  </div>
                </li>
                <li
                  class="szh-menu__item"
                  role="menuitem"
                  tabindex="-1"
                >
                  <div
                    class="sc-ftTHYK kLQFOY"
                  >
                    Remove Topic
                  </div>
                </li>
              </ul>
            </div>
          </div>
        </div>
      </div>
      <nav
        class="sc-jSUZER iUMTjN"
        role="navigation"
      >
        <a
          aria-current="page"
          class="is-active"
          href="/ui/clusters/local/all-topics/external.topic"
        >
          Overview
        </a>
        <a
          class=""
          href="/ui/clusters/local/all-topics/external.topic/messages"
        >
          Messages
        </a>
        <a
          class=""
          href="/ui/clusters/local/all-topics/external.topic/consumer-groups"
        >
          Consumers
        </a>
        <a
          class=""
          href="/ui/clusters/local/all-topics/external.topic/settings"
        >
          Settings
        </a>
        <a
          class=""
          href="/ui/clusters/local/all-topics/external.topic/statistics"
        >
          Statistics
        </a>
      </nav>
      OverviewMock
      <div
        class="sc-hBxehG gwLctH"
      >
        <h3
          class="sc-bcXHqe ivKYPM"
        >
          <span>
            Produce Message
          </span>
          <button
            class="sc-eDvSVe bfGLck"
          >
            Close
          </button>
        </h3>
        <div
          class="sc-fnGiBr eKvAsT"
        >
          SendMessageMock
        </div>
      </div>
    </div>
  </div>
</body>
    at Object.getElementError (/Users/davitbejanyan/Desktop/kafka-ui/kafka-ui-react-app/node_modules/.pnpm/@testing-library+dom@8.19.0/node_modules/@testing-library/dom/dist/config.js:40:19)
    at /Users/davitbejanyan/Desktop/kafka-ui/kafka-ui-react-app/node_modules/.pnpm/@testing-library+dom@8.19.0/node_modules/@testing-library/dom/dist/query-helpers.js:90:38
    at /Users/davitbejanyan/Desktop/kafka-ui/kafka-ui-react-app/node_modules/.pnpm/@testing-library+dom@8.19.0/node_modules/@testing-library/dom/dist/query-helpers.js:130:15
    at getAllByRole (/Users/davitbejanyan/Desktop/kafka-ui/kafka-ui-react-app/src/components/Topics/Topic/__test__/Topic.spec.tsx:120:37)
    at tryCatch (/Users/davitbejanyan/Desktop/kafka-ui/kafka-ui-react-app/src/components/Topics/Topic/__test__/Topic.spec.tsx:2:1)
    at Generator._invoke (/Users/davitbejanyan/Desktop/kafka-ui/kafka-ui-react-app/src/components/Topics/Topic/__test__/Topic.spec.tsx:2:1)
    at Generator.next (/Users/davitbejanyan/Desktop/kafka-ui/kafka-ui-react-app/src/components/Topics/Topic/__test__/Topic.spec.tsx:2:1)
    at asyncGeneratorStep (/Users/davitbejanyan/Desktop/kafka-ui/kafka-ui-react-app/src/components/Topics/Topic/__test__/Topic.spec.tsx:2:1)
    at _next (/Users/davitbejanyan/Desktop/kafka-ui/kafka-ui-react-app/src/components/Topics/Topic/__test__/Topic.spec.tsx:2:1)
    at /Users/davitbejanyan/Desktop/kafka-ui/kafka-ui-react-app/src/components/Topics/Topic/__test__/Topic.spec.tsx:2:1
    at new Promise (<anonymous>)
    at Object.<anonymous> (/Users/davitbejanyan/Desktop/kafka-ui/kafka-ui-react-app/src/components/Topics/Topic/__test__/Topic.spec.tsx:2:1)
    at Promise.then.completed (/Users/davitbejanyan/Desktop/kafka-ui/kafka-ui-react-app/node_modules/.pnpm/jest-circus@29.1.2/node_modules/jest-circus/build/utils.js:333:28)
    at new Promise (<anonymous>)
    at callAsyncCircusFn (/Users/davitbejanyan/Desktop/kafka-ui/kafka-ui-react-app/node_modules/.pnpm/jest-circus@29.1.2/node_modules/jest-circus/build/utils.js:259:10)
    at _callCircusTest (/Users/davitbejanyan/Desktop/kafka-ui/kafka-ui-react-app/node_modules/.pnpm/jest-circus@29.1.2/node_modules/jest-circus/build/run.js:277:40)
    at processTicksAndRejections (node:internal/process/task_queues:96:5)
    at _runTest (/Users/davitbejanyan/Desktop/kafka-ui/kafka-ui-react-app/node_modules/.pnpm/jest-circus@29.1.2/node_modules/jest-circus/build/run.js:209:3)
    at _runTestsForDescribeBlock (/Users/davitbejanyan/Desktop/kafka-ui/kafka-ui-react-app/node_modules/.pnpm/jest-circus@29.1.2/node_modules/jest-circus/build/run.js:97:9)
    at _runTestsForDescribeBlock (/Users/davitbejanyan/Desktop/kafka-ui/kafka-ui-react-app/node_modules/.pnpm/jest-circus@29.1.2/node_modules/jest-circus/build/run.js:91:9)
    at _runTestsForDescribeBlock (/Users/davitbejanyan/Desktop/kafka-ui/kafka-ui-react-app/node_modules/.pnpm/jest-circus@29.1.2/node_modules/jest-circus/build/run.js:91:9)
    at _runTestsForDescribeBlock (/Users/davitbejanyan/Desktop/kafka-ui/kafka-ui-react-app/node_modules/.pnpm/jest-circus@29.1.2/node_modules/jest-circus/build/run.js:91:9)
    at run (/Users/davitbejanyan/Desktop/kafka-ui/kafka-ui-react-app/node_modules/.pnpm/jest-circus@29.1.2/node_modules/jest-circus/build/run.js:31:3)
    at runAndTransformResultsToJestFormat (/Users/davitbejanyan/Desktop/kafka-ui/kafka-ui-react-app/node_modules/.pnpm/jest-circus@29.1.2/node_modules/jest-circus/build/legacy-code-todo-rewrite/jestAdapterInit.js:136:21)
    at jestAdapter (/Users/davitbejanyan/Desktop/kafka-ui/kafka-ui-react-app/node_modules/.pnpm/jest-circus@29.1.2/node_modules/jest-circus/build/legacy-code-todo-rewrite/jestAdapter.js:92:19)
    at runTestInternal (/Users/davitbejanyan/Desktop/kafka-ui/kafka-ui-react-app/node_modules/.pnpm/jest-runner@29.1.2/node_modules/jest-runner/build/runTest.js:407:16)
    at runTest (/Users/davitbejanyan/Desktop/kafka-ui/kafka-ui-react-app/node_modules/.pnpm/jest-runner@29.1.2/node_modules/jest-runner/build/runTest.js:491:34)
    at Object.worker (/Users/davitbejanyan/Desktop/kafka-ui/kafka-ui-react-app/node_modules/.pnpm/jest-runner@29.1.2/node_modules/jest-runner/build/testWorker.js:133:12)]]></failure>
    </testCase>
    <testCase name="Details Action Bar when remove topic modal is open closes the modal when cancel button is clicked" duration="17">
      <failure message="TestingLibraryElementError: Unable to find an element with the text: Cancel. This could be because the text is broken up by multiple elements. In this case, you can provide a function for your text matcher to make your matcher more flexible."><![CDATA[TestingLibraryElementError: Unable to find an element with the text: Cancel. This could be because the text is broken up by multiple elements. In this case, you can provide a function for your text matcher to make your matcher more flexible.

Ignored nodes: comments, script, style
<body>
  <div>
    <div>
      <div
        class="sc-hLBbgP hnICHN"
      >
        <div
          class="sc-gswNZR rEfrd"
        >
          <a
            aria-current="page"
            class="sc-dkrFOg jReuCK active"
            href="/ui/clusters/local/all-topics"
          >
            Topics
          </a>
          <h1
            class="sc-bcXHqe lkOvdv"
          >
            external.topic
          </h1>
        </div>
        <div>
          <button
            class="sc-eDvSVe bfGLck"
          >
            Produce Message
          </button>
          <div
            class="sc-jrcTuL exfGIM"
          >
            <button
              aria-label="Dropdown Toggle"
              class="sc-iBYQkv iJzVjg"
            >
              <svg
                fill="none"
                height="16"
                viewBox="0 0 4 16"
                width="4"
                xmlns="http://www.w3.org/2000/svg"
              >
                <path
                  d="M2 4C3.1 4 4 3.1 4 2C4 0.9 3.1 0 2 0C0.9 0 0 0.9 0 2C0 3.1 0.9 4 2 4ZM2 6C0.9 6 0 6.9 0 8C0 9.1 0.9 10 2 10C3.1 10 4 9.1 4 8C4 6.9 3.1 6 2 6ZM2 12C0.9 12 0 12.9 0 14C0 15.1 0.9 16 2 16C3.1 16 4 15.1 4 14C4 12.9 3.1 12 2 12Z"
                  fill="#73848C"
                />
              </svg>
            </button>
            <div
              class="szh-menu-container sc-gKPRtg egimCy"
              style="position: relative;"
            >
              <ul
                aria-label="Menu"
                class="szh-menu szh-menu--state-closed szh-menu--dir-bottom"
                role="menu"
                style="margin: 0px; display: none; position: absolute; left: 0px; top: 0px;"
                tabindex="-1"
              >
                <div
                  style="position: absolute; left: 0px; top: 0px;"
                  tabindex="-1"
                />
                <li
                  class="szh-menu__item"
                  role="menuitem"
                  tabindex="-1"
                >
                  Edit settings
                  <div
                    class="sc-pyfCe fqpdmx"
                  >
                    Pay attention! This operation has
                    <br />
                    especially important consequences.
                  </div>
                </li>
                <li
                  class="szh-menu__item"
                  role="menuitem"
                  tabindex="-1"
                >
                  <div
                    class="sc-ftTHYK kLQFOY"
                  >
                    Clear messages
                    <div
                      class="sc-pyfCe fqpdmx"
                    >
                      Clearing messages is only allowed for topics
                      <br />
                      with DELETE policy
                    </div>
                  </div>
                </li>
                <li
                  class="szh-menu__item"
                  role="menuitem"
                  tabindex="-1"
                >
                  <div
                    class="sc-ftTHYK kLQFOY"
                  >
                    Recreate Topic
                  </div>
                </li>
                <li
                  class="szh-menu__item"
                  role="menuitem"
                  tabindex="-1"
                >
                  <div
                    class="sc-ftTHYK kLQFOY"
                  >
                    Remove Topic
                  </div>
                </li>
              </ul>
            </div>
          </div>
        </div>
      </div>
      <nav
        class="sc-jSUZER iUMTjN"
        role="navigation"
      >
        <a
          aria-current="page"
          class="is-active"
          href="/ui/clusters/local/all-topics/external.topic"
        >
          Overview
        </a>
        <a
          class=""
          href="/ui/clusters/local/all-topics/external.topic/messages"
        >
          Messages
        </a>
        <a
          class=""
          href="/ui/clusters/local/all-topics/external.topic/consumer-groups"
        >
          Consumers
        </a>
        <a
          class=""
          href="/ui/clusters/local/all-topics/external.topic/settings"
        >
          Settings
        </a>
        <a
          class=""
          href="/ui/clusters/local/all-topics/external.topic/statistics"
        >
          Statistics
        </a>
      </nav>
      OverviewMock
      <div
        class="sc-hBxehG gwLctH"
      >
        <h3
          class="sc-bcXHqe ivKYPM"
        >
          <span>
            Produce Message
          </span>
          <button
            class="sc-eDvSVe bfGLck"
          >
            Close
          </button>
        </h3>
        <div
          class="sc-fnGiBr eKvAsT"
        >
          SendMessageMock
        </div>
      </div>
    </div>
  </div>
</body>
    at Object.getElementError (/Users/davitbejanyan/Desktop/kafka-ui/kafka-ui-react-app/node_modules/.pnpm/@testing-library+dom@8.19.0/node_modules/@testing-library/dom/dist/config.js:40:19)
    at /Users/davitbejanyan/Desktop/kafka-ui/kafka-ui-react-app/node_modules/.pnpm/@testing-library+dom@8.19.0/node_modules/@testing-library/dom/dist/query-helpers.js:90:38
    at /Users/davitbejanyan/Desktop/kafka-ui/kafka-ui-react-app/node_modules/.pnpm/@testing-library+dom@8.19.0/node_modules/@testing-library/dom/dist/query-helpers.js:130:15
    at getAllByText (/Users/davitbejanyan/Desktop/kafka-ui/kafka-ui-react-app/src/components/Topics/Topic/__test__/Topic.spec.tsx:127:37)
    at tryCatch (/Users/davitbejanyan/Desktop/kafka-ui/kafka-ui-react-app/src/components/Topics/Topic/__test__/Topic.spec.tsx:2:1)
    at Generator._invoke (/Users/davitbejanyan/Desktop/kafka-ui/kafka-ui-react-app/src/components/Topics/Topic/__test__/Topic.spec.tsx:2:1)
    at Generator.next (/Users/davitbejanyan/Desktop/kafka-ui/kafka-ui-react-app/src/components/Topics/Topic/__test__/Topic.spec.tsx:2:1)
    at asyncGeneratorStep (/Users/davitbejanyan/Desktop/kafka-ui/kafka-ui-react-app/src/components/Topics/Topic/__test__/Topic.spec.tsx:2:1)
    at _next (/Users/davitbejanyan/Desktop/kafka-ui/kafka-ui-react-app/src/components/Topics/Topic/__test__/Topic.spec.tsx:2:1)
    at /Users/davitbejanyan/Desktop/kafka-ui/kafka-ui-react-app/src/components/Topics/Topic/__test__/Topic.spec.tsx:2:1
    at new Promise (<anonymous>)
    at Object.<anonymous> (/Users/davitbejanyan/Desktop/kafka-ui/kafka-ui-react-app/src/components/Topics/Topic/__test__/Topic.spec.tsx:2:1)
    at Promise.then.completed (/Users/davitbejanyan/Desktop/kafka-ui/kafka-ui-react-app/node_modules/.pnpm/jest-circus@29.1.2/node_modules/jest-circus/build/utils.js:333:28)
    at new Promise (<anonymous>)
    at callAsyncCircusFn (/Users/davitbejanyan/Desktop/kafka-ui/kafka-ui-react-app/node_modules/.pnpm/jest-circus@29.1.2/node_modules/jest-circus/build/utils.js:259:10)
    at _callCircusTest (/Users/davitbejanyan/Desktop/kafka-ui/kafka-ui-react-app/node_modules/.pnpm/jest-circus@29.1.2/node_modules/jest-circus/build/run.js:277:40)
    at processTicksAndRejections (node:internal/process/task_queues:96:5)
    at _runTest (/Users/davitbejanyan/Desktop/kafka-ui/kafka-ui-react-app/node_modules/.pnpm/jest-circus@29.1.2/node_modules/jest-circus/build/run.js:209:3)
    at _runTestsForDescribeBlock (/Users/davitbejanyan/Desktop/kafka-ui/kafka-ui-react-app/node_modules/.pnpm/jest-circus@29.1.2/node_modules/jest-circus/build/run.js:97:9)
    at _runTestsForDescribeBlock (/Users/davitbejanyan/Desktop/kafka-ui/kafka-ui-react-app/node_modules/.pnpm/jest-circus@29.1.2/node_modules/jest-circus/build/run.js:91:9)
    at _runTestsForDescribeBlock (/Users/davitbejanyan/Desktop/kafka-ui/kafka-ui-react-app/node_modules/.pnpm/jest-circus@29.1.2/node_modules/jest-circus/build/run.js:91:9)
    at _runTestsForDescribeBlock (/Users/davitbejanyan/Desktop/kafka-ui/kafka-ui-react-app/node_modules/.pnpm/jest-circus@29.1.2/node_modules/jest-circus/build/run.js:91:9)
    at run (/Users/davitbejanyan/Desktop/kafka-ui/kafka-ui-react-app/node_modules/.pnpm/jest-circus@29.1.2/node_modules/jest-circus/build/run.js:31:3)
    at runAndTransformResultsToJestFormat (/Users/davitbejanyan/Desktop/kafka-ui/kafka-ui-react-app/node_modules/.pnpm/jest-circus@29.1.2/node_modules/jest-circus/build/legacy-code-todo-rewrite/jestAdapterInit.js:136:21)
    at jestAdapter (/Users/davitbejanyan/Desktop/kafka-ui/kafka-ui-react-app/node_modules/.pnpm/jest-circus@29.1.2/node_modules/jest-circus/build/legacy-code-todo-rewrite/jestAdapter.js:92:19)
    at runTestInternal (/Users/davitbejanyan/Desktop/kafka-ui/kafka-ui-react-app/node_modules/.pnpm/jest-runner@29.1.2/node_modules/jest-runner/build/runTest.js:407:16)
    at runTest (/Users/davitbejanyan/Desktop/kafka-ui/kafka-ui-react-app/node_modules/.pnpm/jest-runner@29.1.2/node_modules/jest-runner/build/runTest.js:491:34)
    at Object.worker (/Users/davitbejanyan/Desktop/kafka-ui/kafka-ui-react-app/node_modules/.pnpm/jest-runner@29.1.2/node_modules/jest-runner/build/testWorker.js:133:12)]]></failure>
    </testCase>
    <testCase name="Details Action Bar when clear messages modal is open it calls clearTopicMessages on confirm" duration="153"/>
    <testCase name="Details Action Bar when clear messages modal is open closes the modal when cancel button is clicked" duration="94"/>
    <testCase name="Details Action Bar when edit settings is clicked redirects to the edit page" duration="19">
      <failure message="Error: expect(jest.fn()).toHaveBeenCalledWith(...expected)"><![CDATA[Error: expect(jest.fn()).toHaveBeenCalledWith(...expected)

Expected: "edit"

Number of calls: 0
    at Object.toHaveBeenCalledWith (/Users/davitbejanyan/Desktop/kafka-ui/kafka-ui-react-app/src/components/Topics/Topic/__test__/Topic.spec.tsx:161:30)
    at Promise.then.completed (/Users/davitbejanyan/Desktop/kafka-ui/kafka-ui-react-app/node_modules/.pnpm/jest-circus@29.1.2/node_modules/jest-circus/build/utils.js:333:28)
    at new Promise (<anonymous>)
    at callAsyncCircusFn (/Users/davitbejanyan/Desktop/kafka-ui/kafka-ui-react-app/node_modules/.pnpm/jest-circus@29.1.2/node_modules/jest-circus/build/utils.js:259:10)
    at _callCircusTest (/Users/davitbejanyan/Desktop/kafka-ui/kafka-ui-react-app/node_modules/.pnpm/jest-circus@29.1.2/node_modules/jest-circus/build/run.js:277:40)
    at _runTest (/Users/davitbejanyan/Desktop/kafka-ui/kafka-ui-react-app/node_modules/.pnpm/jest-circus@29.1.2/node_modules/jest-circus/build/run.js:209:3)
    at _runTestsForDescribeBlock (/Users/davitbejanyan/Desktop/kafka-ui/kafka-ui-react-app/node_modules/.pnpm/jest-circus@29.1.2/node_modules/jest-circus/build/run.js:97:9)
    at _runTestsForDescribeBlock (/Users/davitbejanyan/Desktop/kafka-ui/kafka-ui-react-app/node_modules/.pnpm/jest-circus@29.1.2/node_modules/jest-circus/build/run.js:91:9)
    at _runTestsForDescribeBlock (/Users/davitbejanyan/Desktop/kafka-ui/kafka-ui-react-app/node_modules/.pnpm/jest-circus@29.1.2/node_modules/jest-circus/build/run.js:91:9)
    at _runTestsForDescribeBlock (/Users/davitbejanyan/Desktop/kafka-ui/kafka-ui-react-app/node_modules/.pnpm/jest-circus@29.1.2/node_modules/jest-circus/build/run.js:91:9)
    at run (/Users/davitbejanyan/Desktop/kafka-ui/kafka-ui-react-app/node_modules/.pnpm/jest-circus@29.1.2/node_modules/jest-circus/build/run.js:31:3)
    at runAndTransformResultsToJestFormat (/Users/davitbejanyan/Desktop/kafka-ui/kafka-ui-react-app/node_modules/.pnpm/jest-circus@29.1.2/node_modules/jest-circus/build/legacy-code-todo-rewrite/jestAdapterInit.js:136:21)
    at jestAdapter (/Users/davitbejanyan/Desktop/kafka-ui/kafka-ui-react-app/node_modules/.pnpm/jest-circus@29.1.2/node_modules/jest-circus/build/legacy-code-todo-rewrite/jestAdapter.js:92:19)
    at runTestInternal (/Users/davitbejanyan/Desktop/kafka-ui/kafka-ui-react-app/node_modules/.pnpm/jest-runner@29.1.2/node_modules/jest-runner/build/runTest.js:407:16)
    at runTest (/Users/davitbejanyan/Desktop/kafka-ui/kafka-ui-react-app/node_modules/.pnpm/jest-runner@29.1.2/node_modules/jest-runner/build/runTest.js:491:34)
    at Object.worker (/Users/davitbejanyan/Desktop/kafka-ui/kafka-ui-react-app/node_modules/.pnpm/jest-runner@29.1.2/node_modules/jest-runner/build/testWorker.js:133:12)]]></failure>
    </testCase>
    <testCase name="Details Action Bar redirects to the correct route if topic is deleted" duration="125"/>
    <testCase name="Details Action Bar shows a confirmation popup on deleting topic messages" duration="24">
      <failure message="TestingLibraryElementError: Unable to find an element with the text: /Are you sure want to clear topic messages?/i. This could be because the text is broken up by multiple elements. In this case, you can provide a function for your text matcher to make your matcher more flexible."><![CDATA[TestingLibraryElementError: Unable to find an element with the text: /Are you sure want to clear topic messages?/i. This could be because the text is broken up by multiple elements. In this case, you can provide a function for your text matcher to make your matcher more flexible.

Ignored nodes: comments, script, style
<body>
  <div>
    <div>
      <div
        class="sc-hLBbgP hnICHN"
      >
        <div
          class="sc-gswNZR rEfrd"
        >
          <a
            aria-current="page"
            class="sc-dkrFOg jReuCK active"
            href="/ui/clusters/local/all-topics"
          >
            Topics
          </a>
          <h1
            class="sc-bcXHqe lkOvdv"
          >
            external.topic
          </h1>
        </div>
        <div>
          <button
            class="sc-eDvSVe bfGLck"
          >
            Produce Message
          </button>
          <div
            class="sc-jrcTuL exfGIM"
          >
            <button
              aria-label="Dropdown Toggle"
              class="sc-iBYQkv iJzVjg"
            >
              <svg
                fill="none"
                height="16"
                viewBox="0 0 4 16"
                width="4"
                xmlns="http://www.w3.org/2000/svg"
              >
                <path
                  d="M2 4C3.1 4 4 3.1 4 2C4 0.9 3.1 0 2 0C0.9 0 0 0.9 0 2C0 3.1 0.9 4 2 4ZM2 6C0.9 6 0 6.9 0 8C0 9.1 0.9 10 2 10C3.1 10 4 9.1 4 8C4 6.9 3.1 6 2 6ZM2 12C0.9 12 0 12.9 0 14C0 15.1 0.9 16 2 16C3.1 16 4 15.1 4 14C4 12.9 3.1 12 2 12Z"
                  fill="#73848C"
                />
              </svg>
            </button>
            <div
              class="szh-menu-container sc-gKPRtg egimCy"
              style="position: relative;"
            >
              <ul
                aria-label="Menu"
                class="szh-menu szh-menu--state-closed szh-menu--dir-bottom"
                role="menu"
                style="margin: 0px; display: none; position: absolute; left: 0px; top: 0px;"
                tabindex="-1"
              >
                <div
                  style="position: absolute; left: 0px; top: 0px;"
                  tabindex="-1"
                />
                <li
                  class="szh-menu__item"
                  role="menuitem"
                  tabindex="-1"
                >
                  Edit settings
                  <div
                    class="sc-pyfCe fqpdmx"
                  >
                    Pay attention! This operation has
                    <br />
                    especially important consequences.
                  </div>
                </li>
                <li
                  class="szh-menu__item"
                  role="menuitem"
                  tabindex="-1"
                >
                  <div
                    class="sc-ftTHYK kLQFOY"
                  >
                    Clear messages
                    <div
                      class="sc-pyfCe fqpdmx"
                    >
                      Clearing messages is only allowed for topics
                      <br />
                      with DELETE policy
                    </div>
                  </div>
                </li>
                <li
                  class="szh-menu__item"
                  role="menuitem"
                  tabindex="-1"
                >
                  <div
                    class="sc-ftTHYK kLQFOY"
                  >
                    Recreate Topic
                  </div>
                </li>
                <li
                  class="szh-menu__item"
                  role="menuitem"
                  tabindex="-1"
                >
                  <div
                    class="sc-ftTHYK kLQFOY"
                  >
                    Remove Topic
                  </div>
                </li>
              </ul>
            </div>
          </div>
        </div>
      </div>
      <nav
        class="sc-jSUZER iUMTjN"
        role="navigation"
      >
        <a
          aria-current="page"
          class="is-active"
          href="/ui/clusters/local/all-topics/external.topic"
        >
          Overview
        </a>
        <a
          class=""
          href="/ui/clusters/local/all-topics/external.topic/messages"
        >
          Messages
        </a>
        <a
          class=""
          href="/ui/clusters/local/all-topics/external.topic/consumer-groups"
        >
          Consumers
        </a>
        <a
          class=""
          href="/ui/clusters/local/all-topics/external.topic/settings"
        >
          Settings
        </a>
        <a
          class=""
          href="/ui/clusters/local/all-topics/external.topic/statistics"
        >
          Statistics
        </a>
      </nav>
      OverviewMock
      <div
        class="sc-hBxehG gwLctH"
      >
        <h3
          class="sc-bcXHqe ivKYPM"
        >
          <span>
            Produce Message
          </span>
          <button
            class="sc-eDvSVe bfGLck"
          >
            Close
          </button>
        </h3>
        <div
          class="sc-fnGiBr eKvAsT"
        >
          SendMessageMock
        </div>
      </div>
    </div>
  </div>
</body>
    at Object.getElementError (/Users/davitbejanyan/Desktop/kafka-ui/kafka-ui-react-app/node_modules/.pnpm/@testing-library+dom@8.19.0/node_modules/@testing-library/dom/dist/config.js:40:19)
    at /Users/davitbejanyan/Desktop/kafka-ui/kafka-ui-react-app/node_modules/.pnpm/@testing-library+dom@8.19.0/node_modules/@testing-library/dom/dist/query-helpers.js:90:38
    at /Users/davitbejanyan/Desktop/kafka-ui/kafka-ui-react-app/node_modules/.pnpm/@testing-library+dom@8.19.0/node_modules/@testing-library/dom/dist/query-helpers.js:62:17
    at /Users/davitbejanyan/Desktop/kafka-ui/kafka-ui-react-app/node_modules/.pnpm/@testing-library+dom@8.19.0/node_modules/@testing-library/dom/dist/query-helpers.js:111:19
    at Object.getByText (/Users/davitbejanyan/Desktop/kafka-ui/kafka-ui-react-app/src/components/Topics/Topic/__test__/Topic.spec.tsx:182:16)
    at Promise.then.completed (/Users/davitbejanyan/Desktop/kafka-ui/kafka-ui-react-app/node_modules/.pnpm/jest-circus@29.1.2/node_modules/jest-circus/build/utils.js:333:28)
    at new Promise (<anonymous>)
    at callAsyncCircusFn (/Users/davitbejanyan/Desktop/kafka-ui/kafka-ui-react-app/node_modules/.pnpm/jest-circus@29.1.2/node_modules/jest-circus/build/utils.js:259:10)
    at _callCircusTest (/Users/davitbejanyan/Desktop/kafka-ui/kafka-ui-react-app/node_modules/.pnpm/jest-circus@29.1.2/node_modules/jest-circus/build/run.js:277:40)
    at _runTest (/Users/davitbejanyan/Desktop/kafka-ui/kafka-ui-react-app/node_modules/.pnpm/jest-circus@29.1.2/node_modules/jest-circus/build/run.js:209:3)
    at _runTestsForDescribeBlock (/Users/davitbejanyan/Desktop/kafka-ui/kafka-ui-react-app/node_modules/.pnpm/jest-circus@29.1.2/node_modules/jest-circus/build/run.js:97:9)
    at _runTestsForDescribeBlock (/Users/davitbejanyan/Desktop/kafka-ui/kafka-ui-react-app/node_modules/.pnpm/jest-circus@29.1.2/node_modules/jest-circus/build/run.js:91:9)
    at _runTestsForDescribeBlock (/Users/davitbejanyan/Desktop/kafka-ui/kafka-ui-react-app/node_modules/.pnpm/jest-circus@29.1.2/node_modules/jest-circus/build/run.js:91:9)
    at run (/Users/davitbejanyan/Desktop/kafka-ui/kafka-ui-react-app/node_modules/.pnpm/jest-circus@29.1.2/node_modules/jest-circus/build/run.js:31:3)
    at runAndTransformResultsToJestFormat (/Users/davitbejanyan/Desktop/kafka-ui/kafka-ui-react-app/node_modules/.pnpm/jest-circus@29.1.2/node_modules/jest-circus/build/legacy-code-todo-rewrite/jestAdapterInit.js:136:21)
    at jestAdapter (/Users/davitbejanyan/Desktop/kafka-ui/kafka-ui-react-app/node_modules/.pnpm/jest-circus@29.1.2/node_modules/jest-circus/build/legacy-code-todo-rewrite/jestAdapter.js:92:19)
    at runTestInternal (/Users/davitbejanyan/Desktop/kafka-ui/kafka-ui-react-app/node_modules/.pnpm/jest-runner@29.1.2/node_modules/jest-runner/build/runTest.js:407:16)
    at runTest (/Users/davitbejanyan/Desktop/kafka-ui/kafka-ui-react-app/node_modules/.pnpm/jest-runner@29.1.2/node_modules/jest-runner/build/runTest.js:491:34)
    at Object.worker (/Users/davitbejanyan/Desktop/kafka-ui/kafka-ui-react-app/node_modules/.pnpm/jest-runner@29.1.2/node_modules/jest-runner/build/testWorker.js:133:12)]]></failure>
    </testCase>
    <testCase name="Details Action Bar shows a confirmation popup on recreating topic" duration="16">
      <failure message="TestingLibraryElementError: Unable to find an element with the text: /Are you sure want to recreate topic?/i. This could be because the text is broken up by multiple elements. In this case, you can provide a function for your text matcher to make your matcher more flexible."><![CDATA[TestingLibraryElementError: Unable to find an element with the text: /Are you sure want to recreate topic?/i. This could be because the text is broken up by multiple elements. In this case, you can provide a function for your text matcher to make your matcher more flexible.

Ignored nodes: comments, script, style
<body>
  <div>
    <div>
      <div
        class="sc-hLBbgP hnICHN"
      >
        <div
          class="sc-gswNZR rEfrd"
        >
          <a
            aria-current="page"
            class="sc-dkrFOg jReuCK active"
            href="/ui/clusters/local/all-topics"
          >
            Topics
          </a>
          <h1
            class="sc-bcXHqe lkOvdv"
          >
            external.topic
          </h1>
        </div>
        <div>
          <button
            class="sc-eDvSVe bfGLck"
          >
            Produce Message
          </button>
          <div
            class="sc-jrcTuL exfGIM"
          >
            <button
              aria-label="Dropdown Toggle"
              class="sc-iBYQkv iJzVjg"
            >
              <svg
                fill="none"
                height="16"
                viewBox="0 0 4 16"
                width="4"
                xmlns="http://www.w3.org/2000/svg"
              >
                <path
                  d="M2 4C3.1 4 4 3.1 4 2C4 0.9 3.1 0 2 0C0.9 0 0 0.9 0 2C0 3.1 0.9 4 2 4ZM2 6C0.9 6 0 6.9 0 8C0 9.1 0.9 10 2 10C3.1 10 4 9.1 4 8C4 6.9 3.1 6 2 6ZM2 12C0.9 12 0 12.9 0 14C0 15.1 0.9 16 2 16C3.1 16 4 15.1 4 14C4 12.9 3.1 12 2 12Z"
                  fill="#73848C"
                />
              </svg>
            </button>
            <div
              class="szh-menu-container sc-gKPRtg egimCy"
              style="position: relative;"
            >
              <ul
                aria-label="Menu"
                class="szh-menu szh-menu--state-closed szh-menu--dir-bottom"
                role="menu"
                style="margin: 0px; display: none; position: absolute; left: 0px; top: 0px;"
                tabindex="-1"
              >
                <div
                  style="position: absolute; left: 0px; top: 0px;"
                  tabindex="-1"
                />
                <li
                  class="szh-menu__item"
                  role="menuitem"
                  tabindex="-1"
                >
                  Edit settings
                  <div
                    class="sc-pyfCe fqpdmx"
                  >
                    Pay attention! This operation has
                    <br />
                    especially important consequences.
                  </div>
                </li>
                <li
                  class="szh-menu__item"
                  role="menuitem"
                  tabindex="-1"
                >
                  <div
                    class="sc-ftTHYK kLQFOY"
                  >
                    Clear messages
                    <div
                      class="sc-pyfCe fqpdmx"
                    >
                      Clearing messages is only allowed for topics
                      <br />
                      with DELETE policy
                    </div>
                  </div>
                </li>
                <li
                  class="szh-menu__item"
                  role="menuitem"
                  tabindex="-1"
                >
                  <div
                    class="sc-ftTHYK kLQFOY"
                  >
                    Recreate Topic
                  </div>
                </li>
                <li
                  class="szh-menu__item"
                  role="menuitem"
                  tabindex="-1"
                >
                  <div
                    class="sc-ftTHYK kLQFOY"
                  >
                    Remove Topic
                  </div>
                </li>
              </ul>
            </div>
          </div>
        </div>
      </div>
      <nav
        class="sc-jSUZER iUMTjN"
        role="navigation"
      >
        <a
          aria-current="page"
          class="is-active"
          href="/ui/clusters/local/all-topics/external.topic"
        >
          Overview
        </a>
        <a
          class=""
          href="/ui/clusters/local/all-topics/external.topic/messages"
        >
          Messages
        </a>
        <a
          class=""
          href="/ui/clusters/local/all-topics/external.topic/consumer-groups"
        >
          Consumers
        </a>
        <a
          class=""
          href="/ui/clusters/local/all-topics/external.topic/settings"
        >
          Settings
        </a>
        <a
          class=""
          href="/ui/clusters/local/all-topics/external.topic/statistics"
        >
          Statistics
        </a>
      </nav>
      OverviewMock
      <div
        class="sc-hBxehG gwLctH"
      >
        <h3
          class="sc-bcXHqe ivKYPM"
        >
          <span>
            Produce Message
          </span>
          <button
            class="sc-eDvSVe bfGLck"
          >
            Close
          </button>
        </h3>
        <div
          class="sc-fnGiBr eKvAsT"
        >
          SendMessageMock
        </div>
      </div>
    </div>
  </div>
</body>
    at Object.getElementError (/Users/davitbejanyan/Desktop/kafka-ui/kafka-ui-react-app/node_modules/.pnpm/@testing-library+dom@8.19.0/node_modules/@testing-library/dom/dist/config.js:40:19)
    at /Users/davitbejanyan/Desktop/kafka-ui/kafka-ui-react-app/node_modules/.pnpm/@testing-library+dom@8.19.0/node_modules/@testing-library/dom/dist/query-helpers.js:90:38
    at /Users/davitbejanyan/Desktop/kafka-ui/kafka-ui-react-app/node_modules/.pnpm/@testing-library+dom@8.19.0/node_modules/@testing-library/dom/dist/query-helpers.js:62:17
    at /Users/davitbejanyan/Desktop/kafka-ui/kafka-ui-react-app/node_modules/.pnpm/@testing-library+dom@8.19.0/node_modules/@testing-library/dom/dist/query-helpers.js:111:19
    at Object.getByText (/Users/davitbejanyan/Desktop/kafka-ui/kafka-ui-react-app/src/components/Topics/Topic/__test__/Topic.spec.tsx:191:16)
    at Promise.then.completed (/Users/davitbejanyan/Desktop/kafka-ui/kafka-ui-react-app/node_modules/.pnpm/jest-circus@29.1.2/node_modules/jest-circus/build/utils.js:333:28)
    at new Promise (<anonymous>)
    at callAsyncCircusFn (/Users/davitbejanyan/Desktop/kafka-ui/kafka-ui-react-app/node_modules/.pnpm/jest-circus@29.1.2/node_modules/jest-circus/build/utils.js:259:10)
    at _callCircusTest (/Users/davitbejanyan/Desktop/kafka-ui/kafka-ui-react-app/node_modules/.pnpm/jest-circus@29.1.2/node_modules/jest-circus/build/run.js:277:40)
    at _runTest (/Users/davitbejanyan/Desktop/kafka-ui/kafka-ui-react-app/node_modules/.pnpm/jest-circus@29.1.2/node_modules/jest-circus/build/run.js:209:3)
    at _runTestsForDescribeBlock (/Users/davitbejanyan/Desktop/kafka-ui/kafka-ui-react-app/node_modules/.pnpm/jest-circus@29.1.2/node_modules/jest-circus/build/run.js:97:9)
    at _runTestsForDescribeBlock (/Users/davitbejanyan/Desktop/kafka-ui/kafka-ui-react-app/node_modules/.pnpm/jest-circus@29.1.2/node_modules/jest-circus/build/run.js:91:9)
    at _runTestsForDescribeBlock (/Users/davitbejanyan/Desktop/kafka-ui/kafka-ui-react-app/node_modules/.pnpm/jest-circus@29.1.2/node_modules/jest-circus/build/run.js:91:9)
    at run (/Users/davitbejanyan/Desktop/kafka-ui/kafka-ui-react-app/node_modules/.pnpm/jest-circus@29.1.2/node_modules/jest-circus/build/run.js:31:3)
    at runAndTransformResultsToJestFormat (/Users/davitbejanyan/Desktop/kafka-ui/kafka-ui-react-app/node_modules/.pnpm/jest-circus@29.1.2/node_modules/jest-circus/build/legacy-code-todo-rewrite/jestAdapterInit.js:136:21)
    at jestAdapter (/Users/davitbejanyan/Desktop/kafka-ui/kafka-ui-react-app/node_modules/.pnpm/jest-circus@29.1.2/node_modules/jest-circus/build/legacy-code-todo-rewrite/jestAdapter.js:92:19)
    at runTestInternal (/Users/davitbejanyan/Desktop/kafka-ui/kafka-ui-react-app/node_modules/.pnpm/jest-runner@29.1.2/node_modules/jest-runner/build/runTest.js:407:16)
    at runTest (/Users/davitbejanyan/Desktop/kafka-ui/kafka-ui-react-app/node_modules/.pnpm/jest-runner@29.1.2/node_modules/jest-runner/build/runTest.js:491:34)
    at Object.worker (/Users/davitbejanyan/Desktop/kafka-ui/kafka-ui-react-app/node_modules/.pnpm/jest-runner@29.1.2/node_modules/jest-runner/build/testWorker.js:133:12)]]></failure>
    </testCase>
    <testCase name="Details Action Bar is calling recreation function after click on Submit button" duration="244">
      <failure message="TestingLibraryElementError: Unable to find an accessible element with the role &quot;button&quot; and name `/Confirm/i`"><![CDATA[TestingLibraryElementError: Unable to find an accessible element with the role "button" and name `/Confirm/i`

Here are the accessible roles:

  link:

  Name "Topics":
  <a
    aria-current="page"
    class="sc-dkrFOg jReuCK active"
    href="/ui/clusters/local/all-topics"
  />

  Name "Overview":
  <a
    aria-current="page"
    class="is-active"
    href="/ui/clusters/local/all-topics/external.topic"
  />

  Name "Messages":
  <a
    class=""
    href="/ui/clusters/local/all-topics/external.topic/messages"
  />

  Name "Consumers":
  <a
    class=""
    href="/ui/clusters/local/all-topics/external.topic/consumer-groups"
  />

  Name "Settings":
  <a
    class=""
    href="/ui/clusters/local/all-topics/external.topic/settings"
  />

  Name "Statistics":
  <a
    class=""
    href="/ui/clusters/local/all-topics/external.topic/statistics"
  />

  --------------------------------------------------
  heading:

  Name "external.topic":
  <h1
    class="sc-bcXHqe lkOvdv"
  />

  Name "Produce Message Close":
  <h3
    class="sc-bcXHqe ivKYPM"
  />

  --------------------------------------------------
  button:

  Name "Produce Message":
  <button
    class="sc-eDvSVe bfGLck"
  />

  Name "Dropdown Toggle":
  <button
    aria-label="Dropdown Toggle"
    class="sc-iBYQkv iJzVjg"
  />

  Name "Close":
  <button
    class="sc-eDvSVe bfGLck"
  />

  --------------------------------------------------
  navigation:

  Name "":
  <nav
    class="sc-jSUZER iUMTjN"
    role="navigation"
  />

  --------------------------------------------------

Ignored nodes: comments, script, style
<body>
  <div>
    <div>
      <div
        class="sc-hLBbgP hnICHN"
      >
        <div
          class="sc-gswNZR rEfrd"
        >
          <a
            aria-current="page"
            class="sc-dkrFOg jReuCK active"
            href="/ui/clusters/local/all-topics"
          >
            Topics
          </a>
          <h1
            class="sc-bcXHqe lkOvdv"
          >
            external.topic
          </h1>
        </div>
        <div>
          <button
            class="sc-eDvSVe bfGLck"
          >
            Produce Message
          </button>
          <div
            class="sc-jrcTuL exfGIM"
          >
            <button
              aria-label="Dropdown Toggle"
              class="sc-iBYQkv iJzVjg"
            >
              <svg
                fill="none"
                height="16"
                viewBox="0 0 4 16"
                width="4"
                xmlns="http://www.w3.org/2000/svg"
              >
                <path
                  d="M2 4C3.1 4 4 3.1 4 2C4 0.9 3.1 0 2 0C0.9 0 0 0.9 0 2C0 3.1 0.9 4 2 4ZM2 6C0.9 6 0 6.9 0 8C0 9.1 0.9 10 2 10C3.1 10 4 9.1 4 8C4 6.9 3.1 6 2 6ZM2 12C0.9 12 0 12.9 0 14C0 15.1 0.9 16 2 16C3.1 16 4 15.1 4 14C4 12.9 3.1 12 2 12Z"
                  fill="#73848C"
                />
              </svg>
            </button>
            <div
              class="szh-menu-container sc-gKPRtg egimCy"
              style="position: relative;"
            >
              <ul
                aria-label="Menu"
                class="szh-menu szh-menu--state-closed szh-menu--dir-bottom"
                role="menu"
                style="margin: 0px; display: none; position: absolute; left: 0px; top: 0px;"
                tabindex="-1"
              >
                <div
                  style="position: absolute; left: 0px; top: 0px;"
                  tabindex="-1"
                />
                <li
                  class="szh-menu__item"
                  role="menuitem"
                  tabindex="-1"
                >
                  Edit settings
                  <div
                    class="sc-pyfCe fqpdmx"
                  >
                    Pay attention! This operation has
                    <br />
                    especially important consequences.
                  </div>
                </li>
                <li
                  class="szh-menu__item"
                  role="menuitem"
                  tabindex="-1"
                >
                  <div
                    class="sc-ftTHYK kLQFOY"
                  >
                    Clear messages
                    <div
                      class="sc-pyfCe fqpdmx"
                    >
                      Clearing messages is only allowed for topics
                      <br />
                      with DELETE policy
                    </div>
                  </div>
                </li>
                <li
                  class="szh-menu__item"
                  role="menuitem"
                  tabindex="-1"
                >
                  <div
                    class="sc-ftTHYK kLQFOY"
                  >
                    Recreate Topic
                  </div>
                </li>
                <li
                  class="szh-menu__item"
                  role="menuitem"
                  tabindex="-1"
                >
                  <div
                    class="sc-ftTHYK kLQFOY"
                  >
                    Remove Topic
                  </div>
                </li>
              </ul>
            </div>
          </div>
        </div>
      </div>
      <nav
        class="sc-jSUZER iUMTjN"
        role="navigation"
      >
        <a
          aria-current="page"
          class="is-active"
          href="/ui/clusters/local/all-topics/external.topic"
        >
          Overview
        </a>
        <a
          class=""
          href="/ui/clusters/local/all-topics/external.topic/messages"
        >
          Messages
        </a>
        <a
          class=""
          href="/ui/clusters/local/all-topics/external.topic/consumer-groups"
        >
          Consumers
        </a>
        <a
          class=""
          href="/ui/clusters/local/all-topics/external.topic/settings"
        >
          Settings
        </a>
        <a
          class=""
          href="/ui/clusters/local/all-topics/external.topic/statistics"
        >
          Statistics
        </a>
      </nav>
      OverviewMock
      <div
        class="sc-hBxehG gwLctH"
      >
        <h3
          class="sc-bcXHqe ivKYPM"
        >
          <span>
            Produce Message
          </span>
          <button
            class="sc-eDvSVe bfGLck"
          >
            Close
          </button>
        </h3>
        <div
          class="sc-fnGiBr eKvAsT"
        >
          SendMessageMock
        </div>
      </div>
    </div>
  </div>
</body>
    at Object.getElementError (/Users/davitbejanyan/Desktop/kafka-ui/kafka-ui-react-app/node_modules/.pnpm/@testing-library+dom@8.19.0/node_modules/@testing-library/dom/dist/config.js:40:19)
    at /Users/davitbejanyan/Desktop/kafka-ui/kafka-ui-react-app/node_modules/.pnpm/@testing-library+dom@8.19.0/node_modules/@testing-library/dom/dist/query-helpers.js:90:38
    at /Users/davitbejanyan/Desktop/kafka-ui/kafka-ui-react-app/node_modules/.pnpm/@testing-library+dom@8.19.0/node_modules/@testing-library/dom/dist/query-helpers.js:62:17
    at /Users/davitbejanyan/Desktop/kafka-ui/kafka-ui-react-app/node_modules/.pnpm/@testing-library+dom@8.19.0/node_modules/@testing-library/dom/dist/query-helpers.js:111:19
    at getByRole (/Users/davitbejanyan/Desktop/kafka-ui/kafka-ui-react-app/src/components/Topics/Topic/__test__/Topic.spec.tsx:199:33)
    at tryCatch (/Users/davitbejanyan/Desktop/kafka-ui/kafka-ui-react-app/src/components/Topics/Topic/__test__/Topic.spec.tsx:2:1)
    at Generator._invoke (/Users/davitbejanyan/Desktop/kafka-ui/kafka-ui-react-app/src/components/Topics/Topic/__test__/Topic.spec.tsx:2:1)
    at Generator.next (/Users/davitbejanyan/Desktop/kafka-ui/kafka-ui-react-app/src/components/Topics/Topic/__test__/Topic.spec.tsx:2:1)
    at asyncGeneratorStep (/Users/davitbejanyan/Desktop/kafka-ui/kafka-ui-react-app/src/components/Topics/Topic/__test__/Topic.spec.tsx:2:1)
    at _next (/Users/davitbejanyan/Desktop/kafka-ui/kafka-ui-react-app/src/components/Topics/Topic/__test__/Topic.spec.tsx:2:1)
    at /Users/davitbejanyan/Desktop/kafka-ui/kafka-ui-react-app/src/components/Topics/Topic/__test__/Topic.spec.tsx:2:1
    at new Promise (<anonymous>)
    at Object.<anonymous> (/Users/davitbejanyan/Desktop/kafka-ui/kafka-ui-react-app/src/components/Topics/Topic/__test__/Topic.spec.tsx:2:1)
    at Promise.then.completed (/Users/davitbejanyan/Desktop/kafka-ui/kafka-ui-react-app/node_modules/.pnpm/jest-circus@29.1.2/node_modules/jest-circus/build/utils.js:333:28)
    at new Promise (<anonymous>)
    at callAsyncCircusFn (/Users/davitbejanyan/Desktop/kafka-ui/kafka-ui-react-app/node_modules/.pnpm/jest-circus@29.1.2/node_modules/jest-circus/build/utils.js:259:10)
    at _callCircusTest (/Users/davitbejanyan/Desktop/kafka-ui/kafka-ui-react-app/node_modules/.pnpm/jest-circus@29.1.2/node_modules/jest-circus/build/run.js:277:40)
    at _runTest (/Users/davitbejanyan/Desktop/kafka-ui/kafka-ui-react-app/node_modules/.pnpm/jest-circus@29.1.2/node_modules/jest-circus/build/run.js:209:3)
    at _runTestsForDescribeBlock (/Users/davitbejanyan/Desktop/kafka-ui/kafka-ui-react-app/node_modules/.pnpm/jest-circus@29.1.2/node_modules/jest-circus/build/run.js:97:9)
    at _runTestsForDescribeBlock (/Users/davitbejanyan/Desktop/kafka-ui/kafka-ui-react-app/node_modules/.pnpm/jest-circus@29.1.2/node_modules/jest-circus/build/run.js:91:9)
    at _runTestsForDescribeBlock (/Users/davitbejanyan/Desktop/kafka-ui/kafka-ui-react-app/node_modules/.pnpm/jest-circus@29.1.2/node_modules/jest-circus/build/run.js:91:9)
    at run (/Users/davitbejanyan/Desktop/kafka-ui/kafka-ui-react-app/node_modules/.pnpm/jest-circus@29.1.2/node_modules/jest-circus/build/run.js:31:3)
    at runAndTransformResultsToJestFormat (/Users/davitbejanyan/Desktop/kafka-ui/kafka-ui-react-app/node_modules/.pnpm/jest-circus@29.1.2/node_modules/jest-circus/build/legacy-code-todo-rewrite/jestAdapterInit.js:136:21)
    at jestAdapter (/Users/davitbejanyan/Desktop/kafka-ui/kafka-ui-react-app/node_modules/.pnpm/jest-circus@29.1.2/node_modules/jest-circus/build/legacy-code-todo-rewrite/jestAdapter.js:92:19)
    at runTestInternal (/Users/davitbejanyan/Desktop/kafka-ui/kafka-ui-react-app/node_modules/.pnpm/jest-runner@29.1.2/node_modules/jest-runner/build/runTest.js:407:16)
    at runTest (/Users/davitbejanyan/Desktop/kafka-ui/kafka-ui-react-app/node_modules/.pnpm/jest-runner@29.1.2/node_modules/jest-runner/build/runTest.js:491:34)
    at Object.worker (/Users/davitbejanyan/Desktop/kafka-ui/kafka-ui-react-app/node_modules/.pnpm/jest-runner@29.1.2/node_modules/jest-runner/build/testWorker.js:133:12)]]></failure>
    </testCase>
    <testCase name="Details Action Bar closes popup confirmation window after click on Cancel button" duration="163">
      <failure message="TestingLibraryElementError: Unable to find an accessible element with the role &quot;button&quot; and name `/cancel/i`"><![CDATA[TestingLibraryElementError: Unable to find an accessible element with the role "button" and name `/cancel/i`

Here are the accessible roles:

  link:

  Name "Topics":
  <a
    aria-current="page"
    class="sc-dkrFOg jReuCK active"
    href="/ui/clusters/local/all-topics"
  />

  Name "Overview":
  <a
    aria-current="page"
    class="is-active"
    href="/ui/clusters/local/all-topics/external.topic"
  />

  Name "Messages":
  <a
    class=""
    href="/ui/clusters/local/all-topics/external.topic/messages"
  />

  Name "Consumers":
  <a
    class=""
    href="/ui/clusters/local/all-topics/external.topic/consumer-groups"
  />

  Name "Settings":
  <a
    class=""
    href="/ui/clusters/local/all-topics/external.topic/settings"
  />

  Name "Statistics":
  <a
    class=""
    href="/ui/clusters/local/all-topics/external.topic/statistics"
  />

  --------------------------------------------------
  heading:

  Name "external.topic":
  <h1
    class="sc-bcXHqe lkOvdv"
  />

  Name "Produce Message Close":
  <h3
    class="sc-bcXHqe ivKYPM"
  />

  --------------------------------------------------
  button:

  Name "Produce Message":
  <button
    class="sc-eDvSVe bfGLck"
  />

  Name "Dropdown Toggle":
  <button
    aria-label="Dropdown Toggle"
    class="sc-iBYQkv iJzVjg"
  />

  Name "Close":
  <button
    class="sc-eDvSVe bfGLck"
  />

  --------------------------------------------------
  navigation:

  Name "":
  <nav
    class="sc-jSUZER iUMTjN"
    role="navigation"
  />

  --------------------------------------------------

Ignored nodes: comments, script, style
<body>
  <div>
    <div>
      <div
        class="sc-hLBbgP hnICHN"
      >
        <div
          class="sc-gswNZR rEfrd"
        >
          <a
            aria-current="page"
            class="sc-dkrFOg jReuCK active"
            href="/ui/clusters/local/all-topics"
          >
            Topics
          </a>
          <h1
            class="sc-bcXHqe lkOvdv"
          >
            external.topic
          </h1>
        </div>
        <div>
          <button
            class="sc-eDvSVe bfGLck"
          >
            Produce Message
          </button>
          <div
            class="sc-jrcTuL exfGIM"
          >
            <button
              aria-label="Dropdown Toggle"
              class="sc-iBYQkv iJzVjg"
            >
              <svg
                fill="none"
                height="16"
                viewBox="0 0 4 16"
                width="4"
                xmlns="http://www.w3.org/2000/svg"
              >
                <path
                  d="M2 4C3.1 4 4 3.1 4 2C4 0.9 3.1 0 2 0C0.9 0 0 0.9 0 2C0 3.1 0.9 4 2 4ZM2 6C0.9 6 0 6.9 0 8C0 9.1 0.9 10 2 10C3.1 10 4 9.1 4 8C4 6.9 3.1 6 2 6ZM2 12C0.9 12 0 12.9 0 14C0 15.1 0.9 16 2 16C3.1 16 4 15.1 4 14C4 12.9 3.1 12 2 12Z"
                  fill="#73848C"
                />
              </svg>
            </button>
            <div
              class="szh-menu-container sc-gKPRtg egimCy"
              style="position: relative;"
            >
              <ul
                aria-label="Menu"
                class="szh-menu szh-menu--state-closed szh-menu--dir-bottom"
                role="menu"
                style="margin: 0px; display: none; position: absolute; left: 0px; top: 0px;"
                tabindex="-1"
              >
                <div
                  style="position: absolute; left: 0px; top: 0px;"
                  tabindex="-1"
                />
                <li
                  class="szh-menu__item"
                  role="menuitem"
                  tabindex="-1"
                >
                  Edit settings
                  <div
                    class="sc-pyfCe fqpdmx"
                  >
                    Pay attention! This operation has
                    <br />
                    especially important consequences.
                  </div>
                </li>
                <li
                  class="szh-menu__item"
                  role="menuitem"
                  tabindex="-1"
                >
                  <div
                    class="sc-ftTHYK kLQFOY"
                  >
                    Clear messages
                    <div
                      class="sc-pyfCe fqpdmx"
                    >
                      Clearing messages is only allowed for topics
                      <br />
                      with DELETE policy
                    </div>
                  </div>
                </li>
                <li
                  class="szh-menu__item"
                  role="menuitem"
                  tabindex="-1"
                >
                  <div
                    class="sc-ftTHYK kLQFOY"
                  >
                    Recreate Topic
                  </div>
                </li>
                <li
                  class="szh-menu__item"
                  role="menuitem"
                  tabindex="-1"
                >
                  <div
                    class="sc-ftTHYK kLQFOY"
                  >
                    Remove Topic
                  </div>
                </li>
              </ul>
            </div>
          </div>
        </div>
      </div>
      <nav
        class="sc-jSUZER iUMTjN"
        role="navigation"
      >
        <a
          aria-current="page"
          class="is-active"
          href="/ui/clusters/local/all-topics/external.topic"
        >
          Overview
        </a>
        <a
          class=""
          href="/ui/clusters/local/all-topics/external.topic/messages"
        >
          Messages
        </a>
        <a
          class=""
          href="/ui/clusters/local/all-topics/external.topic/consumer-groups"
        >
          Consumers
        </a>
        <a
          class=""
          href="/ui/clusters/local/all-topics/external.topic/settings"
        >
          Settings
        </a>
        <a
          class=""
          href="/ui/clusters/local/all-topics/external.topic/statistics"
        >
          Statistics
        </a>
      </nav>
      OverviewMock
      <div
        class="sc-hBxehG gwLctH"
      >
        <h3
          class="sc-bcXHqe ivKYPM"
        >
          <span>
            Produce Message
          </span>
          <button
            class="sc-eDvSVe bfGLck"
          >
            Close
          </button>
        </h3>
        <div
          class="sc-fnGiBr eKvAsT"
        >
          SendMessageMock
        </div>
      </div>
    </div>
  </div>
</body>
    at Object.getElementError (/Users/davitbejanyan/Desktop/kafka-ui/kafka-ui-react-app/node_modules/.pnpm/@testing-library+dom@8.19.0/node_modules/@testing-library/dom/dist/config.js:40:19)
    at /Users/davitbejanyan/Desktop/kafka-ui/kafka-ui-react-app/node_modules/.pnpm/@testing-library+dom@8.19.0/node_modules/@testing-library/dom/dist/query-helpers.js:90:38
    at /Users/davitbejanyan/Desktop/kafka-ui/kafka-ui-react-app/node_modules/.pnpm/@testing-library+dom@8.19.0/node_modules/@testing-library/dom/dist/query-helpers.js:62:17
    at /Users/davitbejanyan/Desktop/kafka-ui/kafka-ui-react-app/node_modules/.pnpm/@testing-library+dom@8.19.0/node_modules/@testing-library/dom/dist/query-helpers.js:111:19
    at Object.getByRole (/Users/davitbejanyan/Desktop/kafka-ui/kafka-ui-react-app/src/components/Topics/Topic/__test__/Topic.spec.tsx:209:32)
    at Promise.then.completed (/Users/davitbejanyan/Desktop/kafka-ui/kafka-ui-react-app/node_modules/.pnpm/jest-circus@29.1.2/node_modules/jest-circus/build/utils.js:333:28)
    at new Promise (<anonymous>)
    at callAsyncCircusFn (/Users/davitbejanyan/Desktop/kafka-ui/kafka-ui-react-app/node_modules/.pnpm/jest-circus@29.1.2/node_modules/jest-circus/build/utils.js:259:10)
    at _callCircusTest (/Users/davitbejanyan/Desktop/kafka-ui/kafka-ui-react-app/node_modules/.pnpm/jest-circus@29.1.2/node_modules/jest-circus/build/run.js:277:40)
    at _runTest (/Users/davitbejanyan/Desktop/kafka-ui/kafka-ui-react-app/node_modules/.pnpm/jest-circus@29.1.2/node_modules/jest-circus/build/run.js:209:3)
    at _runTestsForDescribeBlock (/Users/davitbejanyan/Desktop/kafka-ui/kafka-ui-react-app/node_modules/.pnpm/jest-circus@29.1.2/node_modules/jest-circus/build/run.js:97:9)
    at _runTestsForDescribeBlock (/Users/davitbejanyan/Desktop/kafka-ui/kafka-ui-react-app/node_modules/.pnpm/jest-circus@29.1.2/node_modules/jest-circus/build/run.js:91:9)
    at _runTestsForDescribeBlock (/Users/davitbejanyan/Desktop/kafka-ui/kafka-ui-react-app/node_modules/.pnpm/jest-circus@29.1.2/node_modules/jest-circus/build/run.js:91:9)
    at run (/Users/davitbejanyan/Desktop/kafka-ui/kafka-ui-react-app/node_modules/.pnpm/jest-circus@29.1.2/node_modules/jest-circus/build/run.js:31:3)
    at runAndTransformResultsToJestFormat (/Users/davitbejanyan/Desktop/kafka-ui/kafka-ui-react-app/node_modules/.pnpm/jest-circus@29.1.2/node_modules/jest-circus/build/legacy-code-todo-rewrite/jestAdapterInit.js:136:21)
    at jestAdapter (/Users/davitbejanyan/Desktop/kafka-ui/kafka-ui-react-app/node_modules/.pnpm/jest-circus@29.1.2/node_modules/jest-circus/build/legacy-code-todo-rewrite/jestAdapter.js:92:19)
    at runTestInternal (/Users/davitbejanyan/Desktop/kafka-ui/kafka-ui-react-app/node_modules/.pnpm/jest-runner@29.1.2/node_modules/jest-runner/build/runTest.js:407:16)
    at runTest (/Users/davitbejanyan/Desktop/kafka-ui/kafka-ui-react-app/node_modules/.pnpm/jest-runner@29.1.2/node_modules/jest-runner/build/runTest.js:491:34)
    at Object.worker (/Users/davitbejanyan/Desktop/kafka-ui/kafka-ui-react-app/node_modules/.pnpm/jest-runner@29.1.2/node_modules/jest-runner/build/testWorker.js:133:12)]]></failure>
    </testCase>
    <testCase name="Details Internal routing renders Overview tab by default" duration="16"/>
    <testCase name="Details Internal routing renders Messages tabs" duration="14"/>
    <testCase name="Details Internal routing renders Consumers tab" duration="14"/>
    <testCase name="Details Internal routing renders Settings tab" duration="14"/>
    <testCase name="Details Internal routing renders Statistics tab" duration="14"/>
  </file>
  <file path="/Users/davitbejanyan/Desktop/kafka-ui/kafka-ui-react-app/src/components/Topics/New/__test__/New.spec.tsx">
    <testCase name="New checks header for create new" duration="156"/>
    <testCase name="New checks header for copy" duration="57"/>
    <testCase name="New validates form" duration="1068">
      <failure message="Error: Unable to find an element with the text: name is a required field. This could be because the text is broken up by multiple elements. In this case, you can provide a function for your text matcher to make your matcher more flexible."><![CDATA[Error: Unable to find an element with the text: name is a required field. This could be because the text is broken up by multiple elements. In this case, you can provide a function for your text matcher to make your matcher more flexible.

Ignored nodes: comments, script, style
<body>
  <div>
    <div>
      <div
        class="sc-kgTSHT bSaAxK"
      >
        <div
          class="sc-hHTYSt eWJwaO"
        >
          <a
            aria-current="page"
            class="sc-dmctIk jLDbcJ active"
            href="/ui/clusters/local/all-topics"
          >
            Topics
          </a>
          <h1
            class="sc-dIfARi cLWrTH"
          >
            Create
          </h1>
        </div>
        <div />
      </div>
      <form
        aria-label="topic form"
        class="sc-kDvujY hmFhWS"
      >
        <fieldset>
          <fieldset>
            <div
              class="sc-csuSiG kSrcHo"
            >
              <div
                class="sc-eDWCr fgSOxS"
              >
                <label
                  class="sc-jrcTuL wwwnw"
                  for="topicFormName"
                >
                  Topic Name *
                </label>
                <div
                  class="sc-gKPRtg cSsYzt"
                >
                  <input
                    class="sc-iBYQkv buMQPR"
                    id="topicFormName"
                    name="name"
                    placeholder="Topic Name"
                    value=""
                  />
                </div>
                <p
                  class="sc-ftTHYK ctkUNh"
                />
              </div>
            </div>
            <div
              class="sc-csuSiG kSrcHo"
            >
              <div>
                <label
                  class="sc-jrcTuL wwwnw"
                  for="topicFormNumberOfPartitions"
                >
                  Number of partitions *
                </label>
                <div
                  class="sc-gKPRtg cSsYzt"
                >
                  <input
                    class="sc-iBYQkv buMQPR"
                    id="topicFormNumberOfPartitions"
                    min="1"
                    name="partitions"
                    placeholder="Number of partitions"
                    type="number"
                    value="1"
                  />
                </div>
                <p
                  class="sc-ftTHYK ctkUNh"
                />
              </div>
              <div>
                <label
                  class="sc-jrcTuL wwwnw"
                  for="topicFormReplicationFactor"
                >
                  Replication Factor *
                </label>
                <div
                  class="sc-gKPRtg cSsYzt"
                >
                  <input
                    class="sc-iBYQkv buMQPR"
                    id="topicFormReplicationFactor"
                    min="1"
                    name="replicationFactor"
                    placeholder="Replication Factor"
                    type="number"
                    value="1"
                  />
                </div>
                <p
                  class="sc-ftTHYK ctkUNh"
                />
              </div>
            </div>
          </fieldset>
          <div
            class="sc-csuSiG kSrcHo"
          >
            <div>
              <label
                class="sc-jrcTuL wwwnw"
                for="topicFormMinInSyncReplicas"
              >
                Min In Sync Replicas *
              </label>
              <div
                class="sc-gKPRtg cSsYzt"
              >
                <input
                  class="sc-iBYQkv buMQPR"
                  id="topicFormMinInSyncReplicas"
                  min="1"
                  name="minInSyncReplicas"
                  placeholder="Min In Sync Replicas"
                  type="number"
                  value="1"
                />
              </div>
              <p
                class="sc-ftTHYK ctkUNh"
              />
            </div>
            <div>
              <label
                class="sc-jrcTuL wwwnw"
                for="topicFormCleanupPolicy"
                id="topicFormCleanupPolicyLabel"
              >
                Cleanup policy
              </label>
              <div>
                <ul
                  aria-labelledby="topicFormCleanupPolicyLabel"
                  class="sc-bcXHqe bYJLOz"
                  id="topicFormCleanupPolicy"
                  name="cleanupPolicy"
                  role="listbox"
                >
                  <li
                    class="sc-hLBbgP ersOuT"
                    role="option"
                    tabindex="0"
                  >
                    Delete
                  </li>
                  <svg
                    color="#ABB5BA"
                    fill="none"
                    height="24"
                    stroke="currentColor"
                    stroke-width="2"
                    style="position: absolute; right: 5px;"
                    transform=""
                    width="24"
                  >
                    <path
                      d="M6 9L12 15 18 9"
                    />
                  </svg>
                </ul>
              </div>
            </div>
          </div>
          <div
            class="sc-csuSiG kSrcHo"
          >
            <div>
              <div
                class="sc-ksBlkl gjdIAV"
              >
                <label
                  class="sc-jrcTuL wwwnw"
                  for="timeToRetain"
                >
                  Time to retain data (in ms)
                </label>
                <span>
                  7d
                </span>
              </div>
              <div
                class="sc-gKPRtg cSsYzt"
              >
                <input
                  class="sc-iBYQkv buMQPR"
                  id="timeToRetain"
                  name="retentionMs"
                  type="number"
                  value="604800000"
                />
              </div>
              <p
                class="sc-ftTHYK ctkUNh"
              />
              <div
                class="sc-idXgbr kJzUtB"
              >
                <button
                  class="sc-hBxehG eMGxdh"
                  type="button"
                >
                  12 hours
                </button>
                <button
                  class="sc-hBxehG eMGxdh"
                  type="button"
                >
                  1 day
                </button>
                <button
                  class="sc-hBxehG eMGxdh"
                  type="button"
                >
                  2 days
                </button>
                <button
                  class="sc-hBxehG hwrndg"
                  type="button"
                >
                  7 days
                </button>
                <button
                  class="sc-hBxehG eMGxdh"
                  type="button"
                >
                  4 weeks
                </button>
              </div>
            </div>
          </div>
          <div
            class="sc-csuSiG kSrcHo"
          >
            <div>
              <label
                class="sc-jrcTuL wwwnw"
                for="topicFormRetentionBytes"
                id="topicFormRetentionBytesLabel"
              >
                Max size on disk in GB
              </label>
              <div>
                <ul
                  aria-labelledby="topicFormRetentionBytesLabel"
                  class="sc-bcXHqe kUxtOY"
                  id="topicFormRetentionBytes"
                  name="retentionBytes"
                  role="listbox"
                >
                  <li
                    class="sc-hLBbgP ersOuT"
                    role="option"
                    tabindex="0"
                  >
                    Not Set
                  </li>
                  <svg
                    color="#ABB5BA"
                    fill="none"
                    height="24"
                    stroke="currentColor"
                    stroke-width="2"
                    style="position: absolute; right: 5px;"
                    transform=""
                    width="24"
                  >
                    <path
                      d="M6 9L12 15 18 9"
                    />
                  </svg>
                </ul>
              </div>
            </div>
            <div>
              <label
                class="sc-jrcTuL wwwnw"
                for="topicFormMaxMessageBytes"
              >
                Maximum message size in bytes *
              </label>
              <div
                class="sc-gKPRtg cSsYzt"
              >
                <input
                  class="sc-iBYQkv buMQPR"
                  id="topicFormMaxMessageBytes"
                  min="1"
                  name="maxMessageBytes"
                  type="number"
                  value="1000012"
                />
              </div>
              <p
                class="sc-ftTHYK ctkUNh"
              />
            </div>
          </div>
          <h4
            class="sc-bqWxrE bltGRD"
          >
            Custom parameters
          </h4>
          <div
            class="sc-fEXmlR igkZXA"
          >
            <div>
              <button
                class="sc-pyfCe iMizih"
                type="button"
              >
                <svg
                  height="14"
                  viewBox="0 0 448 512"
                  width="14"
                  xmlns="http://www.w3.org/2000/svg"
                >
                  <path
                    d="M432 256c0 17.69-14.33 32.01-32 32.01H256v144c0 17.69-14.33 31.99-32 31.99s-32-14.3-32-31.99v-144H48c-17.67 0-32-14.32-32-32.01s14.33-31.99 32-31.99H192v-144c0-17.69 14.33-32.01 32-32.01s32 14.32 32 32.01v144h144C417.7 224 432 238.3 432 256z"
                  />
                </svg>
                Add Custom Parameter
              </button>
            </div>
          </div>
          <div
            class="sc-fnGiBr byyYU"
          >
            <button
              class="sc-pyfCe dfTrBp"
              type="button"
            >
              Cancel
            </button>
            <button
              class="sc-pyfCe dfTrBp"
              type="submit"
            >
              Create topic
            </button>
          </div>
        </fieldset>
      </form>
    </div>
  </div>
</body>
    at waitForWrapper (/Users/davitbejanyan/Desktop/kafka-ui/kafka-ui-react-app/node_modules/.pnpm/@testing-library+dom@8.19.0/node_modules/@testing-library/dom/dist/wait-for.js:187:27)
    at _callee3$ (/Users/davitbejanyan/Desktop/kafka-ui/kafka-ui-react-app/src/components/Topics/New/__test__/New.spec.tsx:69:18)
    at tryCatch (/Users/davitbejanyan/Desktop/kafka-ui/kafka-ui-react-app/src/components/Topics/New/__test__/New.spec.tsx:2:1)
    at Generator._invoke (/Users/davitbejanyan/Desktop/kafka-ui/kafka-ui-react-app/src/components/Topics/New/__test__/New.spec.tsx:2:1)
    at Generator.next (/Users/davitbejanyan/Desktop/kafka-ui/kafka-ui-react-app/src/components/Topics/New/__test__/New.spec.tsx:2:1)
    at asyncGeneratorStep (/Users/davitbejanyan/Desktop/kafka-ui/kafka-ui-react-app/src/components/Topics/New/__test__/New.spec.tsx:2:1)
    at _next (/Users/davitbejanyan/Desktop/kafka-ui/kafka-ui-react-app/src/components/Topics/New/__test__/New.spec.tsx:2:1)]]></failure>
    </testCase>
    <testCase name="New validates form invalid name" duration="99"/>
    <testCase name="New submits valid form" duration="1071">
      <failure message="Error: expect(jest.fn()).toHaveBeenCalledTimes(expected)"><![CDATA[Error: expect(jest.fn()).toHaveBeenCalledTimes(expected)

Expected number of calls: 1
Received number of calls: 0

Ignored nodes: comments, script, style
<html>
  <head />
  <body>
    <div>
      <div>
        <div
          class="sc-kgTSHT bSaAxK"
        >
          <div
            class="sc-hHTYSt eWJwaO"
          >
            <a
              aria-current="page"
              class="sc-dmctIk jLDbcJ active"
              href="/ui/clusters/local/all-topics"
            >
              Topics
            </a>
            <h1
              class="sc-dIfARi cLWrTH"
            >
              Create
            </h1>
          </div>
          <div />
        </div>
        <form
          aria-label="topic form"
          class="sc-kDvujY hmFhWS"
        >
          <fieldset>
            <fieldset>
              <div
                class="sc-csuSiG kSrcHo"
              >
                <div
                  class="sc-eDWCr fgSOxS"
                >
                  <label
                    class="sc-jrcTuL wwwnw"
                    for="topicFormName"
                  >
                    Topic Name *
                  </label>
                  <div
                    class="sc-gKPRtg cSsYzt"
                  >
                    <input
                      class="sc-iBYQkv buMQPR"
                      id="topicFormName"
                      name="name"
                      placeholder="Topic Name"
                      value=""
                    />
                  </div>
                  <p
                    class="sc-ftTHYK ctkUNh"
                  />
                </div>
              </div>
              <div
                class="sc-csuSiG kSrcHo"
              >
                <div>
                  <label
                    class="sc-jrcTuL wwwnw"
                    for="topicFormNumberOfPartitions"
                  >
                    Number of partitions *
                  </label>
                  <div
                    class="sc-gKPRtg cSsYzt"
                  >
                    <input
                      class="sc-iBYQkv buMQPR"
                      id="topicFormNumberOfPartitions"
                      min="1"
                      name="partitions"
                      placeholder="Number of partitions"
                      type="number"
                      value="1"
                    />
                  </div>
                  <p
                    class="sc-ftTHYK ctkUNh"
                  />
                </div>
                <div>
                  <label
                    class="sc-jrcTuL wwwnw"
                    for="topicFormReplicationFactor"
                  >
                    Replication Factor *
                  </label>
                  <div
                    class="sc-gKPRtg cSsYzt"
                  >
                    <input
                      class="sc-iBYQkv buMQPR"
                      id="topicFormReplicationFactor"
                      min="1"
                      name="replicationFactor"
                      placeholder="Replication Factor"
                      type="number"
                      value="1"
                    />
                  </div>
                  <p
                    class="sc-ftTHYK ctkUNh"
                  />
                </div>
              </div>
            </fieldset>
            <div
              class="sc-csuSiG kSrcHo"
            >
              <div>
                <label
                  class="sc-jrcTuL wwwnw"
                  for="topicFormMinInSyncReplicas"
                >
                  Min In Sync Replicas *
                </label>
                <div
                  class="sc-gKPRtg cSsYzt"
                >
                  <input
                    class="sc-iBYQkv buMQPR"
                    id="topicFormMinInSyncReplicas"
                    min="1"
                    name="minInSyncReplicas"
                    placeholder="Min In Sync Replicas"
                    type="number"
                    value="1"
                  />
                </div>
                <p
                  class="sc-ftTHYK ctkUNh"
                />
              </div>
              <div>
                <label
                  class="sc-jrcTuL wwwnw"
                  for="topicFormCleanupPolicy"
                  id="topicFormCleanupPolicyLabel"
                >
                  Cleanup policy
                </label>
                <div>
                  <ul
                    aria-labelledby="topicFormCleanupPolicyLabel"
                    class="sc-bcXHqe bYJLOz"
                    id="topicFormCleanupPolicy"
                    name="cleanupPolicy"
                    role="listbox"
                  >
                    <li
                      class="sc-hLBbgP ersOuT"
                      role="option"
                      tabindex="0"[...
    at toHaveBeenCalledTimes (/Users/davitbejanyan/Desktop/kafka-ui/kafka-ui-react-app/src/components/Topics/New/__test__/New.spec.tsx:96:49)
    at runWithExpensiveErrorDiagnosticsDisabled (/Users/davitbejanyan/Desktop/kafka-ui/kafka-ui-react-app/node_modules/.pnpm/@testing-library+dom@8.19.0/node_modules/@testing-library/dom/dist/config.js:52:12)
    at checkCallback (/Users/davitbejanyan/Desktop/kafka-ui/kafka-ui-react-app/node_modules/.pnpm/@testing-library+dom@8.19.0/node_modules/@testing-library/dom/dist/wait-for.js:141:77)
    at checkRealTimersCallback (/Users/davitbejanyan/Desktop/kafka-ui/kafka-ui-react-app/node_modules/.pnpm/@testing-library+dom@8.19.0/node_modules/@testing-library/dom/dist/wait-for.js:133:16)
    at Timeout.task [as _onTimeout] (/Users/davitbejanyan/Desktop/kafka-ui/kafka-ui-react-app/node_modules/.pnpm/jsdom@20.0.1/node_modules/jsdom/lib/jsdom/browser/Window.js:520:19)
    at listOnTimeout (node:internal/timers:559:17)
    at processTimers (node:internal/timers:502:7)]]></failure>
    </testCase>
  </file>
  <file path="/Users/davitbejanyan/Desktop/kafka-ui/kafka-ui-react-app/src/components/common/NewTable/__test__/Table.spec.tsx">
    <testCase name="Table renders table" duration="71"/>
    <testCase name="Table renders empty table" duration="18"/>
    <testCase name="Table renders empty table with custom message" duration="13"/>
    <testCase name="Table renders SizeCell" duration="14"/>
    <testCase name="Table renders TimestampCell" duration="15"/>
    <testCase name="Table LinkCell renders link" duration="17"/>
    <testCase name="Table LinkCell link click stops propagation" duration="21"/>
    <testCase name="Table ExpanderCell renders button" duration="38">
      <failure message="TestingLibraryElementError: Unable to find an element with the text: I am expanded row. This could be because the text is broken up by multiple elements. In this case, you can provide a function for your text matcher to make your matcher more flexible."><![CDATA[TestingLibraryElementError: Unable to find an element with the text: I am expanded row. This could be because the text is broken up by multiple elements. In this case, you can provide a function for your text matcher to make your matcher more flexible.

Ignored nodes: comments, script, style
<body>
  <div>
    <div>
      <div
        class="sc-bBABsx jvVYpR"
      >
        <table
          class="sc-bjfHbI dFKpII"
        >
          <thead>
            <tr>
              <th
                class="sc-bqWxrE cxUyGS"
              />
              <th
                class="sc-bqWxrE eOtHhI"
                colspan="1"
              >
                <div>
                  DateTime
                </div>
              </th>
              <th
                class="sc-bqWxrE eOtHhI"
                colspan="1"
              >
                <div>
                  Text
                </div>
              </th>
              <th
                class="sc-bqWxrE eOtHhI"
                colspan="1"
              >
                <div>
                  Size
                </div>
              </th>
              <th
                class="sc-bqWxrE eOtHhI"
                colspan="1"
              >
                <div>
                  Tag
                </div>
              </th>
            </tr>
          </thead>
          <tbody>
            <tr
              class="sc-ksBlkl dQqlmt"
            >
              <td
                style="width: 1px;"
              >
                <svg
                  aria-label="Expand row"
                  class="sc-eDWCr cFyHMi"
                  fill="none"
                  height="20"
                  role="button"
                  viewBox="0 -2 16 16"
                  width="16"
                  xmlns="http://www.w3.org/2000/svg"
                >
                  <path
                    clip-rule="evenodd"
                    d="M0 2C0 0.895431 0.895431 0 2 0H14C15.1046 0 16 0.895431 16 2V14C16 15.1046 15.1046 16 14 16H2C0.895431 16 0 15.1046 0 14V2ZM8 4C8.55229 4 9 4.44772 9 5V7H11C11.5523 7 12 7.44772 12 8C12 8.55229 11.5523 9 11 9H9V11C9 11.5523 8.55229 12 8 12C7.44772 12 7 11.5523 7 11V9H5C4.44772 9 4 8.55228 4 8C4 7.44771 4.44772 7 5 7H7V5C7 4.44772 7.44772 4 8 4Z"
                    fill-rule="evenodd"
                  />
                </svg>
              </td>
              <td>
                <div
                  class="sc-fnGiBr gNAJlO"
                >
                  2022-08-09T12:39:43+04:00
                </div>
              </td>
              <td>
                <a
                  class=""
                  href="/lorem"
                  title="lorem"
                >
                  lorem
                </a>
              </td>
              <td>
                <span>
                  1KB
                </span>
              </td>
              <td>
                <span
                  class="sc-cwSeag iRMBlL"
                  color="green"
                  role="widget"
                >
                  RUNNING
                </span>
              </td>
            </tr>
            <tr
              class="sc-ksBlkl dQqlmt"
            >
              <td
                style="width: 1px;"
              >
                <svg
                  aria-label="Expand row"
                  class="sc-eDWCr cFyHMi"
                  fill="none"
                  height="20"
                  role="button"
                  viewBox="0 -2 16 16"
                  width="16"
                  xmlns="http://www.w3.org/2000/svg"
                >
                  <path
                    clip-rule="evenodd"
                    d="M0 2C0 0.895431 0.895431 0 2 0H14C15.1046 0 16 0.895431 16 2V14C16 15.1046 15.1046 16 14 16H2C0.895431 16 0 15.1046 0 14V2ZM8 4C8.55229 4 9 4.44772 9 5V7H11C11.5523 7 12 7.44772 12 8C12 8.55229 11.5523 9 11 9H9V11C9 11.5523 8.55229 12 8 12C7.44772 12 7 11.5523 7 11V9H5C4.44772 9 4 8.55228 4 8C4 7.44771 4.44772 7 5 7H7V5C7 4.44772 7.44772 4 8 4Z"
                    fill-rule="evenodd"
                  />
                </svg>
              </td>
              <td>
                <div
                  class="sc-fnGiBr gNAJlO"
                >
                  2022-08-09T12:39:59+04:00
                </div>
              </td>
              <td>
                <a
                  class=""
                  href="/ipsum"
                  title="ipsum"
                >
                  ipsum
                </a>
              </td>
              <td>
                <span>
                  3Bytes
                </span>
              </td>
              <td>
                <span
                  class="sc-cwSeag fMVnpg"
                  color="red"
                  role="widget"
                >
                  FAILED
                </span>
              </td>
            </tr>
            <tr
              class="sc-ksBlkl dQqlmt"
            >
              <td
                style="width: 1px;"
              >
                <svg
                  aria-label="Expand row"
                  class="sc-eDWCr cFyHMi"
                  fill="none"
                  height="20"
                  role="button"
                  viewBox="0 -2 16 16"
                  width="16"
                  xmlns="http://www.w3.org/2000/svg"
                >
                  <path
                    clip-rule="evenodd"
                    d="M0 2C0 0.895431 0.895431 0 2 0H14C15.1046 0 16 0.895431 16 2V14C16 15.1046 15.1046 16 14 16H2C0.895431 16 0 15.1046 0 14V2ZM8 4C8.55229 4 9 4.44772 9 5V7H11C11.5523 7 12 7.44772 12 8C12 8.55229 11.5523 9 11 9H9V11C9 11.5523 8.55229 12 8 12C7.44772 12 7 11.5523 7 11V9H5C4.44772 9 4 8.55228 4 8C4 7.44771 4.44772 7 5 7H7V5C7 4.44772 7.44772 4 8 4Z"
                    fill-rule="evenodd"
                  />
                </svg>
              </td>
              <td>
                <div
                  class="sc-fnGiBr gNAJlO"
                >
                  2022-08-09T12:39:59+04:00
                </div>
              </td>
              <td>
                <a
                  class=""
                  href="/dolor"
                  title="dolor"
                >
                  dolor
                </a>
              </td>
              <td>
                <span>
                  49KB
                </span>
              </td>
              <td>
                <span
                  class="sc-cwSeag dQemfz"
                  color="white"
                  role="widget"
                >
                  EMPTY
                </span>
              </td>
            </tr>
            <tr
              class="sc-ksBlkl dQqlmt"
            >
              <td
                style="width: 1px;"
              >
                <svg
                  aria-label="Expand row"
                  class="sc-eDWCr cFyHMi"
                  fill="none"
                  height="20"
                  role="button"
                  viewBox="0 -2 16 16"
                  width="16"
                  xmlns="http://www.w3.org/2000/svg"
                >
                  <path
                    clip-rule="evenodd"
                    d="M0 2C0 0.895431 0.895431 0 2 0H14C15.1046 0 16 0.895431 16 2V14C16 15.1046 15.1046 16 14 16H2C0.895431 16 0 15.1046 0 14V2ZM8 4C8.55229 4 9 4.44772 9 5V7H11C11.5523 7 12 7.44772 12 8C12 8.55229 11.5523 9 11 9H9V11C9 11.5523 8.55229 12 8 12C7.44772 12 7 11.5523 7 11V9H5C4.44772 9 4 8.55228 4 8C4 7.44771 4.44772 7 5 7H7V5C7 4.44772 7.44772 4 8 4Z"
                    fill-rule="evenodd"
                  />
                </svg>
              </td>
              <td>
                <div
                  class="sc-fnGiBr gNAJlO"
                >
                  2022-08-09T12:36:39+04:00
                </div>
              </td>
              <td>
                <a
                  class=""
                  href="/sit"
                  title="sit"
                >
                  sit
                </a>
              </td>
              <td>
                <span>
                  1MB
                </span>
              </td>
              <td>
                <span
                  class="sc-cwSeag HPRxP"
                  color="yellow"
                  role="widget"
                >
                  some_string
                </span>
              </td>
            </tr>
          </tbody>
        </table>
      </div>
    </div>
  </div>
</body>
    at Object.getElementError (/Users/davitbejanyan/Desktop/kafka-ui/kafka-ui-react-app/node_modules/.pnpm/@testing-library+dom@8.19.0/node_modules/@testing-library/dom/dist/config.js:40:19)
    at /Users/davitbejanyan/Desktop/kafka-ui/kafka-ui-react-app/node_modules/.pnpm/@testing-library+dom@8.19.0/node_modules/@testing-library/dom/dist/query-helpers.js:90:38
    at /Users/davitbejanyan/Desktop/kafka-ui/kafka-ui-react-app/node_modules/.pnpm/@testing-library+dom@8.19.0/node_modules/@testing-library/dom/dist/query-helpers.js:62:17
    at /Users/davitbejanyan/Desktop/kafka-ui/kafka-ui-react-app/node_modules/.pnpm/@testing-library+dom@8.19.0/node_modules/@testing-library/dom/dist/query-helpers.js:111:19
    at Object.getByText (/Users/davitbejanyan/Desktop/kafka-ui/kafka-ui-react-app/src/components/common/NewTable/__test__/Table.spec.tsx:165:21)
    at Promise.then.completed (/Users/davitbejanyan/Desktop/kafka-ui/kafka-ui-react-app/node_modules/.pnpm/jest-circus@29.1.2/node_modules/jest-circus/build/utils.js:333:28)
    at new Promise (<anonymous>)
    at callAsyncCircusFn (/Users/davitbejanyan/Desktop/kafka-ui/kafka-ui-react-app/node_modules/.pnpm/jest-circus@29.1.2/node_modules/jest-circus/build/utils.js:259:10)
    at _callCircusTest (/Users/davitbejanyan/Desktop/kafka-ui/kafka-ui-react-app/node_modules/.pnpm/jest-circus@29.1.2/node_modules/jest-circus/build/run.js:277:40)
    at processTicksAndRejections (node:internal/process/task_queues:96:5)
    at _runTest (/Users/davitbejanyan/Desktop/kafka-ui/kafka-ui-react-app/node_modules/.pnpm/jest-circus@29.1.2/node_modules/jest-circus/build/run.js:209:3)
    at _runTestsForDescribeBlock (/Users/davitbejanyan/Desktop/kafka-ui/kafka-ui-react-app/node_modules/.pnpm/jest-circus@29.1.2/node_modules/jest-circus/build/run.js:97:9)
    at _runTestsForDescribeBlock (/Users/davitbejanyan/Desktop/kafka-ui/kafka-ui-react-app/node_modules/.pnpm/jest-circus@29.1.2/node_modules/jest-circus/build/run.js:91:9)
    at _runTestsForDescribeBlock (/Users/davitbejanyan/Desktop/kafka-ui/kafka-ui-react-app/node_modules/.pnpm/jest-circus@29.1.2/node_modules/jest-circus/build/run.js:91:9)
    at run (/Users/davitbejanyan/Desktop/kafka-ui/kafka-ui-react-app/node_modules/.pnpm/jest-circus@29.1.2/node_modules/jest-circus/build/run.js:31:3)
    at runAndTransformResultsToJestFormat (/Users/davitbejanyan/Desktop/kafka-ui/kafka-ui-react-app/node_modules/.pnpm/jest-circus@29.1.2/node_modules/jest-circus/build/legacy-code-todo-rewrite/jestAdapterInit.js:136:21)
    at jestAdapter (/Users/davitbejanyan/Desktop/kafka-ui/kafka-ui-react-app/node_modules/.pnpm/jest-circus@29.1.2/node_modules/jest-circus/build/legacy-code-todo-rewrite/jestAdapter.js:92:19)
    at runTestInternal (/Users/davitbejanyan/Desktop/kafka-ui/kafka-ui-react-app/node_modules/.pnpm/jest-runner@29.1.2/node_modules/jest-runner/build/runTest.js:407:16)
    at runTest (/Users/davitbejanyan/Desktop/kafka-ui/kafka-ui-react-app/node_modules/.pnpm/jest-runner@29.1.2/node_modules/jest-runner/build/runTest.js:491:34)
    at Object.worker (/Users/davitbejanyan/Desktop/kafka-ui/kafka-ui-react-app/node_modules/.pnpm/jest-runner@29.1.2/node_modules/jest-runner/build/testWorker.js:133:12)]]></failure>
    </testCase>
    <testCase name="Table ExpanderCell does not render button" duration="18"/>
    <testCase name="Table renders TagCell" duration="17"/>
    <testCase name="Table Pagination does not render page buttons" duration="16"/>
    <testCase name="Table Pagination renders page buttons" duration="111">
      <failure message="TestingLibraryElementError: Unable to find an element with the text: ipsum. This could be because the text is broken up by multiple elements. In this case, you can provide a function for your text matcher to make your matcher more flexible."><![CDATA[TestingLibraryElementError: Unable to find an element with the text: ipsum. This could be because the text is broken up by multiple elements. In this case, you can provide a function for your text matcher to make your matcher more flexible.

Ignored nodes: comments, script, style
<body>
  <div>
    <div>
      <div
        class="sc-bBABsx jvVYpR"
      >
        <table
          class="sc-bjfHbI dFKpII"
        >
          <thead>
            <tr>
              <th
                class="sc-bqWxrE eOtHhI"
                colspan="1"
              >
                <div>
                  DateTime
                </div>
              </th>
              <th
                class="sc-bqWxrE eOtHhI"
                colspan="1"
              >
                <div>
                  Text
                </div>
              </th>
              <th
                class="sc-bqWxrE eOtHhI"
                colspan="1"
              >
                <div>
                  Size
                </div>
              </th>
              <th
                class="sc-bqWxrE eOtHhI"
                colspan="1"
              >
                <div>
                  Tag
                </div>
              </th>
            </tr>
          </thead>
          <tbody>
            <tr
              class="sc-ksBlkl boZBPF"
            >
              <td>
                <div
                  class="sc-fnGiBr gNAJlO"
                >
                  2022-08-09T12:39:43+04:00
                </div>
              </td>
              <td>
                <a
                  class=""
                  href="/lorem"
                  title="lorem"
                >
                  lorem
                </a>
              </td>
              <td>
                <span>
                  1KB
                </span>
              </td>
              <td>
                <span
                  class="sc-cwSeag iRMBlL"
                  color="green"
                  role="widget"
                >
                  RUNNING
                </span>
              </td>
            </tr>
          </tbody>
        </table>
      </div>
      <div
        class="sc-dIfARi cfMtHO"
      >
        <div
          class="sc-hHTYSt kQehD"
        >
          <button
            class="sc-eDvSVe bpAAEX"
            disabled=""
          >
            ⇤
          </button>
          <button
            class="sc-eDvSVe bpAAEX"
            disabled=""
          >
            ← Previous
          </button>
          <button
            class="sc-eDvSVe bpAAEX"
          >
            Next →
          </button>
          <button
            class="sc-eDvSVe bpAAEX"
          >
            ⇥
          </button>
          <label
            class="sc-dmctIk dmtyDc"
          >
            <span>
              Go to page:
            </span>
            <div
              class="sc-kDvujY cCqFPH"
            >
              <input
                class="sc-ipEyDJ eAieAN"
                max="4"
                min="1"
                type="number"
                value="1"
              />
            </div>
          </label>
        </div>
        <div
          class="sc-kgTSHT bJpfFI"
        >
          <span>
            Page 
            1
             of
             
            4
             
          </span>
        </div>
      </div>
    </div>
  </div>
</body>
    at Object.getElementError (/Users/davitbejanyan/Desktop/kafka-ui/kafka-ui-react-app/node_modules/.pnpm/@testing-library+dom@8.19.0/node_modules/@testing-library/dom/dist/config.js:40:19)
    at /Users/davitbejanyan/Desktop/kafka-ui/kafka-ui-react-app/node_modules/.pnpm/@testing-library+dom@8.19.0/node_modules/@testing-library/dom/dist/query-helpers.js:90:38
    at /Users/davitbejanyan/Desktop/kafka-ui/kafka-ui-react-app/node_modules/.pnpm/@testing-library+dom@8.19.0/node_modules/@testing-library/dom/dist/query-helpers.js:62:17
    at /Users/davitbejanyan/Desktop/kafka-ui/kafka-ui-react-app/node_modules/.pnpm/@testing-library+dom@8.19.0/node_modules/@testing-library/dom/dist/query-helpers.js:111:19
    at getByText (/Users/davitbejanyan/Desktop/kafka-ui/kafka-ui-react-app/src/components/common/NewTable/__test__/Table.spec.tsx:217:21)
    at tryCatch (/Users/davitbejanyan/Desktop/kafka-ui/kafka-ui-react-app/src/components/common/NewTable/__test__/Table.spec.tsx:2:1)
    at Generator._invoke (/Users/davitbejanyan/Desktop/kafka-ui/kafka-ui-react-app/src/components/common/NewTable/__test__/Table.spec.tsx:2:1)
    at Generator.next (/Users/davitbejanyan/Desktop/kafka-ui/kafka-ui-react-app/src/components/common/NewTable/__test__/Table.spec.tsx:2:1)
    at asyncGeneratorStep (/Users/davitbejanyan/Desktop/kafka-ui/kafka-ui-react-app/src/components/common/NewTable/__test__/Table.spec.tsx:2:1)
    at _next (/Users/davitbejanyan/Desktop/kafka-ui/kafka-ui-react-app/src/components/common/NewTable/__test__/Table.spec.tsx:2:1)
    at /Users/davitbejanyan/Desktop/kafka-ui/kafka-ui-react-app/src/components/common/NewTable/__test__/Table.spec.tsx:2:1
    at new Promise (<anonymous>)
    at Object.<anonymous> (/Users/davitbejanyan/Desktop/kafka-ui/kafka-ui-react-app/src/components/common/NewTable/__test__/Table.spec.tsx:2:1)
    at Promise.then.completed (/Users/davitbejanyan/Desktop/kafka-ui/kafka-ui-react-app/node_modules/.pnpm/jest-circus@29.1.2/node_modules/jest-circus/build/utils.js:333:28)
    at new Promise (<anonymous>)
    at callAsyncCircusFn (/Users/davitbejanyan/Desktop/kafka-ui/kafka-ui-react-app/node_modules/.pnpm/jest-circus@29.1.2/node_modules/jest-circus/build/utils.js:259:10)
    at _callCircusTest (/Users/davitbejanyan/Desktop/kafka-ui/kafka-ui-react-app/node_modules/.pnpm/jest-circus@29.1.2/node_modules/jest-circus/build/run.js:277:40)
    at processTicksAndRejections (node:internal/process/task_queues:96:5)
    at _runTest (/Users/davitbejanyan/Desktop/kafka-ui/kafka-ui-react-app/node_modules/.pnpm/jest-circus@29.1.2/node_modules/jest-circus/build/run.js:209:3)
    at _runTestsForDescribeBlock (/Users/davitbejanyan/Desktop/kafka-ui/kafka-ui-react-app/node_modules/.pnpm/jest-circus@29.1.2/node_modules/jest-circus/build/run.js:97:9)
    at _runTestsForDescribeBlock (/Users/davitbejanyan/Desktop/kafka-ui/kafka-ui-react-app/node_modules/.pnpm/jest-circus@29.1.2/node_modules/jest-circus/build/run.js:91:9)
    at _runTestsForDescribeBlock (/Users/davitbejanyan/Desktop/kafka-ui/kafka-ui-react-app/node_modules/.pnpm/jest-circus@29.1.2/node_modules/jest-circus/build/run.js:91:9)
    at run (/Users/davitbejanyan/Desktop/kafka-ui/kafka-ui-react-app/node_modules/.pnpm/jest-circus@29.1.2/node_modules/jest-circus/build/run.js:31:3)
    at runAndTransformResultsToJestFormat (/Users/davitbejanyan/Desktop/kafka-ui/kafka-ui-react-app/node_modules/.pnpm/jest-circus@29.1.2/node_modules/jest-circus/build/legacy-code-todo-rewrite/jestAdapterInit.js:136:21)
    at jestAdapter (/Users/davitbejanyan/Desktop/kafka-ui/kafka-ui-react-app/node_modules/.pnpm/jest-circus@29.1.2/node_modules/jest-circus/build/legacy-code-todo-rewrite/jestAdapter.js:92:19)
    at runTestInternal (/Users/davitbejanyan/Desktop/kafka-ui/kafka-ui-react-app/node_modules/.pnpm/jest-runner@29.1.2/node_modules/jest-runner/build/runTest.js:407:16)
    at runTest (/Users/davitbejanyan/Desktop/kafka-ui/kafka-ui-react-app/node_modules/.pnpm/jest-runner@29.1.2/node_modules/jest-runner/build/runTest.js:491:34)
    at Object.worker (/Users/davitbejanyan/Desktop/kafka-ui/kafka-ui-react-app/node_modules/.pnpm/jest-runner@29.1.2/node_modules/jest-runner/build/testWorker.js:133:12)]]></failure>
    </testCase>
    <testCase name="Table Pagination Go To page renders Go To page" duration="58"/>
    <testCase name="Table Pagination Go To page updates page on Go To page change" duration="78">
      <failure message="Error: expect(element).toHaveValue(2)"><![CDATA[Error: expect(element).toHaveValue(2)

Expected the element to have value:
  2
Received:
  null
    at Object.toHaveValue (/Users/davitbejanyan/Desktop/kafka-ui/kafka-ui-react-app/src/components/common/NewTable/__test__/Table.spec.tsx:250:26)
    at Promise.then.completed (/Users/davitbejanyan/Desktop/kafka-ui/kafka-ui-react-app/node_modules/.pnpm/jest-circus@29.1.2/node_modules/jest-circus/build/utils.js:333:28)
    at new Promise (<anonymous>)
    at callAsyncCircusFn (/Users/davitbejanyan/Desktop/kafka-ui/kafka-ui-react-app/node_modules/.pnpm/jest-circus@29.1.2/node_modules/jest-circus/build/utils.js:259:10)
    at _callCircusTest (/Users/davitbejanyan/Desktop/kafka-ui/kafka-ui-react-app/node_modules/.pnpm/jest-circus@29.1.2/node_modules/jest-circus/build/run.js:277:40)
    at processTicksAndRejections (node:internal/process/task_queues:96:5)
    at _runTest (/Users/davitbejanyan/Desktop/kafka-ui/kafka-ui-react-app/node_modules/.pnpm/jest-circus@29.1.2/node_modules/jest-circus/build/run.js:209:3)
    at _runTestsForDescribeBlock (/Users/davitbejanyan/Desktop/kafka-ui/kafka-ui-react-app/node_modules/.pnpm/jest-circus@29.1.2/node_modules/jest-circus/build/run.js:97:9)
    at _runTestsForDescribeBlock (/Users/davitbejanyan/Desktop/kafka-ui/kafka-ui-react-app/node_modules/.pnpm/jest-circus@29.1.2/node_modules/jest-circus/build/run.js:91:9)
    at _runTestsForDescribeBlock (/Users/davitbejanyan/Desktop/kafka-ui/kafka-ui-react-app/node_modules/.pnpm/jest-circus@29.1.2/node_modules/jest-circus/build/run.js:91:9)
    at _runTestsForDescribeBlock (/Users/davitbejanyan/Desktop/kafka-ui/kafka-ui-react-app/node_modules/.pnpm/jest-circus@29.1.2/node_modules/jest-circus/build/run.js:91:9)
    at run (/Users/davitbejanyan/Desktop/kafka-ui/kafka-ui-react-app/node_modules/.pnpm/jest-circus@29.1.2/node_modules/jest-circus/build/run.js:31:3)
    at runAndTransformResultsToJestFormat (/Users/davitbejanyan/Desktop/kafka-ui/kafka-ui-react-app/node_modules/.pnpm/jest-circus@29.1.2/node_modules/jest-circus/build/legacy-code-todo-rewrite/jestAdapterInit.js:136:21)
    at jestAdapter (/Users/davitbejanyan/Desktop/kafka-ui/kafka-ui-react-app/node_modules/.pnpm/jest-circus@29.1.2/node_modules/jest-circus/build/legacy-code-todo-rewrite/jestAdapter.js:92:19)
    at runTestInternal (/Users/davitbejanyan/Desktop/kafka-ui/kafka-ui-react-app/node_modules/.pnpm/jest-runner@29.1.2/node_modules/jest-runner/build/runTest.js:407:16)
    at runTest (/Users/davitbejanyan/Desktop/kafka-ui/kafka-ui-react-app/node_modules/.pnpm/jest-runner@29.1.2/node_modules/jest-runner/build/runTest.js:491:34)
    at Object.worker (/Users/davitbejanyan/Desktop/kafka-ui/kafka-ui-react-app/node_modules/.pnpm/jest-runner@29.1.2/node_modules/jest-runner/build/testWorker.js:133:12)]]></failure>
    </testCase>
    <testCase name="Table Pagination Go To page does not update page on Go To page change if page is out of range" duration="24">
      <failure message="Error: expect(element).toHaveValue(15)"><![CDATA[Error: expect(element).toHaveValue(15)

Expected the element to have value:
  15
Received:
  1
    at Object.toHaveValue (/Users/davitbejanyan/Desktop/kafka-ui/kafka-ui-react-app/src/components/common/NewTable/__test__/Table.spec.tsx:256:26)
    at Promise.then.completed (/Users/davitbejanyan/Desktop/kafka-ui/kafka-ui-react-app/node_modules/.pnpm/jest-circus@29.1.2/node_modules/jest-circus/build/utils.js:333:28)
    at new Promise (<anonymous>)
    at callAsyncCircusFn (/Users/davitbejanyan/Desktop/kafka-ui/kafka-ui-react-app/node_modules/.pnpm/jest-circus@29.1.2/node_modules/jest-circus/build/utils.js:259:10)
    at _callCircusTest (/Users/davitbejanyan/Desktop/kafka-ui/kafka-ui-react-app/node_modules/.pnpm/jest-circus@29.1.2/node_modules/jest-circus/build/run.js:277:40)
    at processTicksAndRejections (node:internal/process/task_queues:96:5)
    at _runTest (/Users/davitbejanyan/Desktop/kafka-ui/kafka-ui-react-app/node_modules/.pnpm/jest-circus@29.1.2/node_modules/jest-circus/build/run.js:209:3)
    at _runTestsForDescribeBlock (/Users/davitbejanyan/Desktop/kafka-ui/kafka-ui-react-app/node_modules/.pnpm/jest-circus@29.1.2/node_modules/jest-circus/build/run.js:97:9)
    at _runTestsForDescribeBlock (/Users/davitbejanyan/Desktop/kafka-ui/kafka-ui-react-app/node_modules/.pnpm/jest-circus@29.1.2/node_modules/jest-circus/build/run.js:91:9)
    at _runTestsForDescribeBlock (/Users/davitbejanyan/Desktop/kafka-ui/kafka-ui-react-app/node_modules/.pnpm/jest-circus@29.1.2/node_modules/jest-circus/build/run.js:91:9)
    at _runTestsForDescribeBlock (/Users/davitbejanyan/Desktop/kafka-ui/kafka-ui-react-app/node_modules/.pnpm/jest-circus@29.1.2/node_modules/jest-circus/build/run.js:91:9)
    at run (/Users/davitbejanyan/Desktop/kafka-ui/kafka-ui-react-app/node_modules/.pnpm/jest-circus@29.1.2/node_modules/jest-circus/build/run.js:31:3)
    at runAndTransformResultsToJestFormat (/Users/davitbejanyan/Desktop/kafka-ui/kafka-ui-react-app/node_modules/.pnpm/jest-circus@29.1.2/node_modules/jest-circus/build/legacy-code-todo-rewrite/jestAdapterInit.js:136:21)
    at jestAdapter (/Users/davitbejanyan/Desktop/kafka-ui/kafka-ui-react-app/node_modules/.pnpm/jest-circus@29.1.2/node_modules/jest-circus/build/legacy-code-todo-rewrite/jestAdapter.js:92:19)
    at runTestInternal (/Users/davitbejanyan/Desktop/kafka-ui/kafka-ui-react-app/node_modules/.pnpm/jest-runner@29.1.2/node_modules/jest-runner/build/runTest.js:407:16)
    at runTest (/Users/davitbejanyan/Desktop/kafka-ui/kafka-ui-react-app/node_modules/.pnpm/jest-runner@29.1.2/node_modules/jest-runner/build/runTest.js:491:34)
    at Object.worker (/Users/davitbejanyan/Desktop/kafka-ui/kafka-ui-react-app/node_modules/.pnpm/jest-runner@29.1.2/node_modules/jest-runner/build/testWorker.js:133:12)]]></failure>
    </testCase>
    <testCase name="Table Pagination Go To page does not update page on Go To page change if page is not a number" duration="30"/>
    <testCase name="Table Sorting sort rows" duration="185"/>
    <testCase name="Table Row Selecting renders selectable rows" duration="68"/>
    <testCase name="Table Row Selecting renders action bar" duration="48">
      <failure message="TestingLibraryElementError: Unable to find an element with the text: I am Action Bar. This could be because the text is broken up by multiple elements. In this case, you can provide a function for your text matcher to make your matcher more flexible."><![CDATA[TestingLibraryElementError: Unable to find an element with the text: I am Action Bar. This could be because the text is broken up by multiple elements. In this case, you can provide a function for your text matcher to make your matcher more flexible.

Ignored nodes: comments, script, style
<body>
  <div>
    <div>
      <div
        class="sc-bBABsx jvVYpR"
      >
        <table
          class="sc-bjfHbI dFKpII"
        >
          <thead>
            <tr>
              <th
                class="sc-bqWxrE WvYRc"
              >
                <input
                  class="sc-iveFHk galDiN"
                  type="checkbox"
                />
              </th>
              <th
                class="sc-bqWxrE eOtHhI"
                colspan="1"
              >
                <div>
                  DateTime
                </div>
              </th>
              <th
                class="sc-bqWxrE eOtHhI"
                colspan="1"
              >
                <div>
                  Text
                </div>
              </th>
              <th
                class="sc-bqWxrE eOtHhI"
                colspan="1"
              >
                <div>
                  Size
                </div>
              </th>
              <th
                class="sc-bqWxrE eOtHhI"
                colspan="1"
              >
                <div>
                  Tag
                </div>
              </th>
            </tr>
          </thead>
          <tbody>
            <tr
              class="sc-ksBlkl boZBPF"
            >
              <td
                style="width: 1px;"
              >
                <input
                  class="sc-iveFHk galDiN"
                  disabled=""
                  type="checkbox"
                />
              </td>
              <td>
                <div
                  class="sc-fnGiBr gNAJlO"
                >
                  2022-08-09T12:39:43+04:00
                </div>
              </td>
              <td>
                <a
                  class=""
                  href="/lorem"
                  title="lorem"
                >
                  lorem
                </a>
              </td>
              <td>
                <span>
                  1KB
                </span>
              </td>
              <td>
                <span
                  class="sc-cwSeag iRMBlL"
                  color="green"
                  role="widget"
                >
                  RUNNING
                </span>
              </td>
            </tr>
            <tr
              class="sc-ksBlkl boZBPF"
            >
              <td
                style="width: 1px;"
              >
                <input
                  class="sc-iveFHk galDiN"
                  type="checkbox"
                />
              </td>
              <td>
                <div
                  class="sc-fnGiBr gNAJlO"
                >
                  2022-08-09T12:39:59+04:00
                </div>
              </td>
              <td>
                <a
                  class=""
                  href="/ipsum"
                  title="ipsum"
                >
                  ipsum
                </a>
              </td>
              <td>
                <span>
                  3Bytes
                </span>
              </td>
              <td>
                <span
                  class="sc-cwSeag fMVnpg"
                  color="red"
                  role="widget"
                >
                  FAILED
                </span>
              </td>
            </tr>
            <tr
              class="sc-ksBlkl boZBPF"
            >
              <td
                style="width: 1px;"
              >
                <input
                  class="sc-iveFHk galDiN"
                  type="checkbox"
                />
              </td>
              <td>
                <div
                  class="sc-fnGiBr gNAJlO"
                >
                  2022-08-09T12:39:59+04:00
                </div>
              </td>
              <td>
                <a
                  class=""
                  href="/dolor"
                  title="dolor"
                >
                  dolor
                </a>
              </td>
              <td>
                <span>
                  49KB
                </span>
              </td>
              <td>
                <span
                  class="sc-cwSeag dQemfz"
                  color="white"
                  role="widget"
                >
                  EMPTY
                </span>
              </td>
            </tr>
            <tr
              class="sc-ksBlkl boZBPF"
            >
              <td
                style="width: 1px;"
              >
                <input
                  class="sc-iveFHk galDiN"
                  disabled=""
                  type="checkbox"
                />
              </td>
              <td>
                <div
                  class="sc-fnGiBr gNAJlO"
                >
                  2022-08-09T12:36:39+04:00
                </div>
              </td>
              <td>
                <a
                  class=""
                  href="/sit"
                  title="sit"
                >
                  sit
                </a>
              </td>
              <td>
                <span>
                  1MB
                </span>
              </td>
              <td>
                <span
                  class="sc-cwSeag HPRxP"
                  color="yellow"
                  role="widget"
                >
                  some_string
                </span>
              </td>
            </tr>
          </tbody>
        </table>
      </div>
    </div>
  </div>
</body>
    at Object.getElementError (/Users/davitbejanyan/Desktop/kafka-ui/kafka-ui-react-app/node_modules/.pnpm/@testing-library+dom@8.19.0/node_modules/@testing-library/dom/dist/config.js:40:19)
    at /Users/davitbejanyan/Desktop/kafka-ui/kafka-ui-react-app/node_modules/.pnpm/@testing-library+dom@8.19.0/node_modules/@testing-library/dom/dist/query-helpers.js:90:38
    at /Users/davitbejanyan/Desktop/kafka-ui/kafka-ui-react-app/node_modules/.pnpm/@testing-library+dom@8.19.0/node_modules/@testing-library/dom/dist/query-helpers.js:62:17
    at /Users/davitbejanyan/Desktop/kafka-ui/kafka-ui-react-app/node_modules/.pnpm/@testing-library+dom@8.19.0/node_modules/@testing-library/dom/dist/query-helpers.js:111:19
    at Object.getByText (/Users/davitbejanyan/Desktop/kafka-ui/kafka-ui-react-app/src/components/common/NewTable/__test__/Table.spec.tsx:328:21)
    at Promise.then.completed (/Users/davitbejanyan/Desktop/kafka-ui/kafka-ui-react-app/node_modules/.pnpm/jest-circus@29.1.2/node_modules/jest-circus/build/utils.js:333:28)
    at new Promise (<anonymous>)
    at callAsyncCircusFn (/Users/davitbejanyan/Desktop/kafka-ui/kafka-ui-react-app/node_modules/.pnpm/jest-circus@29.1.2/node_modules/jest-circus/build/utils.js:259:10)
    at _callCircusTest (/Users/davitbejanyan/Desktop/kafka-ui/kafka-ui-react-app/node_modules/.pnpm/jest-circus@29.1.2/node_modules/jest-circus/build/run.js:277:40)
    at _runTest (/Users/davitbejanyan/Desktop/kafka-ui/kafka-ui-react-app/node_modules/.pnpm/jest-circus@29.1.2/node_modules/jest-circus/build/run.js:209:3)
    at _runTestsForDescribeBlock (/Users/davitbejanyan/Desktop/kafka-ui/kafka-ui-react-app/node_modules/.pnpm/jest-circus@29.1.2/node_modules/jest-circus/build/run.js:97:9)
    at _runTestsForDescribeBlock (/Users/davitbejanyan/Desktop/kafka-ui/kafka-ui-react-app/node_modules/.pnpm/jest-circus@29.1.2/node_modules/jest-circus/build/run.js:91:9)
    at _runTestsForDescribeBlock (/Users/davitbejanyan/Desktop/kafka-ui/kafka-ui-react-app/node_modules/.pnpm/jest-circus@29.1.2/node_modules/jest-circus/build/run.js:91:9)
    at run (/Users/davitbejanyan/Desktop/kafka-ui/kafka-ui-react-app/node_modules/.pnpm/jest-circus@29.1.2/node_modules/jest-circus/build/run.js:31:3)
    at runAndTransformResultsToJestFormat (/Users/davitbejanyan/Desktop/kafka-ui/kafka-ui-react-app/node_modules/.pnpm/jest-circus@29.1.2/node_modules/jest-circus/build/legacy-code-todo-rewrite/jestAdapterInit.js:136:21)
    at jestAdapter (/Users/davitbejanyan/Desktop/kafka-ui/kafka-ui-react-app/node_modules/.pnpm/jest-circus@29.1.2/node_modules/jest-circus/build/legacy-code-todo-rewrite/jestAdapter.js:92:19)
    at runTestInternal (/Users/davitbejanyan/Desktop/kafka-ui/kafka-ui-react-app/node_modules/.pnpm/jest-runner@29.1.2/node_modules/jest-runner/build/runTest.js:407:16)
    at runTest (/Users/davitbejanyan/Desktop/kafka-ui/kafka-ui-react-app/node_modules/.pnpm/jest-runner@29.1.2/node_modules/jest-runner/build/runTest.js:491:34)
    at Object.worker (/Users/davitbejanyan/Desktop/kafka-ui/kafka-ui-react-app/node_modules/.pnpm/jest-runner@29.1.2/node_modules/jest-runner/build/testWorker.js:133:12)]]></failure>
    </testCase>
    <testCase name="Table Clickable Row handles onRowClick" duration="23">
      <failure message="Error: expect(jest.fn()).toHaveBeenCalledTimes(expected)"><![CDATA[Error: expect(jest.fn()).toHaveBeenCalledTimes(expected)

Expected number of calls: 1
Received number of calls: 0
    at Object.toHaveBeenCalledTimes (/Users/davitbejanyan/Desktop/kafka-ui/kafka-ui-react-app/src/components/common/NewTable/__test__/Table.spec.tsx:338:26)
    at Promise.then.completed (/Users/davitbejanyan/Desktop/kafka-ui/kafka-ui-react-app/node_modules/.pnpm/jest-circus@29.1.2/node_modules/jest-circus/build/utils.js:333:28)
    at new Promise (<anonymous>)
    at callAsyncCircusFn (/Users/davitbejanyan/Desktop/kafka-ui/kafka-ui-react-app/node_modules/.pnpm/jest-circus@29.1.2/node_modules/jest-circus/build/utils.js:259:10)
    at _callCircusTest (/Users/davitbejanyan/Desktop/kafka-ui/kafka-ui-react-app/node_modules/.pnpm/jest-circus@29.1.2/node_modules/jest-circus/build/run.js:277:40)
    at _runTest (/Users/davitbejanyan/Desktop/kafka-ui/kafka-ui-react-app/node_modules/.pnpm/jest-circus@29.1.2/node_modules/jest-circus/build/run.js:209:3)
    at _runTestsForDescribeBlock (/Users/davitbejanyan/Desktop/kafka-ui/kafka-ui-react-app/node_modules/.pnpm/jest-circus@29.1.2/node_modules/jest-circus/build/run.js:97:9)
    at _runTestsForDescribeBlock (/Users/davitbejanyan/Desktop/kafka-ui/kafka-ui-react-app/node_modules/.pnpm/jest-circus@29.1.2/node_modules/jest-circus/build/run.js:91:9)
    at _runTestsForDescribeBlock (/Users/davitbejanyan/Desktop/kafka-ui/kafka-ui-react-app/node_modules/.pnpm/jest-circus@29.1.2/node_modules/jest-circus/build/run.js:91:9)
    at run (/Users/davitbejanyan/Desktop/kafka-ui/kafka-ui-react-app/node_modules/.pnpm/jest-circus@29.1.2/node_modules/jest-circus/build/run.js:31:3)
    at runAndTransformResultsToJestFormat (/Users/davitbejanyan/Desktop/kafka-ui/kafka-ui-react-app/node_modules/.pnpm/jest-circus@29.1.2/node_modules/jest-circus/build/legacy-code-todo-rewrite/jestAdapterInit.js:136:21)
    at jestAdapter (/Users/davitbejanyan/Desktop/kafka-ui/kafka-ui-react-app/node_modules/.pnpm/jest-circus@29.1.2/node_modules/jest-circus/build/legacy-code-todo-rewrite/jestAdapter.js:92:19)
    at runTestInternal (/Users/davitbejanyan/Desktop/kafka-ui/kafka-ui-react-app/node_modules/.pnpm/jest-runner@29.1.2/node_modules/jest-runner/build/runTest.js:407:16)
    at runTest (/Users/davitbejanyan/Desktop/kafka-ui/kafka-ui-react-app/node_modules/.pnpm/jest-runner@29.1.2/node_modules/jest-runner/build/runTest.js:491:34)
    at Object.worker (/Users/davitbejanyan/Desktop/kafka-ui/kafka-ui-react-app/node_modules/.pnpm/jest-runner@29.1.2/node_modules/jest-runner/build/testWorker.js:133:12)]]></failure>
    </testCase>
    <testCase name="Table Clickable Row does nothing unless onRowClick is provided" duration="21"/>
    <testCase name="Table Clickable Row does not handle onRowClick if enableRowSelection" duration="28"/>
    <testCase name="Table Clickable Row does not handle onRowClick if expandable rows" duration="30"/>
  </file>
  <file path="/Users/davitbejanyan/Desktop/kafka-ui/kafka-ui-react-app/src/components/KsqlDb/Query/QueryForm/__test__/QueryForm.spec.tsx">
    <testCase name="QueryForm renders" duration="396"/>
    <testCase name="QueryForm renders error with empty input" duration="107"/>
    <testCase name="QueryForm submits with correct inputs" duration="210">
      <failure message="Error: expect(jest.fn()).toBeCalled()"><![CDATA[Error: expect(jest.fn()).toBeCalled()

Expected number of calls: >= 1
Received number of calls:    0
    at toBeCalled (/Users/davitbejanyan/Desktop/kafka-ui/kafka-ui-react-app/src/components/KsqlDb/Query/QueryForm/__test__/QueryForm.spec.tsx:94:22)
    at tryCatch (/Users/davitbejanyan/Desktop/kafka-ui/kafka-ui-react-app/src/components/KsqlDb/Query/QueryForm/__test__/QueryForm.spec.tsx:2:1)
    at Generator._invoke (/Users/davitbejanyan/Desktop/kafka-ui/kafka-ui-react-app/src/components/KsqlDb/Query/QueryForm/__test__/QueryForm.spec.tsx:2:1)
    at Generator.next (/Users/davitbejanyan/Desktop/kafka-ui/kafka-ui-react-app/src/components/KsqlDb/Query/QueryForm/__test__/QueryForm.spec.tsx:2:1)
    at asyncGeneratorStep (/Users/davitbejanyan/Desktop/kafka-ui/kafka-ui-react-app/src/components/KsqlDb/Query/QueryForm/__test__/QueryForm.spec.tsx:2:1)
    at _next (/Users/davitbejanyan/Desktop/kafka-ui/kafka-ui-react-app/src/components/KsqlDb/Query/QueryForm/__test__/QueryForm.spec.tsx:2:1)]]></failure>
    </testCase>
    <testCase name="QueryForm clear results is enabled when has results" duration="112"/>
    <testCase name="QueryForm stop query query is enabled when is fetching" duration="115"/>
    <testCase name="QueryForm submits form with ctrl+enter on KSQL editor" duration="69">
      <failure message="Error: expect(received).toBe(expected) // Object.is equality"><![CDATA[Error: expect(received).toBe(expected) // Object.is equality

Expected: 1
Received: 0
    at toBe (/Users/davitbejanyan/Desktop/kafka-ui/kafka-ui-react-app/src/components/KsqlDb/Query/QueryForm/__test__/QueryForm.spec.tsx:157:40)
    at tryCatch (/Users/davitbejanyan/Desktop/kafka-ui/kafka-ui-react-app/src/components/KsqlDb/Query/QueryForm/__test__/QueryForm.spec.tsx:2:1)
    at Generator._invoke (/Users/davitbejanyan/Desktop/kafka-ui/kafka-ui-react-app/src/components/KsqlDb/Query/QueryForm/__test__/QueryForm.spec.tsx:2:1)
    at Generator.next (/Users/davitbejanyan/Desktop/kafka-ui/kafka-ui-react-app/src/components/KsqlDb/Query/QueryForm/__test__/QueryForm.spec.tsx:2:1)
    at asyncGeneratorStep (/Users/davitbejanyan/Desktop/kafka-ui/kafka-ui-react-app/src/components/KsqlDb/Query/QueryForm/__test__/QueryForm.spec.tsx:2:1)
    at _next (/Users/davitbejanyan/Desktop/kafka-ui/kafka-ui-react-app/src/components/KsqlDb/Query/QueryForm/__test__/QueryForm.spec.tsx:2:1)]]></failure>
    </testCase>
    <testCase name="QueryForm add new property" duration="81">
      <failure message="Error: expect(received).toEqual(expected) // deep equality"><![CDATA[Error: expect(received).toEqual(expected) // deep equality

Expected: 2
Received: 1
    at toEqual (/Users/davitbejanyan/Desktop/kafka-ui/kafka-ui-react-app/src/components/KsqlDb/Query/QueryForm/__test__/QueryForm.spec.tsx:174:68)
    at tryCatch (/Users/davitbejanyan/Desktop/kafka-ui/kafka-ui-react-app/src/components/KsqlDb/Query/QueryForm/__test__/QueryForm.spec.tsx:2:1)
    at Generator._invoke (/Users/davitbejanyan/Desktop/kafka-ui/kafka-ui-react-app/src/components/KsqlDb/Query/QueryForm/__test__/QueryForm.spec.tsx:2:1)
    at Generator.next (/Users/davitbejanyan/Desktop/kafka-ui/kafka-ui-react-app/src/components/KsqlDb/Query/QueryForm/__test__/QueryForm.spec.tsx:2:1)
    at asyncGeneratorStep (/Users/davitbejanyan/Desktop/kafka-ui/kafka-ui-react-app/src/components/KsqlDb/Query/QueryForm/__test__/QueryForm.spec.tsx:2:1)
    at _next (/Users/davitbejanyan/Desktop/kafka-ui/kafka-ui-react-app/src/components/KsqlDb/Query/QueryForm/__test__/QueryForm.spec.tsx:2:1)]]></failure>
    </testCase>
    <testCase name="QueryForm delete stream property" duration="167"/>
  </file>
  <file path="/Users/davitbejanyan/Desktop/kafka-ui/kafka-ui-react-app/src/components/Connect/Details/Actions/__tests__/Actions.spec.tsx">
    <testCase name="Actions view renders buttons when paused" duration="121">
      <failure message="TestingLibraryElementError: Unable to find an accessible element with the role &quot;menuitem&quot;"><![CDATA[TestingLibraryElementError: Unable to find an accessible element with the role "menuitem"

Here are the accessible roles:

  button:

  Name "Dropdown Toggle":
  <button
    aria-label="Dropdown Toggle"
    class="sc-ipEyDJ UrMLB"
  />

  --------------------------------------------------

Ignored nodes: comments, script, style
<body>
  <div>
    <div>
      <div
        class="sc-ksBlkl jHOvjB"
      >
        <div
          class="sc-bqWxrE sSVaJ"
        >
          <button
            aria-label="Dropdown Toggle"
            class="sc-ipEyDJ UrMLB"
          >
            <svg
              fill="none"
              height="16"
              viewBox="0 0 4 16"
              width="4"
              xmlns="http://www.w3.org/2000/svg"
            >
              <path
                d="M2 4C3.1 4 4 3.1 4 2C4 0.9 3.1 0 2 0C0.9 0 0 0.9 0 2C0 3.1 0.9 4 2 4ZM2 6C0.9 6 0 6.9 0 8C0 9.1 0.9 10 2 10C3.1 10 4 9.1 4 8C4 6.9 3.1 6 2 6ZM2 12C0.9 12 0 12.9 0 14C0 15.1 0.9 16 2 16C3.1 16 4 15.1 4 14C4 12.9 3.1 12 2 12Z"
                fill="#73848C"
              />
            </svg>
          </button>
          <div
            class="szh-menu-container sc-kDvujY cAxzpo"
            style="position: relative;"
          >
            <ul
              aria-label="Menu"
              class="szh-menu szh-menu--state-closed szh-menu--dir-bottom"
              role="menu"
              style="margin: 0px; display: none; position: absolute; left: 0px; top: 0px;"
              tabindex="-1"
            >
              <div
                style="position: absolute; left: 0px; top: 0px;"
                tabindex="-1"
              />
              <li
                class="szh-menu__item"
                role="menuitem"
                tabindex="-1"
              >
                Resume
              </li>
              <li
                class="szh-menu__item"
                role="menuitem"
                tabindex="-1"
              >
                Restart Connector
              </li>
              <li
                class="szh-menu__item"
                role="menuitem"
                tabindex="-1"
              >
                Restart All Tasks
              </li>
              <li
                class="szh-menu__item"
                role="menuitem"
                tabindex="-1"
              >
                Restart Failed Tasks
              </li>
              <li
                class="szh-menu__item"
                role="menuitem"
                tabindex="-1"
              >
                <div
                  class="sc-csuSiG flNfyw"
                >
                  Delete
                </div>
              </li>
            </ul>
          </div>
        </div>
      </div>
    </div>
  </div>
</body>
    at Object.getElementError (/Users/davitbejanyan/Desktop/kafka-ui/kafka-ui-react-app/node_modules/.pnpm/@testing-library+dom@8.19.0/node_modules/@testing-library/dom/dist/config.js:40:19)
    at /Users/davitbejanyan/Desktop/kafka-ui/kafka-ui-react-app/node_modules/.pnpm/@testing-library+dom@8.19.0/node_modules/@testing-library/dom/dist/query-helpers.js:90:38
    at /Users/davitbejanyan/Desktop/kafka-ui/kafka-ui-react-app/node_modules/.pnpm/@testing-library+dom@8.19.0/node_modules/@testing-library/dom/dist/query-helpers.js:130:15
    at Object.getAllByRole (/Users/davitbejanyan/Desktop/kafka-ui/kafka-ui-react-app/src/components/Connect/Details/Actions/__tests__/Actions.spec.tsx:70:21)
    at Promise.then.completed (/Users/davitbejanyan/Desktop/kafka-ui/kafka-ui-react-app/node_modules/.pnpm/jest-circus@29.1.2/node_modules/jest-circus/build/utils.js:333:28)
    at new Promise (<anonymous>)
    at callAsyncCircusFn (/Users/davitbejanyan/Desktop/kafka-ui/kafka-ui-react-app/node_modules/.pnpm/jest-circus@29.1.2/node_modules/jest-circus/build/utils.js:259:10)
    at _callCircusTest (/Users/davitbejanyan/Desktop/kafka-ui/kafka-ui-react-app/node_modules/.pnpm/jest-circus@29.1.2/node_modules/jest-circus/build/run.js:277:40)
    at processTicksAndRejections (node:internal/process/task_queues:96:5)
    at _runTest (/Users/davitbejanyan/Desktop/kafka-ui/kafka-ui-react-app/node_modules/.pnpm/jest-circus@29.1.2/node_modules/jest-circus/build/run.js:209:3)
    at _runTestsForDescribeBlock (/Users/davitbejanyan/Desktop/kafka-ui/kafka-ui-react-app/node_modules/.pnpm/jest-circus@29.1.2/node_modules/jest-circus/build/run.js:97:9)
    at _runTestsForDescribeBlock (/Users/davitbejanyan/Desktop/kafka-ui/kafka-ui-react-app/node_modules/.pnpm/jest-circus@29.1.2/node_modules/jest-circus/build/run.js:91:9)
    at _runTestsForDescribeBlock (/Users/davitbejanyan/Desktop/kafka-ui/kafka-ui-react-app/node_modules/.pnpm/jest-circus@29.1.2/node_modules/jest-circus/build/run.js:91:9)
    at run (/Users/davitbejanyan/Desktop/kafka-ui/kafka-ui-react-app/node_modules/.pnpm/jest-circus@29.1.2/node_modules/jest-circus/build/run.js:31:3)
    at runAndTransformResultsToJestFormat (/Users/davitbejanyan/Desktop/kafka-ui/kafka-ui-react-app/node_modules/.pnpm/jest-circus@29.1.2/node_modules/jest-circus/build/legacy-code-todo-rewrite/jestAdapterInit.js:136:21)
    at jestAdapter (/Users/davitbejanyan/Desktop/kafka-ui/kafka-ui-react-app/node_modules/.pnpm/jest-circus@29.1.2/node_modules/jest-circus/build/legacy-code-todo-rewrite/jestAdapter.js:92:19)
    at runTestInternal (/Users/davitbejanyan/Desktop/kafka-ui/kafka-ui-react-app/node_modules/.pnpm/jest-runner@29.1.2/node_modules/jest-runner/build/runTest.js:407:16)
    at runTest (/Users/davitbejanyan/Desktop/kafka-ui/kafka-ui-react-app/node_modules/.pnpm/jest-runner@29.1.2/node_modules/jest-runner/build/runTest.js:491:34)
    at Object.worker (/Users/davitbejanyan/Desktop/kafka-ui/kafka-ui-react-app/node_modules/.pnpm/jest-runner@29.1.2/node_modules/jest-runner/build/testWorker.js:133:12)]]></failure>
    </testCase>
    <testCase name="Actions view renders buttons when failed" duration="64">
      <failure message="TestingLibraryElementError: Unable to find an accessible element with the role &quot;menuitem&quot;"><![CDATA[TestingLibraryElementError: Unable to find an accessible element with the role "menuitem"

Here are the accessible roles:

  button:

  Name "Dropdown Toggle":
  <button
    aria-label="Dropdown Toggle"
    class="sc-ipEyDJ UrMLB"
  />

  --------------------------------------------------

Ignored nodes: comments, script, style
<body>
  <div>
    <div>
      <div
        class="sc-ksBlkl jHOvjB"
      >
        <div
          class="sc-bqWxrE sSVaJ"
        >
          <button
            aria-label="Dropdown Toggle"
            class="sc-ipEyDJ UrMLB"
          >
            <svg
              fill="none"
              height="16"
              viewBox="0 0 4 16"
              width="4"
              xmlns="http://www.w3.org/2000/svg"
            >
              <path
                d="M2 4C3.1 4 4 3.1 4 2C4 0.9 3.1 0 2 0C0.9 0 0 0.9 0 2C0 3.1 0.9 4 2 4ZM2 6C0.9 6 0 6.9 0 8C0 9.1 0.9 10 2 10C3.1 10 4 9.1 4 8C4 6.9 3.1 6 2 6ZM2 12C0.9 12 0 12.9 0 14C0 15.1 0.9 16 2 16C3.1 16 4 15.1 4 14C4 12.9 3.1 12 2 12Z"
                fill="#73848C"
              />
            </svg>
          </button>
          <div
            class="szh-menu-container sc-kDvujY cAxzpo"
            style="position: relative;"
          >
            <ul
              aria-label="Menu"
              class="szh-menu szh-menu--state-closed szh-menu--dir-bottom"
              role="menu"
              style="margin: 0px; display: none; position: absolute; left: 0px; top: 0px;"
              tabindex="-1"
            >
              <div
                style="position: absolute; left: 0px; top: 0px;"
                tabindex="-1"
              />
              <li
                class="szh-menu__item"
                role="menuitem"
                tabindex="-1"
              >
                Restart Connector
              </li>
              <li
                class="szh-menu__item"
                role="menuitem"
                tabindex="-1"
              >
                Restart All Tasks
              </li>
              <li
                class="szh-menu__item"
                role="menuitem"
                tabindex="-1"
              >
                Restart Failed Tasks
              </li>
              <li
                class="szh-menu__item"
                role="menuitem"
                tabindex="-1"
              >
                <div
                  class="sc-csuSiG flNfyw"
                >
                  Delete
                </div>
              </li>
            </ul>
          </div>
        </div>
      </div>
    </div>
  </div>
</body>
    at Object.getElementError (/Users/davitbejanyan/Desktop/kafka-ui/kafka-ui-react-app/node_modules/.pnpm/@testing-library+dom@8.19.0/node_modules/@testing-library/dom/dist/config.js:40:19)
    at /Users/davitbejanyan/Desktop/kafka-ui/kafka-ui-react-app/node_modules/.pnpm/@testing-library+dom@8.19.0/node_modules/@testing-library/dom/dist/query-helpers.js:90:38
    at /Users/davitbejanyan/Desktop/kafka-ui/kafka-ui-react-app/node_modules/.pnpm/@testing-library+dom@8.19.0/node_modules/@testing-library/dom/dist/query-helpers.js:130:15
    at Object.getAllByRole (/Users/davitbejanyan/Desktop/kafka-ui/kafka-ui-react-app/src/components/Connect/Details/Actions/__tests__/Actions.spec.tsx:82:21)
    at Promise.then.completed (/Users/davitbejanyan/Desktop/kafka-ui/kafka-ui-react-app/node_modules/.pnpm/jest-circus@29.1.2/node_modules/jest-circus/build/utils.js:333:28)
    at new Promise (<anonymous>)
    at callAsyncCircusFn (/Users/davitbejanyan/Desktop/kafka-ui/kafka-ui-react-app/node_modules/.pnpm/jest-circus@29.1.2/node_modules/jest-circus/build/utils.js:259:10)
    at _callCircusTest (/Users/davitbejanyan/Desktop/kafka-ui/kafka-ui-react-app/node_modules/.pnpm/jest-circus@29.1.2/node_modules/jest-circus/build/run.js:277:40)
    at processTicksAndRejections (node:internal/process/task_queues:96:5)
    at _runTest (/Users/davitbejanyan/Desktop/kafka-ui/kafka-ui-react-app/node_modules/.pnpm/jest-circus@29.1.2/node_modules/jest-circus/build/run.js:209:3)
    at _runTestsForDescribeBlock (/Users/davitbejanyan/Desktop/kafka-ui/kafka-ui-react-app/node_modules/.pnpm/jest-circus@29.1.2/node_modules/jest-circus/build/run.js:97:9)
    at _runTestsForDescribeBlock (/Users/davitbejanyan/Desktop/kafka-ui/kafka-ui-react-app/node_modules/.pnpm/jest-circus@29.1.2/node_modules/jest-circus/build/run.js:91:9)
    at _runTestsForDescribeBlock (/Users/davitbejanyan/Desktop/kafka-ui/kafka-ui-react-app/node_modules/.pnpm/jest-circus@29.1.2/node_modules/jest-circus/build/run.js:91:9)
    at run (/Users/davitbejanyan/Desktop/kafka-ui/kafka-ui-react-app/node_modules/.pnpm/jest-circus@29.1.2/node_modules/jest-circus/build/run.js:31:3)
    at runAndTransformResultsToJestFormat (/Users/davitbejanyan/Desktop/kafka-ui/kafka-ui-react-app/node_modules/.pnpm/jest-circus@29.1.2/node_modules/jest-circus/build/legacy-code-todo-rewrite/jestAdapterInit.js:136:21)
    at jestAdapter (/Users/davitbejanyan/Desktop/kafka-ui/kafka-ui-react-app/node_modules/.pnpm/jest-circus@29.1.2/node_modules/jest-circus/build/legacy-code-todo-rewrite/jestAdapter.js:92:19)
    at runTestInternal (/Users/davitbejanyan/Desktop/kafka-ui/kafka-ui-react-app/node_modules/.pnpm/jest-runner@29.1.2/node_modules/jest-runner/build/runTest.js:407:16)
    at runTest (/Users/davitbejanyan/Desktop/kafka-ui/kafka-ui-react-app/node_modules/.pnpm/jest-runner@29.1.2/node_modules/jest-runner/build/runTest.js:491:34)
    at Object.worker (/Users/davitbejanyan/Desktop/kafka-ui/kafka-ui-react-app/node_modules/.pnpm/jest-runner@29.1.2/node_modules/jest-runner/build/testWorker.js:133:12)]]></failure>
    </testCase>
    <testCase name="Actions view renders buttons when unassigned" duration="61">
      <failure message="TestingLibraryElementError: Unable to find an accessible element with the role &quot;menuitem&quot;"><![CDATA[TestingLibraryElementError: Unable to find an accessible element with the role "menuitem"

Here are the accessible roles:

  button:

  Name "Dropdown Toggle":
  <button
    aria-label="Dropdown Toggle"
    class="sc-ipEyDJ UrMLB"
  />

  --------------------------------------------------

Ignored nodes: comments, script, style
<body>
  <div>
    <div>
      <div
        class="sc-ksBlkl jHOvjB"
      >
        <div
          class="sc-bqWxrE sSVaJ"
        >
          <button
            aria-label="Dropdown Toggle"
            class="sc-ipEyDJ UrMLB"
          >
            <svg
              fill="none"
              height="16"
              viewBox="0 0 4 16"
              width="4"
              xmlns="http://www.w3.org/2000/svg"
            >
              <path
                d="M2 4C3.1 4 4 3.1 4 2C4 0.9 3.1 0 2 0C0.9 0 0 0.9 0 2C0 3.1 0.9 4 2 4ZM2 6C0.9 6 0 6.9 0 8C0 9.1 0.9 10 2 10C3.1 10 4 9.1 4 8C4 6.9 3.1 6 2 6ZM2 12C0.9 12 0 12.9 0 14C0 15.1 0.9 16 2 16C3.1 16 4 15.1 4 14C4 12.9 3.1 12 2 12Z"
                fill="#73848C"
              />
            </svg>
          </button>
          <div
            class="szh-menu-container sc-kDvujY cAxzpo"
            style="position: relative;"
          >
            <ul
              aria-label="Menu"
              class="szh-menu szh-menu--state-closed szh-menu--dir-bottom"
              role="menu"
              style="margin: 0px; display: none; position: absolute; left: 0px; top: 0px;"
              tabindex="-1"
            >
              <div
                style="position: absolute; left: 0px; top: 0px;"
                tabindex="-1"
              />
              <li
                class="szh-menu__item"
                role="menuitem"
                tabindex="-1"
              >
                Restart Connector
              </li>
              <li
                class="szh-menu__item"
                role="menuitem"
                tabindex="-1"
              >
                Restart All Tasks
              </li>
              <li
                class="szh-menu__item"
                role="menuitem"
                tabindex="-1"
              >
                Restart Failed Tasks
              </li>
              <li
                class="szh-menu__item"
                role="menuitem"
                tabindex="-1"
              >
                <div
                  class="sc-csuSiG flNfyw"
                >
                  Delete
                </div>
              </li>
            </ul>
          </div>
        </div>
      </div>
    </div>
  </div>
</body>
    at Object.getElementError (/Users/davitbejanyan/Desktop/kafka-ui/kafka-ui-react-app/node_modules/.pnpm/@testing-library+dom@8.19.0/node_modules/@testing-library/dom/dist/config.js:40:19)
    at /Users/davitbejanyan/Desktop/kafka-ui/kafka-ui-react-app/node_modules/.pnpm/@testing-library+dom@8.19.0/node_modules/@testing-library/dom/dist/query-helpers.js:90:38
    at /Users/davitbejanyan/Desktop/kafka-ui/kafka-ui-react-app/node_modules/.pnpm/@testing-library+dom@8.19.0/node_modules/@testing-library/dom/dist/query-helpers.js:130:15
    at Object.getAllByRole (/Users/davitbejanyan/Desktop/kafka-ui/kafka-ui-react-app/src/components/Connect/Details/Actions/__tests__/Actions.spec.tsx:94:21)
    at Promise.then.completed (/Users/davitbejanyan/Desktop/kafka-ui/kafka-ui-react-app/node_modules/.pnpm/jest-circus@29.1.2/node_modules/jest-circus/build/utils.js:333:28)
    at new Promise (<anonymous>)
    at callAsyncCircusFn (/Users/davitbejanyan/Desktop/kafka-ui/kafka-ui-react-app/node_modules/.pnpm/jest-circus@29.1.2/node_modules/jest-circus/build/utils.js:259:10)
    at _callCircusTest (/Users/davitbejanyan/Desktop/kafka-ui/kafka-ui-react-app/node_modules/.pnpm/jest-circus@29.1.2/node_modules/jest-circus/build/run.js:277:40)
    at processTicksAndRejections (node:internal/process/task_queues:96:5)
    at _runTest (/Users/davitbejanyan/Desktop/kafka-ui/kafka-ui-react-app/node_modules/.pnpm/jest-circus@29.1.2/node_modules/jest-circus/build/run.js:209:3)
    at _runTestsForDescribeBlock (/Users/davitbejanyan/Desktop/kafka-ui/kafka-ui-react-app/node_modules/.pnpm/jest-circus@29.1.2/node_modules/jest-circus/build/run.js:97:9)
    at _runTestsForDescribeBlock (/Users/davitbejanyan/Desktop/kafka-ui/kafka-ui-react-app/node_modules/.pnpm/jest-circus@29.1.2/node_modules/jest-circus/build/run.js:91:9)
    at _runTestsForDescribeBlock (/Users/davitbejanyan/Desktop/kafka-ui/kafka-ui-react-app/node_modules/.pnpm/jest-circus@29.1.2/node_modules/jest-circus/build/run.js:91:9)
    at run (/Users/davitbejanyan/Desktop/kafka-ui/kafka-ui-react-app/node_modules/.pnpm/jest-circus@29.1.2/node_modules/jest-circus/build/run.js:31:3)
    at runAndTransformResultsToJestFormat (/Users/davitbejanyan/Desktop/kafka-ui/kafka-ui-react-app/node_modules/.pnpm/jest-circus@29.1.2/node_modules/jest-circus/build/legacy-code-todo-rewrite/jestAdapterInit.js:136:21)
    at jestAdapter (/Users/davitbejanyan/Desktop/kafka-ui/kafka-ui-react-app/node_modules/.pnpm/jest-circus@29.1.2/node_modules/jest-circus/build/legacy-code-todo-rewrite/jestAdapter.js:92:19)
    at runTestInternal (/Users/davitbejanyan/Desktop/kafka-ui/kafka-ui-react-app/node_modules/.pnpm/jest-runner@29.1.2/node_modules/jest-runner/build/runTest.js:407:16)
    at runTest (/Users/davitbejanyan/Desktop/kafka-ui/kafka-ui-react-app/node_modules/.pnpm/jest-runner@29.1.2/node_modules/jest-runner/build/runTest.js:491:34)
    at Object.worker (/Users/davitbejanyan/Desktop/kafka-ui/kafka-ui-react-app/node_modules/.pnpm/jest-runner@29.1.2/node_modules/jest-runner/build/testWorker.js:133:12)]]></failure>
    </testCase>
    <testCase name="Actions view renders buttons when running connector action" duration="56">
      <failure message="TestingLibraryElementError: Unable to find an accessible element with the role &quot;menuitem&quot;"><![CDATA[TestingLibraryElementError: Unable to find an accessible element with the role "menuitem"

Here are the accessible roles:

  button:

  Name "Dropdown Toggle":
  <button
    aria-label="Dropdown Toggle"
    class="sc-ipEyDJ UrMLB"
  />

  --------------------------------------------------

Ignored nodes: comments, script, style
<body>
  <div>
    <div>
      <div
        class="sc-ksBlkl jHOvjB"
      >
        <div
          class="sc-bqWxrE sSVaJ"
        >
          <button
            aria-label="Dropdown Toggle"
            class="sc-ipEyDJ UrMLB"
          >
            <svg
              fill="none"
              height="16"
              viewBox="0 0 4 16"
              width="4"
              xmlns="http://www.w3.org/2000/svg"
            >
              <path
                d="M2 4C3.1 4 4 3.1 4 2C4 0.9 3.1 0 2 0C0.9 0 0 0.9 0 2C0 3.1 0.9 4 2 4ZM2 6C0.9 6 0 6.9 0 8C0 9.1 0.9 10 2 10C3.1 10 4 9.1 4 8C4 6.9 3.1 6 2 6ZM2 12C0.9 12 0 12.9 0 14C0 15.1 0.9 16 2 16C3.1 16 4 15.1 4 14C4 12.9 3.1 12 2 12Z"
                fill="#73848C"
              />
            </svg>
          </button>
          <div
            class="szh-menu-container sc-kDvujY cAxzpo"
            style="position: relative;"
          >
            <ul
              aria-label="Menu"
              class="szh-menu szh-menu--state-closed szh-menu--dir-bottom"
              role="menu"
              style="margin: 0px; display: none; position: absolute; left: 0px; top: 0px;"
              tabindex="-1"
            >
              <div
                style="position: absolute; left: 0px; top: 0px;"
                tabindex="-1"
              />
              <li
                class="szh-menu__item"
                role="menuitem"
                tabindex="-1"
              >
                Pause
              </li>
              <li
                class="szh-menu__item"
                role="menuitem"
                tabindex="-1"
              >
                Restart Connector
              </li>
              <li
                class="szh-menu__item"
                role="menuitem"
                tabindex="-1"
              >
                Restart All Tasks
              </li>
              <li
                class="szh-menu__item"
                role="menuitem"
                tabindex="-1"
              >
                Restart Failed Tasks
              </li>
              <li
                class="szh-menu__item"
                role="menuitem"
                tabindex="-1"
              >
                <div
                  class="sc-csuSiG flNfyw"
                >
                  Delete
                </div>
              </li>
            </ul>
          </div>
        </div>
      </div>
    </div>
  </div>
</body>
    at Object.getElementError (/Users/davitbejanyan/Desktop/kafka-ui/kafka-ui-react-app/node_modules/.pnpm/@testing-library+dom@8.19.0/node_modules/@testing-library/dom/dist/config.js:40:19)
    at /Users/davitbejanyan/Desktop/kafka-ui/kafka-ui-react-app/node_modules/.pnpm/@testing-library+dom@8.19.0/node_modules/@testing-library/dom/dist/query-helpers.js:90:38
    at /Users/davitbejanyan/Desktop/kafka-ui/kafka-ui-react-app/node_modules/.pnpm/@testing-library+dom@8.19.0/node_modules/@testing-library/dom/dist/query-helpers.js:130:15
    at Object.getAllByRole (/Users/davitbejanyan/Desktop/kafka-ui/kafka-ui-react-app/src/components/Connect/Details/Actions/__tests__/Actions.spec.tsx:106:21)
    at Promise.then.completed (/Users/davitbejanyan/Desktop/kafka-ui/kafka-ui-react-app/node_modules/.pnpm/jest-circus@29.1.2/node_modules/jest-circus/build/utils.js:333:28)
    at new Promise (<anonymous>)
    at callAsyncCircusFn (/Users/davitbejanyan/Desktop/kafka-ui/kafka-ui-react-app/node_modules/.pnpm/jest-circus@29.1.2/node_modules/jest-circus/build/utils.js:259:10)
    at _callCircusTest (/Users/davitbejanyan/Desktop/kafka-ui/kafka-ui-react-app/node_modules/.pnpm/jest-circus@29.1.2/node_modules/jest-circus/build/run.js:277:40)
    at processTicksAndRejections (node:internal/process/task_queues:96:5)
    at _runTest (/Users/davitbejanyan/Desktop/kafka-ui/kafka-ui-react-app/node_modules/.pnpm/jest-circus@29.1.2/node_modules/jest-circus/build/run.js:209:3)
    at _runTestsForDescribeBlock (/Users/davitbejanyan/Desktop/kafka-ui/kafka-ui-react-app/node_modules/.pnpm/jest-circus@29.1.2/node_modules/jest-circus/build/run.js:97:9)
    at _runTestsForDescribeBlock (/Users/davitbejanyan/Desktop/kafka-ui/kafka-ui-react-app/node_modules/.pnpm/jest-circus@29.1.2/node_modules/jest-circus/build/run.js:91:9)
    at _runTestsForDescribeBlock (/Users/davitbejanyan/Desktop/kafka-ui/kafka-ui-react-app/node_modules/.pnpm/jest-circus@29.1.2/node_modules/jest-circus/build/run.js:91:9)
    at run (/Users/davitbejanyan/Desktop/kafka-ui/kafka-ui-react-app/node_modules/.pnpm/jest-circus@29.1.2/node_modules/jest-circus/build/run.js:31:3)
    at runAndTransformResultsToJestFormat (/Users/davitbejanyan/Desktop/kafka-ui/kafka-ui-react-app/node_modules/.pnpm/jest-circus@29.1.2/node_modules/jest-circus/build/legacy-code-todo-rewrite/jestAdapterInit.js:136:21)
    at jestAdapter (/Users/davitbejanyan/Desktop/kafka-ui/kafka-ui-react-app/node_modules/.pnpm/jest-circus@29.1.2/node_modules/jest-circus/build/legacy-code-todo-rewrite/jestAdapter.js:92:19)
    at runTestInternal (/Users/davitbejanyan/Desktop/kafka-ui/kafka-ui-react-app/node_modules/.pnpm/jest-runner@29.1.2/node_modules/jest-runner/build/runTest.js:407:16)
    at runTest (/Users/davitbejanyan/Desktop/kafka-ui/kafka-ui-react-app/node_modules/.pnpm/jest-runner@29.1.2/node_modules/jest-runner/build/runTest.js:491:34)
    at Object.worker (/Users/davitbejanyan/Desktop/kafka-ui/kafka-ui-react-app/node_modules/.pnpm/jest-runner@29.1.2/node_modules/jest-runner/build/testWorker.js:133:12)]]></failure>
    </testCase>
    <testCase name="Actions view mutations opens confirmation modal when delete button clicked" duration="92"/>
    <testCase name="Actions view mutations calls restartConnector when restart button clicked" duration="60">
      <failure message="TestingLibraryElementError: Unable to find an accessible element with the role &quot;menuitem&quot; and name &quot;Restart Connector&quot;"><![CDATA[TestingLibraryElementError: Unable to find an accessible element with the role "menuitem" and name "Restart Connector"

Here are the accessible roles:

  button:

  Name "Dropdown Toggle":
  <button
    aria-label="Dropdown Toggle"
    class="sc-ipEyDJ UrMLB"
  />

  --------------------------------------------------

Ignored nodes: comments, script, style
<body>
  <div>
    <div>
      <div
        class="sc-ksBlkl jHOvjB"
      >
        <div
          class="sc-bqWxrE sSVaJ"
        >
          <button
            aria-label="Dropdown Toggle"
            class="sc-ipEyDJ UrMLB"
          >
            <svg
              fill="none"
              height="16"
              viewBox="0 0 4 16"
              width="4"
              xmlns="http://www.w3.org/2000/svg"
            >
              <path
                d="M2 4C3.1 4 4 3.1 4 2C4 0.9 3.1 0 2 0C0.9 0 0 0.9 0 2C0 3.1 0.9 4 2 4ZM2 6C0.9 6 0 6.9 0 8C0 9.1 0.9 10 2 10C3.1 10 4 9.1 4 8C4 6.9 3.1 6 2 6ZM2 12C0.9 12 0 12.9 0 14C0 15.1 0.9 16 2 16C3.1 16 4 15.1 4 14C4 12.9 3.1 12 2 12Z"
                fill="#73848C"
              />
            </svg>
          </button>
          <div
            class="szh-menu-container sc-kDvujY cAxzpo"
            style="position: relative;"
          >
            <ul
              aria-label="Menu"
              class="szh-menu szh-menu--state-closed szh-menu--dir-bottom"
              role="menu"
              style="margin: 0px; display: none; position: absolute; left: 0px; top: 0px;"
              tabindex="-1"
            >
              <div
                style="position: absolute; left: 0px; top: 0px;"
                tabindex="-1"
              />
              <li
                class="szh-menu__item"
                role="menuitem"
                tabindex="-1"
              >
                Pause
              </li>
              <li
                class="szh-menu__item"
                role="menuitem"
                tabindex="-1"
              >
                Restart Connector
              </li>
              <li
                class="szh-menu__item"
                role="menuitem"
                tabindex="-1"
              >
                Restart All Tasks
              </li>
              <li
                class="szh-menu__item"
                role="menuitem"
                tabindex="-1"
              >
                Restart Failed Tasks
              </li>
              <li
                class="szh-menu__item"
                role="menuitem"
                tabindex="-1"
              >
                <div
                  class="sc-csuSiG flNfyw"
                >
                  Delete
                </div>
              </li>
            </ul>
          </div>
        </div>
      </div>
    </div>
  </div>
</body>
    at Object.getElementError (/Users/davitbejanyan/Desktop/kafka-ui/kafka-ui-react-app/node_modules/.pnpm/@testing-library+dom@8.19.0/node_modules/@testing-library/dom/dist/config.js:40:19)
    at /Users/davitbejanyan/Desktop/kafka-ui/kafka-ui-react-app/node_modules/.pnpm/@testing-library+dom@8.19.0/node_modules/@testing-library/dom/dist/query-helpers.js:90:38
    at /Users/davitbejanyan/Desktop/kafka-ui/kafka-ui-react-app/node_modules/.pnpm/@testing-library+dom@8.19.0/node_modules/@testing-library/dom/dist/query-helpers.js:62:17
    at /Users/davitbejanyan/Desktop/kafka-ui/kafka-ui-react-app/node_modules/.pnpm/@testing-library+dom@8.19.0/node_modules/@testing-library/dom/dist/query-helpers.js:111:19
    at Object.getByRole (/Users/davitbejanyan/Desktop/kafka-ui/kafka-ui-react-app/src/components/Connect/Details/Actions/__tests__/Actions.spec.tsx:136:18)
    at Promise.then.completed (/Users/davitbejanyan/Desktop/kafka-ui/kafka-ui-react-app/node_modules/.pnpm/jest-circus@29.1.2/node_modules/jest-circus/build/utils.js:333:28)
    at new Promise (<anonymous>)
    at callAsyncCircusFn (/Users/davitbejanyan/Desktop/kafka-ui/kafka-ui-react-app/node_modules/.pnpm/jest-circus@29.1.2/node_modules/jest-circus/build/utils.js:259:10)
    at _callCircusTest (/Users/davitbejanyan/Desktop/kafka-ui/kafka-ui-react-app/node_modules/.pnpm/jest-circus@29.1.2/node_modules/jest-circus/build/run.js:277:40)
    at _runTest (/Users/davitbejanyan/Desktop/kafka-ui/kafka-ui-react-app/node_modules/.pnpm/jest-circus@29.1.2/node_modules/jest-circus/build/run.js:209:3)
    at _runTestsForDescribeBlock (/Users/davitbejanyan/Desktop/kafka-ui/kafka-ui-react-app/node_modules/.pnpm/jest-circus@29.1.2/node_modules/jest-circus/build/run.js:97:9)
    at _runTestsForDescribeBlock (/Users/davitbejanyan/Desktop/kafka-ui/kafka-ui-react-app/node_modules/.pnpm/jest-circus@29.1.2/node_modules/jest-circus/build/run.js:91:9)
    at _runTestsForDescribeBlock (/Users/davitbejanyan/Desktop/kafka-ui/kafka-ui-react-app/node_modules/.pnpm/jest-circus@29.1.2/node_modules/jest-circus/build/run.js:91:9)
    at _runTestsForDescribeBlock (/Users/davitbejanyan/Desktop/kafka-ui/kafka-ui-react-app/node_modules/.pnpm/jest-circus@29.1.2/node_modules/jest-circus/build/run.js:91:9)
    at run (/Users/davitbejanyan/Desktop/kafka-ui/kafka-ui-react-app/node_modules/.pnpm/jest-circus@29.1.2/node_modules/jest-circus/build/run.js:31:3)
    at runAndTransformResultsToJestFormat (/Users/davitbejanyan/Desktop/kafka-ui/kafka-ui-react-app/node_modules/.pnpm/jest-circus@29.1.2/node_modules/jest-circus/build/legacy-code-todo-rewrite/jestAdapterInit.js:136:21)
    at jestAdapter (/Users/davitbejanyan/Desktop/kafka-ui/kafka-ui-react-app/node_modules/.pnpm/jest-circus@29.1.2/node_modules/jest-circus/build/legacy-code-todo-rewrite/jestAdapter.js:92:19)
    at runTestInternal (/Users/davitbejanyan/Desktop/kafka-ui/kafka-ui-react-app/node_modules/.pnpm/jest-runner@29.1.2/node_modules/jest-runner/build/runTest.js:407:16)
    at runTest (/Users/davitbejanyan/Desktop/kafka-ui/kafka-ui-react-app/node_modules/.pnpm/jest-runner@29.1.2/node_modules/jest-runner/build/runTest.js:491:34)
    at Object.worker (/Users/davitbejanyan/Desktop/kafka-ui/kafka-ui-react-app/node_modules/.pnpm/jest-runner@29.1.2/node_modules/jest-runner/build/testWorker.js:133:12)]]></failure>
    </testCase>
    <testCase name="Actions view mutations calls restartAllTasks" duration="58">
      <failure message="TestingLibraryElementError: Unable to find an accessible element with the role &quot;menuitem&quot; and name &quot;Restart All Tasks&quot;"><![CDATA[TestingLibraryElementError: Unable to find an accessible element with the role "menuitem" and name "Restart All Tasks"

Here are the accessible roles:

  button:

  Name "Dropdown Toggle":
  <button
    aria-label="Dropdown Toggle"
    class="sc-ipEyDJ UrMLB"
  />

  --------------------------------------------------

Ignored nodes: comments, script, style
<body>
  <div>
    <div>
      <div
        class="sc-ksBlkl jHOvjB"
      >
        <div
          class="sc-bqWxrE sSVaJ"
        >
          <button
            aria-label="Dropdown Toggle"
            class="sc-ipEyDJ UrMLB"
          >
            <svg
              fill="none"
              height="16"
              viewBox="0 0 4 16"
              width="4"
              xmlns="http://www.w3.org/2000/svg"
            >
              <path
                d="M2 4C3.1 4 4 3.1 4 2C4 0.9 3.1 0 2 0C0.9 0 0 0.9 0 2C0 3.1 0.9 4 2 4ZM2 6C0.9 6 0 6.9 0 8C0 9.1 0.9 10 2 10C3.1 10 4 9.1 4 8C4 6.9 3.1 6 2 6ZM2 12C0.9 12 0 12.9 0 14C0 15.1 0.9 16 2 16C3.1 16 4 15.1 4 14C4 12.9 3.1 12 2 12Z"
                fill="#73848C"
              />
            </svg>
          </button>
          <div
            class="szh-menu-container sc-kDvujY cAxzpo"
            style="position: relative;"
          >
            <ul
              aria-label="Menu"
              class="szh-menu szh-menu--state-closed szh-menu--dir-bottom"
              role="menu"
              style="margin: 0px; display: none; position: absolute; left: 0px; top: 0px;"
              tabindex="-1"
            >
              <div
                style="position: absolute; left: 0px; top: 0px;"
                tabindex="-1"
              />
              <li
                class="szh-menu__item"
                role="menuitem"
                tabindex="-1"
              >
                Pause
              </li>
              <li
                class="szh-menu__item"
                role="menuitem"
                tabindex="-1"
              >
                Restart Connector
              </li>
              <li
                class="szh-menu__item"
                role="menuitem"
                tabindex="-1"
              >
                Restart All Tasks
              </li>
              <li
                class="szh-menu__item"
                role="menuitem"
                tabindex="-1"
              >
                Restart Failed Tasks
              </li>
              <li
                class="szh-menu__item"
                role="menuitem"
                tabindex="-1"
              >
                <div
                  class="sc-csuSiG flNfyw"
                >
                  Delete
                </div>
              </li>
            </ul>
          </div>
        </div>
      </div>
    </div>
  </div>
</body>
    at Object.getElementError (/Users/davitbejanyan/Desktop/kafka-ui/kafka-ui-react-app/node_modules/.pnpm/@testing-library+dom@8.19.0/node_modules/@testing-library/dom/dist/config.js:40:19)
    at /Users/davitbejanyan/Desktop/kafka-ui/kafka-ui-react-app/node_modules/.pnpm/@testing-library+dom@8.19.0/node_modules/@testing-library/dom/dist/query-helpers.js:90:38
    at /Users/davitbejanyan/Desktop/kafka-ui/kafka-ui-react-app/node_modules/.pnpm/@testing-library+dom@8.19.0/node_modules/@testing-library/dom/dist/query-helpers.js:62:17
    at /Users/davitbejanyan/Desktop/kafka-ui/kafka-ui-react-app/node_modules/.pnpm/@testing-library+dom@8.19.0/node_modules/@testing-library/dom/dist/query-helpers.js:111:19
    at Object.getByRole (/Users/davitbejanyan/Desktop/kafka-ui/kafka-ui-react-app/src/components/Connect/Details/Actions/__tests__/Actions.spec.tsx:149:18)
    at Promise.then.completed (/Users/davitbejanyan/Desktop/kafka-ui/kafka-ui-react-app/node_modules/.pnpm/jest-circus@29.1.2/node_modules/jest-circus/build/utils.js:333:28)
    at new Promise (<anonymous>)
    at callAsyncCircusFn (/Users/davitbejanyan/Desktop/kafka-ui/kafka-ui-react-app/node_modules/.pnpm/jest-circus@29.1.2/node_modules/jest-circus/build/utils.js:259:10)
    at _callCircusTest (/Users/davitbejanyan/Desktop/kafka-ui/kafka-ui-react-app/node_modules/.pnpm/jest-circus@29.1.2/node_modules/jest-circus/build/run.js:277:40)
    at _runTest (/Users/davitbejanyan/Desktop/kafka-ui/kafka-ui-react-app/node_modules/.pnpm/jest-circus@29.1.2/node_modules/jest-circus/build/run.js:209:3)
    at _runTestsForDescribeBlock (/Users/davitbejanyan/Desktop/kafka-ui/kafka-ui-react-app/node_modules/.pnpm/jest-circus@29.1.2/node_modules/jest-circus/build/run.js:97:9)
    at _runTestsForDescribeBlock (/Users/davitbejanyan/Desktop/kafka-ui/kafka-ui-react-app/node_modules/.pnpm/jest-circus@29.1.2/node_modules/jest-circus/build/run.js:91:9)
    at _runTestsForDescribeBlock (/Users/davitbejanyan/Desktop/kafka-ui/kafka-ui-react-app/node_modules/.pnpm/jest-circus@29.1.2/node_modules/jest-circus/build/run.js:91:9)
    at _runTestsForDescribeBlock (/Users/davitbejanyan/Desktop/kafka-ui/kafka-ui-react-app/node_modules/.pnpm/jest-circus@29.1.2/node_modules/jest-circus/build/run.js:91:9)
    at run (/Users/davitbejanyan/Desktop/kafka-ui/kafka-ui-react-app/node_modules/.pnpm/jest-circus@29.1.2/node_modules/jest-circus/build/run.js:31:3)
    at runAndTransformResultsToJestFormat (/Users/davitbejanyan/Desktop/kafka-ui/kafka-ui-react-app/node_modules/.pnpm/jest-circus@29.1.2/node_modules/jest-circus/build/legacy-code-todo-rewrite/jestAdapterInit.js:136:21)
    at jestAdapter (/Users/davitbejanyan/Desktop/kafka-ui/kafka-ui-react-app/node_modules/.pnpm/jest-circus@29.1.2/node_modules/jest-circus/build/legacy-code-todo-rewrite/jestAdapter.js:92:19)
    at runTestInternal (/Users/davitbejanyan/Desktop/kafka-ui/kafka-ui-react-app/node_modules/.pnpm/jest-runner@29.1.2/node_modules/jest-runner/build/runTest.js:407:16)
    at runTest (/Users/davitbejanyan/Desktop/kafka-ui/kafka-ui-react-app/node_modules/.pnpm/jest-runner@29.1.2/node_modules/jest-runner/build/runTest.js:491:34)
    at Object.worker (/Users/davitbejanyan/Desktop/kafka-ui/kafka-ui-react-app/node_modules/.pnpm/jest-runner@29.1.2/node_modules/jest-runner/build/testWorker.js:133:12)]]></failure>
    </testCase>
    <testCase name="Actions view mutations calls restartFailedTasks" duration="81">
      <failure message="TestingLibraryElementError: Unable to find an accessible element with the role &quot;menuitem&quot; and name &quot;Restart Failed Tasks&quot;"><![CDATA[TestingLibraryElementError: Unable to find an accessible element with the role "menuitem" and name "Restart Failed Tasks"

Here are the accessible roles:

  button:

  Name "Dropdown Toggle":
  <button
    aria-label="Dropdown Toggle"
    class="sc-ipEyDJ UrMLB"
  />

  --------------------------------------------------

Ignored nodes: comments, script, style
<body>
  <div>
    <div>
      <div
        class="sc-ksBlkl jHOvjB"
      >
        <div
          class="sc-bqWxrE sSVaJ"
        >
          <button
            aria-label="Dropdown Toggle"
            class="sc-ipEyDJ UrMLB"
          >
            <svg
              fill="none"
              height="16"
              viewBox="0 0 4 16"
              width="4"
              xmlns="http://www.w3.org/2000/svg"
            >
              <path
                d="M2 4C3.1 4 4 3.1 4 2C4 0.9 3.1 0 2 0C0.9 0 0 0.9 0 2C0 3.1 0.9 4 2 4ZM2 6C0.9 6 0 6.9 0 8C0 9.1 0.9 10 2 10C3.1 10 4 9.1 4 8C4 6.9 3.1 6 2 6ZM2 12C0.9 12 0 12.9 0 14C0 15.1 0.9 16 2 16C3.1 16 4 15.1 4 14C4 12.9 3.1 12 2 12Z"
                fill="#73848C"
              />
            </svg>
          </button>
          <div
            class="szh-menu-container sc-kDvujY cAxzpo"
            style="position: relative;"
          >
            <ul
              aria-label="Menu"
              class="szh-menu szh-menu--state-closed szh-menu--dir-bottom"
              role="menu"
              style="margin: 0px; display: none; position: absolute; left: 0px; top: 0px;"
              tabindex="-1"
            >
              <div
                style="position: absolute; left: 0px; top: 0px;"
                tabindex="-1"
              />
              <li
                class="szh-menu__item"
                role="menuitem"
                tabindex="-1"
              >
                Pause
              </li>
              <li
                class="szh-menu__item"
                role="menuitem"
                tabindex="-1"
              >
                Restart Connector
              </li>
              <li
                class="szh-menu__item"
                role="menuitem"
                tabindex="-1"
              >
                Restart All Tasks
              </li>
              <li
                class="szh-menu__item"
                role="menuitem"
                tabindex="-1"
              >
                Restart Failed Tasks
              </li>
              <li
                class="szh-menu__item"
                role="menuitem"
                tabindex="-1"
              >
                <div
                  class="sc-csuSiG flNfyw"
                >
                  Delete
                </div>
              </li>
            </ul>
          </div>
        </div>
      </div>
    </div>
  </div>
</body>
    at Object.getElementError (/Users/davitbejanyan/Desktop/kafka-ui/kafka-ui-react-app/node_modules/.pnpm/@testing-library+dom@8.19.0/node_modules/@testing-library/dom/dist/config.js:40:19)
    at /Users/davitbejanyan/Desktop/kafka-ui/kafka-ui-react-app/node_modules/.pnpm/@testing-library+dom@8.19.0/node_modules/@testing-library/dom/dist/query-helpers.js:90:38
    at /Users/davitbejanyan/Desktop/kafka-ui/kafka-ui-react-app/node_modules/.pnpm/@testing-library+dom@8.19.0/node_modules/@testing-library/dom/dist/query-helpers.js:62:17
    at /Users/davitbejanyan/Desktop/kafka-ui/kafka-ui-react-app/node_modules/.pnpm/@testing-library+dom@8.19.0/node_modules/@testing-library/dom/dist/query-helpers.js:111:19
    at Object.getByRole (/Users/davitbejanyan/Desktop/kafka-ui/kafka-ui-react-app/src/components/Connect/Details/Actions/__tests__/Actions.spec.tsx:164:18)
    at Promise.then.completed (/Users/davitbejanyan/Desktop/kafka-ui/kafka-ui-react-app/node_modules/.pnpm/jest-circus@29.1.2/node_modules/jest-circus/build/utils.js:333:28)
    at new Promise (<anonymous>)
    at callAsyncCircusFn (/Users/davitbejanyan/Desktop/kafka-ui/kafka-ui-react-app/node_modules/.pnpm/jest-circus@29.1.2/node_modules/jest-circus/build/utils.js:259:10)
    at _callCircusTest (/Users/davitbejanyan/Desktop/kafka-ui/kafka-ui-react-app/node_modules/.pnpm/jest-circus@29.1.2/node_modules/jest-circus/build/run.js:277:40)
    at _runTest (/Users/davitbejanyan/Desktop/kafka-ui/kafka-ui-react-app/node_modules/.pnpm/jest-circus@29.1.2/node_modules/jest-circus/build/run.js:209:3)
    at _runTestsForDescribeBlock (/Users/davitbejanyan/Desktop/kafka-ui/kafka-ui-react-app/node_modules/.pnpm/jest-circus@29.1.2/node_modules/jest-circus/build/run.js:97:9)
    at _runTestsForDescribeBlock (/Users/davitbejanyan/Desktop/kafka-ui/kafka-ui-react-app/node_modules/.pnpm/jest-circus@29.1.2/node_modules/jest-circus/build/run.js:91:9)
    at _runTestsForDescribeBlock (/Users/davitbejanyan/Desktop/kafka-ui/kafka-ui-react-app/node_modules/.pnpm/jest-circus@29.1.2/node_modules/jest-circus/build/run.js:91:9)
    at _runTestsForDescribeBlock (/Users/davitbejanyan/Desktop/kafka-ui/kafka-ui-react-app/node_modules/.pnpm/jest-circus@29.1.2/node_modules/jest-circus/build/run.js:91:9)
    at run (/Users/davitbejanyan/Desktop/kafka-ui/kafka-ui-react-app/node_modules/.pnpm/jest-circus@29.1.2/node_modules/jest-circus/build/run.js:31:3)
    at runAndTransformResultsToJestFormat (/Users/davitbejanyan/Desktop/kafka-ui/kafka-ui-react-app/node_modules/.pnpm/jest-circus@29.1.2/node_modules/jest-circus/build/legacy-code-todo-rewrite/jestAdapterInit.js:136:21)
    at jestAdapter (/Users/davitbejanyan/Desktop/kafka-ui/kafka-ui-react-app/node_modules/.pnpm/jest-circus@29.1.2/node_modules/jest-circus/build/legacy-code-todo-rewrite/jestAdapter.js:92:19)
    at runTestInternal (/Users/davitbejanyan/Desktop/kafka-ui/kafka-ui-react-app/node_modules/.pnpm/jest-runner@29.1.2/node_modules/jest-runner/build/runTest.js:407:16)
    at runTest (/Users/davitbejanyan/Desktop/kafka-ui/kafka-ui-react-app/node_modules/.pnpm/jest-runner@29.1.2/node_modules/jest-runner/build/runTest.js:491:34)
    at Object.worker (/Users/davitbejanyan/Desktop/kafka-ui/kafka-ui-react-app/node_modules/.pnpm/jest-runner@29.1.2/node_modules/jest-runner/build/testWorker.js:133:12)]]></failure>
    </testCase>
    <testCase name="Actions view mutations calls pauseConnector when pause button clicked" duration="96">
      <failure message="TestingLibraryElementError: Unable to find an accessible element with the role &quot;menuitem&quot; and name &quot;Pause&quot;"><![CDATA[TestingLibraryElementError: Unable to find an accessible element with the role "menuitem" and name "Pause"

Here are the accessible roles:

  button:

  Name "Dropdown Toggle":
  <button
    aria-label="Dropdown Toggle"
    class="sc-ipEyDJ UrMLB"
  />

  --------------------------------------------------

Ignored nodes: comments, script, style
<body>
  <div>
    <div>
      <div
        class="sc-ksBlkl jHOvjB"
      >
        <div
          class="sc-bqWxrE sSVaJ"
        >
          <button
            aria-label="Dropdown Toggle"
            class="sc-ipEyDJ UrMLB"
          >
            <svg
              fill="none"
              height="16"
              viewBox="0 0 4 16"
              width="4"
              xmlns="http://www.w3.org/2000/svg"
            >
              <path
                d="M2 4C3.1 4 4 3.1 4 2C4 0.9 3.1 0 2 0C0.9 0 0 0.9 0 2C0 3.1 0.9 4 2 4ZM2 6C0.9 6 0 6.9 0 8C0 9.1 0.9 10 2 10C3.1 10 4 9.1 4 8C4 6.9 3.1 6 2 6ZM2 12C0.9 12 0 12.9 0 14C0 15.1 0.9 16 2 16C3.1 16 4 15.1 4 14C4 12.9 3.1 12 2 12Z"
                fill="#73848C"
              />
            </svg>
          </button>
          <div
            class="szh-menu-container sc-kDvujY cAxzpo"
            style="position: relative;"
          >
            <ul
              aria-label="Menu"
              class="szh-menu szh-menu--state-closed szh-menu--dir-bottom"
              role="menu"
              style="margin: 0px; display: none; position: absolute; left: 0px; top: 0px;"
              tabindex="-1"
            >
              <div
                style="position: absolute; left: 0px; top: 0px;"
                tabindex="-1"
              />
              <li
                class="szh-menu__item"
                role="menuitem"
                tabindex="-1"
              >
                Pause
              </li>
              <li
                class="szh-menu__item"
                role="menuitem"
                tabindex="-1"
              >
                Restart Connector
              </li>
              <li
                class="szh-menu__item"
                role="menuitem"
                tabindex="-1"
              >
                Restart All Tasks
              </li>
              <li
                class="szh-menu__item"
                role="menuitem"
                tabindex="-1"
              >
                Restart Failed Tasks
              </li>
              <li
                class="szh-menu__item"
                role="menuitem"
                tabindex="-1"
              >
                <div
                  class="sc-csuSiG flNfyw"
                >
                  Delete
                </div>
              </li>
            </ul>
          </div>
        </div>
      </div>
    </div>
  </div>
</body>
    at Object.getElementError (/Users/davitbejanyan/Desktop/kafka-ui/kafka-ui-react-app/node_modules/.pnpm/@testing-library+dom@8.19.0/node_modules/@testing-library/dom/dist/config.js:40:19)
    at /Users/davitbejanyan/Desktop/kafka-ui/kafka-ui-react-app/node_modules/.pnpm/@testing-library+dom@8.19.0/node_modules/@testing-library/dom/dist/query-helpers.js:90:38
    at /Users/davitbejanyan/Desktop/kafka-ui/kafka-ui-react-app/node_modules/.pnpm/@testing-library+dom@8.19.0/node_modules/@testing-library/dom/dist/query-helpers.js:62:17
    at /Users/davitbejanyan/Desktop/kafka-ui/kafka-ui-react-app/node_modules/.pnpm/@testing-library+dom@8.19.0/node_modules/@testing-library/dom/dist/query-helpers.js:111:19
    at Object.getByRole (/Users/davitbejanyan/Desktop/kafka-ui/kafka-ui-react-app/src/components/Connect/Details/Actions/__tests__/Actions.spec.tsx:178:32)
    at Promise.then.completed (/Users/davitbejanyan/Desktop/kafka-ui/kafka-ui-react-app/node_modules/.pnpm/jest-circus@29.1.2/node_modules/jest-circus/build/utils.js:333:28)
    at new Promise (<anonymous>)
    at callAsyncCircusFn (/Users/davitbejanyan/Desktop/kafka-ui/kafka-ui-react-app/node_modules/.pnpm/jest-circus@29.1.2/node_modules/jest-circus/build/utils.js:259:10)
    at _callCircusTest (/Users/davitbejanyan/Desktop/kafka-ui/kafka-ui-react-app/node_modules/.pnpm/jest-circus@29.1.2/node_modules/jest-circus/build/run.js:277:40)
    at _runTest (/Users/davitbejanyan/Desktop/kafka-ui/kafka-ui-react-app/node_modules/.pnpm/jest-circus@29.1.2/node_modules/jest-circus/build/run.js:209:3)
    at _runTestsForDescribeBlock (/Users/davitbejanyan/Desktop/kafka-ui/kafka-ui-react-app/node_modules/.pnpm/jest-circus@29.1.2/node_modules/jest-circus/build/run.js:97:9)
    at _runTestsForDescribeBlock (/Users/davitbejanyan/Desktop/kafka-ui/kafka-ui-react-app/node_modules/.pnpm/jest-circus@29.1.2/node_modules/jest-circus/build/run.js:91:9)
    at _runTestsForDescribeBlock (/Users/davitbejanyan/Desktop/kafka-ui/kafka-ui-react-app/node_modules/.pnpm/jest-circus@29.1.2/node_modules/jest-circus/build/run.js:91:9)
    at _runTestsForDescribeBlock (/Users/davitbejanyan/Desktop/kafka-ui/kafka-ui-react-app/node_modules/.pnpm/jest-circus@29.1.2/node_modules/jest-circus/build/run.js:91:9)
    at run (/Users/davitbejanyan/Desktop/kafka-ui/kafka-ui-react-app/node_modules/.pnpm/jest-circus@29.1.2/node_modules/jest-circus/build/run.js:31:3)
    at runAndTransformResultsToJestFormat (/Users/davitbejanyan/Desktop/kafka-ui/kafka-ui-react-app/node_modules/.pnpm/jest-circus@29.1.2/node_modules/jest-circus/build/legacy-code-todo-rewrite/jestAdapterInit.js:136:21)
    at jestAdapter (/Users/davitbejanyan/Desktop/kafka-ui/kafka-ui-react-app/node_modules/.pnpm/jest-circus@29.1.2/node_modules/jest-circus/build/legacy-code-todo-rewrite/jestAdapter.js:92:19)
    at runTestInternal (/Users/davitbejanyan/Desktop/kafka-ui/kafka-ui-react-app/node_modules/.pnpm/jest-runner@29.1.2/node_modules/jest-runner/build/runTest.js:407:16)
    at runTest (/Users/davitbejanyan/Desktop/kafka-ui/kafka-ui-react-app/node_modules/.pnpm/jest-runner@29.1.2/node_modules/jest-runner/build/runTest.js:491:34)
    at Object.worker (/Users/davitbejanyan/Desktop/kafka-ui/kafka-ui-react-app/node_modules/.pnpm/jest-runner@29.1.2/node_modules/jest-runner/build/testWorker.js:133:12)]]></failure>
    </testCase>
    <testCase name="Actions view mutations calls resumeConnector when resume button clicked" duration="80">
      <failure message="TestingLibraryElementError: Unable to find an accessible element with the role &quot;menuitem&quot; and name &quot;Resume&quot;"><![CDATA[TestingLibraryElementError: Unable to find an accessible element with the role "menuitem" and name "Resume"

Here are the accessible roles:

  button:

  Name "Dropdown Toggle":
  <button
    aria-label="Dropdown Toggle"
    class="sc-ipEyDJ UrMLB"
  />

  --------------------------------------------------

Ignored nodes: comments, script, style
<body>
  <div>
    <div>
      <div
        class="sc-ksBlkl jHOvjB"
      >
        <div
          class="sc-bqWxrE sSVaJ"
        >
          <button
            aria-label="Dropdown Toggle"
            class="sc-ipEyDJ UrMLB"
          >
            <svg
              fill="none"
              height="16"
              viewBox="0 0 4 16"
              width="4"
              xmlns="http://www.w3.org/2000/svg"
            >
              <path
                d="M2 4C3.1 4 4 3.1 4 2C4 0.9 3.1 0 2 0C0.9 0 0 0.9 0 2C0 3.1 0.9 4 2 4ZM2 6C0.9 6 0 6.9 0 8C0 9.1 0.9 10 2 10C3.1 10 4 9.1 4 8C4 6.9 3.1 6 2 6ZM2 12C0.9 12 0 12.9 0 14C0 15.1 0.9 16 2 16C3.1 16 4 15.1 4 14C4 12.9 3.1 12 2 12Z"
                fill="#73848C"
              />
            </svg>
          </button>
          <div
            class="szh-menu-container sc-kDvujY cAxzpo"
            style="position: relative;"
          >
            <ul
              aria-label="Menu"
              class="szh-menu szh-menu--state-closed szh-menu--dir-bottom"
              role="menu"
              style="margin: 0px; display: none; position: absolute; left: 0px; top: 0px;"
              tabindex="-1"
            >
              <div
                style="position: absolute; left: 0px; top: 0px;"
                tabindex="-1"
              />
              <li
                class="szh-menu__item"
                role="menuitem"
                tabindex="-1"
              >
                Resume
              </li>
              <li
                class="szh-menu__item"
                role="menuitem"
                tabindex="-1"
              >
                Restart Connector
              </li>
              <li
                class="szh-menu__item"
                role="menuitem"
                tabindex="-1"
              >
                Restart All Tasks
              </li>
              <li
                class="szh-menu__item"
                role="menuitem"
                tabindex="-1"
              >
                Restart Failed Tasks
              </li>
              <li
                class="szh-menu__item"
                role="menuitem"
                tabindex="-1"
              >
                <div
                  class="sc-csuSiG flNfyw"
                >
                  Delete
                </div>
              </li>
            </ul>
          </div>
        </div>
      </div>
    </div>
  </div>
</body>
    at Object.getElementError (/Users/davitbejanyan/Desktop/kafka-ui/kafka-ui-react-app/node_modules/.pnpm/@testing-library+dom@8.19.0/node_modules/@testing-library/dom/dist/config.js:40:19)
    at /Users/davitbejanyan/Desktop/kafka-ui/kafka-ui-react-app/node_modules/.pnpm/@testing-library+dom@8.19.0/node_modules/@testing-library/dom/dist/query-helpers.js:90:38
    at /Users/davitbejanyan/Desktop/kafka-ui/kafka-ui-react-app/node_modules/.pnpm/@testing-library+dom@8.19.0/node_modules/@testing-library/dom/dist/query-helpers.js:62:17
    at /Users/davitbejanyan/Desktop/kafka-ui/kafka-ui-react-app/node_modules/.pnpm/@testing-library+dom@8.19.0/node_modules/@testing-library/dom/dist/query-helpers.js:111:19
    at Object.getByRole (/Users/davitbejanyan/Desktop/kafka-ui/kafka-ui-react-app/src/components/Connect/Details/Actions/__tests__/Actions.spec.tsx:192:32)
    at Promise.then.completed (/Users/davitbejanyan/Desktop/kafka-ui/kafka-ui-react-app/node_modules/.pnpm/jest-circus@29.1.2/node_modules/jest-circus/build/utils.js:333:28)
    at new Promise (<anonymous>)
    at callAsyncCircusFn (/Users/davitbejanyan/Desktop/kafka-ui/kafka-ui-react-app/node_modules/.pnpm/jest-circus@29.1.2/node_modules/jest-circus/build/utils.js:259:10)
    at _callCircusTest (/Users/davitbejanyan/Desktop/kafka-ui/kafka-ui-react-app/node_modules/.pnpm/jest-circus@29.1.2/node_modules/jest-circus/build/run.js:277:40)
    at _runTest (/Users/davitbejanyan/Desktop/kafka-ui/kafka-ui-react-app/node_modules/.pnpm/jest-circus@29.1.2/node_modules/jest-circus/build/run.js:209:3)
    at _runTestsForDescribeBlock (/Users/davitbejanyan/Desktop/kafka-ui/kafka-ui-react-app/node_modules/.pnpm/jest-circus@29.1.2/node_modules/jest-circus/build/run.js:97:9)
    at _runTestsForDescribeBlock (/Users/davitbejanyan/Desktop/kafka-ui/kafka-ui-react-app/node_modules/.pnpm/jest-circus@29.1.2/node_modules/jest-circus/build/run.js:91:9)
    at _runTestsForDescribeBlock (/Users/davitbejanyan/Desktop/kafka-ui/kafka-ui-react-app/node_modules/.pnpm/jest-circus@29.1.2/node_modules/jest-circus/build/run.js:91:9)
    at _runTestsForDescribeBlock (/Users/davitbejanyan/Desktop/kafka-ui/kafka-ui-react-app/node_modules/.pnpm/jest-circus@29.1.2/node_modules/jest-circus/build/run.js:91:9)
    at run (/Users/davitbejanyan/Desktop/kafka-ui/kafka-ui-react-app/node_modules/.pnpm/jest-circus@29.1.2/node_modules/jest-circus/build/run.js:31:3)
    at runAndTransformResultsToJestFormat (/Users/davitbejanyan/Desktop/kafka-ui/kafka-ui-react-app/node_modules/.pnpm/jest-circus@29.1.2/node_modules/jest-circus/build/legacy-code-todo-rewrite/jestAdapterInit.js:136:21)
    at jestAdapter (/Users/davitbejanyan/Desktop/kafka-ui/kafka-ui-react-app/node_modules/.pnpm/jest-circus@29.1.2/node_modules/jest-circus/build/legacy-code-todo-rewrite/jestAdapter.js:92:19)
    at runTestInternal (/Users/davitbejanyan/Desktop/kafka-ui/kafka-ui-react-app/node_modules/.pnpm/jest-runner@29.1.2/node_modules/jest-runner/build/runTest.js:407:16)
    at runTest (/Users/davitbejanyan/Desktop/kafka-ui/kafka-ui-react-app/node_modules/.pnpm/jest-runner@29.1.2/node_modules/jest-runner/build/runTest.js:491:34)
    at Object.worker (/Users/davitbejanyan/Desktop/kafka-ui/kafka-ui-react-app/node_modules/.pnpm/jest-runner@29.1.2/node_modules/jest-runner/build/testWorker.js:133:12)]]></failure>
    </testCase>
  </file>
  <file path="/Users/davitbejanyan/Desktop/kafka-ui/kafka-ui-react-app/src/components/ConsumerGroups/Details/ResetOffsets/__test__/ResetOffsets.spec.tsx">
    <testCase name="ResetOffsets renders progress bar for initial state" duration="63"/>
    <testCase name="ResetOffsets with consumer group submit handles resetConsumerGroupOffsets calls resetConsumerGroupOffsets with EARLIEST" duration="315"/>
    <testCase name="ResetOffsets with consumer group submit handles resetConsumerGroupOffsets calls resetConsumerGroupOffsets with LATEST" duration="96">
      <failure message="TestingLibraryElementError: Unable to find an element with the text: LATEST. This could be because the text is broken up by multiple elements. In this case, you can provide a function for your text matcher to make your matcher more flexible."><![CDATA[TestingLibraryElementError: Unable to find an element with the text: LATEST. This could be because the text is broken up by multiple elements. In this case, you can provide a function for your text matcher to make your matcher more flexible.

Ignored nodes: comments, script, style
<body>
  <div>
    <div>
      <div
        class="sc-fLcnxK kyqFIT"
      >
        <div
          class="sc-dmctIk blXmkw"
        >
          <a
            aria-current="page"
            class="sc-kgTSHT fLueHC active"
            href="/ui/clusters/cluster1/consumer-groups"
          >
            Consumers
          </a>
          <h1
            class="sc-hHTYSt iGdNlc"
          >
            Reset offsets
          </h1>
        </div>
        <div />
      </div>
      <div
        class="sc-bBABsx eOelqf"
      >
        <form>
          <div
            class="sc-iveFHk cNQwde"
          >
            <div>
              <label
                class="sc-fEXmlR eBYIXq"
                id="topicLabel"
              >
                Topic
              </label>
              <div>
                <ul
                  aria-labelledby="topicLabel"
                  class="sc-csuSiG kecMQs"
                  id="topic"
                  name="topic"
                  role="listbox"
                >
                  <li
                    class="sc-ksBlkl eCPFGV"
                    role="option"
                    tabindex="0"
                  >
                    __amazon_msk_canary
                  </li>
                  <svg
                    color="#ABB5BA"
                    fill="none"
                    height="24"
                    stroke="currentColor"
                    stroke-width="2"
                    style="position: absolute; right: 5px;"
                    transform=""
                    width="24"
                  >
                    <path
                      d="M6 9L12 15 18 9"
                    />
                  </svg>
                </ul>
              </div>
            </div>
            <div>
              <label
                class="sc-fEXmlR eBYIXq"
                id="resetTypeLabel"
              >
                Reset Type
              </label>
              <div>
                <ul
                  aria-labelledby="resetTypeLabel"
                  class="sc-csuSiG kecMQs"
                  id="resetType"
                  name="resetType"
                  role="listbox"
                >
                  <li
                    class="sc-ksBlkl eCPFGV"
                    role="option"
                    tabindex="0"
                  >
                    EARLIEST
                  </li>
                  <svg
                    color="#ABB5BA"
                    fill="none"
                    height="24"
                    stroke="currentColor"
                    stroke-width="2"
                    style="position: absolute; right: 5px;"
                    transform=""
                    width="24"
                  >
                    <path
                      d="M6 9L12 15 18 9"
                    />
                  </svg>
                </ul>
              </div>
            </div>
            <div>
              <label
                class="sc-fEXmlR eBYIXq"
              >
                Partitions
              </label>
              <div
                class="rmsc multi-select"
              >
                <div
                  aria-labelledby="Select partitions"
                  aria-readonly="true"
                  class="dropdown-container"
                  tabindex="0"
                >
                  <div
                    class="dropdown-heading"
                  >
                    <div
                      class="dropdown-heading-value"
                    >
                      <span
                        class="gray"
                      >
                        Select...
                      </span>
                    </div>
                    <svg
                      class="dropdown-heading-dropdown-arrow gray"
                      fill="none"
                      height="24"
                      stroke="currentColor"
                      stroke-width="2"
                      width="24"
                    >
                      <path
                        d="M6 9L12 15 18 9"
                      />
                    </svg>
                  </div>
                </div>
              </div>
            </div>
          </div>
          <button
            class="sc-eDvSVe bfGLck"
            disabled=""
            type="submit"
          >
            Submit
          </button>
        </form>
      </div>
    </div>
  </div>
</body>
    at Object.getElementError (/Users/davitbejanyan/Desktop/kafka-ui/kafka-ui-react-app/node_modules/.pnpm/@testing-library+dom@8.19.0/node_modules/@testing-library/dom/dist/config.js:40:19)
    at /Users/davitbejanyan/Desktop/kafka-ui/kafka-ui-react-app/node_modules/.pnpm/@testing-library+dom@8.19.0/node_modules/@testing-library/dom/dist/query-helpers.js:90:38
    at /Users/davitbejanyan/Desktop/kafka-ui/kafka-ui-react-app/node_modules/.pnpm/@testing-library+dom@8.19.0/node_modules/@testing-library/dom/dist/query-helpers.js:130:15
    at getAllByText (/Users/davitbejanyan/Desktop/kafka-ui/kafka-ui-react-app/src/components/ConsumerGroups/Details/ResetOffsets/__test__/ResetOffsets.spec.tsx:49:26)
    at tryCatch (/Users/davitbejanyan/Desktop/kafka-ui/kafka-ui-react-app/src/components/ConsumerGroups/Details/ResetOffsets/__test__/ResetOffsets.spec.tsx:2:1)
    at Generator._invoke (/Users/davitbejanyan/Desktop/kafka-ui/kafka-ui-react-app/src/components/ConsumerGroups/Details/ResetOffsets/__test__/ResetOffsets.spec.tsx:2:1)
    at Generator.next (/Users/davitbejanyan/Desktop/kafka-ui/kafka-ui-react-app/src/components/ConsumerGroups/Details/ResetOffsets/__test__/ResetOffsets.spec.tsx:2:1)
    at asyncGeneratorStep (/Users/davitbejanyan/Desktop/kafka-ui/kafka-ui-react-app/src/components/ConsumerGroups/Details/ResetOffsets/__test__/ResetOffsets.spec.tsx:2:1)
    at _next (/Users/davitbejanyan/Desktop/kafka-ui/kafka-ui-react-app/src/components/ConsumerGroups/Details/ResetOffsets/__test__/ResetOffsets.spec.tsx:2:1)
    at /Users/davitbejanyan/Desktop/kafka-ui/kafka-ui-react-app/src/components/ConsumerGroups/Details/ResetOffsets/__test__/ResetOffsets.spec.tsx:2:1
    at new Promise (<anonymous>)
    at /Users/davitbejanyan/Desktop/kafka-ui/kafka-ui-react-app/src/components/ConsumerGroups/Details/ResetOffsets/__test__/ResetOffsets.spec.tsx:2:1
    at resetConsumerGroupOffsetsWith (/Users/davitbejanyan/Desktop/kafka-ui/kafka-ui-react-app/src/components/ConsumerGroups/Details/ResetOffsets/__test__/ResetOffsets.spec.tsx:44:36)
    at resetConsumerGroupOffsetsWith (/Users/davitbejanyan/Desktop/kafka-ui/kafka-ui-react-app/src/components/ConsumerGroups/Details/ResetOffsets/__test__/ResetOffsets.spec.tsx:103:15)
    at tryCatch (/Users/davitbejanyan/Desktop/kafka-ui/kafka-ui-react-app/src/components/ConsumerGroups/Details/ResetOffsets/__test__/ResetOffsets.spec.tsx:2:1)
    at Generator._invoke (/Users/davitbejanyan/Desktop/kafka-ui/kafka-ui-react-app/src/components/ConsumerGroups/Details/ResetOffsets/__test__/ResetOffsets.spec.tsx:2:1)
    at Generator.next (/Users/davitbejanyan/Desktop/kafka-ui/kafka-ui-react-app/src/components/ConsumerGroups/Details/ResetOffsets/__test__/ResetOffsets.spec.tsx:2:1)
    at asyncGeneratorStep (/Users/davitbejanyan/Desktop/kafka-ui/kafka-ui-react-app/src/components/ConsumerGroups/Details/ResetOffsets/__test__/ResetOffsets.spec.tsx:2:1)
    at _next (/Users/davitbejanyan/Desktop/kafka-ui/kafka-ui-react-app/src/components/ConsumerGroups/Details/ResetOffsets/__test__/ResetOffsets.spec.tsx:2:1)
    at /Users/davitbejanyan/Desktop/kafka-ui/kafka-ui-react-app/src/components/ConsumerGroups/Details/ResetOffsets/__test__/ResetOffsets.spec.tsx:2:1
    at new Promise (<anonymous>)
    at Object.<anonymous> (/Users/davitbejanyan/Desktop/kafka-ui/kafka-ui-react-app/src/components/ConsumerGroups/Details/ResetOffsets/__test__/ResetOffsets.spec.tsx:2:1)
    at Promise.then.completed (/Users/davitbejanyan/Desktop/kafka-ui/kafka-ui-react-app/node_modules/.pnpm/jest-circus@29.1.2/node_modules/jest-circus/build/utils.js:333:28)
    at new Promise (<anonymous>)
    at callAsyncCircusFn (/Users/davitbejanyan/Desktop/kafka-ui/kafka-ui-react-app/node_modules/.pnpm/jest-circus@29.1.2/node_modules/jest-circus/build/utils.js:259:10)
    at _callCircusTest (/Users/davitbejanyan/Desktop/kafka-ui/kafka-ui-react-app/node_modules/.pnpm/jest-circus@29.1.2/node_modules/jest-circus/build/run.js:277:40)
    at _runTest (/Users/davitbejanyan/Desktop/kafka-ui/kafka-ui-react-app/node_modules/.pnpm/jest-circus@29.1.2/node_modules/jest-circus/build/run.js:209:3)
    at _runTestsForDescribeBlock (/Users/davitbejanyan/Desktop/kafka-ui/kafka-ui-react-app/node_modules/.pnpm/jest-circus@29.1.2/node_modules/jest-circus/build/run.js:97:9)
    at _runTestsForDescribeBlock (/Users/davitbejanyan/Desktop/kafka-ui/kafka-ui-react-app/node_modules/.pnpm/jest-circus@29.1.2/node_modules/jest-circus/build/run.js:91:9)
    at _runTestsForDescribeBlock (/Users/davitbejanyan/Desktop/kafka-ui/kafka-ui-react-app/node_modules/.pnpm/jest-circus@29.1.2/node_modules/jest-circus/build/run.js:91:9)
    at _runTestsForDescribeBlock (/Users/davitbejanyan/Desktop/kafka-ui/kafka-ui-react-app/node_modules/.pnpm/jest-circus@29.1.2/node_modules/jest-circus/build/run.js:91:9)
    at run (/Users/davitbejanyan/Desktop/kafka-ui/kafka-ui-react-app/node_modules/.pnpm/jest-circus@29.1.2/node_modules/jest-circus/build/run.js:31:3)
    at runAndTransformResultsToJestFormat (/Users/davitbejanyan/Desktop/kafka-ui/kafka-ui-react-app/node_modules/.pnpm/jest-circus@29.1.2/node_modules/jest-circus/build/legacy-code-todo-rewrite/jestAdapterInit.js:136:21)
    at jestAdapter (/Users/davitbejanyan/Desktop/kafka-ui/kafka-ui-react-app/node_modules/.pnpm/jest-circus@29.1.2/node_modules/jest-circus/build/legacy-code-todo-rewrite/jestAdapter.js:92:19)
    at runTestInternal (/Users/davitbejanyan/Desktop/kafka-ui/kafka-ui-react-app/node_modules/.pnpm/jest-runner@29.1.2/node_modules/jest-runner/build/runTest.js:407:16)
    at runTest (/Users/davitbejanyan/Desktop/kafka-ui/kafka-ui-react-app/node_modules/.pnpm/jest-runner@29.1.2/node_modules/jest-runner/build/runTest.js:491:34)
    at Object.worker (/Users/davitbejanyan/Desktop/kafka-ui/kafka-ui-react-app/node_modules/.pnpm/jest-runner@29.1.2/node_modules/jest-runner/build/testWorker.js:133:12)]]></failure>
    </testCase>
    <testCase name="ResetOffsets with consumer group submit handles resetConsumerGroupOffsets calls resetConsumerGroupOffsets with OFFSET" duration="41">
      <failure message="TestingLibraryElementError: Unable to find an element with the text: OFFSET. This could be because the text is broken up by multiple elements. In this case, you can provide a function for your text matcher to make your matcher more flexible."><![CDATA[TestingLibraryElementError: Unable to find an element with the text: OFFSET. This could be because the text is broken up by multiple elements. In this case, you can provide a function for your text matcher to make your matcher more flexible.

Ignored nodes: comments, script, style
<body>
  <div>
    <div>
      <div
        class="sc-fLcnxK kyqFIT"
      >
        <div
          class="sc-dmctIk blXmkw"
        >
          <a
            aria-current="page"
            class="sc-kgTSHT fLueHC active"
            href="/ui/clusters/cluster1/consumer-groups"
          >
            Consumers
          </a>
          <h1
            class="sc-hHTYSt iGdNlc"
          >
            Reset offsets
          </h1>
        </div>
        <div />
      </div>
      <div
        class="sc-bBABsx eOelqf"
      >
        <form>
          <div
            class="sc-iveFHk cNQwde"
          >
            <div>
              <label
                class="sc-fEXmlR eBYIXq"
                id="topicLabel"
              >
                Topic
              </label>
              <div>
                <ul
                  aria-labelledby="topicLabel"
                  class="sc-csuSiG kecMQs"
                  id="topic"
                  name="topic"
                  role="listbox"
                >
                  <li
                    class="sc-ksBlkl eCPFGV"
                    role="option"
                    tabindex="0"
                  >
                    __amazon_msk_canary
                  </li>
                  <svg
                    color="#ABB5BA"
                    fill="none"
                    height="24"
                    stroke="currentColor"
                    stroke-width="2"
                    style="position: absolute; right: 5px;"
                    transform=""
                    width="24"
                  >
                    <path
                      d="M6 9L12 15 18 9"
                    />
                  </svg>
                </ul>
              </div>
            </div>
            <div>
              <label
                class="sc-fEXmlR eBYIXq"
                id="resetTypeLabel"
              >
                Reset Type
              </label>
              <div>
                <ul
                  aria-labelledby="resetTypeLabel"
                  class="sc-csuSiG kecMQs"
                  id="resetType"
                  name="resetType"
                  role="listbox"
                >
                  <li
                    class="sc-ksBlkl eCPFGV"
                    role="option"
                    tabindex="0"
                  >
                    EARLIEST
                  </li>
                  <svg
                    color="#ABB5BA"
                    fill="none"
                    height="24"
                    stroke="currentColor"
                    stroke-width="2"
                    style="position: absolute; right: 5px;"
                    transform=""
                    width="24"
                  >
                    <path
                      d="M6 9L12 15 18 9"
                    />
                  </svg>
                </ul>
              </div>
            </div>
            <div>
              <label
                class="sc-fEXmlR eBYIXq"
              >
                Partitions
              </label>
              <div
                class="rmsc multi-select"
              >
                <div
                  aria-labelledby="Select partitions"
                  aria-readonly="true"
                  class="dropdown-container"
                  tabindex="0"
                >
                  <div
                    class="dropdown-heading"
                  >
                    <div
                      class="dropdown-heading-value"
                    >
                      <span
                        class="gray"
                      >
                        Select...
                      </span>
                    </div>
                    <svg
                      class="dropdown-heading-dropdown-arrow gray"
                      fill="none"
                      height="24"
                      stroke="currentColor"
                      stroke-width="2"
                      width="24"
                    >
                      <path
                        d="M6 9L12 15 18 9"
                      />
                    </svg>
                  </div>
                </div>
              </div>
            </div>
          </div>
          <button
            class="sc-eDvSVe bfGLck"
            disabled=""
            type="submit"
          >
            Submit
          </button>
        </form>
      </div>
    </div>
  </div>
</body>
    at Object.getElementError (/Users/davitbejanyan/Desktop/kafka-ui/kafka-ui-react-app/node_modules/.pnpm/@testing-library+dom@8.19.0/node_modules/@testing-library/dom/dist/config.js:40:19)
    at /Users/davitbejanyan/Desktop/kafka-ui/kafka-ui-react-app/node_modules/.pnpm/@testing-library+dom@8.19.0/node_modules/@testing-library/dom/dist/query-helpers.js:90:38
    at /Users/davitbejanyan/Desktop/kafka-ui/kafka-ui-react-app/node_modules/.pnpm/@testing-library+dom@8.19.0/node_modules/@testing-library/dom/dist/query-helpers.js:62:17
    at /Users/davitbejanyan/Desktop/kafka-ui/kafka-ui-react-app/node_modules/.pnpm/@testing-library+dom@8.19.0/node_modules/@testing-library/dom/dist/query-helpers.js:111:19
    at getByText (/Users/davitbejanyan/Desktop/kafka-ui/kafka-ui-react-app/src/components/ConsumerGroups/Details/ResetOffsets/__test__/ResetOffsets.spec.tsx:37:26)
    at tryCatch (/Users/davitbejanyan/Desktop/kafka-ui/kafka-ui-react-app/src/components/ConsumerGroups/Details/ResetOffsets/__test__/ResetOffsets.spec.tsx:2:1)
    at Generator._invoke (/Users/davitbejanyan/Desktop/kafka-ui/kafka-ui-react-app/src/components/ConsumerGroups/Details/ResetOffsets/__test__/ResetOffsets.spec.tsx:2:1)
    at Generator.next (/Users/davitbejanyan/Desktop/kafka-ui/kafka-ui-react-app/src/components/ConsumerGroups/Details/ResetOffsets/__test__/ResetOffsets.spec.tsx:2:1)
    at asyncGeneratorStep (/Users/davitbejanyan/Desktop/kafka-ui/kafka-ui-react-app/src/components/ConsumerGroups/Details/ResetOffsets/__test__/ResetOffsets.spec.tsx:2:1)
    at _next (/Users/davitbejanyan/Desktop/kafka-ui/kafka-ui-react-app/src/components/ConsumerGroups/Details/ResetOffsets/__test__/ResetOffsets.spec.tsx:2:1)
    at /Users/davitbejanyan/Desktop/kafka-ui/kafka-ui-react-app/src/components/ConsumerGroups/Details/ResetOffsets/__test__/ResetOffsets.spec.tsx:2:1
    at new Promise (<anonymous>)
    at /Users/davitbejanyan/Desktop/kafka-ui/kafka-ui-react-app/src/components/ConsumerGroups/Details/ResetOffsets/__test__/ResetOffsets.spec.tsx:2:1
    at selectresetTypeAndPartitions (/Users/davitbejanyan/Desktop/kafka-ui/kafka-ui-react-app/src/components/ConsumerGroups/Details/ResetOffsets/__test__/ResetOffsets.spec.tsx:35:35)
    at selectresetTypeAndPartitions (/Users/davitbejanyan/Desktop/kafka-ui/kafka-ui-react-app/src/components/ConsumerGroups/Details/ResetOffsets/__test__/ResetOffsets.spec.tsx:106:15)
    at tryCatch (/Users/davitbejanyan/Desktop/kafka-ui/kafka-ui-react-app/src/components/ConsumerGroups/Details/ResetOffsets/__test__/ResetOffsets.spec.tsx:2:1)
    at Generator._invoke (/Users/davitbejanyan/Desktop/kafka-ui/kafka-ui-react-app/src/components/ConsumerGroups/Details/ResetOffsets/__test__/ResetOffsets.spec.tsx:2:1)
    at Generator.next (/Users/davitbejanyan/Desktop/kafka-ui/kafka-ui-react-app/src/components/ConsumerGroups/Details/ResetOffsets/__test__/ResetOffsets.spec.tsx:2:1)
    at asyncGeneratorStep (/Users/davitbejanyan/Desktop/kafka-ui/kafka-ui-react-app/src/components/ConsumerGroups/Details/ResetOffsets/__test__/ResetOffsets.spec.tsx:2:1)
    at _next (/Users/davitbejanyan/Desktop/kafka-ui/kafka-ui-react-app/src/components/ConsumerGroups/Details/ResetOffsets/__test__/ResetOffsets.spec.tsx:2:1)
    at /Users/davitbejanyan/Desktop/kafka-ui/kafka-ui-react-app/src/components/ConsumerGroups/Details/ResetOffsets/__test__/ResetOffsets.spec.tsx:2:1
    at new Promise (<anonymous>)
    at Object.<anonymous> (/Users/davitbejanyan/Desktop/kafka-ui/kafka-ui-react-app/src/components/ConsumerGroups/Details/ResetOffsets/__test__/ResetOffsets.spec.tsx:2:1)
    at Promise.then.completed (/Users/davitbejanyan/Desktop/kafka-ui/kafka-ui-react-app/node_modules/.pnpm/jest-circus@29.1.2/node_modules/jest-circus/build/utils.js:333:28)
    at new Promise (<anonymous>)
    at callAsyncCircusFn (/Users/davitbejanyan/Desktop/kafka-ui/kafka-ui-react-app/node_modules/.pnpm/jest-circus@29.1.2/node_modules/jest-circus/build/utils.js:259:10)
    at _callCircusTest (/Users/davitbejanyan/Desktop/kafka-ui/kafka-ui-react-app/node_modules/.pnpm/jest-circus@29.1.2/node_modules/jest-circus/build/run.js:277:40)
    at _runTest (/Users/davitbejanyan/Desktop/kafka-ui/kafka-ui-react-app/node_modules/.pnpm/jest-circus@29.1.2/node_modules/jest-circus/build/run.js:209:3)
    at _runTestsForDescribeBlock (/Users/davitbejanyan/Desktop/kafka-ui/kafka-ui-react-app/node_modules/.pnpm/jest-circus@29.1.2/node_modules/jest-circus/build/run.js:97:9)
    at _runTestsForDescribeBlock (/Users/davitbejanyan/Desktop/kafka-ui/kafka-ui-react-app/node_modules/.pnpm/jest-circus@29.1.2/node_modules/jest-circus/build/run.js:91:9)
    at _runTestsForDescribeBlock (/Users/davitbejanyan/Desktop/kafka-ui/kafka-ui-react-app/node_modules/.pnpm/jest-circus@29.1.2/node_modules/jest-circus/build/run.js:91:9)
    at _runTestsForDescribeBlock (/Users/davitbejanyan/Desktop/kafka-ui/kafka-ui-react-app/node_modules/.pnpm/jest-circus@29.1.2/node_modules/jest-circus/build/run.js:91:9)
    at run (/Users/davitbejanyan/Desktop/kafka-ui/kafka-ui-react-app/node_modules/.pnpm/jest-circus@29.1.2/node_modules/jest-circus/build/run.js:31:3)
    at runAndTransformResultsToJestFormat (/Users/davitbejanyan/Desktop/kafka-ui/kafka-ui-react-app/node_modules/.pnpm/jest-circus@29.1.2/node_modules/jest-circus/build/legacy-code-todo-rewrite/jestAdapterInit.js:136:21)
    at jestAdapter (/Users/davitbejanyan/Desktop/kafka-ui/kafka-ui-react-app/node_modules/.pnpm/jest-circus@29.1.2/node_modules/jest-circus/build/legacy-code-todo-rewrite/jestAdapter.js:92:19)
    at runTestInternal (/Users/davitbejanyan/Desktop/kafka-ui/kafka-ui-react-app/node_modules/.pnpm/jest-runner@29.1.2/node_modules/jest-runner/build/runTest.js:407:16)
    at runTest (/Users/davitbejanyan/Desktop/kafka-ui/kafka-ui-react-app/node_modules/.pnpm/jest-runner@29.1.2/node_modules/jest-runner/build/runTest.js:491:34)
    at Object.worker (/Users/davitbejanyan/Desktop/kafka-ui/kafka-ui-react-app/node_modules/.pnpm/jest-runner@29.1.2/node_modules/jest-runner/build/testWorker.js:133:12)]]></failure>
    </testCase>
    <testCase name="ResetOffsets with consumer group submit handles resetConsumerGroupOffsets calls resetConsumerGroupOffsets with TIMESTAMP" duration="43">
      <failure message="TestingLibraryElementError: Unable to find an element with the text: TIMESTAMP. This could be because the text is broken up by multiple elements. In this case, you can provide a function for your text matcher to make your matcher more flexible."><![CDATA[TestingLibraryElementError: Unable to find an element with the text: TIMESTAMP. This could be because the text is broken up by multiple elements. In this case, you can provide a function for your text matcher to make your matcher more flexible.

Ignored nodes: comments, script, style
<body>
  <div>
    <div>
      <div
        class="sc-fLcnxK kyqFIT"
      >
        <div
          class="sc-dmctIk blXmkw"
        >
          <a
            aria-current="page"
            class="sc-kgTSHT fLueHC active"
            href="/ui/clusters/cluster1/consumer-groups"
          >
            Consumers
          </a>
          <h1
            class="sc-hHTYSt iGdNlc"
          >
            Reset offsets
          </h1>
        </div>
        <div />
      </div>
      <div
        class="sc-bBABsx eOelqf"
      >
        <form>
          <div
            class="sc-iveFHk cNQwde"
          >
            <div>
              <label
                class="sc-fEXmlR eBYIXq"
                id="topicLabel"
              >
                Topic
              </label>
              <div>
                <ul
                  aria-labelledby="topicLabel"
                  class="sc-csuSiG kecMQs"
                  id="topic"
                  name="topic"
                  role="listbox"
                >
                  <li
                    class="sc-ksBlkl eCPFGV"
                    role="option"
                    tabindex="0"
                  >
                    __amazon_msk_canary
                  </li>
                  <svg
                    color="#ABB5BA"
                    fill="none"
                    height="24"
                    stroke="currentColor"
                    stroke-width="2"
                    style="position: absolute; right: 5px;"
                    transform=""
                    width="24"
                  >
                    <path
                      d="M6 9L12 15 18 9"
                    />
                  </svg>
                </ul>
              </div>
            </div>
            <div>
              <label
                class="sc-fEXmlR eBYIXq"
                id="resetTypeLabel"
              >
                Reset Type
              </label>
              <div>
                <ul
                  aria-labelledby="resetTypeLabel"
                  class="sc-csuSiG kecMQs"
                  id="resetType"
                  name="resetType"
                  role="listbox"
                >
                  <li
                    class="sc-ksBlkl eCPFGV"
                    role="option"
                    tabindex="0"
                  >
                    EARLIEST
                  </li>
                  <svg
                    color="#ABB5BA"
                    fill="none"
                    height="24"
                    stroke="currentColor"
                    stroke-width="2"
                    style="position: absolute; right: 5px;"
                    transform=""
                    width="24"
                  >
                    <path
                      d="M6 9L12 15 18 9"
                    />
                  </svg>
                </ul>
              </div>
            </div>
            <div>
              <label
                class="sc-fEXmlR eBYIXq"
              >
                Partitions
              </label>
              <div
                class="rmsc multi-select"
              >
                <div
                  aria-labelledby="Select partitions"
                  aria-readonly="true"
                  class="dropdown-container"
                  tabindex="0"
                >
                  <div
                    class="dropdown-heading"
                  >
                    <div
                      class="dropdown-heading-value"
                    >
                      <span
                        class="gray"
                      >
                        Select...
                      </span>
                    </div>
                    <svg
                      class="dropdown-heading-dropdown-arrow gray"
                      fill="none"
                      height="24"
                      stroke="currentColor"
                      stroke-width="2"
                      width="24"
                    >
                      <path
                        d="M6 9L12 15 18 9"
                      />
                    </svg>
                  </div>
                </div>
              </div>
            </div>
          </div>
          <button
            class="sc-eDvSVe bfGLck"
            disabled=""
            type="submit"
          >
            Submit
          </button>
        </form>
      </div>
    </div>
  </div>
</body>
    at Object.getElementError (/Users/davitbejanyan/Desktop/kafka-ui/kafka-ui-react-app/node_modules/.pnpm/@testing-library+dom@8.19.0/node_modules/@testing-library/dom/dist/config.js:40:19)
    at /Users/davitbejanyan/Desktop/kafka-ui/kafka-ui-react-app/node_modules/.pnpm/@testing-library+dom@8.19.0/node_modules/@testing-library/dom/dist/query-helpers.js:90:38
    at /Users/davitbejanyan/Desktop/kafka-ui/kafka-ui-react-app/node_modules/.pnpm/@testing-library+dom@8.19.0/node_modules/@testing-library/dom/dist/query-helpers.js:62:17
    at /Users/davitbejanyan/Desktop/kafka-ui/kafka-ui-react-app/node_modules/.pnpm/@testing-library+dom@8.19.0/node_modules/@testing-library/dom/dist/query-helpers.js:111:19
    at getByText (/Users/davitbejanyan/Desktop/kafka-ui/kafka-ui-react-app/src/components/ConsumerGroups/Details/ResetOffsets/__test__/ResetOffsets.spec.tsx:37:26)
    at tryCatch (/Users/davitbejanyan/Desktop/kafka-ui/kafka-ui-react-app/src/components/ConsumerGroups/Details/ResetOffsets/__test__/ResetOffsets.spec.tsx:2:1)
    at Generator._invoke (/Users/davitbejanyan/Desktop/kafka-ui/kafka-ui-react-app/src/components/ConsumerGroups/Details/ResetOffsets/__test__/ResetOffsets.spec.tsx:2:1)
    at Generator.next (/Users/davitbejanyan/Desktop/kafka-ui/kafka-ui-react-app/src/components/ConsumerGroups/Details/ResetOffsets/__test__/ResetOffsets.spec.tsx:2:1)
    at asyncGeneratorStep (/Users/davitbejanyan/Desktop/kafka-ui/kafka-ui-react-app/src/components/ConsumerGroups/Details/ResetOffsets/__test__/ResetOffsets.spec.tsx:2:1)
    at _next (/Users/davitbejanyan/Desktop/kafka-ui/kafka-ui-react-app/src/components/ConsumerGroups/Details/ResetOffsets/__test__/ResetOffsets.spec.tsx:2:1)
    at /Users/davitbejanyan/Desktop/kafka-ui/kafka-ui-react-app/src/components/ConsumerGroups/Details/ResetOffsets/__test__/ResetOffsets.spec.tsx:2:1
    at new Promise (<anonymous>)
    at /Users/davitbejanyan/Desktop/kafka-ui/kafka-ui-react-app/src/components/ConsumerGroups/Details/ResetOffsets/__test__/ResetOffsets.spec.tsx:2:1
    at selectresetTypeAndPartitions (/Users/davitbejanyan/Desktop/kafka-ui/kafka-ui-react-app/src/components/ConsumerGroups/Details/ResetOffsets/__test__/ResetOffsets.spec.tsx:35:35)
    at selectresetTypeAndPartitions (/Users/davitbejanyan/Desktop/kafka-ui/kafka-ui-react-app/src/components/ConsumerGroups/Details/ResetOffsets/__test__/ResetOffsets.spec.tsx:129:15)
    at tryCatch (/Users/davitbejanyan/Desktop/kafka-ui/kafka-ui-react-app/src/components/ConsumerGroups/Details/ResetOffsets/__test__/ResetOffsets.spec.tsx:2:1)
    at Generator._invoke (/Users/davitbejanyan/Desktop/kafka-ui/kafka-ui-react-app/src/components/ConsumerGroups/Details/ResetOffsets/__test__/ResetOffsets.spec.tsx:2:1)
    at Generator.next (/Users/davitbejanyan/Desktop/kafka-ui/kafka-ui-react-app/src/components/ConsumerGroups/Details/ResetOffsets/__test__/ResetOffsets.spec.tsx:2:1)
    at asyncGeneratorStep (/Users/davitbejanyan/Desktop/kafka-ui/kafka-ui-react-app/src/components/ConsumerGroups/Details/ResetOffsets/__test__/ResetOffsets.spec.tsx:2:1)
    at _next (/Users/davitbejanyan/Desktop/kafka-ui/kafka-ui-react-app/src/components/ConsumerGroups/Details/ResetOffsets/__test__/ResetOffsets.spec.tsx:2:1)
    at /Users/davitbejanyan/Desktop/kafka-ui/kafka-ui-react-app/src/components/ConsumerGroups/Details/ResetOffsets/__test__/ResetOffsets.spec.tsx:2:1
    at new Promise (<anonymous>)
    at Object.<anonymous> (/Users/davitbejanyan/Desktop/kafka-ui/kafka-ui-react-app/src/components/ConsumerGroups/Details/ResetOffsets/__test__/ResetOffsets.spec.tsx:2:1)
    at Promise.then.completed (/Users/davitbejanyan/Desktop/kafka-ui/kafka-ui-react-app/node_modules/.pnpm/jest-circus@29.1.2/node_modules/jest-circus/build/utils.js:333:28)
    at new Promise (<anonymous>)
    at callAsyncCircusFn (/Users/davitbejanyan/Desktop/kafka-ui/kafka-ui-react-app/node_modules/.pnpm/jest-circus@29.1.2/node_modules/jest-circus/build/utils.js:259:10)
    at _callCircusTest (/Users/davitbejanyan/Desktop/kafka-ui/kafka-ui-react-app/node_modules/.pnpm/jest-circus@29.1.2/node_modules/jest-circus/build/run.js:277:40)
    at _runTest (/Users/davitbejanyan/Desktop/kafka-ui/kafka-ui-react-app/node_modules/.pnpm/jest-circus@29.1.2/node_modules/jest-circus/build/run.js:209:3)
    at _runTestsForDescribeBlock (/Users/davitbejanyan/Desktop/kafka-ui/kafka-ui-react-app/node_modules/.pnpm/jest-circus@29.1.2/node_modules/jest-circus/build/run.js:97:9)
    at _runTestsForDescribeBlock (/Users/davitbejanyan/Desktop/kafka-ui/kafka-ui-react-app/node_modules/.pnpm/jest-circus@29.1.2/node_modules/jest-circus/build/run.js:91:9)
    at _runTestsForDescribeBlock (/Users/davitbejanyan/Desktop/kafka-ui/kafka-ui-react-app/node_modules/.pnpm/jest-circus@29.1.2/node_modules/jest-circus/build/run.js:91:9)
    at _runTestsForDescribeBlock (/Users/davitbejanyan/Desktop/kafka-ui/kafka-ui-react-app/node_modules/.pnpm/jest-circus@29.1.2/node_modules/jest-circus/build/run.js:91:9)
    at run (/Users/davitbejanyan/Desktop/kafka-ui/kafka-ui-react-app/node_modules/.pnpm/jest-circus@29.1.2/node_modules/jest-circus/build/run.js:31:3)
    at runAndTransformResultsToJestFormat (/Users/davitbejanyan/Desktop/kafka-ui/kafka-ui-react-app/node_modules/.pnpm/jest-circus@29.1.2/node_modules/jest-circus/build/legacy-code-todo-rewrite/jestAdapterInit.js:136:21)
    at jestAdapter (/Users/davitbejanyan/Desktop/kafka-ui/kafka-ui-react-app/node_modules/.pnpm/jest-circus@29.1.2/node_modules/jest-circus/build/legacy-code-todo-rewrite/jestAdapter.js:92:19)
    at runTestInternal (/Users/davitbejanyan/Desktop/kafka-ui/kafka-ui-react-app/node_modules/.pnpm/jest-runner@29.1.2/node_modules/jest-runner/build/runTest.js:407:16)
    at runTest (/Users/davitbejanyan/Desktop/kafka-ui/kafka-ui-react-app/node_modules/.pnpm/jest-runner@29.1.2/node_modules/jest-runner/build/runTest.js:491:34)
    at Object.worker (/Users/davitbejanyan/Desktop/kafka-ui/kafka-ui-react-app/node_modules/.pnpm/jest-runner@29.1.2/node_modules/jest-runner/build/testWorker.js:133:12)]]></failure>
    </testCase>
  </file>
  <file path="/Users/davitbejanyan/Desktop/kafka-ui/kafka-ui-react-app/src/components/ConsumerGroups/Details/__tests__/Details.spec.tsx">
    <testCase name="Details component when consumer groups are NOT fetched renders progress bar for initial state" duration="82"/>
    <testCase name="Details component when consumer gruops are fetched renders component" duration="181"/>
    <testCase name="Details component when consumer gruops are fetched handles [Reset offset] click" duration="59">
      <failure message="Error: expect(jest.fn()).toHaveBeenLastCalledWith(...expected)"><![CDATA[Error: expect(jest.fn()).toHaveBeenLastCalledWith(...expected)

Expected: "reset-offsets"

Number of calls: 0
    at toHaveBeenLastCalledWith (/Users/davitbejanyan/Desktop/kafka-ui/kafka-ui-react-app/src/components/ConsumerGroups/Details/__tests__/Details.spec.tsx:75:28)
    at tryCatch (/Users/davitbejanyan/Desktop/kafka-ui/kafka-ui-react-app/src/components/ConsumerGroups/Details/__tests__/Details.spec.tsx:2:1)
    at Generator._invoke (/Users/davitbejanyan/Desktop/kafka-ui/kafka-ui-react-app/src/components/ConsumerGroups/Details/__tests__/Details.spec.tsx:2:1)
    at Generator.next (/Users/davitbejanyan/Desktop/kafka-ui/kafka-ui-react-app/src/components/ConsumerGroups/Details/__tests__/Details.spec.tsx:2:1)
    at asyncGeneratorStep (/Users/davitbejanyan/Desktop/kafka-ui/kafka-ui-react-app/src/components/ConsumerGroups/Details/__tests__/Details.spec.tsx:2:1)
    at _next (/Users/davitbejanyan/Desktop/kafka-ui/kafka-ui-react-app/src/components/ConsumerGroups/Details/__tests__/Details.spec.tsx:2:1)
    at /Users/davitbejanyan/Desktop/kafka-ui/kafka-ui-react-app/src/components/ConsumerGroups/Details/__tests__/Details.spec.tsx:2:1
    at new Promise (<anonymous>)
    at Object.<anonymous> (/Users/davitbejanyan/Desktop/kafka-ui/kafka-ui-react-app/src/components/ConsumerGroups/Details/__tests__/Details.spec.tsx:2:1)
    at Promise.then.completed (/Users/davitbejanyan/Desktop/kafka-ui/kafka-ui-react-app/node_modules/.pnpm/jest-circus@29.1.2/node_modules/jest-circus/build/utils.js:333:28)
    at new Promise (<anonymous>)
    at callAsyncCircusFn (/Users/davitbejanyan/Desktop/kafka-ui/kafka-ui-react-app/node_modules/.pnpm/jest-circus@29.1.2/node_modules/jest-circus/build/utils.js:259:10)
    at _callCircusTest (/Users/davitbejanyan/Desktop/kafka-ui/kafka-ui-react-app/node_modules/.pnpm/jest-circus@29.1.2/node_modules/jest-circus/build/run.js:277:40)
    at processTicksAndRejections (node:internal/process/task_queues:96:5)
    at _runTest (/Users/davitbejanyan/Desktop/kafka-ui/kafka-ui-react-app/node_modules/.pnpm/jest-circus@29.1.2/node_modules/jest-circus/build/run.js:209:3)
    at _runTestsForDescribeBlock (/Users/davitbejanyan/Desktop/kafka-ui/kafka-ui-react-app/node_modules/.pnpm/jest-circus@29.1.2/node_modules/jest-circus/build/run.js:97:9)
    at _runTestsForDescribeBlock (/Users/davitbejanyan/Desktop/kafka-ui/kafka-ui-react-app/node_modules/.pnpm/jest-circus@29.1.2/node_modules/jest-circus/build/run.js:91:9)
    at _runTestsForDescribeBlock (/Users/davitbejanyan/Desktop/kafka-ui/kafka-ui-react-app/node_modules/.pnpm/jest-circus@29.1.2/node_modules/jest-circus/build/run.js:91:9)
    at run (/Users/davitbejanyan/Desktop/kafka-ui/kafka-ui-react-app/node_modules/.pnpm/jest-circus@29.1.2/node_modules/jest-circus/build/run.js:31:3)
    at runAndTransformResultsToJestFormat (/Users/davitbejanyan/Desktop/kafka-ui/kafka-ui-react-app/node_modules/.pnpm/jest-circus@29.1.2/node_modules/jest-circus/build/legacy-code-todo-rewrite/jestAdapterInit.js:136:21)
    at jestAdapter (/Users/davitbejanyan/Desktop/kafka-ui/kafka-ui-react-app/node_modules/.pnpm/jest-circus@29.1.2/node_modules/jest-circus/build/legacy-code-todo-rewrite/jestAdapter.js:92:19)
    at runTestInternal (/Users/davitbejanyan/Desktop/kafka-ui/kafka-ui-react-app/node_modules/.pnpm/jest-runner@29.1.2/node_modules/jest-runner/build/runTest.js:407:16)
    at runTest (/Users/davitbejanyan/Desktop/kafka-ui/kafka-ui-react-app/node_modules/.pnpm/jest-runner@29.1.2/node_modules/jest-runner/build/runTest.js:491:34)
    at Object.worker (/Users/davitbejanyan/Desktop/kafka-ui/kafka-ui-react-app/node_modules/.pnpm/jest-runner@29.1.2/node_modules/jest-runner/build/testWorker.js:133:12)]]></failure>
    </testCase>
    <testCase name="Details component when consumer gruops are fetched renders search input" duration="70"/>
    <testCase name="Details component when consumer gruops are fetched shows confirmation modal on consumer group delete" duration="197">
      <failure message="Error: expect(element).not.toBeInTheDocument()"><![CDATA[Error: expect(element).not.toBeInTheDocument()

expected document not to contain element, found <div aria-label="Confirmation Dialog" class="sc-gYbzsP gZYtrB" role="dialog"><div aria-hidden="true" class="sc-cCjUiG cEJMxT" role="button" /><div class="sc-cjibBx eOESrq"><div class="sc-jcMfQk cqcaMs">Confirm the action</div><div class="sc-cabOPr bTIqYp">Are you sure you want to delete this consumer group?</div><div class="sc-iTFTee dubnfv"><button class="sc-hhOBVt cIuOtv" type="button">Cancel</button><button class="sc-hhOBVt hKlJjw" type="button">Confirm</button></div></div></div> instead
    at toBeInTheDocument (/Users/davitbejanyan/Desktop/kafka-ui/kafka-ui-react-app/src/components/ConsumerGroups/Details/__tests__/Details.spec.tsx:94:48)
    at tryCatch (/Users/davitbejanyan/Desktop/kafka-ui/kafka-ui-react-app/src/components/ConsumerGroups/Details/__tests__/Details.spec.tsx:2:1)
    at Generator._invoke (/Users/davitbejanyan/Desktop/kafka-ui/kafka-ui-react-app/src/components/ConsumerGroups/Details/__tests__/Details.spec.tsx:2:1)
    at Generator.next (/Users/davitbejanyan/Desktop/kafka-ui/kafka-ui-react-app/src/components/ConsumerGroups/Details/__tests__/Details.spec.tsx:2:1)
    at asyncGeneratorStep (/Users/davitbejanyan/Desktop/kafka-ui/kafka-ui-react-app/src/components/ConsumerGroups/Details/__tests__/Details.spec.tsx:2:1)
    at _next (/Users/davitbejanyan/Desktop/kafka-ui/kafka-ui-react-app/src/components/ConsumerGroups/Details/__tests__/Details.spec.tsx:2:1)
    at runNextTicks (node:internal/process/task_queues:61:5)
    at processTimers (node:internal/timers:499:9)]]></failure>
    </testCase>
    <testCase name="Details component when consumer gruops are fetched handles [Delete consumer group] click" duration="214">
      <failure message="Error: expect(received).toBeInTheDocument()"><![CDATA[Error: expect(received).toBeInTheDocument()

received value must be an HTMLElement or an SVGElement.
Received has value: null
    at __EXTERNAL_MATCHER_TRAP__ (/Users/davitbejanyan/Desktop/kafka-ui/kafka-ui-react-app/node_modules/.pnpm/expect@29.1.2/node_modules/expect/build/index.js:346:30)
    at Object.throwingMatcher [as toBeInTheDocument] (/Users/davitbejanyan/Desktop/kafka-ui/kafka-ui-react-app/node_modules/.pnpm/expect@29.1.2/node_modules/expect/build/index.js:347:15)
    at toBeInTheDocument (/Users/davitbejanyan/Desktop/kafka-ui/kafka-ui-react-app/src/components/ConsumerGroups/Details/__tests__/Details.spec.tsx:102:44)
    at tryCatch (/Users/davitbejanyan/Desktop/kafka-ui/kafka-ui-react-app/src/components/ConsumerGroups/Details/__tests__/Details.spec.tsx:2:1)
    at Generator._invoke (/Users/davitbejanyan/Desktop/kafka-ui/kafka-ui-react-app/src/components/ConsumerGroups/Details/__tests__/Details.spec.tsx:2:1)
    at Generator.next (/Users/davitbejanyan/Desktop/kafka-ui/kafka-ui-react-app/src/components/ConsumerGroups/Details/__tests__/Details.spec.tsx:2:1)
    at asyncGeneratorStep (/Users/davitbejanyan/Desktop/kafka-ui/kafka-ui-react-app/src/components/ConsumerGroups/Details/__tests__/Details.spec.tsx:2:1)
    at _next (/Users/davitbejanyan/Desktop/kafka-ui/kafka-ui-react-app/src/components/ConsumerGroups/Details/__tests__/Details.spec.tsx:2:1)]]></failure>
    </testCase>
  </file>
  <file path="/Users/davitbejanyan/Desktop/kafka-ui/kafka-ui-react-app/src/components/Connect/Details/Tasks/__tests__/Tasks.spec.tsx">
    <testCase name="Tasks renders empty table" duration="57"/>
    <testCase name="Tasks renders tasks table" duration="234"/>
    <testCase name="Tasks renders truncates long trace and expands" duration="1195">
      <failure message="TestingLibraryElementError: Unable to find an accessible element with the role &quot;row&quot; and name &quot;Lorem ipsum dolor sit amet, consectetur adipiscing elit, sed do eiusmod tempor incididunt ut labore et dolore magna aliqua. Ut enim ad minim veniam, quis nostrud exercitation ullamco laboris nisi ut aliquip ex ea commodo consequat. Duis aute irure dolor in reprehenderit in voluptate velit esse cillum dolore eu fugiat nulla pariatur. Excepteur sint occaecat cupidatat non proident, sunt in culpa qui officia deserunt mollit anim id est laborum.&quot;"><![CDATA[TestingLibraryElementError: Unable to find an accessible element with the role "row" and name "Lorem ipsum dolor sit amet, consectetur adipiscing elit, sed do eiusmod tempor incididunt ut labore et dolore magna aliqua. Ut enim ad minim veniam, quis nostrud exercitation ullamco laboris nisi ut aliquip ex ea commodo consequat. Duis aute irure dolor in reprehenderit in voluptate velit esse cillum dolore eu fugiat nulla pariatur. Excepteur sint occaecat cupidatat non proident, sunt in culpa qui officia deserunt mollit anim id est laborum."

Here are the accessible roles:

  table:

  Name "":
  <table
    class="sc-bjfHbI dFKpII"
  />

  --------------------------------------------------
  rowgroup:

  Name "":
  <thead />

  Name "":
  <tbody />

  --------------------------------------------------
  row:

  Name "ID Worker State Trace":
  <tr />

  Name "1 kafka-connect0:8083 RUNNING":
  <tr
    class="sc-ksBlkl boZBPF"
  />

  Name "2 kafka-connect0:8083 FAILED Failure 1":
  <tr
    class="sc-ksBlkl dQqlmt"
  />

  Name "3 kafka-connect0:8083 RUNNING Lorem ipsum dolor sit amet, consectetur adipiscing elit, sed do eiusmod tempor incididunt ut labo...":
  <tr
    class="sc-ksBlkl dQqlmt"
  />

  Name "4 kafka-connect0:8083 PAUSED":
  <tr
    class="sc-ksBlkl boZBPF"
  />

  --------------------------------------------------
  columnheader:

  Name "":
  <th
    class="sc-bqWxrE cxUyGS"
  />

  Name "ID":
  <th
    class="sc-bqWxrE chqDnK"
    colspan="1"
  />

  Name "Worker":
  <th
    class="sc-bqWxrE chqDnK"
    colspan="1"
  />

  Name "State":
  <th
    class="sc-bqWxrE chqDnK"
    colspan="1"
  />

  Name "Trace":
  <th
    class="sc-bqWxrE eOtHhI"
    colspan="1"
  />

  Name "":
  <th
    class="sc-bqWxrE eOtHhI"
    colspan="1"
  />

  --------------------------------------------------
  cell:

  Name "":
  <td
    style="width: 1px;"
  />

  Name "1":
  <td />

  Name "kafka-connect0:8083":
  <td />

  Name "RUNNING":
  <td />

  Name "":
  <td
    style="width: 70%;"
  />

  Name "":
  <td />

  Name "":
  <td
    style="width: 1px;"
  />

  Name "2":
  <td />

  Name "kafka-connect0:8083":
  <td />

  Name "FAILED":
  <td />

  Name "Failure 1":
  <td
    style="width: 70%;"
  />

  Name "":
  <td />

  Name "":
  <td
    style="width: 1px;"
  />

  Name "3":
  <td />

  Name "kafka-connect0:8083":
  <td />

  Name "RUNNING":
  <td />

  Name "Lorem ipsum dolor sit amet, consectetur adipiscing elit, sed do eiusmod tempor incididunt ut labo...":
  <td
    style="width: 70%;"
  />

  Name "":
  <td />

  Name "":
  <td
    style="width: 1px;"
  />

  Name "4":
  <td />

  Name "kafka-connect0:8083":
  <td />

  Name "PAUSED":
  <td />

  Name "":
  <td
    style="width: 70%;"
  />

  Name "":
  <td />

  --------------------------------------------------
  button:

  Name "Expand row":
  <svg
    aria-label="Expand row"
    class="sc-eDWCr bqnlGt"
    fill="none"
    height="20"
    role="button"
    viewBox="0 -2 16 16"
    width="16"
    xmlns="http://www.w3.org/2000/svg"
  />

  Name "Dropdown Toggle":
  <button
    aria-label="Dropdown Toggle"
    class="sc-iJnaPW cLtDrB"
  />

  Name "Expand row":
  <svg
    aria-label="Expand row"
    class="sc-eDWCr cFyHMi"
    fill="none"
    height="20"
    role="button"
    viewBox="0 -2 16 16"
    width="16"
    xmlns="http://www.w3.org/2000/svg"
  />

  Name "Dropdown Toggle":
  <button
    aria-label="Dropdown Toggle"
    class="sc-iJnaPW cLtDrB"
  />

  Name "Expand row":
  <svg
    aria-label="Expand row"
    class="sc-eDWCr cFyHMi"
    fill="none"
    height="20"
    role="button"
    viewBox="0 -2 16 16"
    width="16"
    xmlns="http://www.w3.org/2000/svg"
  />

  Name "Dropdown Toggle":
  <button
    aria-label="Dropdown Toggle"
    class="sc-iJnaPW cLtDrB"
  />

  Name "Expand row":
  <svg
    aria-label="Expand row"
    class="sc-eDWCr bqnlGt"
    fill="none"
    height="20"
    role="button"
    viewBox="0 -2 16 16"
    width="16"
    xmlns="http://www.w3.org/2000/svg"
  />

  Name "Dropdown Toggle":
  <button
    aria-label="Dropdown Toggle"
    class="sc-iJnaPW cLtDrB"
  />

  --------------------------------------------------
  widget:

  Name "":
  <span
    class="sc-cwSeag iRMBlL"
    color="green"
    role="widget"
  />

  Name "":
  <span
    class="sc-cwSeag fMVnpg"
    color="red"
    role="widget"
  />

  Name "":
  <span
    class="sc-cwSeag iRMBlL"
    color="green"
    role="widget"
  />

  Name "":
  <span
    class="sc-cwSeag HPRxP"
    color="yellow"
    role="widget"
  />

  --------------------------------------------------

Ignored nodes: comments, script, style
<body>
  <div>
    <div>
      <div
        class="sc-bBABsx jvVYpR"
      >
        <table
          class="sc-bjfHbI dFKpII"
        >
          <thead>
            <tr>
              <th
                class="sc-bqWxrE cxUyGS"
              />
              <th
                class="sc-bqWxrE chqDnK"
                colspan="1"
              >
                <div>
                  ID
                </div>
              </th>
              <th
                class="sc-bqWxrE chqDnK"
                colspan="1"
              >
                <div>
                  Worker
                </div>
              </th>
              <th
                class="sc-bqWxrE chqDnK"
                colspan="1"
              >
                <div>
                  State
                </div>
              </th>
              <th
                class="sc-bqWxrE eOtHhI"
                colspan="1"
              >
                <div>
                  Trace
                </div>
              </th>
              <th
                class="sc-bqWxrE eOtHhI"
                colspan="1"
              >
                <div />
              </th>
            </tr>
          </thead>
          <tbody>
            <tr
              class="sc-ksBlkl boZBPF"
            >
              <td
                style="width: 1px;"
              >
                <svg
                  aria-label="Expand row"
                  class="sc-eDWCr bqnlGt"
                  fill="none"
                  height="20"
                  role="button"
                  viewBox="0 -2 16 16"
                  width="16"
                  xmlns="http://www.w3.org/2000/svg"
                >
                  <path
                    clip-rule="evenodd"
                    d="M0 2C0 0.895431 0.895431 0 2 0H14C15.1046 0 16 0.895431 16 2V14C16 15.1046 15.1046 16 14 16H2C0.895431 16 0 15.1046 0 14V2ZM8 4C8.55229 4 9 4.44772 9 5V7H11C11.5523 7 12 7.44772 12 8C12 8.55229 11.5523 9 11 9H9V11C9 11.5523 8.55229 12 8 12C7.44772 12 7 11.5523 7 11V9H5C4.44772 9 4 8.55228 4 8C4 7.44771 4.44772 7 5 7H7V5C7 4.44772 7.44772 4 8 4Z"
                    fill-rule="evenodd"
                  />
                </svg>
              </td>
              <td>
                1
              </td>
              <td>
                kafka-connect0:8083
              </td>
              <td>
                <span
                  class="sc-cwSeag iRMBlL"
                  color="green"
                  role="widget"
                >
                  RUNNING
                </span>
              </td>
              <td
                style="width: 70%;"
              />
              <td>
                <div
                  class="sc-bYMpWt jPuQbj"
                >
                  <button
                    aria-label="Dropdown Toggle"
                    class="sc-iJnaPW cLtDrB"
                  >
                    <svg
                      fill="none"
                      height="16"
                      viewBox="0 0 4 16"
                      width="4"
                      xmlns="http://www.w3.org/2000/svg"
                    >
                      <path
                        d="M2 4C3.1 4 4 3.1 4 2C4 0.9 3.1 0 2 0C0.9 0 0 0.9 0 2C0 3.1 0.9 4 2 4ZM2 6C0.9 6 0 6.9 0 8C0 9.1 0.9 10 2 10C3.1 10 4 9.1 4 8C4 6.9 3.1 6 2 6ZM2 12C0.9 12 0 12.9 0 14C0 15.1 0.9 16 2 16C3.1 16 4 15.1 4 14C4 12.9 3.1 12 2 12Z"
                        fill="#73848C"
                      />
                    </svg>
                  </button>
                  <div
                    class="szh-menu-container sc-lllmON dJFjRP"
                    style="position: relative;"
                  >
                    <ul
                      aria-label="Menu"
                      class="szh-menu szh-menu--state-closed szh-menu--dir-bottom"
                      role="menu"
                      style="margin: 0px; display: none; position: absolute; left: 0px; top: 0px;"
                      tabindex="-1"
                    >
                      <div
                        style="position: absolute; left: 0px; top: 0px;"
                        tabindex="-1"
                      />
                      <li
                        class="szh-menu__item"
                        role="menuitem"
                        tabindex="-1"
                      >
                        <div
                          class="sc-gikAfH ejPNDG"
                        >
                          <span>
                            Restart task
                          </span>
                        </div>
                      </li>
                    </ul>
                  </div>
                </div>
              </td>
            </tr>
            <tr
              class="sc-ksBlkl dQqlmt"
            >
              <td
                style="width: 1px;"
              >[3...
    at Object.getElementError (/Users/davitbejanyan/Desktop/kafka-ui/kafka-ui-react-app/node_modules/.pnpm/@testing-library+dom@8.19.0/node_modules/@testing-library/dom/dist/config.js:40:19)
    at /Users/davitbejanyan/Desktop/kafka-ui/kafka-ui-react-app/node_modules/.pnpm/@testing-library+dom@8.19.0/node_modules/@testing-library/dom/dist/query-helpers.js:90:38
    at /Users/davitbejanyan/Desktop/kafka-ui/kafka-ui-react-app/node_modules/.pnpm/@testing-library+dom@8.19.0/node_modules/@testing-library/dom/dist/query-helpers.js:62:17
    at /Users/davitbejanyan/Desktop/kafka-ui/kafka-ui-react-app/node_modules/.pnpm/@testing-library+dom@8.19.0/node_modules/@testing-library/dom/dist/query-helpers.js:111:19
    at Object.getByRole (/Users/davitbejanyan/Desktop/kafka-ui/kafka-ui-react-app/src/components/Connect/Details/Tasks/__tests__/Tasks.spec.tsx:78:14)
    at Promise.then.completed (/Users/davitbejanyan/Desktop/kafka-ui/kafka-ui-react-app/node_modules/.pnpm/jest-circus@29.1.2/node_modules/jest-circus/build/utils.js:333:28)
    at new Promise (<anonymous>)
    at callAsyncCircusFn (/Users/davitbejanyan/Desktop/kafka-ui/kafka-ui-react-app/node_modules/.pnpm/jest-circus@29.1.2/node_modules/jest-circus/build/utils.js:259:10)
    at _callCircusTest (/Users/davitbejanyan/Desktop/kafka-ui/kafka-ui-react-app/node_modules/.pnpm/jest-circus@29.1.2/node_modules/jest-circus/build/run.js:277:40)
    at processTicksAndRejections (node:internal/process/task_queues:96:5)
    at _runTest (/Users/davitbejanyan/Desktop/kafka-ui/kafka-ui-react-app/node_modules/.pnpm/jest-circus@29.1.2/node_modules/jest-circus/build/run.js:209:3)
    at _runTestsForDescribeBlock (/Users/davitbejanyan/Desktop/kafka-ui/kafka-ui-react-app/node_modules/.pnpm/jest-circus@29.1.2/node_modules/jest-circus/build/run.js:97:9)
    at _runTestsForDescribeBlock (/Users/davitbejanyan/Desktop/kafka-ui/kafka-ui-react-app/node_modules/.pnpm/jest-circus@29.1.2/node_modules/jest-circus/build/run.js:91:9)
    at run (/Users/davitbejanyan/Desktop/kafka-ui/kafka-ui-react-app/node_modules/.pnpm/jest-circus@29.1.2/node_modules/jest-circus/build/run.js:31:3)
    at runAndTransformResultsToJestFormat (/Users/davitbejanyan/Desktop/kafka-ui/kafka-ui-react-app/node_modules/.pnpm/jest-circus@29.1.2/node_modules/jest-circus/build/legacy-code-todo-rewrite/jestAdapterInit.js:136:21)
    at jestAdapter (/Users/davitbejanyan/Desktop/kafka-ui/kafka-ui-react-app/node_modules/.pnpm/jest-circus@29.1.2/node_modules/jest-circus/build/legacy-code-todo-rewrite/jestAdapter.js:92:19)
    at runTestInternal (/Users/davitbejanyan/Desktop/kafka-ui/kafka-ui-react-app/node_modules/.pnpm/jest-runner@29.1.2/node_modules/jest-runner/build/runTest.js:407:16)
    at runTest (/Users/davitbejanyan/Desktop/kafka-ui/kafka-ui-react-app/node_modules/.pnpm/jest-runner@29.1.2/node_modules/jest-runner/build/runTest.js:491:34)
    at Object.worker (/Users/davitbejanyan/Desktop/kafka-ui/kafka-ui-react-app/node_modules/.pnpm/jest-runner@29.1.2/node_modules/jest-runner/build/testWorker.js:133:12)]]></failure>
    </testCase>
    <testCase name="Tasks Action button renders action button" duration="1052">
      <failure message="TestingLibraryElementError: Unable to find an accessible element with the role &quot;menu&quot;"><![CDATA[TestingLibraryElementError: Unable to find an accessible element with the role "menu"

Here are the accessible roles:

  table:

  Name "":
  <table
    class="sc-bjfHbI dFKpII"
  />

  --------------------------------------------------
  rowgroup:

  Name "":
  <thead />

  Name "":
  <tbody />

  --------------------------------------------------
  row:

  Name "ID Worker State Trace":
  <tr />

  Name "1 kafka-connect0:8083 RUNNING":
  <tr
    class="sc-ksBlkl boZBPF"
  />

  Name "2 kafka-connect0:8083 FAILED Failure 1":
  <tr
    class="sc-ksBlkl dQqlmt"
  />

  Name "3 kafka-connect0:8083 RUNNING Lorem ipsum dolor sit amet, consectetur adipiscing elit, sed do eiusmod tempor incididunt ut labo...":
  <tr
    class="sc-ksBlkl dQqlmt"
  />

  Name "4 kafka-connect0:8083 PAUSED":
  <tr
    class="sc-ksBlkl boZBPF"
  />

  --------------------------------------------------
  columnheader:

  Name "":
  <th
    class="sc-bqWxrE cxUyGS"
  />

  Name "ID":
  <th
    class="sc-bqWxrE chqDnK"
    colspan="1"
  />

  Name "Worker":
  <th
    class="sc-bqWxrE chqDnK"
    colspan="1"
  />

  Name "State":
  <th
    class="sc-bqWxrE chqDnK"
    colspan="1"
  />

  Name "Trace":
  <th
    class="sc-bqWxrE eOtHhI"
    colspan="1"
  />

  Name "":
  <th
    class="sc-bqWxrE eOtHhI"
    colspan="1"
  />

  --------------------------------------------------
  cell:

  Name "":
  <td
    style="width: 1px;"
  />

  Name "1":
  <td />

  Name "kafka-connect0:8083":
  <td />

  Name "RUNNING":
  <td />

  Name "":
  <td
    style="width: 70%;"
  />

  Name "":
  <td />

  Name "":
  <td
    style="width: 1px;"
  />

  Name "2":
  <td />

  Name "kafka-connect0:8083":
  <td />

  Name "FAILED":
  <td />

  Name "Failure 1":
  <td
    style="width: 70%;"
  />

  Name "":
  <td />

  Name "":
  <td
    style="width: 1px;"
  />

  Name "3":
  <td />

  Name "kafka-connect0:8083":
  <td />

  Name "RUNNING":
  <td />

  Name "Lorem ipsum dolor sit amet, consectetur adipiscing elit, sed do eiusmod tempor incididunt ut labo...":
  <td
    style="width: 70%;"
  />

  Name "":
  <td />

  Name "":
  <td
    style="width: 1px;"
  />

  Name "4":
  <td />

  Name "kafka-connect0:8083":
  <td />

  Name "PAUSED":
  <td />

  Name "":
  <td
    style="width: 70%;"
  />

  Name "":
  <td />

  --------------------------------------------------
  button:

  Name "Expand row":
  <svg
    aria-label="Expand row"
    class="sc-eDWCr bqnlGt"
    fill="none"
    height="20"
    role="button"
    viewBox="0 -2 16 16"
    width="16"
    xmlns="http://www.w3.org/2000/svg"
  />

  Name "Dropdown Toggle":
  <button
    aria-label="Dropdown Toggle"
    class="sc-iJnaPW cLtDrB"
  />

  Name "Expand row":
  <svg
    aria-label="Expand row"
    class="sc-eDWCr cFyHMi"
    fill="none"
    height="20"
    role="button"
    viewBox="0 -2 16 16"
    width="16"
    xmlns="http://www.w3.org/2000/svg"
  />

  Name "Dropdown Toggle":
  <button
    aria-label="Dropdown Toggle"
    class="sc-iJnaPW cLtDrB"
  />

  Name "Expand row":
  <svg
    aria-label="Expand row"
    class="sc-eDWCr cFyHMi"
    fill="none"
    height="20"
    role="button"
    viewBox="0 -2 16 16"
    width="16"
    xmlns="http://www.w3.org/2000/svg"
  />

  Name "Dropdown Toggle":
  <button
    aria-label="Dropdown Toggle"
    class="sc-iJnaPW cLtDrB"
  />

  Name "Expand row":
  <svg
    aria-label="Expand row"
    class="sc-eDWCr bqnlGt"
    fill="none"
    height="20"
    role="button"
    viewBox="0 -2 16 16"
    width="16"
    xmlns="http://www.w3.org/2000/svg"
  />

  Name "Dropdown Toggle":
  <button
    aria-label="Dropdown Toggle"
    class="sc-iJnaPW cLtDrB"
  />

  --------------------------------------------------
  widget:

  Name "":
  <span
    class="sc-cwSeag iRMBlL"
    color="green"
    role="widget"
  />

  Name "":
  <span
    class="sc-cwSeag fMVnpg"
    color="red"
    role="widget"
  />

  Name "":
  <span
    class="sc-cwSeag iRMBlL"
    color="green"
    role="widget"
  />

  Name "":
  <span
    class="sc-cwSeag HPRxP"
    color="yellow"
    role="widget"
  />

  --------------------------------------------------

Ignored nodes: comments, script, style
<body>
  <div>
    <div>
      <div
        class="sc-bBABsx jvVYpR"
      >
        <table
          class="sc-bjfHbI dFKpII"
        >
          <thead>
            <tr>
              <th
                class="sc-bqWxrE cxUyGS"
              />
              <th
                class="sc-bqWxrE chqDnK"
                colspan="1"
              >
                <div>
                  ID
                </div>
              </th>
              <th
                class="sc-bqWxrE chqDnK"
                colspan="1"
              >
                <div>
                  Worker
                </div>
              </th>
              <th
                class="sc-bqWxrE chqDnK"
                colspan="1"
              >
                <div>
                  State
                </div>
              </th>
              <th
                class="sc-bqWxrE eOtHhI"
                colspan="1"
              >
                <div>
                  Trace
                </div>
              </th>
              <th
                class="sc-bqWxrE eOtHhI"
                colspan="1"
              >
                <div />
              </th>
            </tr>
          </thead>
          <tbody>
            <tr
              class="sc-ksBlkl boZBPF"
            >
              <td
                style="width: 1px;"
              >
                <svg
                  aria-label="Expand row"
                  class="sc-eDWCr bqnlGt"
                  fill="none"
                  height="20"
                  role="button"
                  viewBox="0 -2 16 16"
                  width="16"
                  xmlns="http://www.w3.org/2000/svg"
                >
                  <path
                    clip-rule="evenodd"
                    d="M0 2C0 0.895431 0.895431 0 2 0H14C15.1046 0 16 0.895431 16 2V14C16 15.1046 15.1046 16 14 16H2C0.895431 16 0 15.1046 0 14V2ZM8 4C8.55229 4 9 4.44772 9 5V7H11C11.5523 7 12 7.44772 12 8C12 8.55229 11.5523 9 11 9H9V11C9 11.5523 8.55229 12 8 12C7.44772 12 7 11.5523 7 11V9H5C4.44772 9 4 8.55228 4 8C4 7.44771 4.44772 7 5 7H7V5C7 4.44772 7.44772 4 8 4Z"
                    fill-rule="evenodd"
                  />
                </svg>
              </td>
              <td>
                1
              </td>
              <td>
                kafka-connect0:8083
              </td>
              <td>
                <span
                  class="sc-cwSeag iRMBlL"
                  color="green"
                  role="widget"
                >
                  RUNNING
                </span>
              </td>
              <td
                style="width: 70%;"
              />
              <td>
                <div
                  class="sc-bYMpWt jPuQbj"
                >
                  <button
                    aria-label="Dropdown Toggle"
                    class="sc-iJnaPW cLtDrB"
                  >
                    <svg
                      fill="none"
                      height="16"
                      viewBox="0 0 4 16"
                      width="4"
                      xmlns="http://www.w3.org/2000/svg"
                    >
                      <path
                        d="M2 4C3.1 4 4 3.1 4 2C4 0.9 3.1 0 2 0C0.9 0 0 0.9 0 2C0 3.1 0.9 4 2 4ZM2 6C0.9 6 0 6.9 0 8C0 9.1 0.9 10 2 10C3.1 10 4 9.1 4 8C4 6.9 3.1 6 2 6ZM2 12C0.9 12 0 12.9 0 14C0 15.1 0.9 16 2 16C3.1 16 4 15.1 4 14C4 12.9 3.1 12 2 12Z"
                        fill="#73848C"
                      />
                    </svg>
                  </button>
                  <div
                    class="szh-menu-container sc-lllmON dJFjRP"
                    style="position: relative;"
                  >
                    <ul
                      aria-label="Menu"
                      class="szh-menu szh-menu--state-closed szh-menu--dir-bottom"
                      role="menu"
                      style="margin: 0px; display: none; position: absolute; left: 0px; top: 0px;"
                      tabindex="-1"
                    >
                      <div
                        style="position: absolute; left: 0px; top: 0px;"
                        tabindex="-1"
                      />
                      <li
                        class="szh-menu__item"
                        role="menuitem"
                        tabindex="-1"
                      >
                        <div
                          class="sc-gikAfH ejPNDG"
                        >
                          <span>
                            Restart task
                          </span>
                        </div>
                      </li>
                    </ul>
                  </div>
                </div>
              </td>
            </tr>
            <tr
              class="sc-ksBlkl dQqlmt"
            >
              <td
                style="width: 1px;"
              >[3...
    at Object.getElementError (/Users/davitbejanyan/Desktop/kafka-ui/kafka-ui-react-app/node_modules/.pnpm/@testing-library+dom@8.19.0/node_modules/@testing-library/dom/dist/config.js:40:19)
    at /Users/davitbejanyan/Desktop/kafka-ui/kafka-ui-react-app/node_modules/.pnpm/@testing-library+dom@8.19.0/node_modules/@testing-library/dom/dist/query-helpers.js:90:38
    at /Users/davitbejanyan/Desktop/kafka-ui/kafka-ui-react-app/node_modules/.pnpm/@testing-library+dom@8.19.0/node_modules/@testing-library/dom/dist/query-helpers.js:62:17
    at /Users/davitbejanyan/Desktop/kafka-ui/kafka-ui-react-app/node_modules/.pnpm/@testing-library+dom@8.19.0/node_modules/@testing-library/dom/dist/query-helpers.js:111:19
    at getByRole (/Users/davitbejanyan/Desktop/kafka-ui/kafka-ui-react-app/src/components/Connect/Details/Tasks/__tests__/Tasks.spec.tsx:95:21)
    at Object.expectDropdownExists (/Users/davitbejanyan/Desktop/kafka-ui/kafka-ui-react-app/src/components/Connect/Details/Tasks/__tests__/Tasks.spec.tsx:100:7)
    at Promise.then.completed (/Users/davitbejanyan/Desktop/kafka-ui/kafka-ui-react-app/node_modules/.pnpm/jest-circus@29.1.2/node_modules/jest-circus/build/utils.js:333:28)
    at new Promise (<anonymous>)
    at callAsyncCircusFn (/Users/davitbejanyan/Desktop/kafka-ui/kafka-ui-react-app/node_modules/.pnpm/jest-circus@29.1.2/node_modules/jest-circus/build/utils.js:259:10)
    at _callCircusTest (/Users/davitbejanyan/Desktop/kafka-ui/kafka-ui-react-app/node_modules/.pnpm/jest-circus@29.1.2/node_modules/jest-circus/build/run.js:277:40)
    at processTicksAndRejections (node:internal/process/task_queues:96:5)
    at _runTest (/Users/davitbejanyan/Desktop/kafka-ui/kafka-ui-react-app/node_modules/.pnpm/jest-circus@29.1.2/node_modules/jest-circus/build/run.js:209:3)
    at _runTestsForDescribeBlock (/Users/davitbejanyan/Desktop/kafka-ui/kafka-ui-react-app/node_modules/.pnpm/jest-circus@29.1.2/node_modules/jest-circus/build/run.js:97:9)
    at _runTestsForDescribeBlock (/Users/davitbejanyan/Desktop/kafka-ui/kafka-ui-react-app/node_modules/.pnpm/jest-circus@29.1.2/node_modules/jest-circus/build/run.js:91:9)
    at _runTestsForDescribeBlock (/Users/davitbejanyan/Desktop/kafka-ui/kafka-ui-react-app/node_modules/.pnpm/jest-circus@29.1.2/node_modules/jest-circus/build/run.js:91:9)
    at run (/Users/davitbejanyan/Desktop/kafka-ui/kafka-ui-react-app/node_modules/.pnpm/jest-circus@29.1.2/node_modules/jest-circus/build/run.js:31:3)
    at runAndTransformResultsToJestFormat (/Users/davitbejanyan/Desktop/kafka-ui/kafka-ui-react-app/node_modules/.pnpm/jest-circus@29.1.2/node_modules/jest-circus/build/legacy-code-todo-rewrite/jestAdapterInit.js:136:21)
    at jestAdapter (/Users/davitbejanyan/Desktop/kafka-ui/kafka-ui-react-app/node_modules/.pnpm/jest-circus@29.1.2/node_modules/jest-circus/build/legacy-code-todo-rewrite/jestAdapter.js:92:19)
    at runTestInternal (/Users/davitbejanyan/Desktop/kafka-ui/kafka-ui-react-app/node_modules/.pnpm/jest-runner@29.1.2/node_modules/jest-runner/build/runTest.js:407:16)
    at runTest (/Users/davitbejanyan/Desktop/kafka-ui/kafka-ui-react-app/node_modules/.pnpm/jest-runner@29.1.2/node_modules/jest-runner/build/runTest.js:491:34)
    at Object.worker (/Users/davitbejanyan/Desktop/kafka-ui/kafka-ui-react-app/node_modules/.pnpm/jest-runner@29.1.2/node_modules/jest-runner/build/testWorker.js:133:12)]]></failure>
    </testCase>
    <testCase name="Tasks Action button works as expected" duration="1519">
      <failure message="TestingLibraryElementError: Unable to find an accessible element with the role &quot;menu&quot;"><![CDATA[TestingLibraryElementError: Unable to find an accessible element with the role "menu"

Here are the accessible roles:

  table:

  Name "":
  <table
    class="sc-bjfHbI dFKpII"
  />

  --------------------------------------------------
  rowgroup:

  Name "":
  <thead />

  Name "":
  <tbody />

  --------------------------------------------------
  row:

  Name "ID Worker State Trace":
  <tr />

  Name "1 kafka-connect0:8083 RUNNING":
  <tr
    class="sc-ksBlkl boZBPF"
  />

  Name "2 kafka-connect0:8083 FAILED Failure 1":
  <tr
    class="sc-ksBlkl dQqlmt"
  />

  Name "3 kafka-connect0:8083 RUNNING Lorem ipsum dolor sit amet, consectetur adipiscing elit, sed do eiusmod tempor incididunt ut labo...":
  <tr
    class="sc-ksBlkl dQqlmt"
  />

  Name "4 kafka-connect0:8083 PAUSED":
  <tr
    class="sc-ksBlkl boZBPF"
  />

  --------------------------------------------------
  columnheader:

  Name "":
  <th
    class="sc-bqWxrE cxUyGS"
  />

  Name "ID":
  <th
    class="sc-bqWxrE chqDnK"
    colspan="1"
  />

  Name "Worker":
  <th
    class="sc-bqWxrE chqDnK"
    colspan="1"
  />

  Name "State":
  <th
    class="sc-bqWxrE chqDnK"
    colspan="1"
  />

  Name "Trace":
  <th
    class="sc-bqWxrE eOtHhI"
    colspan="1"
  />

  Name "":
  <th
    class="sc-bqWxrE eOtHhI"
    colspan="1"
  />

  --------------------------------------------------
  cell:

  Name "":
  <td
    style="width: 1px;"
  />

  Name "1":
  <td />

  Name "kafka-connect0:8083":
  <td />

  Name "RUNNING":
  <td />

  Name "":
  <td
    style="width: 70%;"
  />

  Name "":
  <td />

  Name "":
  <td
    style="width: 1px;"
  />

  Name "2":
  <td />

  Name "kafka-connect0:8083":
  <td />

  Name "FAILED":
  <td />

  Name "Failure 1":
  <td
    style="width: 70%;"
  />

  Name "":
  <td />

  Name "":
  <td
    style="width: 1px;"
  />

  Name "3":
  <td />

  Name "kafka-connect0:8083":
  <td />

  Name "RUNNING":
  <td />

  Name "Lorem ipsum dolor sit amet, consectetur adipiscing elit, sed do eiusmod tempor incididunt ut labo...":
  <td
    style="width: 70%;"
  />

  Name "":
  <td />

  Name "":
  <td
    style="width: 1px;"
  />

  Name "4":
  <td />

  Name "kafka-connect0:8083":
  <td />

  Name "PAUSED":
  <td />

  Name "":
  <td
    style="width: 70%;"
  />

  Name "":
  <td />

  --------------------------------------------------
  button:

  Name "Expand row":
  <svg
    aria-label="Expand row"
    class="sc-eDWCr bqnlGt"
    fill="none"
    height="20"
    role="button"
    viewBox="0 -2 16 16"
    width="16"
    xmlns="http://www.w3.org/2000/svg"
  />

  Name "Dropdown Toggle":
  <button
    aria-label="Dropdown Toggle"
    class="sc-iJnaPW cLtDrB"
  />

  Name "Expand row":
  <svg
    aria-label="Expand row"
    class="sc-eDWCr cFyHMi"
    fill="none"
    height="20"
    role="button"
    viewBox="0 -2 16 16"
    width="16"
    xmlns="http://www.w3.org/2000/svg"
  />

  Name "Dropdown Toggle":
  <button
    aria-label="Dropdown Toggle"
    class="sc-iJnaPW cLtDrB"
  />

  Name "Expand row":
  <svg
    aria-label="Expand row"
    class="sc-eDWCr cFyHMi"
    fill="none"
    height="20"
    role="button"
    viewBox="0 -2 16 16"
    width="16"
    xmlns="http://www.w3.org/2000/svg"
  />

  Name "Dropdown Toggle":
  <button
    aria-label="Dropdown Toggle"
    class="sc-iJnaPW cLtDrB"
  />

  Name "Expand row":
  <svg
    aria-label="Expand row"
    class="sc-eDWCr bqnlGt"
    fill="none"
    height="20"
    role="button"
    viewBox="0 -2 16 16"
    width="16"
    xmlns="http://www.w3.org/2000/svg"
  />

  Name "Dropdown Toggle":
  <button
    aria-label="Dropdown Toggle"
    class="sc-iJnaPW cLtDrB"
  />

  --------------------------------------------------
  widget:

  Name "":
  <span
    class="sc-cwSeag iRMBlL"
    color="green"
    role="widget"
  />

  Name "":
  <span
    class="sc-cwSeag fMVnpg"
    color="red"
    role="widget"
  />

  Name "":
  <span
    class="sc-cwSeag iRMBlL"
    color="green"
    role="widget"
  />

  Name "":
  <span
    class="sc-cwSeag HPRxP"
    color="yellow"
    role="widget"
  />

  --------------------------------------------------

Ignored nodes: comments, script, style
<body>
  <div>
    <div>
      <div
        class="sc-bBABsx jvVYpR"
      >
        <table
          class="sc-bjfHbI dFKpII"
        >
          <thead>
            <tr>
              <th
                class="sc-bqWxrE cxUyGS"
              />
              <th
                class="sc-bqWxrE chqDnK"
                colspan="1"
              >
                <div>
                  ID
                </div>
              </th>
              <th
                class="sc-bqWxrE chqDnK"
                colspan="1"
              >
                <div>
                  Worker
                </div>
              </th>
              <th
                class="sc-bqWxrE chqDnK"
                colspan="1"
              >
                <div>
                  State
                </div>
              </th>
              <th
                class="sc-bqWxrE eOtHhI"
                colspan="1"
              >
                <div>
                  Trace
                </div>
              </th>
              <th
                class="sc-bqWxrE eOtHhI"
                colspan="1"
              >
                <div />
              </th>
            </tr>
          </thead>
          <tbody>
            <tr
              class="sc-ksBlkl boZBPF"
            >
              <td
                style="width: 1px;"
              >
                <svg
                  aria-label="Expand row"
                  class="sc-eDWCr bqnlGt"
                  fill="none"
                  height="20"
                  role="button"
                  viewBox="0 -2 16 16"
                  width="16"
                  xmlns="http://www.w3.org/2000/svg"
                >
                  <path
                    clip-rule="evenodd"
                    d="M0 2C0 0.895431 0.895431 0 2 0H14C15.1046 0 16 0.895431 16 2V14C16 15.1046 15.1046 16 14 16H2C0.895431 16 0 15.1046 0 14V2ZM8 4C8.55229 4 9 4.44772 9 5V7H11C11.5523 7 12 7.44772 12 8C12 8.55229 11.5523 9 11 9H9V11C9 11.5523 8.55229 12 8 12C7.44772 12 7 11.5523 7 11V9H5C4.44772 9 4 8.55228 4 8C4 7.44771 4.44772 7 5 7H7V5C7 4.44772 7.44772 4 8 4Z"
                    fill-rule="evenodd"
                  />
                </svg>
              </td>
              <td>
                1
              </td>
              <td>
                kafka-connect0:8083
              </td>
              <td>
                <span
                  class="sc-cwSeag iRMBlL"
                  color="green"
                  role="widget"
                >
                  RUNNING
                </span>
              </td>
              <td
                style="width: 70%;"
              />
              <td>
                <div
                  class="sc-bYMpWt jPuQbj"
                >
                  <button
                    aria-label="Dropdown Toggle"
                    class="sc-iJnaPW cLtDrB"
                  >
                    <svg
                      fill="none"
                      height="16"
                      viewBox="0 0 4 16"
                      width="4"
                      xmlns="http://www.w3.org/2000/svg"
                    >
                      <path
                        d="M2 4C3.1 4 4 3.1 4 2C4 0.9 3.1 0 2 0C0.9 0 0 0.9 0 2C0 3.1 0.9 4 2 4ZM2 6C0.9 6 0 6.9 0 8C0 9.1 0.9 10 2 10C3.1 10 4 9.1 4 8C4 6.9 3.1 6 2 6ZM2 12C0.9 12 0 12.9 0 14C0 15.1 0.9 16 2 16C3.1 16 4 15.1 4 14C4 12.9 3.1 12 2 12Z"
                        fill="#73848C"
                      />
                    </svg>
                  </button>
                  <div
                    class="szh-menu-container sc-lllmON dJFjRP"
                    style="position: relative;"
                  >
                    <ul
                      aria-label="Menu"
                      class="szh-menu szh-menu--state-closed szh-menu--dir-bottom"
                      role="menu"
                      style="margin: 0px; display: none; position: absolute; left: 0px; top: 0px;"
                      tabindex="-1"
                    >
                      <div
                        style="position: absolute; left: 0px; top: 0px;"
                        tabindex="-1"
                      />
                      <li
                        class="szh-menu__item"
                        role="menuitem"
                        tabindex="-1"
                      >
                        <div
                          class="sc-gikAfH ejPNDG"
                        >
                          <span>
                            Restart task
                          </span>
                        </div>
                      </li>
                    </ul>
                  </div>
                </div>
              </td>
            </tr>
            <tr
              class="sc-ksBlkl dQqlmt"
            >
              <td
                style="width: 1px;"
              >[3...
    at Object.getElementError (/Users/davitbejanyan/Desktop/kafka-ui/kafka-ui-react-app/node_modules/.pnpm/@testing-library+dom@8.19.0/node_modules/@testing-library/dom/dist/config.js:40:19)
    at /Users/davitbejanyan/Desktop/kafka-ui/kafka-ui-react-app/node_modules/.pnpm/@testing-library+dom@8.19.0/node_modules/@testing-library/dom/dist/query-helpers.js:90:38
    at /Users/davitbejanyan/Desktop/kafka-ui/kafka-ui-react-app/node_modules/.pnpm/@testing-library+dom@8.19.0/node_modules/@testing-library/dom/dist/query-helpers.js:62:17
    at /Users/davitbejanyan/Desktop/kafka-ui/kafka-ui-react-app/node_modules/.pnpm/@testing-library+dom@8.19.0/node_modules/@testing-library/dom/dist/query-helpers.js:111:19
    at getByRole (/Users/davitbejanyan/Desktop/kafka-ui/kafka-ui-react-app/src/components/Connect/Details/Tasks/__tests__/Tasks.spec.tsx:95:21)
    at expectDropdownExists (/Users/davitbejanyan/Desktop/kafka-ui/kafka-ui-react-app/src/components/Connect/Details/Tasks/__tests__/Tasks.spec.tsx:111:7)
    at tryCatch (/Users/davitbejanyan/Desktop/kafka-ui/kafka-ui-react-app/src/components/Connect/Details/Tasks/__tests__/Tasks.spec.tsx:2:1)
    at Generator._invoke (/Users/davitbejanyan/Desktop/kafka-ui/kafka-ui-react-app/src/components/Connect/Details/Tasks/__tests__/Tasks.spec.tsx:2:1)
    at Generator.next (/Users/davitbejanyan/Desktop/kafka-ui/kafka-ui-react-app/src/components/Connect/Details/Tasks/__tests__/Tasks.spec.tsx:2:1)
    at asyncGeneratorStep (/Users/davitbejanyan/Desktop/kafka-ui/kafka-ui-react-app/src/components/Connect/Details/Tasks/__tests__/Tasks.spec.tsx:2:1)
    at _next (/Users/davitbejanyan/Desktop/kafka-ui/kafka-ui-react-app/src/components/Connect/Details/Tasks/__tests__/Tasks.spec.tsx:2:1)
    at /Users/davitbejanyan/Desktop/kafka-ui/kafka-ui-react-app/src/components/Connect/Details/Tasks/__tests__/Tasks.spec.tsx:2:1
    at new Promise (<anonymous>)
    at Object.<anonymous> (/Users/davitbejanyan/Desktop/kafka-ui/kafka-ui-react-app/src/components/Connect/Details/Tasks/__tests__/Tasks.spec.tsx:2:1)
    at Promise.then.completed (/Users/davitbejanyan/Desktop/kafka-ui/kafka-ui-react-app/node_modules/.pnpm/jest-circus@29.1.2/node_modules/jest-circus/build/utils.js:333:28)
    at new Promise (<anonymous>)
    at callAsyncCircusFn (/Users/davitbejanyan/Desktop/kafka-ui/kafka-ui-react-app/node_modules/.pnpm/jest-circus@29.1.2/node_modules/jest-circus/build/utils.js:259:10)
    at _callCircusTest (/Users/davitbejanyan/Desktop/kafka-ui/kafka-ui-react-app/node_modules/.pnpm/jest-circus@29.1.2/node_modules/jest-circus/build/run.js:277:40)
    at processTicksAndRejections (node:internal/process/task_queues:96:5)
    at _runTest (/Users/davitbejanyan/Desktop/kafka-ui/kafka-ui-react-app/node_modules/.pnpm/jest-circus@29.1.2/node_modules/jest-circus/build/run.js:209:3)
    at _runTestsForDescribeBlock (/Users/davitbejanyan/Desktop/kafka-ui/kafka-ui-react-app/node_modules/.pnpm/jest-circus@29.1.2/node_modules/jest-circus/build/run.js:97:9)
    at _runTestsForDescribeBlock (/Users/davitbejanyan/Desktop/kafka-ui/kafka-ui-react-app/node_modules/.pnpm/jest-circus@29.1.2/node_modules/jest-circus/build/run.js:91:9)
    at _runTestsForDescribeBlock (/Users/davitbejanyan/Desktop/kafka-ui/kafka-ui-react-app/node_modules/.pnpm/jest-circus@29.1.2/node_modules/jest-circus/build/run.js:91:9)
    at run (/Users/davitbejanyan/Desktop/kafka-ui/kafka-ui-react-app/node_modules/.pnpm/jest-circus@29.1.2/node_modules/jest-circus/build/run.js:31:3)
    at runAndTransformResultsToJestFormat (/Users/davitbejanyan/Desktop/kafka-ui/kafka-ui-react-app/node_modules/.pnpm/jest-circus@29.1.2/node_modules/jest-circus/build/legacy-code-todo-rewrite/jestAdapterInit.js:136:21)
    at jestAdapter (/Users/davitbejanyan/Desktop/kafka-ui/kafka-ui-react-app/node_modules/.pnpm/jest-circus@29.1.2/node_modules/jest-circus/build/legacy-code-todo-rewrite/jestAdapter.js:92:19)
    at runTestInternal (/Users/davitbejanyan/Desktop/kafka-ui/kafka-ui-react-app/node_modules/.pnpm/jest-runner@29.1.2/node_modules/jest-runner/build/runTest.js:407:16)
    at runTest (/Users/davitbejanyan/Desktop/kafka-ui/kafka-ui-react-app/node_modules/.pnpm/jest-runner@29.1.2/node_modules/jest-runner/build/runTest.js:491:34)
    at Object.worker (/Users/davitbejanyan/Desktop/kafka-ui/kafka-ui-react-app/node_modules/.pnpm/jest-runner@29.1.2/node_modules/jest-runner/build/testWorker.js:133:12)]]></failure>
    </testCase>
  </file>
  <file path="/Users/davitbejanyan/Desktop/kafka-ui/kafka-ui-react-app/src/components/Topics/shared/Form/CustomParams/__test__/CustomParams.spec.tsx">
    <testCase name="CustomParams renders with props" duration="50"/>
    <testCase name="CustomParams has defaultValues when they are set" duration="226"/>
    <testCase name="CustomParams works with user inputs correctly button click creates custom param fieldset" duration="90"/>
    <testCase name="CustomParams works with user inputs correctly can select option" duration="84">
      <failure message="TestingLibraryElementError: Unable to find an element with the text: compression.type. This could be because the text is broken up by multiple elements. In this case, you can provide a function for your text matcher to make your matcher more flexible."><![CDATA[TestingLibraryElementError: Unable to find an element with the text: compression.type. This could be because the text is broken up by multiple elements. In this case, you can provide a function for your text matcher to make your matcher more flexible.

Ignored nodes: comments, script, style
<body>
  <div>
    <div>
      <div
        class="sc-bBABsx kkdsuo"
      >
        <div
          class="sc-idXgbr knvUSi"
        >
          <div>
            <label
              class="sc-kDvujY jHDtoR"
            >
              Custom Parameter *
            </label>
            <div>
              <ul
                class="sc-bqWxrE deAqqf"
                name="customParams.0.name"
                role="listbox"
              >
                <li
                  class="sc-fnGiBr eNTWVm"
                  role="option"
                  tabindex="0"
                >
                  Select
                </li>
                <svg
                  color="#ABB5BA"
                  fill="none"
                  height="24"
                  stroke="currentColor"
                  stroke-width="2"
                  style="position: absolute; right: 5px;"
                  transform=""
                  width="24"
                >
                  <path
                    d="M6 9L12 15 18 9"
                  />
                </svg>
              </ul>
            </div>
            <p
              class="sc-eDWCr dPkHXK"
            />
          </div>
          <div>
            <label
              class="sc-kDvujY jHDtoR"
            >
              Value *
            </label>
            <div
              class="sc-ipEyDJ fjAOZv"
            >
              <input
                autocomplete="off"
                class="sc-csuSiG dKugSP"
                name="customParams.0.value"
                placeholder="Value"
                value=""
              />
            </div>
            <p
              class="sc-eDWCr dPkHXK"
            />
          </div>
          <div
            class="sc-iveFHk eLIpvT"
          >
            <span
              class="sc-bcXHqe fnBiBv"
              role="button"
              tabindex="0"
              title="Delete customParam field 0"
            >
              <svg
                fill="none"
                height="16"
                viewBox="0 0 16 16"
                width="16"
                xmlns="http://www.w3.org/2000/svg"
              >
                <path
                  clip-rule="evenodd"
                  d="M8 16C12.4183 16 16 12.4183 16 8C16 3.58172 12.4183 0 8 0C3.58172 0 0 3.58172 0 8C0 12.4183 3.58172 16 8 16ZM11.707 4.29289C12.0976 4.68342 12.0976 5.31658 11.707 5.70711L9.41415 8L11.707 10.2929C12.0976 10.6834 12.0976 11.3166 11.707 11.7071C11.3165 12.0976 10.6834 12.0976 10.2928 11.7071L7.99994 9.41421L5.70711 11.707C5.31658 12.0976 4.68342 12.0976 4.29289 11.707C3.90237 11.3165 3.90237 10.6834 4.29289 10.2928L6.58573 8L4.29289 5.70717C3.90237 5.31664 3.90237 4.68348 4.29289 4.29295C4.68342 3.90243 5.31658 3.90243 5.70711 4.29295L7.99994 6.58579L10.2928 4.29289C10.6834 3.90237 11.3165 3.90237 11.707 4.29289Z"
                  fill="#ABB5BA"
                  fill-rule="evenodd"
                />
              </svg>
            </span>
          </div>
        </div>
        <div>
          <button
            class="sc-eDvSVe bpAAEX"
            type="button"
          >
            <svg
              height="14"
              viewBox="0 0 448 512"
              width="14"
              xmlns="http://www.w3.org/2000/svg"
            >
              <path
                d="M432 256c0 17.69-14.33 32.01-32 32.01H256v144c0 17.69-14.33 31.99-32 31.99s-32-14.3-32-31.99v-144H48c-17.67 0-32-14.32-32-32.01s14.33-31.99 32-31.99H192v-144c0-17.69 14.33-32.01 32-32.01s32 14.32 32 32.01v144h144C417.7 224 432 238.3 432 256z"
              />
            </svg>
            Add Custom Parameter
          </button>
        </div>
      </div>
    </div>
  </div>
</body>
    at Object.getElementError (/Users/davitbejanyan/Desktop/kafka-ui/kafka-ui-react-app/node_modules/.pnpm/@testing-library+dom@8.19.0/node_modules/@testing-library/dom/dist/config.js:40:19)
    at /Users/davitbejanyan/Desktop/kafka-ui/kafka-ui-react-app/node_modules/.pnpm/@testing-library+dom@8.19.0/node_modules/@testing-library/dom/dist/query-helpers.js:90:38
    at /Users/davitbejanyan/Desktop/kafka-ui/kafka-ui-react-app/node_modules/.pnpm/@testing-library+dom@8.19.0/node_modules/@testing-library/dom/dist/query-helpers.js:62:17
    at /Users/davitbejanyan/Desktop/kafka-ui/kafka-ui-react-app/node_modules/.pnpm/@testing-library+dom@8.19.0/node_modules/@testing-library/dom/dist/query-helpers.js:111:19
    at getByText (/Users/davitbejanyan/Desktop/kafka-ui/kafka-ui-react-app/src/components/Topics/shared/Form/CustomParams/__test__/CustomParams.spec.tsx:17:26)
    at tryCatch (/Users/davitbejanyan/Desktop/kafka-ui/kafka-ui-react-app/src/components/Topics/shared/Form/CustomParams/__test__/CustomParams.spec.tsx:2:1)
    at Generator._invoke (/Users/davitbejanyan/Desktop/kafka-ui/kafka-ui-react-app/src/components/Topics/shared/Form/CustomParams/__test__/CustomParams.spec.tsx:2:1)
    at Generator.next (/Users/davitbejanyan/Desktop/kafka-ui/kafka-ui-react-app/src/components/Topics/shared/Form/CustomParams/__test__/CustomParams.spec.tsx:2:1)
    at asyncGeneratorStep (/Users/davitbejanyan/Desktop/kafka-ui/kafka-ui-react-app/src/components/Topics/shared/Form/CustomParams/__test__/CustomParams.spec.tsx:2:1)
    at _next (/Users/davitbejanyan/Desktop/kafka-ui/kafka-ui-react-app/src/components/Topics/shared/Form/CustomParams/__test__/CustomParams.spec.tsx:2:1)]]></failure>
    </testCase>
    <testCase name="CustomParams works with user inputs correctly when selected option changes disabled options update correctly" duration="86">
      <failure message="TestingLibraryElementError: Unable to find an element with the text: compression.type. This could be because the text is broken up by multiple elements. In this case, you can provide a function for your text matcher to make your matcher more flexible."><![CDATA[TestingLibraryElementError: Unable to find an element with the text: compression.type. This could be because the text is broken up by multiple elements. In this case, you can provide a function for your text matcher to make your matcher more flexible.

Ignored nodes: comments, script, style
<body>
  <div>
    <div>
      <div
        class="sc-bBABsx kkdsuo"
      >
        <div
          class="sc-idXgbr knvUSi"
        >
          <div>
            <label
              class="sc-kDvujY jHDtoR"
            >
              Custom Parameter *
            </label>
            <div>
              <ul
                class="sc-bqWxrE deAqqf"
                name="customParams.0.name"
                role="listbox"
              >
                <li
                  class="sc-fnGiBr eNTWVm"
                  role="option"
                  tabindex="0"
                >
                  Select
                </li>
                <svg
                  color="#ABB5BA"
                  fill="none"
                  height="24"
                  stroke="currentColor"
                  stroke-width="2"
                  style="position: absolute; right: 5px;"
                  transform=""
                  width="24"
                >
                  <path
                    d="M6 9L12 15 18 9"
                  />
                </svg>
              </ul>
            </div>
            <p
              class="sc-eDWCr dPkHXK"
            />
          </div>
          <div>
            <label
              class="sc-kDvujY jHDtoR"
            >
              Value *
            </label>
            <div
              class="sc-ipEyDJ fjAOZv"
            >
              <input
                autocomplete="off"
                class="sc-csuSiG dKugSP"
                name="customParams.0.value"
                placeholder="Value"
                value=""
              />
            </div>
            <p
              class="sc-eDWCr dPkHXK"
            />
          </div>
          <div
            class="sc-iveFHk eLIpvT"
          >
            <span
              class="sc-bcXHqe fnBiBv"
              role="button"
              tabindex="0"
              title="Delete customParam field 0"
            >
              <svg
                fill="none"
                height="16"
                viewBox="0 0 16 16"
                width="16"
                xmlns="http://www.w3.org/2000/svg"
              >
                <path
                  clip-rule="evenodd"
                  d="M8 16C12.4183 16 16 12.4183 16 8C16 3.58172 12.4183 0 8 0C3.58172 0 0 3.58172 0 8C0 12.4183 3.58172 16 8 16ZM11.707 4.29289C12.0976 4.68342 12.0976 5.31658 11.707 5.70711L9.41415 8L11.707 10.2929C12.0976 10.6834 12.0976 11.3166 11.707 11.7071C11.3165 12.0976 10.6834 12.0976 10.2928 11.7071L7.99994 9.41421L5.70711 11.707C5.31658 12.0976 4.68342 12.0976 4.29289 11.707C3.90237 11.3165 3.90237 10.6834 4.29289 10.2928L6.58573 8L4.29289 5.70717C3.90237 5.31664 3.90237 4.68348 4.29289 4.29295C4.68342 3.90243 5.31658 3.90243 5.70711 4.29295L7.99994 6.58579L10.2928 4.29289C10.6834 3.90237 11.3165 3.90237 11.707 4.29289Z"
                  fill="#ABB5BA"
                  fill-rule="evenodd"
                />
              </svg>
            </span>
          </div>
        </div>
        <div>
          <button
            class="sc-eDvSVe bpAAEX"
            type="button"
          >
            <svg
              height="14"
              viewBox="0 0 448 512"
              width="14"
              xmlns="http://www.w3.org/2000/svg"
            >
              <path
                d="M432 256c0 17.69-14.33 32.01-32 32.01H256v144c0 17.69-14.33 31.99-32 31.99s-32-14.3-32-31.99v-144H48c-17.67 0-32-14.32-32-32.01s14.33-31.99 32-31.99H192v-144c0-17.69 14.33-32.01 32-32.01s32 14.32 32 32.01v144h144C417.7 224 432 238.3 432 256z"
              />
            </svg>
            Add Custom Parameter
          </button>
        </div>
      </div>
    </div>
  </div>
</body>
    at Object.getElementError (/Users/davitbejanyan/Desktop/kafka-ui/kafka-ui-react-app/node_modules/.pnpm/@testing-library+dom@8.19.0/node_modules/@testing-library/dom/dist/config.js:40:19)
    at /Users/davitbejanyan/Desktop/kafka-ui/kafka-ui-react-app/node_modules/.pnpm/@testing-library+dom@8.19.0/node_modules/@testing-library/dom/dist/query-helpers.js:90:38
    at /Users/davitbejanyan/Desktop/kafka-ui/kafka-ui-react-app/node_modules/.pnpm/@testing-library+dom@8.19.0/node_modules/@testing-library/dom/dist/query-helpers.js:62:17
    at /Users/davitbejanyan/Desktop/kafka-ui/kafka-ui-react-app/node_modules/.pnpm/@testing-library+dom@8.19.0/node_modules/@testing-library/dom/dist/query-helpers.js:111:19
    at getByText (/Users/davitbejanyan/Desktop/kafka-ui/kafka-ui-react-app/src/components/Topics/shared/Form/CustomParams/__test__/CustomParams.spec.tsx:17:26)
    at tryCatch (/Users/davitbejanyan/Desktop/kafka-ui/kafka-ui-react-app/src/components/Topics/shared/Form/CustomParams/__test__/CustomParams.spec.tsx:2:1)
    at Generator._invoke (/Users/davitbejanyan/Desktop/kafka-ui/kafka-ui-react-app/src/components/Topics/shared/Form/CustomParams/__test__/CustomParams.spec.tsx:2:1)
    at Generator.next (/Users/davitbejanyan/Desktop/kafka-ui/kafka-ui-react-app/src/components/Topics/shared/Form/CustomParams/__test__/CustomParams.spec.tsx:2:1)
    at asyncGeneratorStep (/Users/davitbejanyan/Desktop/kafka-ui/kafka-ui-react-app/src/components/Topics/shared/Form/CustomParams/__test__/CustomParams.spec.tsx:2:1)
    at _next (/Users/davitbejanyan/Desktop/kafka-ui/kafka-ui-react-app/src/components/Topics/shared/Form/CustomParams/__test__/CustomParams.spec.tsx:2:1)]]></failure>
    </testCase>
    <testCase name="CustomParams works with user inputs correctly multiple button clicks create multiple fieldsets" duration="155"/>
    <testCase name="CustomParams works with user inputs correctly can&apos;t select already selected option" duration="132">
      <failure message="TestingLibraryElementError: Unable to find an element with the text: compression.type. This could be because the text is broken up by multiple elements. In this case, you can provide a function for your text matcher to make your matcher more flexible."><![CDATA[TestingLibraryElementError: Unable to find an element with the text: compression.type. This could be because the text is broken up by multiple elements. In this case, you can provide a function for your text matcher to make your matcher more flexible.

Ignored nodes: comments, script, style
<body>
  <div>
    <div>
      <div
        class="sc-bBABsx kkdsuo"
      >
        <div
          class="sc-idXgbr knvUSi"
        >
          <div>
            <label
              class="sc-kDvujY jHDtoR"
            >
              Custom Parameter *
            </label>
            <div>
              <ul
                class="sc-bqWxrE deAqqf"
                name="customParams.0.name"
                role="listbox"
              >
                <li
                  class="sc-fnGiBr eNTWVm"
                  role="option"
                  tabindex="0"
                >
                  Select
                </li>
                <svg
                  color="#ABB5BA"
                  fill="none"
                  height="24"
                  stroke="currentColor"
                  stroke-width="2"
                  style="position: absolute; right: 5px;"
                  transform=""
                  width="24"
                >
                  <path
                    d="M6 9L12 15 18 9"
                  />
                </svg>
              </ul>
            </div>
            <p
              class="sc-eDWCr dPkHXK"
            />
          </div>
          <div>
            <label
              class="sc-kDvujY jHDtoR"
            >
              Value *
            </label>
            <div
              class="sc-ipEyDJ fjAOZv"
            >
              <input
                autocomplete="off"
                class="sc-csuSiG dKugSP"
                name="customParams.0.value"
                placeholder="Value"
                value=""
              />
            </div>
            <p
              class="sc-eDWCr dPkHXK"
            />
          </div>
          <div
            class="sc-iveFHk eLIpvT"
          >
            <span
              class="sc-bcXHqe fnBiBv"
              role="button"
              tabindex="0"
              title="Delete customParam field 0"
            >
              <svg
                fill="none"
                height="16"
                viewBox="0 0 16 16"
                width="16"
                xmlns="http://www.w3.org/2000/svg"
              >
                <path
                  clip-rule="evenodd"
                  d="M8 16C12.4183 16 16 12.4183 16 8C16 3.58172 12.4183 0 8 0C3.58172 0 0 3.58172 0 8C0 12.4183 3.58172 16 8 16ZM11.707 4.29289C12.0976 4.68342 12.0976 5.31658 11.707 5.70711L9.41415 8L11.707 10.2929C12.0976 10.6834 12.0976 11.3166 11.707 11.7071C11.3165 12.0976 10.6834 12.0976 10.2928 11.7071L7.99994 9.41421L5.70711 11.707C5.31658 12.0976 4.68342 12.0976 4.29289 11.707C3.90237 11.3165 3.90237 10.6834 4.29289 10.2928L6.58573 8L4.29289 5.70717C3.90237 5.31664 3.90237 4.68348 4.29289 4.29295C4.68342 3.90243 5.31658 3.90243 5.70711 4.29295L7.99994 6.58579L10.2928 4.29289C10.6834 3.90237 11.3165 3.90237 11.707 4.29289Z"
                  fill="#ABB5BA"
                  fill-rule="evenodd"
                />
              </svg>
            </span>
          </div>
        </div>
        <div
          class="sc-idXgbr knvUSi"
        >
          <div>
            <label
              class="sc-kDvujY jHDtoR"
            >
              Custom Parameter *
            </label>
            <div>
              <ul
                class="sc-bqWxrE deAqqf"
                name="customParams.1.name"
                role="listbox"
              >
                <li
                  class="sc-fnGiBr eNTWVm"
                  role="option"
                  tabindex="0"
                >
                  Select
                </li>
                <svg
                  color="#ABB5BA"
                  fill="none"
                  height="24"
                  stroke="currentColor"
                  stroke-width="2"
                  style="position: absolute; right: 5px;"
                  transform=""
                  width="24"
                >
                  <path
                    d="M6 9L12 15 18 9"
                  />
                </svg>
              </ul>
            </div>
            <p
              class="sc-eDWCr dPkHXK"
            />
          </div>
          <div>
            <label
              class="sc-kDvujY jHDtoR"
            >
              Value *
            </label>
            <div
              class="sc-ipEyDJ fjAOZv"
            >
              <input
                autocomplete="off"
                class="sc-csuSiG dKugSP"
                name="customParams.1.value"
                placeholder="Value"
                value=""
              />
            </div>
            <p
              class="sc-eDWCr dPkHXK"
            />
          </div>
          <div
            class="sc-iveFHk eLIpvT"
          >
            <span
              class="sc-bcXHqe fnBiBv"
              role="button"
              tabindex="0"
              title="Delete customParam field 1"
            >
              <svg
                fill="none"
                height="16"
                viewBox="0 0 16 16"
                width="16"
                xmlns="http://www.w3.org/2000/svg"
              >
                <path
                  clip-rule="evenodd"
                  d="M8 16C12.4183 16 16 12.4183 16 8C16 3.58172 12.4183 0 8 0C3.58172 0 0 3.58172 0 8C0 12.4183 3.58172 16 8 16ZM11.707 4.29289C12.0976 4.68342 12.0976 5.31658 11.707 5.70711L9.41415 8L11.707 10.2929C12.0976 10.6834 12.0976 11.3166 11.707 11.7071C11.3165 12.0976 10.6834 12.0976 10.2928 11.7071L7.99994 9.41421L5.70711 11.707C5.31658 12.0976 4.68342 12.0976 4.29289 11.707C3.90237 11.3165 3.90237 10.6834 4.29289 10.2928L6.58573 8L4.29289 5.70717C3.90237 5.31664 3.90237 4.68348 4.29289 4.29295C4.68342 3.90243 5.31658 3.90243 5.70711 4.29295L7.99994 6.58579L10.2928 4.29289C10.6834 3.90237 11.3165 3.90237 11.707 4.29289Z"
                  fill="#ABB5BA"
                  fill-rule="evenodd"
                />
              </svg>
            </span>
          </div>
        </div>
        <div>
          <button
            class="sc-eDvSVe bpAAEX"
            type="button"
          >
            <svg
              height="14"
              viewBox="0 0 448 512"
              width="14"
              xmlns="http://www.w3.org/2000/svg"
            >
              <path
                d="M432 256c0 17.69-14.33 32.01-32 32.01H256v144c0 17.69-14.33 31.99-32 31.99s-32-14.3-32-31.99v-144H48c-17.67 0-32-14.32-32-32.01s14.33-31.99 32-31.99H192v-144c0-17.69 14.33-32.01 32-32.01s32 14.32 32 32.01v144h144C417.7 224 432 238.3 432 256z"
              />
            </svg>
            Add Custom Parameter
          </button>
        </div>
      </div>
    </div>
  </div>
</body>
    at Object.getElementError (/Users/davitbejanyan/Desktop/kafka-ui/kafka-ui-react-app/node_modules/.pnpm/@testing-library+dom@8.19.0/node_modules/@testing-library/dom/dist/config.js:40:19)
    at /Users/davitbejanyan/Desktop/kafka-ui/kafka-ui-react-app/node_modules/.pnpm/@testing-library+dom@8.19.0/node_modules/@testing-library/dom/dist/query-helpers.js:90:38
    at /Users/davitbejanyan/Desktop/kafka-ui/kafka-ui-react-app/node_modules/.pnpm/@testing-library+dom@8.19.0/node_modules/@testing-library/dom/dist/query-helpers.js:62:17
    at /Users/davitbejanyan/Desktop/kafka-ui/kafka-ui-react-app/node_modules/.pnpm/@testing-library+dom@8.19.0/node_modules/@testing-library/dom/dist/query-helpers.js:111:19
    at getByText (/Users/davitbejanyan/Desktop/kafka-ui/kafka-ui-react-app/src/components/Topics/shared/Form/CustomParams/__test__/CustomParams.spec.tsx:17:26)
    at tryCatch (/Users/davitbejanyan/Desktop/kafka-ui/kafka-ui-react-app/src/components/Topics/shared/Form/CustomParams/__test__/CustomParams.spec.tsx:2:1)
    at Generator._invoke (/Users/davitbejanyan/Desktop/kafka-ui/kafka-ui-react-app/src/components/Topics/shared/Form/CustomParams/__test__/CustomParams.spec.tsx:2:1)
    at Generator.next (/Users/davitbejanyan/Desktop/kafka-ui/kafka-ui-react-app/src/components/Topics/shared/Form/CustomParams/__test__/CustomParams.spec.tsx:2:1)
    at asyncGeneratorStep (/Users/davitbejanyan/Desktop/kafka-ui/kafka-ui-react-app/src/components/Topics/shared/Form/CustomParams/__test__/CustomParams.spec.tsx:2:1)
    at _next (/Users/davitbejanyan/Desktop/kafka-ui/kafka-ui-react-app/src/components/Topics/shared/Form/CustomParams/__test__/CustomParams.spec.tsx:2:1)]]></failure>
    </testCase>
    <testCase name="CustomParams works with user inputs correctly when fieldset with selected custom property type is deleted disabled options update correctly" duration="122">
      <failure message="TestingLibraryElementError: Unable to find an element with the text: compression.type. This could be because the text is broken up by multiple elements. In this case, you can provide a function for your text matcher to make your matcher more flexible."><![CDATA[TestingLibraryElementError: Unable to find an element with the text: compression.type. This could be because the text is broken up by multiple elements. In this case, you can provide a function for your text matcher to make your matcher more flexible.

Ignored nodes: comments, script, style
<body>
  <div>
    <div>
      <div
        class="sc-bBABsx kkdsuo"
      >
        <div
          class="sc-idXgbr knvUSi"
        >
          <div>
            <label
              class="sc-kDvujY jHDtoR"
            >
              Custom Parameter *
            </label>
            <div>
              <ul
                class="sc-bqWxrE deAqqf"
                name="customParams.0.name"
                role="listbox"
              >
                <li
                  class="sc-fnGiBr eNTWVm"
                  role="option"
                  tabindex="0"
                >
                  Select
                </li>
                <svg
                  color="#ABB5BA"
                  fill="none"
                  height="24"
                  stroke="currentColor"
                  stroke-width="2"
                  style="position: absolute; right: 5px;"
                  transform=""
                  width="24"
                >
                  <path
                    d="M6 9L12 15 18 9"
                  />
                </svg>
              </ul>
            </div>
            <p
              class="sc-eDWCr dPkHXK"
            />
          </div>
          <div>
            <label
              class="sc-kDvujY jHDtoR"
            >
              Value *
            </label>
            <div
              class="sc-ipEyDJ fjAOZv"
            >
              <input
                autocomplete="off"
                class="sc-csuSiG dKugSP"
                name="customParams.0.value"
                placeholder="Value"
                value=""
              />
            </div>
            <p
              class="sc-eDWCr dPkHXK"
            />
          </div>
          <div
            class="sc-iveFHk eLIpvT"
          >
            <span
              class="sc-bcXHqe fnBiBv"
              role="button"
              tabindex="0"
              title="Delete customParam field 0"
            >
              <svg
                fill="none"
                height="16"
                viewBox="0 0 16 16"
                width="16"
                xmlns="http://www.w3.org/2000/svg"
              >
                <path
                  clip-rule="evenodd"
                  d="M8 16C12.4183 16 16 12.4183 16 8C16 3.58172 12.4183 0 8 0C3.58172 0 0 3.58172 0 8C0 12.4183 3.58172 16 8 16ZM11.707 4.29289C12.0976 4.68342 12.0976 5.31658 11.707 5.70711L9.41415 8L11.707 10.2929C12.0976 10.6834 12.0976 11.3166 11.707 11.7071C11.3165 12.0976 10.6834 12.0976 10.2928 11.7071L7.99994 9.41421L5.70711 11.707C5.31658 12.0976 4.68342 12.0976 4.29289 11.707C3.90237 11.3165 3.90237 10.6834 4.29289 10.2928L6.58573 8L4.29289 5.70717C3.90237 5.31664 3.90237 4.68348 4.29289 4.29295C4.68342 3.90243 5.31658 3.90243 5.70711 4.29295L7.99994 6.58579L10.2928 4.29289C10.6834 3.90237 11.3165 3.90237 11.707 4.29289Z"
                  fill="#ABB5BA"
                  fill-rule="evenodd"
                />
              </svg>
            </span>
          </div>
        </div>
        <div
          class="sc-idXgbr knvUSi"
        >
          <div>
            <label
              class="sc-kDvujY jHDtoR"
            >
              Custom Parameter *
            </label>
            <div>
              <ul
                class="sc-bqWxrE deAqqf"
                name="customParams.1.name"
                role="listbox"
              >
                <li
                  class="sc-fnGiBr eNTWVm"
                  role="option"
                  tabindex="0"
                >
                  Select
                </li>
                <svg
                  color="#ABB5BA"
                  fill="none"
                  height="24"
                  stroke="currentColor"
                  stroke-width="2"
                  style="position: absolute; right: 5px;"
                  transform=""
                  width="24"
                >
                  <path
                    d="M6 9L12 15 18 9"
                  />
                </svg>
              </ul>
            </div>
            <p
              class="sc-eDWCr dPkHXK"
            />
          </div>
          <div>
            <label
              class="sc-kDvujY jHDtoR"
            >
              Value *
            </label>
            <div
              class="sc-ipEyDJ fjAOZv"
            >
              <input
                autocomplete="off"
                class="sc-csuSiG dKugSP"
                name="customParams.1.value"
                placeholder="Value"
                value=""
              />
            </div>
            <p
              class="sc-eDWCr dPkHXK"
            />
          </div>
          <div
            class="sc-iveFHk eLIpvT"
          >
            <span
              class="sc-bcXHqe fnBiBv"
              role="button"
              tabindex="0"
              title="Delete customParam field 1"
            >
              <svg
                fill="none"
                height="16"
                viewBox="0 0 16 16"
                width="16"
                xmlns="http://www.w3.org/2000/svg"
              >
                <path
                  clip-rule="evenodd"
                  d="M8 16C12.4183 16 16 12.4183 16 8C16 3.58172 12.4183 0 8 0C3.58172 0 0 3.58172 0 8C0 12.4183 3.58172 16 8 16ZM11.707 4.29289C12.0976 4.68342 12.0976 5.31658 11.707 5.70711L9.41415 8L11.707 10.2929C12.0976 10.6834 12.0976 11.3166 11.707 11.7071C11.3165 12.0976 10.6834 12.0976 10.2928 11.7071L7.99994 9.41421L5.70711 11.707C5.31658 12.0976 4.68342 12.0976 4.29289 11.707C3.90237 11.3165 3.90237 10.6834 4.29289 10.2928L6.58573 8L4.29289 5.70717C3.90237 5.31664 3.90237 4.68348 4.29289 4.29295C4.68342 3.90243 5.31658 3.90243 5.70711 4.29295L7.99994 6.58579L10.2928 4.29289C10.6834 3.90237 11.3165 3.90237 11.707 4.29289Z"
                  fill="#ABB5BA"
                  fill-rule="evenodd"
                />
              </svg>
            </span>
          </div>
        </div>
        <div
          class="sc-idXgbr knvUSi"
        >
          <div>
            <label
              class="sc-kDvujY jHDtoR"
            >
              Custom Parameter *
            </label>
            <div>
              <ul
                class="sc-bqWxrE deAqqf"
                name="customParams.2.name"
                role="listbox"
              >
                <li
                  class="sc-fnGiBr eNTWVm"
                  role="option"
                  tabindex="0"
                >
                  Select
                </li>
                <svg
                  color="#ABB5BA"
                  fill="none"
                  height="24"
                  stroke="currentColor"
                  stroke-width="2"
                  style="position: absolute; right: 5px;"
                  transform=""
                  width="24"
                >
                  <path
                    d="M6 9L12 15 18 9"
                  />
                </svg>
              </ul>
            </div>
            <p
              class="sc-eDWCr dPkHXK"
            />
          </div>
          <div>
            <label
              class="sc-kDvujY jHDtoR"
            >
              Value *
            </label>
            <div
              class="sc-ipEyDJ fjAOZv"
            >
              <input
                autocomplete="off"
                class="sc-csuSiG dKugSP"
                name="customParams.2.value"
                placeholder="Value"
                value=""
              />
            </div>
            <p
              class="sc-eDWCr dPkHXK"
            />
          </div>
          <div
            class="sc-iveFHk eLIpvT"
          >
            <span
              class="sc-bcXHqe fnBiBv"
              role="button"
              tabindex="0"
              title="Delete customParam field 2"
            >
              <svg
                fill="none"
                height="16"
                viewBox="0 0 16 16"
                width="16"
                xmlns="http://www.w3.org/2000/svg"
              >
                <path
                  clip-rule="evenodd"
                  d="M8 16C12.4183 16 16 12.4183 16 8C16 3.58172 12.4183 0 8 0C3.58172 0 0 3.58172 0 8C0 12.4183 3.58172 16 8 16ZM11.707 4.29289C12.0976 4.68342 12.0976 5.31658 11.707 5.70711L9.41415 8L11.707 10.2929C12.0976 10.6834 12.0976 11.3166 11.707 11.7071C11.3165 12.0976 10.6834 12.0976 10.2928 11.7071L7.99994 9.41421L5.70711 11.707C5.31658 12.0976 4.68342 12.0976 4.29289 11.707C3.90237 11.3165 3.90237 10.6834 4.29289 10.2928L6.58573 8L4.29289 5.70717C3.90237 5.31664 3.90237 4.68348 4.29289 4.29295C4.68342 3.90243 5.31658 3.90243 5.70711 4.29295L7.99994 6.58579L10.2928 4.29289C10.6834 3.90237 11.3165 3.90237 11.707 4.29289Z"
                  fill="#ABB5BA"
                  fill-rule="evenodd"
                />
              </svg>
            </span>
          </div>
        </div>
        <div>
          <button
            class="sc-eDvSVe bpAAEX"
            type="button"
          >
            <svg
              height="14"
              viewBox="0 0 448 512"
              width="14"
              xmlns="http://www.w3.org/2000/svg"
            >
              <path
                d="M432 256c0 17.69-14.33 32.01-32 32.01H256v144c0 17.69-14.33 31.99-32 31.99s-32-14.3-32-31.99v-144H48c-17.67 0-32-14.32-32-32.01s14.33-31.99 32-31.99H192v-144c0-17.69 14.33-32.01 32-32.01s32 14.32 32 32.01v144h144C417.7 224 432 238.3 432 256z"
              />
            </svg>
            Add Custom Parameter
          </button>
        </div>
      </div>
    </div>
  </div>
</body>
    at Object.getElementError (/Users/davitbejanyan/Desktop/kafka-ui/kafka-ui-react-app/node_modules/.pnpm/@testing-library+dom@8.19.0/node_modules/@testing-library/dom/dist/config.js:40:19)
    at /Users/davitbejanyan/Desktop/kafka-ui/kafka-ui-react-app/node_modules/.pnpm/@testing-library+dom@8.19.0/node_modules/@testing-library/dom/dist/query-helpers.js:90:38
    at /Users/davitbejanyan/Desktop/kafka-ui/kafka-ui-react-app/node_modules/.pnpm/@testing-library+dom@8.19.0/node_modules/@testing-library/dom/dist/query-helpers.js:62:17
    at /Users/davitbejanyan/Desktop/kafka-ui/kafka-ui-react-app/node_modules/.pnpm/@testing-library+dom@8.19.0/node_modules/@testing-library/dom/dist/query-helpers.js:111:19
    at getByText (/Users/davitbejanyan/Desktop/kafka-ui/kafka-ui-react-app/src/components/Topics/shared/Form/CustomParams/__test__/CustomParams.spec.tsx:17:26)
    at tryCatch (/Users/davitbejanyan/Desktop/kafka-ui/kafka-ui-react-app/src/components/Topics/shared/Form/CustomParams/__test__/CustomParams.spec.tsx:2:1)
    at Generator._invoke (/Users/davitbejanyan/Desktop/kafka-ui/kafka-ui-react-app/src/components/Topics/shared/Form/CustomParams/__test__/CustomParams.spec.tsx:2:1)
    at Generator.next (/Users/davitbejanyan/Desktop/kafka-ui/kafka-ui-react-app/src/components/Topics/shared/Form/CustomParams/__test__/CustomParams.spec.tsx:2:1)
    at asyncGeneratorStep (/Users/davitbejanyan/Desktop/kafka-ui/kafka-ui-react-app/src/components/Topics/shared/Form/CustomParams/__test__/CustomParams.spec.tsx:2:1)
    at _next (/Users/davitbejanyan/Desktop/kafka-ui/kafka-ui-react-app/src/components/Topics/shared/Form/CustomParams/__test__/CustomParams.spec.tsx:2:1)]]></failure>
    </testCase>
  </file>
  <file path="/Users/davitbejanyan/Desktop/kafka-ui/kafka-ui-react-app/src/components/Topics/Topic/Messages/Filters/__tests__/SavedFilters.spec.tsx">
    <testCase name="SavedFilter Component should check the Cancel button click" duration="77">
      <failure message="Error: expect(jest.fn()).toHaveBeenCalled()"><![CDATA[Error: expect(jest.fn()).toHaveBeenCalled()

Expected number of calls: >= 1
Received number of calls:    0
    at Object.toHaveBeenCalled (/Users/davitbejanyan/Desktop/kafka-ui/kafka-ui-react-app/src/components/Topics/Topic/Messages/Filters/__tests__/SavedFilters.spec.tsx:42:24)
    at Promise.then.completed (/Users/davitbejanyan/Desktop/kafka-ui/kafka-ui-react-app/node_modules/.pnpm/jest-circus@29.1.2/node_modules/jest-circus/build/utils.js:333:28)
    at new Promise (<anonymous>)
    at callAsyncCircusFn (/Users/davitbejanyan/Desktop/kafka-ui/kafka-ui-react-app/node_modules/.pnpm/jest-circus@29.1.2/node_modules/jest-circus/build/utils.js:259:10)
    at _callCircusTest (/Users/davitbejanyan/Desktop/kafka-ui/kafka-ui-react-app/node_modules/.pnpm/jest-circus@29.1.2/node_modules/jest-circus/build/run.js:277:40)
    at processTicksAndRejections (node:internal/process/task_queues:96:5)
    at _runTest (/Users/davitbejanyan/Desktop/kafka-ui/kafka-ui-react-app/node_modules/.pnpm/jest-circus@29.1.2/node_modules/jest-circus/build/run.js:209:3)
    at _runTestsForDescribeBlock (/Users/davitbejanyan/Desktop/kafka-ui/kafka-ui-react-app/node_modules/.pnpm/jest-circus@29.1.2/node_modules/jest-circus/build/run.js:97:9)
    at _runTestsForDescribeBlock (/Users/davitbejanyan/Desktop/kafka-ui/kafka-ui-react-app/node_modules/.pnpm/jest-circus@29.1.2/node_modules/jest-circus/build/run.js:91:9)
    at run (/Users/davitbejanyan/Desktop/kafka-ui/kafka-ui-react-app/node_modules/.pnpm/jest-circus@29.1.2/node_modules/jest-circus/build/run.js:31:3)
    at runAndTransformResultsToJestFormat (/Users/davitbejanyan/Desktop/kafka-ui/kafka-ui-react-app/node_modules/.pnpm/jest-circus@29.1.2/node_modules/jest-circus/build/legacy-code-todo-rewrite/jestAdapterInit.js:136:21)
    at jestAdapter (/Users/davitbejanyan/Desktop/kafka-ui/kafka-ui-react-app/node_modules/.pnpm/jest-circus@29.1.2/node_modules/jest-circus/build/legacy-code-todo-rewrite/jestAdapter.js:92:19)
    at runTestInternal (/Users/davitbejanyan/Desktop/kafka-ui/kafka-ui-react-app/node_modules/.pnpm/jest-runner@29.1.2/node_modules/jest-runner/build/runTest.js:407:16)
    at runTest (/Users/davitbejanyan/Desktop/kafka-ui/kafka-ui-react-app/node_modules/.pnpm/jest-runner@29.1.2/node_modules/jest-runner/build/runTest.js:491:34)
    at Object.worker (/Users/davitbejanyan/Desktop/kafka-ui/kafka-ui-react-app/node_modules/.pnpm/jest-runner@29.1.2/node_modules/jest-runner/build/testWorker.js:133:12)]]></failure>
    </testCase>
    <testCase name="SavedFilter Component should check on go back button click" duration="48">
      <failure message="Error: expect(jest.fn()).toHaveBeenCalled()"><![CDATA[Error: expect(jest.fn()).toHaveBeenCalled()

Expected number of calls: >= 1
Received number of calls:    0
    at Object.toHaveBeenCalled (/Users/davitbejanyan/Desktop/kafka-ui/kafka-ui-react-app/src/components/Topics/Topic/Messages/Filters/__tests__/SavedFilters.spec.tsx:49:26)
    at Promise.then.completed (/Users/davitbejanyan/Desktop/kafka-ui/kafka-ui-react-app/node_modules/.pnpm/jest-circus@29.1.2/node_modules/jest-circus/build/utils.js:333:28)
    at new Promise (<anonymous>)
    at callAsyncCircusFn (/Users/davitbejanyan/Desktop/kafka-ui/kafka-ui-react-app/node_modules/.pnpm/jest-circus@29.1.2/node_modules/jest-circus/build/utils.js:259:10)
    at _callCircusTest (/Users/davitbejanyan/Desktop/kafka-ui/kafka-ui-react-app/node_modules/.pnpm/jest-circus@29.1.2/node_modules/jest-circus/build/run.js:277:40)
    at processTicksAndRejections (node:internal/process/task_queues:96:5)
    at _runTest (/Users/davitbejanyan/Desktop/kafka-ui/kafka-ui-react-app/node_modules/.pnpm/jest-circus@29.1.2/node_modules/jest-circus/build/run.js:209:3)
    at _runTestsForDescribeBlock (/Users/davitbejanyan/Desktop/kafka-ui/kafka-ui-react-app/node_modules/.pnpm/jest-circus@29.1.2/node_modules/jest-circus/build/run.js:97:9)
    at _runTestsForDescribeBlock (/Users/davitbejanyan/Desktop/kafka-ui/kafka-ui-react-app/node_modules/.pnpm/jest-circus@29.1.2/node_modules/jest-circus/build/run.js:91:9)
    at run (/Users/davitbejanyan/Desktop/kafka-ui/kafka-ui-react-app/node_modules/.pnpm/jest-circus@29.1.2/node_modules/jest-circus/build/run.js:31:3)
    at runAndTransformResultsToJestFormat (/Users/davitbejanyan/Desktop/kafka-ui/kafka-ui-react-app/node_modules/.pnpm/jest-circus@29.1.2/node_modules/jest-circus/build/legacy-code-todo-rewrite/jestAdapterInit.js:136:21)
    at jestAdapter (/Users/davitbejanyan/Desktop/kafka-ui/kafka-ui-react-app/node_modules/.pnpm/jest-circus@29.1.2/node_modules/jest-circus/build/legacy-code-todo-rewrite/jestAdapter.js:92:19)
    at runTestInternal (/Users/davitbejanyan/Desktop/kafka-ui/kafka-ui-react-app/node_modules/.pnpm/jest-runner@29.1.2/node_modules/jest-runner/build/runTest.js:407:16)
    at runTest (/Users/davitbejanyan/Desktop/kafka-ui/kafka-ui-react-app/node_modules/.pnpm/jest-runner@29.1.2/node_modules/jest-runner/build/runTest.js:491:34)
    at Object.worker (/Users/davitbejanyan/Desktop/kafka-ui/kafka-ui-react-app/node_modules/.pnpm/jest-runner@29.1.2/node_modules/jest-runner/build/testWorker.js:133:12)]]></failure>
    </testCase>
    <testCase name="SavedFilter Component Empty Filters Rendering should check the rendering of the empty filter" duration="16"/>
    <testCase name="SavedFilter Component Saved Filters Deleting Editing should check the normal data rendering" duration="40"/>
    <testCase name="SavedFilter Component Saved Filters Deleting Editing should check the Filter edit Button works" duration="73">
      <failure message="Error: expect(jest.fn()).toHaveBeenCalled()"><![CDATA[Error: expect(jest.fn()).toHaveBeenCalled()

Expected number of calls: >= 1
Received number of calls:    0
    at Object.toHaveBeenCalled (/Users/davitbejanyan/Desktop/kafka-ui/kafka-ui-react-app/src/components/Topics/Topic/Messages/Filters/__tests__/SavedFilters.spec.tsx:91:26)
    at Promise.then.completed (/Users/davitbejanyan/Desktop/kafka-ui/kafka-ui-react-app/node_modules/.pnpm/jest-circus@29.1.2/node_modules/jest-circus/build/utils.js:333:28)
    at new Promise (<anonymous>)
    at callAsyncCircusFn (/Users/davitbejanyan/Desktop/kafka-ui/kafka-ui-react-app/node_modules/.pnpm/jest-circus@29.1.2/node_modules/jest-circus/build/utils.js:259:10)
    at _callCircusTest (/Users/davitbejanyan/Desktop/kafka-ui/kafka-ui-react-app/node_modules/.pnpm/jest-circus@29.1.2/node_modules/jest-circus/build/run.js:277:40)
    at processTicksAndRejections (node:internal/process/task_queues:96:5)
    at _runTest (/Users/davitbejanyan/Desktop/kafka-ui/kafka-ui-react-app/node_modules/.pnpm/jest-circus@29.1.2/node_modules/jest-circus/build/run.js:209:3)
    at _runTestsForDescribeBlock (/Users/davitbejanyan/Desktop/kafka-ui/kafka-ui-react-app/node_modules/.pnpm/jest-circus@29.1.2/node_modules/jest-circus/build/run.js:97:9)
    at _runTestsForDescribeBlock (/Users/davitbejanyan/Desktop/kafka-ui/kafka-ui-react-app/node_modules/.pnpm/jest-circus@29.1.2/node_modules/jest-circus/build/run.js:91:9)
    at _runTestsForDescribeBlock (/Users/davitbejanyan/Desktop/kafka-ui/kafka-ui-react-app/node_modules/.pnpm/jest-circus@29.1.2/node_modules/jest-circus/build/run.js:91:9)
    at run (/Users/davitbejanyan/Desktop/kafka-ui/kafka-ui-react-app/node_modules/.pnpm/jest-circus@29.1.2/node_modules/jest-circus/build/run.js:31:3)
    at runAndTransformResultsToJestFormat (/Users/davitbejanyan/Desktop/kafka-ui/kafka-ui-react-app/node_modules/.pnpm/jest-circus@29.1.2/node_modules/jest-circus/build/legacy-code-todo-rewrite/jestAdapterInit.js:136:21)
    at jestAdapter (/Users/davitbejanyan/Desktop/kafka-ui/kafka-ui-react-app/node_modules/.pnpm/jest-circus@29.1.2/node_modules/jest-circus/build/legacy-code-todo-rewrite/jestAdapter.js:92:19)
    at runTestInternal (/Users/davitbejanyan/Desktop/kafka-ui/kafka-ui-react-app/node_modules/.pnpm/jest-runner@29.1.2/node_modules/jest-runner/build/runTest.js:407:16)
    at runTest (/Users/davitbejanyan/Desktop/kafka-ui/kafka-ui-react-app/node_modules/.pnpm/jest-runner@29.1.2/node_modules/jest-runner/build/runTest.js:491:34)
    at Object.worker (/Users/davitbejanyan/Desktop/kafka-ui/kafka-ui-react-app/node_modules/.pnpm/jest-runner@29.1.2/node_modules/jest-runner/build/testWorker.js:133:12)]]></failure>
    </testCase>
    <testCase name="SavedFilter Component Saved Filters Deleting Editing should check the select filter" duration="25">
      <failure message="Error: expect(jest.fn()).toHaveBeenCalled()"><![CDATA[Error: expect(jest.fn()).toHaveBeenCalled()

Expected number of calls: >= 1
Received number of calls:    0
    at Object.toHaveBeenCalled (/Users/davitbejanyan/Desktop/kafka-ui/kafka-ui-react-app/src/components/Topics/Topic/Messages/Filters/__tests__/SavedFilters.spec.tsx:108:32)
    at Promise.then.completed (/Users/davitbejanyan/Desktop/kafka-ui/kafka-ui-react-app/node_modules/.pnpm/jest-circus@29.1.2/node_modules/jest-circus/build/utils.js:333:28)
    at new Promise (<anonymous>)
    at callAsyncCircusFn (/Users/davitbejanyan/Desktop/kafka-ui/kafka-ui-react-app/node_modules/.pnpm/jest-circus@29.1.2/node_modules/jest-circus/build/utils.js:259:10)
    at _callCircusTest (/Users/davitbejanyan/Desktop/kafka-ui/kafka-ui-react-app/node_modules/.pnpm/jest-circus@29.1.2/node_modules/jest-circus/build/run.js:277:40)
    at processTicksAndRejections (node:internal/process/task_queues:96:5)
    at _runTest (/Users/davitbejanyan/Desktop/kafka-ui/kafka-ui-react-app/node_modules/.pnpm/jest-circus@29.1.2/node_modules/jest-circus/build/run.js:209:3)
    at _runTestsForDescribeBlock (/Users/davitbejanyan/Desktop/kafka-ui/kafka-ui-react-app/node_modules/.pnpm/jest-circus@29.1.2/node_modules/jest-circus/build/run.js:97:9)
    at _runTestsForDescribeBlock (/Users/davitbejanyan/Desktop/kafka-ui/kafka-ui-react-app/node_modules/.pnpm/jest-circus@29.1.2/node_modules/jest-circus/build/run.js:91:9)
    at _runTestsForDescribeBlock (/Users/davitbejanyan/Desktop/kafka-ui/kafka-ui-react-app/node_modules/.pnpm/jest-circus@29.1.2/node_modules/jest-circus/build/run.js:91:9)
    at run (/Users/davitbejanyan/Desktop/kafka-ui/kafka-ui-react-app/node_modules/.pnpm/jest-circus@29.1.2/node_modules/jest-circus/build/run.js:31:3)
    at runAndTransformResultsToJestFormat (/Users/davitbejanyan/Desktop/kafka-ui/kafka-ui-react-app/node_modules/.pnpm/jest-circus@29.1.2/node_modules/jest-circus/build/legacy-code-todo-rewrite/jestAdapterInit.js:136:21)
    at jestAdapter (/Users/davitbejanyan/Desktop/kafka-ui/kafka-ui-react-app/node_modules/.pnpm/jest-circus@29.1.2/node_modules/jest-circus/build/legacy-code-todo-rewrite/jestAdapter.js:92:19)
    at runTestInternal (/Users/davitbejanyan/Desktop/kafka-ui/kafka-ui-react-app/node_modules/.pnpm/jest-runner@29.1.2/node_modules/jest-runner/build/runTest.js:407:16)
    at runTest (/Users/davitbejanyan/Desktop/kafka-ui/kafka-ui-react-app/node_modules/.pnpm/jest-runner@29.1.2/node_modules/jest-runner/build/runTest.js:491:34)
    at Object.worker (/Users/davitbejanyan/Desktop/kafka-ui/kafka-ui-react-app/node_modules/.pnpm/jest-runner@29.1.2/node_modules/jest-runner/build/testWorker.js:133:12)]]></failure>
    </testCase>
    <testCase name="SavedFilter Component Saved Filters Deletion Open Confirmation for the deletion modal" duration="243">
      <failure message="TestingLibraryElementError: Unable to find an accessible element with the role &quot;dialog&quot;"><![CDATA[TestingLibraryElementError: Unable to find an accessible element with the role "dialog"

Here are the accessible roles:

  savedFilter:

  Name "":
  <div
    class="sc-bYMpWt hYtRxN"
    role="savedFilter"
  />

  Name "":
  <div
    class="sc-bYMpWt hYtRxN"
    role="savedFilter"
  />

  --------------------------------------------------
  button:

  Name "Cancel":
  <button
    class="sc-bcXHqe cUkrcJ"
    type="button"
  />

  Name "Select filter":
  <button
    class="sc-bcXHqe fyfSDm"
    type="button"
  />

  --------------------------------------------------savedFilter:

  Name "":
  <div
    class="sc-bYMpWt hYtRxN"
    role="savedFilter"
  />

  Name "":
  <div
    class="sc-bYMpWt hYtRxN"
    role="savedFilter"
  />

  --------------------------------------------------
  button:

  Name "Cancel":
  <button
    class="sc-bcXHqe cUkrcJ"
    type="button"
  />

  Name "Select filter":
  <button
    class="sc-bcXHqe fyfSDm"
    type="button"
  />

  --------------------------------------------------

Ignored nodes: comments, script, style
<body>
  <div>
    <div>
      <div
        class="sc-cabOPr jNMGmI"
      >
        Back To create filters
      </div>
      <div
        class="sc-bBABsx cssKXf"
      >
        <p
          class="sc-fLcnxK bPXNPb"
        >
          Saved filters
        </p>
        <div
          class="sc-bYMpWt hYtRxN"
          role="savedFilter"
        >
          <div
            class="sc-iveFHk aPUvj"
          >
            My Filter
          </div>
          <div
            class="sc-ezOQGI dNlTrU"
          >
            <div
              class="sc-gikAfH NQcre"
            >
              Edit
            </div>
            <div
              class="sc-iJnaPW gWkkRZ"
              role="deleteIcon"
            >
              ock-DeleteIcon
            </div>
          </div>
        </div>
        <div
          class="sc-bYMpWt hYtRxN"
          role="savedFilter"
        >
          <div
            class="sc-iveFHk aPUvj"
          >
            One More Filter
          </div>
          <div
            class="sc-ezOQGI dNlTrU"
          >
            <div
              class="sc-gikAfH NQcre"
            >
              Edit
            </div>
            <div
              class="sc-iJnaPW gWkkRZ"
              role="deleteIcon"
            >
              ock-DeleteIcon
            </div>
          </div>
        </div>
      </div>
      <div
        class="sc-cwSeag itfAJd"
      >
        <button
          class="sc-bcXHqe cUkrcJ"
          type="button"
        >
          Cancel
        </button>
        <button
          class="sc-bcXHqe fyfSDm"
          type="button"
        >
          Select filter
        </button>
      </div>
    </div>
  </div>
  <div>
    <div>
      <div
        class="sc-cabOPr jNMGmI"
      >
        Back To create filters
      </div>
      <div
        class="sc-bBABsx cssKXf"
      >
        <p
          class="sc-fLcnxK bPXNPb"
        >
          Saved filters
        </p>
        <div
          class="sc-bYMpWt hYtRxN"
          role="savedFilter"
        >
          <div
            class="sc-iveFHk aPUvj"
          >
            My Filter
          </div>
          <div
            class="sc-ezOQGI dNlTrU"
          >
            <div
              class="sc-gikAfH NQcre"
            >
              Edit
            </div>
            <div
              class="sc-iJnaPW gWkkRZ"
              role="deleteIcon"
            >
              ock-DeleteIcon
            </div>
          </div>
        </div>
        <div
          class="sc-bYMpWt hYtRxN"
          role="savedFilter"
        >
          <div
            class="sc-iveFHk aPUvj"
          >
            One More Filter
          </div>
          <div
            class="sc-ezOQGI dNlTrU"
          >
            <div
              class="sc-gikAfH NQcre"
            >
              Edit
            </div>
            <div
              class="sc-iJnaPW gWkkRZ"
              role="deleteIcon"
            >
              ock-DeleteIcon
            </div>
          </div>
        </div>
      </div>
      <div
        class="sc-cwSeag itfAJd"
      >
        <button
          class="sc-bcXHqe cUkrcJ"
          type="button"
        >
          Cancel
        </button>
        <button
          class="sc-bcXHqe fyfSDm"
          type="button"
        >
          Select filter
        </button>
      </div>
    </div>
  </div>
</body>
    at Object.getElementError (/Users/davitbejanyan/Desktop/kafka-ui/kafka-ui-react-app/node_modules/.pnpm/@testing-library+dom@8.19.0/node_modules/@testing-library/dom/dist/config.js:40:19)
    at /Users/davitbejanyan/Desktop/kafka-ui/kafka-ui-react-app/node_modules/.pnpm/@testing-library+dom@8.19.0/node_modules/@testing-library/dom/dist/query-helpers.js:90:38
    at /Users/davitbejanyan/Desktop/kafka-ui/kafka-ui-react-app/node_modules/.pnpm/@testing-library+dom@8.19.0/node_modules/@testing-library/dom/dist/query-helpers.js:62:17
    at /Users/davitbejanyan/Desktop/kafka-ui/kafka-ui-react-app/node_modules/.pnpm/@testing-library+dom@8.19.0/node_modules/@testing-library/dom/dist/query-helpers.js:111:19
    at Object.getByRole (/Users/davitbejanyan/Desktop/kafka-ui/kafka-ui-react-app/src/components/Topics/Topic/Messages/Filters/__tests__/SavedFilters.spec.tsx:130:34)
    at Promise.then.completed (/Users/davitbejanyan/Desktop/kafka-ui/kafka-ui-react-app/node_modules/.pnpm/jest-circus@29.1.2/node_modules/jest-circus/build/utils.js:333:28)
    at new Promise (<anonymous>)
    at callAsyncCircusFn (/Users/davitbejanyan/Desktop/kafka-ui/kafka-ui-react-app/node_modules/.pnpm/jest-circus@29.1.2/node_modules/jest-circus/build/utils.js:259:10)
    at _callCircusTest (/Users/davitbejanyan/Desktop/kafka-ui/kafka-ui-react-app/node_modules/.pnpm/jest-circus@29.1.2/node_modules/jest-circus/build/run.js:277:40)
    at processTicksAndRejections (node:internal/process/task_queues:96:5)
    at _runTest (/Users/davitbejanyan/Desktop/kafka-ui/kafka-ui-react-app/node_modules/.pnpm/jest-circus@29.1.2/node_modules/jest-circus/build/run.js:209:3)
    at _runTestsForDescribeBlock (/Users/davitbejanyan/Desktop/kafka-ui/kafka-ui-react-app/node_modules/.pnpm/jest-circus@29.1.2/node_modules/jest-circus/build/run.js:97:9)
    at _runTestsForDescribeBlock (/Users/davitbejanyan/Desktop/kafka-ui/kafka-ui-react-app/node_modules/.pnpm/jest-circus@29.1.2/node_modules/jest-circus/build/run.js:91:9)
    at _runTestsForDescribeBlock (/Users/davitbejanyan/Desktop/kafka-ui/kafka-ui-react-app/node_modules/.pnpm/jest-circus@29.1.2/node_modules/jest-circus/build/run.js:91:9)
    at run (/Users/davitbejanyan/Desktop/kafka-ui/kafka-ui-react-app/node_modules/.pnpm/jest-circus@29.1.2/node_modules/jest-circus/build/run.js:31:3)
    at runAndTransformResultsToJestFormat (/Users/davitbejanyan/Desktop/kafka-ui/kafka-ui-react-app/node_modules/.pnpm/jest-circus@29.1.2/node_modules/jest-circus/build/legacy-code-todo-rewrite/jestAdapterInit.js:136:21)
    at jestAdapter (/Users/davitbejanyan/Desktop/kafka-ui/kafka-ui-react-app/node_modules/.pnpm/jest-circus@29.1.2/node_modules/jest-circus/build/legacy-code-todo-rewrite/jestAdapter.js:92:19)
    at runTestInternal (/Users/davitbejanyan/Desktop/kafka-ui/kafka-ui-react-app/node_modules/.pnpm/jest-runner@29.1.2/node_modules/jest-runner/build/runTest.js:407:16)
    at runTest (/Users/davitbejanyan/Desktop/kafka-ui/kafka-ui-react-app/node_modules/.pnpm/jest-runner@29.1.2/node_modules/jest-runner/build/runTest.js:491:34)
    at Object.worker (/Users/davitbejanyan/Desktop/kafka-ui/kafka-ui-react-app/node_modules/.pnpm/jest-runner@29.1.2/node_modules/jest-runner/build/testWorker.js:133:12)]]></failure>
    </testCase>
    <testCase name="SavedFilter Component Saved Filters Deletion Close Confirmations deletion modal with button" duration="288">
      <failure message="TestingLibraryElementError: Unable to find an accessible element with the role &quot;dialog&quot;"><![CDATA[TestingLibraryElementError: Unable to find an accessible element with the role "dialog"

Here are the accessible roles:

  savedFilter:

  Name "":
  <div
    class="sc-bYMpWt hYtRxN"
    role="savedFilter"
  />

  Name "":
  <div
    class="sc-bYMpWt hYtRxN"
    role="savedFilter"
  />

  --------------------------------------------------
  button:

  Name "Cancel":
  <button
    class="sc-bcXHqe cUkrcJ"
    type="button"
  />

  Name "Select filter":
  <button
    class="sc-bcXHqe fyfSDm"
    type="button"
  />

  --------------------------------------------------savedFilter:

  Name "":
  <div
    class="sc-bYMpWt hYtRxN"
    role="savedFilter"
  />

  Name "":
  <div
    class="sc-bYMpWt hYtRxN"
    role="savedFilter"
  />

  --------------------------------------------------
  button:

  Name "Cancel":
  <button
    class="sc-bcXHqe cUkrcJ"
    type="button"
  />

  Name "Select filter":
  <button
    class="sc-bcXHqe fyfSDm"
    type="button"
  />

  --------------------------------------------------

Ignored nodes: comments, script, style
<body>
  <div>
    <div>
      <div
        class="sc-cabOPr jNMGmI"
      >
        Back To create filters
      </div>
      <div
        class="sc-bBABsx cssKXf"
      >
        <p
          class="sc-fLcnxK bPXNPb"
        >
          Saved filters
        </p>
        <div
          class="sc-bYMpWt hYtRxN"
          role="savedFilter"
        >
          <div
            class="sc-iveFHk aPUvj"
          >
            My Filter
          </div>
          <div
            class="sc-ezOQGI dNlTrU"
          >
            <div
              class="sc-gikAfH NQcre"
            >
              Edit
            </div>
            <div
              class="sc-iJnaPW gWkkRZ"
              role="deleteIcon"
            >
              ock-DeleteIcon
            </div>
          </div>
        </div>
        <div
          class="sc-bYMpWt hYtRxN"
          role="savedFilter"
        >
          <div
            class="sc-iveFHk aPUvj"
          >
            One More Filter
          </div>
          <div
            class="sc-ezOQGI dNlTrU"
          >
            <div
              class="sc-gikAfH NQcre"
            >
              Edit
            </div>
            <div
              class="sc-iJnaPW gWkkRZ"
              role="deleteIcon"
            >
              ock-DeleteIcon
            </div>
          </div>
        </div>
      </div>
      <div
        class="sc-cwSeag itfAJd"
      >
        <button
          class="sc-bcXHqe cUkrcJ"
          type="button"
        >
          Cancel
        </button>
        <button
          class="sc-bcXHqe fyfSDm"
          type="button"
        >
          Select filter
        </button>
      </div>
    </div>
  </div>
  <div>
    <div>
      <div
        class="sc-cabOPr jNMGmI"
      >
        Back To create filters
      </div>
      <div
        class="sc-bBABsx cssKXf"
      >
        <p
          class="sc-fLcnxK bPXNPb"
        >
          Saved filters
        </p>
        <div
          class="sc-bYMpWt hYtRxN"
          role="savedFilter"
        >
          <div
            class="sc-iveFHk aPUvj"
          >
            My Filter
          </div>
          <div
            class="sc-ezOQGI dNlTrU"
          >
            <div
              class="sc-gikAfH NQcre"
            >
              Edit
            </div>
            <div
              class="sc-iJnaPW gWkkRZ"
              role="deleteIcon"
            >
              ock-DeleteIcon
            </div>
          </div>
        </div>
        <div
          class="sc-bYMpWt hYtRxN"
          role="savedFilter"
        >
          <div
            class="sc-iveFHk aPUvj"
          >
            One More Filter
          </div>
          <div
            class="sc-ezOQGI dNlTrU"
          >
            <div
              class="sc-gikAfH NQcre"
            >
              Edit
            </div>
            <div
              class="sc-iJnaPW gWkkRZ"
              role="deleteIcon"
            >
              ock-DeleteIcon
            </div>
          </div>
        </div>
      </div>
      <div
        class="sc-cwSeag itfAJd"
      >
        <button
          class="sc-bcXHqe cUkrcJ"
          type="button"
        >
          Cancel
        </button>
        <button
          class="sc-bcXHqe fyfSDm"
          type="button"
        >
          Select filter
        </button>
      </div>
    </div>
  </div>
</body>
    at Object.getElementError (/Users/davitbejanyan/Desktop/kafka-ui/kafka-ui-react-app/node_modules/.pnpm/@testing-library+dom@8.19.0/node_modules/@testing-library/dom/dist/config.js:40:19)
    at /Users/davitbejanyan/Desktop/kafka-ui/kafka-ui-react-app/node_modules/.pnpm/@testing-library+dom@8.19.0/node_modules/@testing-library/dom/dist/query-helpers.js:90:38
    at /Users/davitbejanyan/Desktop/kafka-ui/kafka-ui-react-app/node_modules/.pnpm/@testing-library+dom@8.19.0/node_modules/@testing-library/dom/dist/query-helpers.js:62:17
    at /Users/davitbejanyan/Desktop/kafka-ui/kafka-ui-react-app/node_modules/.pnpm/@testing-library+dom@8.19.0/node_modules/@testing-library/dom/dist/query-helpers.js:111:19
    at getByRole (/Users/davitbejanyan/Desktop/kafka-ui/kafka-ui-react-app/src/components/Topics/Topic/Messages/Filters/__tests__/SavedFilters.spec.tsx:145:34)
    at tryCatch (/Users/davitbejanyan/Desktop/kafka-ui/kafka-ui-react-app/src/components/Topics/Topic/Messages/Filters/__tests__/SavedFilters.spec.tsx:2:1)
    at Generator._invoke (/Users/davitbejanyan/Desktop/kafka-ui/kafka-ui-react-app/src/components/Topics/Topic/Messages/Filters/__tests__/SavedFilters.spec.tsx:2:1)
    at Generator.next (/Users/davitbejanyan/Desktop/kafka-ui/kafka-ui-react-app/src/components/Topics/Topic/Messages/Filters/__tests__/SavedFilters.spec.tsx:2:1)
    at asyncGeneratorStep (/Users/davitbejanyan/Desktop/kafka-ui/kafka-ui-react-app/src/components/Topics/Topic/Messages/Filters/__tests__/SavedFilters.spec.tsx:2:1)
    at _next (/Users/davitbejanyan/Desktop/kafka-ui/kafka-ui-react-app/src/components/Topics/Topic/Messages/Filters/__tests__/SavedFilters.spec.tsx:2:1)
    at /Users/davitbejanyan/Desktop/kafka-ui/kafka-ui-react-app/src/components/Topics/Topic/Messages/Filters/__tests__/SavedFilters.spec.tsx:2:1
    at new Promise (<anonymous>)
    at Object.<anonymous> (/Users/davitbejanyan/Desktop/kafka-ui/kafka-ui-react-app/src/components/Topics/Topic/Messages/Filters/__tests__/SavedFilters.spec.tsx:2:1)
    at Promise.then.completed (/Users/davitbejanyan/Desktop/kafka-ui/kafka-ui-react-app/node_modules/.pnpm/jest-circus@29.1.2/node_modules/jest-circus/build/utils.js:333:28)
    at new Promise (<anonymous>)
    at callAsyncCircusFn (/Users/davitbejanyan/Desktop/kafka-ui/kafka-ui-react-app/node_modules/.pnpm/jest-circus@29.1.2/node_modules/jest-circus/build/utils.js:259:10)
    at _callCircusTest (/Users/davitbejanyan/Desktop/kafka-ui/kafka-ui-react-app/node_modules/.pnpm/jest-circus@29.1.2/node_modules/jest-circus/build/run.js:277:40)
    at processTicksAndRejections (node:internal/process/task_queues:96:5)
    at _runTest (/Users/davitbejanyan/Desktop/kafka-ui/kafka-ui-react-app/node_modules/.pnpm/jest-circus@29.1.2/node_modules/jest-circus/build/run.js:209:3)
    at _runTestsForDescribeBlock (/Users/davitbejanyan/Desktop/kafka-ui/kafka-ui-react-app/node_modules/.pnpm/jest-circus@29.1.2/node_modules/jest-circus/build/run.js:97:9)
    at _runTestsForDescribeBlock (/Users/davitbejanyan/Desktop/kafka-ui/kafka-ui-react-app/node_modules/.pnpm/jest-circus@29.1.2/node_modules/jest-circus/build/run.js:91:9)
    at _runTestsForDescribeBlock (/Users/davitbejanyan/Desktop/kafka-ui/kafka-ui-react-app/node_modules/.pnpm/jest-circus@29.1.2/node_modules/jest-circus/build/run.js:91:9)
    at run (/Users/davitbejanyan/Desktop/kafka-ui/kafka-ui-react-app/node_modules/.pnpm/jest-circus@29.1.2/node_modules/jest-circus/build/run.js:31:3)
    at runAndTransformResultsToJestFormat (/Users/davitbejanyan/Desktop/kafka-ui/kafka-ui-react-app/node_modules/.pnpm/jest-circus@29.1.2/node_modules/jest-circus/build/legacy-code-todo-rewrite/jestAdapterInit.js:136:21)
    at jestAdapter (/Users/davitbejanyan/Desktop/kafka-ui/kafka-ui-react-app/node_modules/.pnpm/jest-circus@29.1.2/node_modules/jest-circus/build/legacy-code-todo-rewrite/jestAdapter.js:92:19)
    at runTestInternal (/Users/davitbejanyan/Desktop/kafka-ui/kafka-ui-react-app/node_modules/.pnpm/jest-runner@29.1.2/node_modules/jest-runner/build/runTest.js:407:16)
    at runTest (/Users/davitbejanyan/Desktop/kafka-ui/kafka-ui-react-app/node_modules/.pnpm/jest-runner@29.1.2/node_modules/jest-runner/build/runTest.js:491:34)
    at Object.worker (/Users/davitbejanyan/Desktop/kafka-ui/kafka-ui-react-app/node_modules/.pnpm/jest-runner@29.1.2/node_modules/jest-runner/build/testWorker.js:133:12)]]></failure>
    </testCase>
    <testCase name="SavedFilter Component Saved Filters Deletion Delete the saved filter" duration="197">
      <failure message="Error: The element(s) given to waitForElementToBeRemoved are already removed. waitForElementToBeRemoved requires that the element(s) exist(s) before waiting for removal."><![CDATA[Error: The element(s) given to waitForElementToBeRemoved are already removed. waitForElementToBeRemoved requires that the element(s) exist(s) before waiting for removal.
    at initialCheck (/Users/davitbejanyan/Desktop/kafka-ui/kafka-ui-react-app/node_modules/.pnpm/@testing-library+dom@8.19.0/node_modules/@testing-library/dom/dist/wait-for-element-to-be-removed.js:16:11)
    at waitForElementToBeRemoved (/Users/davitbejanyan/Desktop/kafka-ui/kafka-ui-react-app/node_modules/.pnpm/@testing-library+dom@8.19.0/node_modules/@testing-library/dom/dist/wait-for-element-to-be-removed.js:39:3)
    at _callee2$ (/Users/davitbejanyan/Desktop/kafka-ui/kafka-ui-react-app/src/components/Topics/Topic/Messages/Filters/__tests__/SavedFilters.spec.tsx:166:38)
    at tryCatch (/Users/davitbejanyan/Desktop/kafka-ui/kafka-ui-react-app/src/components/Topics/Topic/Messages/Filters/__tests__/SavedFilters.spec.tsx:2:1)
    at Generator._invoke (/Users/davitbejanyan/Desktop/kafka-ui/kafka-ui-react-app/src/components/Topics/Topic/Messages/Filters/__tests__/SavedFilters.spec.tsx:2:1)
    at Generator.next (/Users/davitbejanyan/Desktop/kafka-ui/kafka-ui-react-app/src/components/Topics/Topic/Messages/Filters/__tests__/SavedFilters.spec.tsx:2:1)
    at asyncGeneratorStep (/Users/davitbejanyan/Desktop/kafka-ui/kafka-ui-react-app/src/components/Topics/Topic/Messages/Filters/__tests__/SavedFilters.spec.tsx:2:1)
    at _next (/Users/davitbejanyan/Desktop/kafka-ui/kafka-ui-react-app/src/components/Topics/Topic/Messages/Filters/__tests__/SavedFilters.spec.tsx:2:1)]]></failure>
    </testCase>
  </file>
  <file path="/Users/davitbejanyan/Desktop/kafka-ui/kafka-ui-react-app/src/components/Topics/Topic/Messages/Filters/__tests__/AddEditFilterContainer.spec.tsx">
    <testCase name="AddEditFilterContainer component default Component Parameters should check the default Button text" duration="75"/>
    <testCase name="AddEditFilterContainer component default Component Parameters should check whether the submit Button is disabled when the form is pristine and disabled if dirty" duration="285">
      <failure message="Error: expect(element).toBeEnabled()"><![CDATA[Error: expect(element).toBeEnabled()

Received element is not enabled:
  <button class="sc-eeMvmM bKglUM" disabled="" type="submit" />
    at toBeEnabled (/Users/davitbejanyan/Desktop/kafka-ui/kafka-ui-react-app/src/components/Topics/Topic/Messages/Filters/__tests__/AddEditFilterContainer.spec.tsx:53:32)
    at tryCatch (/Users/davitbejanyan/Desktop/kafka-ui/kafka-ui-react-app/src/components/Topics/Topic/Messages/Filters/__tests__/AddEditFilterContainer.spec.tsx:2:1)
    at Generator._invoke (/Users/davitbejanyan/Desktop/kafka-ui/kafka-ui-react-app/src/components/Topics/Topic/Messages/Filters/__tests__/AddEditFilterContainer.spec.tsx:2:1)
    at Generator.next (/Users/davitbejanyan/Desktop/kafka-ui/kafka-ui-react-app/src/components/Topics/Topic/Messages/Filters/__tests__/AddEditFilterContainer.spec.tsx:2:1)
    at asyncGeneratorStep (/Users/davitbejanyan/Desktop/kafka-ui/kafka-ui-react-app/src/components/Topics/Topic/Messages/Filters/__tests__/AddEditFilterContainer.spec.tsx:2:1)
    at _next (/Users/davitbejanyan/Desktop/kafka-ui/kafka-ui-react-app/src/components/Topics/Topic/Messages/Filters/__tests__/AddEditFilterContainer.spec.tsx:2:1)]]></failure>
    </testCase>
    <testCase name="AddEditFilterContainer component default Component Parameters should view the error message after typing and clearing the input" duration="89">
      <failure message="Error: The element content to be cleared could not be selected."><![CDATA[Error: The element content to be cleared could not be selected.
    at Object.clear (/Users/davitbejanyan/Desktop/kafka-ui/kafka-ui-react-app/node_modules/.pnpm/@testing-library+user-event@14.4.3_aaq3sbffpfe3jnxzm2zngsddei/node_modules/@testing-library/user-event/dist/cjs/utility/clear.js:36:15)
    at /Users/davitbejanyan/Desktop/kafka-ui/kafka-ui-react-app/node_modules/.pnpm/@testing-library+user-event@14.4.3_aaq3sbffpfe3jnxzm2zngsddei/node_modules/@testing-library/user-event/dist/cjs/setup/setup.js:88:45
    at Object.asyncWrapper (/Users/davitbejanyan/Desktop/kafka-ui/kafka-ui-react-app/node_modules/.pnpm/@testing-library+react@13.4.0_biqbaboplfbrettd7655fr4n2y/node_modules/@testing-library/react/dist/pure.js:71:20)
    at Object.wrapAsync (/Users/davitbejanyan/Desktop/kafka-ui/kafka-ui-react-app/node_modules/.pnpm/@testing-library+user-event@14.4.3_aaq3sbffpfe3jnxzm2zngsddei/node_modules/@testing-library/user-event/dist/cjs/setup/wrapAsync.js:10:28)
    at Object.method [as clear] (/Users/davitbejanyan/Desktop/kafka-ui/kafka-ui-react-app/node_modules/.pnpm/@testing-library+user-event@14.4.3_aaq3sbffpfe3jnxzm2zngsddei/node_modules/@testing-library/user-event/dist/cjs/setup/setup.js:88:26)
    at Object.clear (/Users/davitbejanyan/Desktop/kafka-ui/kafka-ui-react-app/node_modules/.pnpm/@testing-library+user-event@14.4.3_aaq3sbffpfe3jnxzm2zngsddei/node_modules/@testing-library/user-event/dist/cjs/setup/directApi.js:8:36)
    at clear (/Users/davitbejanyan/Desktop/kafka-ui/kafka-ui-react-app/src/components/Topics/Topic/Messages/Filters/__tests__/AddEditFilterContainer.spec.tsx:73:19)
    at /Users/davitbejanyan/Desktop/kafka-ui/kafka-ui-react-app/node_modules/.pnpm/@testing-library+react@13.4.0_biqbaboplfbrettd7655fr4n2y/node_modules/@testing-library/react/dist/act-compat.js:64:24
    at act (/Users/davitbejanyan/Desktop/kafka-ui/kafka-ui-react-app/node_modules/.pnpm/react@18.2.0/node_modules/react/cjs/react.development.js:2512:16)
    at /Users/davitbejanyan/Desktop/kafka-ui/kafka-ui-react-app/node_modules/.pnpm/@testing-library+react@13.4.0_biqbaboplfbrettd7655fr4n2y/node_modules/@testing-library/react/dist/act-compat.js:63:25
    at _callee3$ (/Users/davitbejanyan/Desktop/kafka-ui/kafka-ui-react-app/src/components/Topics/Topic/Messages/Filters/__tests__/AddEditFilterContainer.spec.tsx:69:16)
    at tryCatch (/Users/davitbejanyan/Desktop/kafka-ui/kafka-ui-react-app/src/components/Topics/Topic/Messages/Filters/__tests__/AddEditFilterContainer.spec.tsx:2:1)
    at Generator._invoke (/Users/davitbejanyan/Desktop/kafka-ui/kafka-ui-react-app/src/components/Topics/Topic/Messages/Filters/__tests__/AddEditFilterContainer.spec.tsx:2:1)
    at Generator.next (/Users/davitbejanyan/Desktop/kafka-ui/kafka-ui-react-app/src/components/Topics/Topic/Messages/Filters/__tests__/AddEditFilterContainer.spec.tsx:2:1)
    at asyncGeneratorStep (/Users/davitbejanyan/Desktop/kafka-ui/kafka-ui-react-app/src/components/Topics/Topic/Messages/Filters/__tests__/AddEditFilterContainer.spec.tsx:2:1)
    at _next (/Users/davitbejanyan/Desktop/kafka-ui/kafka-ui-react-app/src/components/Topics/Topic/Messages/Filters/__tests__/AddEditFilterContainer.spec.tsx:2:1)]]></failure>
      <failure message="TestingLibraryElementError: Unable to find an element with the text: /required field/i. This could be because the text is broken up by multiple elements. In this case, you can provide a function for your text matcher to make your matcher more flexible."><![CDATA[TestingLibraryElementError: Unable to find an element with the text: /required field/i. This could be because the text is broken up by multiple elements. In this case, you can provide a function for your text matcher to make your matcher more flexible.

Ignored nodes: comments, script, style
<body>
  <div>
    <div>
      <form
        aria-label="Filters submit Form"
      >
        <div>
          <label
            class="sc-iAEawV dQRwQz"
          >
            Filter code
          </label>
          <div
            class=" ace_editor ace_hidpi ace-tomorrow sc-cUEOzv cBOUBi ace_focus"
            id="ace-editor"
            style="width: 100%; height: 372px; font-size: 14px;"
          >
            <textarea
              autocapitalize="off"
              autocorrect="off"
              class="ace_text-input"
              spellcheck="false"
              style="opacity: 0; font-size: 1px;"
              wrap="off"
            />
            <div
              aria-hidden="true"
              class="ace_gutter"
            >
              <div
                class="ace_layer ace_gutter-layer ace_folding-enabled"
                style="height: 1000000px;"
              />
            </div>
            <div
              class="ace_scroller"
              style="line-height: 0px;"
            >
              <div
                class="ace_content"
              >
                <div
                  class="ace_layer ace_print-margin-layer"
                >
                  <div
                    class="ace_print-margin"
                    style="left: 4px; visibility: visible;"
                  />
                </div>
                <div
                  class="ace_layer ace_marker-layer"
                />
                <div
                  class="ace_layer ace_text-layer"
                  style="height: 1000000px; margin: 0px 4px;"
                />
                <div
                  class="ace_layer ace_marker-layer"
                />
                <div
                  class="ace_layer ace_cursor-layer ace_animate-blinking"
                >
                  <div
                    class="ace_cursor"
                    style="animation-duration: 1000ms;"
                  />
                </div>
              </div>
            </div>
            <div
              class="ace_scrollbar ace_scrollbar-v"
              style="display: none; width: 20px;"
            >
              <div
                class="ace_scrollbar-inner"
                style="width: 20px;"
              >
                 
              </div>
            </div>
            <div
              class="ace_scrollbar ace_scrollbar-h"
              style="display: none; height: 20px;"
            >
              <div
                class="ace_scrollbar-inner"
                style="height: 20px;"
              >
                 
              </div>
            </div>
            <div
              style="height: auto; width: auto; top: 0px; left: 0px; visibility: hidden; position: absolute; white-space: pre; overflow: hidden;"
            >
              <div
                style="height: auto; width: auto; top: 0px; left: 0px; visibility: hidden; position: absolute; white-space: pre; overflow: visible;"
              />
              <div
                style="height: auto; width: auto; top: 0px; left: 0px; visibility: hidden; position: absolute; white-space: pre; overflow: visible;"
              >
                XXXXXXXXXXXXXXXXXXXXXXXXXXXXXXXXXXXXXXXXXXXXXXXXXXXXXXXXXXXXXXXXXXXXXXXXXXXXXXXXXXXXXXXXXXXXXXXXXXXXXXXXXXXXXXXXXXXXXXXXXXXXXXXXXXXXXXXXXXXXXXXXXXXXXXXXXXXXXXXXXXXXXXXXXXXXXXXXXXXXXXXXXXXXXXXXXXXXXXXXXXXXXXXXXXXXXXXXXXXXXXXXXXXXXXXXXXXXXXXXXXXXXXXXXXXXXXXX
              </div>
            </div>
          </div>
        </div>
        <div>
          <p
            class="sc-dkrFOg igepYK"
          />
        </div>
        <div>
          <label
            class="sc-iAEawV dQRwQz"
          >
            Display name
          </label>
          <div
            class="sc-bcXHqe gcpBvl"
          >
            <input
              autocomplete="off"
              class="sc-gswNZR hfxlEz"
              name="name"
              placeholder="Enter Name"
              value=""
            />
          </div>
        </div>
        <div>
          <p
            class="sc-dkrFOg igepYK"
          />
        </div>
        <div
          class="sc-iveFHk iUfZEC"
        >
          <button
            class="sc-eeMvmM flgkkD"
            type="button"
          >
            Cancel
          </button>
          <button
            class="sc-eeMvmM bKglUM"
            disabled=""
            type="submit"
          >
            Submit Button
          </button>
        </div>
      </form>
    </div>
  </div>
</body>
    at Object.getElementError (/Users/davitbejanyan/Desktop/kafka-ui/kafka-ui-react-app/node_modules/.pnpm/@testing-library+dom@8.19.0/node_modules/@testing-library/dom/dist/config.js:40:19)
    at /Users/davitbejanyan/Desktop/kafka-ui/kafka-ui-react-app/node_modules/.pnpm/@testing-library+dom@8.19.0/node_modules/@testing-library/dom/dist/query-helpers.js:90:38
    at /Users/davitbejanyan/Desktop/kafka-ui/kafka-ui-react-app/node_modules/.pnpm/@testing-library+dom@8.19.0/node_modules/@testing-library/dom/dist/query-helpers.js:62:17
    at /Users/davitbejanyan/Desktop/kafka-ui/kafka-ui-react-app/node_modules/.pnpm/@testing-library+dom@8.19.0/node_modules/@testing-library/dom/dist/query-helpers.js:111:19
    at getByText (/Users/davitbejanyan/Desktop/kafka-ui/kafka-ui-react-app/src/components/Topics/Topic/Messages/Filters/__tests__/AddEditFilterContainer.spec.tsx:76:21)
    at tryCatch (/Users/davitbejanyan/Desktop/kafka-ui/kafka-ui-react-app/src/components/Topics/Topic/Messages/Filters/__tests__/AddEditFilterContainer.spec.tsx:2:1)
    at Generator._invoke (/Users/davitbejanyan/Desktop/kafka-ui/kafka-ui-react-app/src/components/Topics/Topic/Messages/Filters/__tests__/AddEditFilterContainer.spec.tsx:2:1)
    at Generator.next (/Users/davitbejanyan/Desktop/kafka-ui/kafka-ui-react-app/src/components/Topics/Topic/Messages/Filters/__tests__/AddEditFilterContainer.spec.tsx:2:1)
    at asyncGeneratorStep (/Users/davitbejanyan/Desktop/kafka-ui/kafka-ui-react-app/src/components/Topics/Topic/Messages/Filters/__tests__/AddEditFilterContainer.spec.tsx:2:1)
    at _next (/Users/davitbejanyan/Desktop/kafka-ui/kafka-ui-react-app/src/components/Topics/Topic/Messages/Filters/__tests__/AddEditFilterContainer.spec.tsx:2:1)]]></failure>
    </testCase>
    <testCase name="AddEditFilterContainer component Custom setup for the component should render the input with default data if they are passed" duration="72"/>
    <testCase name="AddEditFilterContainer component Custom setup for the component should test whether the cancel callback is being called" duration="74"/>
    <testCase name="AddEditFilterContainer component Custom setup for the component should test whether the submit Callback is being called" duration="108">
      <failure message="Error: expect(element).toBeEnabled()"><![CDATA[Error: expect(element).toBeEnabled()

Received element is not enabled:
  <button class="sc-eeMvmM bKglUM" disabled="" type="submit" />
    at toBeEnabled (/Users/davitbejanyan/Desktop/kafka-ui/kafka-ui-react-app/src/components/Topics/Topic/Messages/Filters/__tests__/AddEditFilterContainer.spec.tsx:121:32)
    at tryCatch (/Users/davitbejanyan/Desktop/kafka-ui/kafka-ui-react-app/src/components/Topics/Topic/Messages/Filters/__tests__/AddEditFilterContainer.spec.tsx:2:1)
    at Generator._invoke (/Users/davitbejanyan/Desktop/kafka-ui/kafka-ui-react-app/src/components/Topics/Topic/Messages/Filters/__tests__/AddEditFilterContainer.spec.tsx:2:1)
    at Generator.next (/Users/davitbejanyan/Desktop/kafka-ui/kafka-ui-react-app/src/components/Topics/Topic/Messages/Filters/__tests__/AddEditFilterContainer.spec.tsx:2:1)
    at asyncGeneratorStep (/Users/davitbejanyan/Desktop/kafka-ui/kafka-ui-react-app/src/components/Topics/Topic/Messages/Filters/__tests__/AddEditFilterContainer.spec.tsx:2:1)
    at _next (/Users/davitbejanyan/Desktop/kafka-ui/kafka-ui-react-app/src/components/Topics/Topic/Messages/Filters/__tests__/AddEditFilterContainer.spec.tsx:2:1)]]></failure>
    </testCase>
    <testCase name="AddEditFilterContainer component Custom setup for the component should display the checkbox if the props is passed and initially check state" duration="42"/>
    <testCase name="AddEditFilterContainer component Custom setup for the component should pass and render the correct button text" duration="26"/>
  </file>
  <file path="/Users/davitbejanyan/Desktop/kafka-ui/kafka-ui-react-app/src/components/Topics/Topic/Statistics/__test__/Metrics.spec.tsx">
    <testCase name="Metrics when analysis is in progress renders Stop Analysis button" duration="54">
      <failure message="Error: expect(jest.fn()).toHaveBeenCalled()"><![CDATA[Error: expect(jest.fn()).toHaveBeenCalled()

Expected number of calls: >= 1
Received number of calls:    0
    at Object.toHaveBeenCalled (/Users/davitbejanyan/Desktop/kafka-ui/kafka-ui-react-app/src/components/Topics/Topic/Statistics/__test__/Metrics.spec.tsx:57:26)
    at Promise.then.completed (/Users/davitbejanyan/Desktop/kafka-ui/kafka-ui-react-app/node_modules/.pnpm/jest-circus@29.1.2/node_modules/jest-circus/build/utils.js:333:28)
    at new Promise (<anonymous>)
    at callAsyncCircusFn (/Users/davitbejanyan/Desktop/kafka-ui/kafka-ui-react-app/node_modules/.pnpm/jest-circus@29.1.2/node_modules/jest-circus/build/utils.js:259:10)
    at _callCircusTest (/Users/davitbejanyan/Desktop/kafka-ui/kafka-ui-react-app/node_modules/.pnpm/jest-circus@29.1.2/node_modules/jest-circus/build/run.js:277:40)
    at processTicksAndRejections (node:internal/process/task_queues:96:5)
    at _runTest (/Users/davitbejanyan/Desktop/kafka-ui/kafka-ui-react-app/node_modules/.pnpm/jest-circus@29.1.2/node_modules/jest-circus/build/run.js:209:3)
    at _runTestsForDescribeBlock (/Users/davitbejanyan/Desktop/kafka-ui/kafka-ui-react-app/node_modules/.pnpm/jest-circus@29.1.2/node_modules/jest-circus/build/run.js:97:9)
    at _runTestsForDescribeBlock (/Users/davitbejanyan/Desktop/kafka-ui/kafka-ui-react-app/node_modules/.pnpm/jest-circus@29.1.2/node_modules/jest-circus/build/run.js:91:9)
    at _runTestsForDescribeBlock (/Users/davitbejanyan/Desktop/kafka-ui/kafka-ui-react-app/node_modules/.pnpm/jest-circus@29.1.2/node_modules/jest-circus/build/run.js:91:9)
    at run (/Users/davitbejanyan/Desktop/kafka-ui/kafka-ui-react-app/node_modules/.pnpm/jest-circus@29.1.2/node_modules/jest-circus/build/run.js:31:3)
    at runAndTransformResultsToJestFormat (/Users/davitbejanyan/Desktop/kafka-ui/kafka-ui-react-app/node_modules/.pnpm/jest-circus@29.1.2/node_modules/jest-circus/build/legacy-code-todo-rewrite/jestAdapterInit.js:136:21)
    at jestAdapter (/Users/davitbejanyan/Desktop/kafka-ui/kafka-ui-react-app/node_modules/.pnpm/jest-circus@29.1.2/node_modules/jest-circus/build/legacy-code-todo-rewrite/jestAdapter.js:92:19)
    at runTestInternal (/Users/davitbejanyan/Desktop/kafka-ui/kafka-ui-react-app/node_modules/.pnpm/jest-runner@29.1.2/node_modules/jest-runner/build/runTest.js:407:16)
    at runTest (/Users/davitbejanyan/Desktop/kafka-ui/kafka-ui-react-app/node_modules/.pnpm/jest-runner@29.1.2/node_modules/jest-runner/build/runTest.js:491:34)
    at Object.worker (/Users/davitbejanyan/Desktop/kafka-ui/kafka-ui-react-app/node_modules/.pnpm/jest-runner@29.1.2/node_modules/jest-runner/build/testWorker.js:133:12)]]></failure>
    </testCase>
    <testCase name="Metrics when analysis is in progress renders Progress bar" duration="35"/>
    <testCase name="Metrics when analysis is completed renders metrics" duration="118"/>
    <testCase name="Metrics when analysis is completed renders restarts analisis" duration="107"/>
    <testCase name="Metrics when analysis is completed renders expandable table" duration="93">
      <failure message="TestingLibraryElementError: Unable to find an element with the text: Partition stats. This could be because the text is broken up by multiple elements. In this case, you can provide a function for your text matcher to make your matcher more flexible."><![CDATA[TestingLibraryElementError: Unable to find an element with the text: Partition stats. This could be because the text is broken up by multiple elements. In this case, you can provide a function for your text matcher to make your matcher more flexible.

Ignored nodes: comments, script, style
<body>
  <div>
    <div>
      <div
        class="sc-bqWxrE kMeTDV"
      >
        <div
          class="sc-ksBlkl engHLm"
        >
          08.08.2022 22:50:17
        </div>
        <button
          class="sc-eDvSVe gkfKL"
        >
          Restart Analysis
        </button>
      </div>
      <div
        class="sc-fnGiBr gSUEGs"
      >
        <div
          role="group"
        >
          <h5
            class="sc-dIfARi bKNwzy"
          >
            Messages
          </h5>
          <div
            class="sc-idXgbr ipqSEr"
          >
            <div
              class="sc-fEXmlR kyRfRu"
            >
              <div>
                <div
                  class="sc-bjfHbI jyzsbH"
                >
                  Total number
                   
                </div>
                <span>
                  18194715
                </span>
              </div>
            </div>
            <div
              class="sc-fEXmlR kyRfRu"
            >
              <div>
                <div
                  class="sc-bjfHbI jyzsbH"
                >
                  Offsets min-max
                   
                </div>
                <span>
                  98869591 - 100576010
                </span>
              </div>
            </div>
            <div
              class="sc-fEXmlR kyRfRu"
            >
              <div>
                <div
                  class="sc-bjfHbI jyzsbH"
                >
                  Timestamp min-max
                   
                </div>
                <span>
                  05.08.2022 21:15:59 - 08.08.2022 22:50:03
                </span>
              </div>
            </div>
            <div
              class="sc-fEXmlR kyRfRu"
            >
              <div>
                <div
                  class="sc-bjfHbI jyzsbH"
                >
                  Null keys
                   
                </div>
                <span>
                  18194715
                </span>
              </div>
            </div>
            <div
              class="sc-fEXmlR kyRfRu"
            >
              <div
                title="Approximate number of unique keys"
              >
                <div
                  class="sc-bjfHbI jyzsbH"
                >
                  Unique keys
                   
                </div>
                <span>
                  0
                </span>
              </div>
            </div>
            <div
              class="sc-fEXmlR kyRfRu"
            >
              <div>
                <div
                  class="sc-bjfHbI jyzsbH"
                >
                  Null values
                   
                </div>
                <span>
                  0
                </span>
              </div>
            </div>
            <div
              class="sc-fEXmlR kyRfRu"
            >
              <div
                title="Approximate number of unique values"
              >
                <div
                  class="sc-bjfHbI jyzsbH"
                >
                  Unique values
                   
                </div>
                <span>
                  17817283
                </span>
              </div>
            </div>
          </div>
        </div>
        <div
          role="group"
        >
          <h5
            class="sc-dIfARi bKNwzy"
          >
            Key size
          </h5>
          <div
            class="sc-idXgbr ipqSEr"
          >
            <div
              class="sc-fEXmlR kyRfRu"
            >
              <div>
                <div
                  class="sc-bjfHbI jyzsbH"
                >
                  Total size
                   
                </div>
                <span>
                  <span>
                    0Bytes
                  </span>
                </span>
              </div>
            </div>
            <div
              class="sc-fEXmlR kyRfRu"
            >
              <div>
                <div
                  class="sc-bjfHbI jyzsbH"
                >
                  Min size
                   
                </div>
                <span>
                  <span>
                    0Bytes
                  </span>
                </span>
              </div>
            </div>
            <div
              class="sc-fEXmlR kyRfRu"
            >
              <div>
                <div
                  class="sc-bjfHbI jyzsbH"
                >
                  Max size
                   
                </div>
                <span>
                  <span>
                    0Bytes
                  </span>
                </span>
              </div>
            </div>
            <div
              class="sc-fEXmlR kyRfRu"
            >
              <div>
                <div
                  class="sc-bjfHbI jyzsbH"
                >
                  Avg key
                   
                </div>
                <span>
                  <span>
                    0Bytes
                  </span>
                </span>
              </div>
            </div>
            <div
              class="sc-fEXmlR kyRfRu"
            >
              <div>
                <div
                  class="sc-bjfHbI jyzsbH"
                >
                  Percentile 50
                   
                </div>
                <span>
                  <span>
                    0Bytes
                  </span>
                </span>
              </div>
            </div>
            <div
              class="sc-fEXmlR kyRfRu"
            >
              <div>
                <div
                  class="sc-bjfHbI jyzsbH"
                >
                  Percentile 75
                   
                </div>
                <span>
                  <span>
                    0Bytes
                  </span>
                </span>
              </div>
            </div>
            <div
              class="sc-fEXmlR kyRfRu"
            >
              <div>
                <div
                  class="sc-bjfHbI jyzsbH"
                >
                  Percentile 95
                   
                </div>
                <span>
                  <span>
                    0Bytes
                  </span>
                </span>
              </div>
            </div>
            <div
              class="sc-fEXmlR kyRfRu"
            >
              <div>
                <div
                  class="sc-bjfHbI jyzsbH"
                >
                  Percentile 99
                   
                </div>
                <span>
                  <span>
                    0Bytes
                  </span>
                </span>
              </div>
            </div>
            <div
              class="sc-fEXmlR kyRfRu"
            >
              <div>
                <div
                  class="sc-bjfHbI jyzsbH"
                >
                  Percentile 999
                   
                </div>
                <span>
                  <span>
                    0Bytes
                  </span>
                </span>
              </div>
            </div>
          </div>
        </div>
        <div
          role="group"
        >
          <h5
            class="sc-dIfARi bKNwzy"
          >
            Value size
          </h5>
          <div
            class="sc-idXgbr ipqSEr"
          >
            <div
              class="sc-fEXmlR kyRfRu"
            >
              <div>
                <div
                  class="sc-bjfHbI jyzsbH"
                >
                  Total size
                   
                </div>
                <span>
                  <span>
                    0Bytes
                  </span>
                </span>
              </div>
            </div>
            <div
              class="sc-fEXmlR kyRfRu"
            >
              <div>
                <div
                  class="sc-bjfHbI jyzsbH"
                >
                  Min size
                   
                </div>
                <span>
                  <span>
                    0Bytes
                  </span>
                </span>
              </div>
            </div>
            <div
              class="sc-fEXmlR kyRfRu"
            >
              <div>
                <div
                  class="sc-bjfHbI jyzsbH"
                >
                  Max size
                   
                </div>
                <span>
                  <span>
                    0Bytes
                  </span>
                </span>
              </div>
            </div>
            <div
              class="sc-fEXmlR kyRfRu"
            >
              <div>
                <div
                  class="sc-bjfHbI jyzsbH"
                >
                  Avg key
                   
                </div>
                <span>
                  <span>
                    0Bytes
                  </span>
                </span>
              </div>
            </div>
            <div
              class="sc-fEXmlR kyRfRu"
            >
              <div>
                <div
                  class="sc-bjfHbI jyzsbH"
                >
                  Percentile 50
                   
                </div>
                <span>
                  <span>
                    0Bytes
                  </span>
                </span>
              </div>
            </div>
            <div
              class="sc-fEXmlR kyRfRu"
            >
              <div>
                <div
                  class="sc-bjfHbI jyzsbH"
                >
                  Percentile 75
                   
                </div>
                <span>
                  <span>
                    0Bytes
                  </span>
                </span>
              </div>
            </div>
            <div
              class="sc-fEXmlR kyRfRu"
            >
              <div>
                <div
                  class="sc-bjfHbI jyzsbH"
                >
                  Percentile 95
                   
                </div>
                <span>
                  <span>
                    0Bytes
                  </span>
                </span>
              </div>
            </div>
            <div
              class="sc-fEXmlR kyRfRu"
            >
              <div>
                <div
                  class="sc-bjfHbI jyzsbH"
                >
                  Percentile 99
                   
                </div>
                <span>
                  <span>
                    0Bytes
                  </span>
                </span>
              </div>
            </div>
            <div
              class="sc-fEXmlR kyRfRu"
            >
              <div>
                <div
                  class="sc-bjfHbI jyzsbH"
                >
                  Percentile 999
                   
                </div>
                <span>
                  <span>
                    0Bytes
                  </span>
                </span>
              </div>
            </div>
          </div>
        </div>
      </div>
      <div
        class="sc-iAEawV bhFbzo"
      >
        <table
          class="sc-hhOBVt eQlffK"
        >
          <thead>
            <tr>
              <th
                class="sc-ezOQGI kmTCju"
              />
              <th
                class="sc-ezOQGI RngiC"
                colspan="1"
              >
                <div>
                  Partition ID
                </div>
              </th>
              <th
                class="sc-ezOQGI RngiC"
                colspan="1"
              >
                <div>
                  Total Messages
                </div>
              </th>
              <th
                class="sc-ezOQGI RngiC"
                colspan="1"
              >
                <div>
                  Min Offset
                </div>
              </th>
              <th
                class="sc-ezOQGI RngiC"
                colspan="1"
              >
                <div>
                  Max Offset
                </div>
              </th>
            </tr>
          </thead>
          <tbody>
            <tr
              class="sc-bYMpWt geHlcp"
            >
              <td
                style="width: 1px;"
              >
                <svg
                  aria-label="Expand row"
                  class="sc-gikAfH hQJdWT"
                  fill="none"
                  height="20"
                  role="button"
                  viewBox="0 -2 16 16"
                  width="16"
                  xmlns="http://www.w3.org/2000/svg"
                >
                  <path
                    clip-rule="evenodd"
                    d="M0 2C0 0.895431 0.895431 0 2 0H14C15.1046 0 16 0.895431 16 2V14C16 15.1046 15.1046 16 14 16H2C0.895431 16 0 15.1046 0 14V2ZM8 4C8.55229 4 9 4.44772 9 5V7H11C11.5523 7 12 7.44772 12 8C12 8.55229 11.5523 9 11 9H9V11C9 11.5523 8.55229 12 8 12C7.44772 12 7 11.5523 7 11V9H5C4.44772 9 4 8.55228 4 8C4 7.44771 4.44772 7 5 7H7V5C7 4.44772 7.44772 4 8 4Z"
                    fill-rule="evenodd"
                  />
                </svg>
              </td>
              <td>
                0
              </td>
              <td>
                1515285
              </td>
              <td>
                99060726
              </td>
              <td>
                100576010
              </td>
            </tr>
            <tr
              class="sc-bYMpWt geHlcp"
            >
              <td
                style="width: 1px;"
              >
                <svg
                  aria-label="Expand row"
                  class="sc-gikAfH hQJdWT"
                  fill="none"
                  height="20"
                  role="button"
                  viewBox="0 -2 16 16"
                  width="16"
                  xmlns="http://www.w3.org/2000/svg"
                >
                  <path
                    clip-rule="evenodd"
                    d="M0 2C0 0.895431 0.895431 0 2 0H14C15.1046 0 16 0.895431 16 2V14C16 15.1046 15.1046 16 14 16H2C0.895431 16 0 15.1046 0 14V2ZM8 4C8.55229 4 9 4.44772 9 5V7H11C11.5523 7 12 7.44772 12 8C12 8.55229 11.5523 9 11 9H9V11C9 11.5523 8.55229 12 8 12C7.44772 12 7 11.5523 7 11V9H5C4.44772 9 4 8.55228 4 8C4 7.44771 4.44772 7 5 7H7V5C7 4.44772 7.44772 4 8 4Z"
                    fill-rule="evenodd"
                  />
                </svg>
              </td>
              <td>
                1
              </td>
              <td>
                1534422
              </td>
              <td>
                98897827
              </td>
              <td>
                100432248
              </td>
            </tr>
          </tbody>
        </table>
      </div>
    </div>
  </div>
</body>
    at Object.getElementError (/Users/davitbejanyan/Desktop/kafka-ui/kafka-ui-react-app/node_modules/.pnpm/@testing-library+dom@8.19.0/node_modules/@testing-library/dom/dist/config.js:40:19)
    at /Users/davitbejanyan/Desktop/kafka-ui/kafka-ui-react-app/node_modules/.pnpm/@testing-library+dom@8.19.0/node_modules/@testing-library/dom/dist/query-helpers.js:90:38
    at /Users/davitbejanyan/Desktop/kafka-ui/kafka-ui-react-app/node_modules/.pnpm/@testing-library+dom@8.19.0/node_modules/@testing-library/dom/dist/query-helpers.js:130:15
    at getAllByText (/Users/davitbejanyan/Desktop/kafka-ui/kafka-ui-react-app/src/components/Topics/Topic/Statistics/__test__/Metrics.spec.tsx:99:21)
    at tryCatch (/Users/davitbejanyan/Desktop/kafka-ui/kafka-ui-react-app/src/components/Topics/Topic/Statistics/__test__/Metrics.spec.tsx:2:1)
    at Generator._invoke (/Users/davitbejanyan/Desktop/kafka-ui/kafka-ui-react-app/src/components/Topics/Topic/Statistics/__test__/Metrics.spec.tsx:2:1)
    at Generator.next (/Users/davitbejanyan/Desktop/kafka-ui/kafka-ui-react-app/src/components/Topics/Topic/Statistics/__test__/Metrics.spec.tsx:2:1)
    at asyncGeneratorStep (/Users/davitbejanyan/Desktop/kafka-ui/kafka-ui-react-app/src/components/Topics/Topic/Statistics/__test__/Metrics.spec.tsx:2:1)
    at _next (/Users/davitbejanyan/Desktop/kafka-ui/kafka-ui-react-app/src/components/Topics/Topic/Statistics/__test__/Metrics.spec.tsx:2:1)
    at /Users/davitbejanyan/Desktop/kafka-ui/kafka-ui-react-app/src/components/Topics/Topic/Statistics/__test__/Metrics.spec.tsx:2:1
    at new Promise (<anonymous>)
    at Object.<anonymous> (/Users/davitbejanyan/Desktop/kafka-ui/kafka-ui-react-app/src/components/Topics/Topic/Statistics/__test__/Metrics.spec.tsx:2:1)
    at Promise.then.completed (/Users/davitbejanyan/Desktop/kafka-ui/kafka-ui-react-app/node_modules/.pnpm/jest-circus@29.1.2/node_modules/jest-circus/build/utils.js:333:28)
    at new Promise (<anonymous>)
    at callAsyncCircusFn (/Users/davitbejanyan/Desktop/kafka-ui/kafka-ui-react-app/node_modules/.pnpm/jest-circus@29.1.2/node_modules/jest-circus/build/utils.js:259:10)
    at _callCircusTest (/Users/davitbejanyan/Desktop/kafka-ui/kafka-ui-react-app/node_modules/.pnpm/jest-circus@29.1.2/node_modules/jest-circus/build/run.js:277:40)
    at _runTest (/Users/davitbejanyan/Desktop/kafka-ui/kafka-ui-react-app/node_modules/.pnpm/jest-circus@29.1.2/node_modules/jest-circus/build/run.js:209:3)
    at _runTestsForDescribeBlock (/Users/davitbejanyan/Desktop/kafka-ui/kafka-ui-react-app/node_modules/.pnpm/jest-circus@29.1.2/node_modules/jest-circus/build/run.js:97:9)
    at _runTestsForDescribeBlock (/Users/davitbejanyan/Desktop/kafka-ui/kafka-ui-react-app/node_modules/.pnpm/jest-circus@29.1.2/node_modules/jest-circus/build/run.js:91:9)
    at _runTestsForDescribeBlock (/Users/davitbejanyan/Desktop/kafka-ui/kafka-ui-react-app/node_modules/.pnpm/jest-circus@29.1.2/node_modules/jest-circus/build/run.js:91:9)
    at run (/Users/davitbejanyan/Desktop/kafka-ui/kafka-ui-react-app/node_modules/.pnpm/jest-circus@29.1.2/node_modules/jest-circus/build/run.js:31:3)
    at runAndTransformResultsToJestFormat (/Users/davitbejanyan/Desktop/kafka-ui/kafka-ui-react-app/node_modules/.pnpm/jest-circus@29.1.2/node_modules/jest-circus/build/legacy-code-todo-rewrite/jestAdapterInit.js:136:21)
    at jestAdapter (/Users/davitbejanyan/Desktop/kafka-ui/kafka-ui-react-app/node_modules/.pnpm/jest-circus@29.1.2/node_modules/jest-circus/build/legacy-code-todo-rewrite/jestAdapter.js:92:19)
    at runTestInternal (/Users/davitbejanyan/Desktop/kafka-ui/kafka-ui-react-app/node_modules/.pnpm/jest-runner@29.1.2/node_modules/jest-runner/build/runTest.js:407:16)
    at runTest (/Users/davitbejanyan/Desktop/kafka-ui/kafka-ui-react-app/node_modules/.pnpm/jest-runner@29.1.2/node_modules/jest-runner/build/runTest.js:491:34)
    at Object.worker (/Users/davitbejanyan/Desktop/kafka-ui/kafka-ui-react-app/node_modules/.pnpm/jest-runner@29.1.2/node_modules/jest-runner/build/testWorker.js:133:12)]]></failure>
    </testCase>
    <testCase name="Metrics returns empty container" duration="1"/>
    <testCase name="Metrics returns empty container" duration="8"/>
  </file>
  <file path="/Users/davitbejanyan/Desktop/kafka-ui/kafka-ui-react-app/src/components/Dashboard/ClustersWidget/__test__/ClustersWidget.spec.tsx">
    <testCase name="ClustersWidget renders clusterWidget list" duration="100"/>
    <testCase name="ClustersWidget hides online cluster widgets" duration="70">
      <failure message="Error: expect(received).toBe(expected) // Object.is equality"><![CDATA[Error: expect(received).toBe(expected) // Object.is equality

Expected: 2
Received: 3
    at Object.toBe (/Users/davitbejanyan/Desktop/kafka-ui/kafka-ui-react-app/src/components/Dashboard/ClustersWidget/__test__/ClustersWidget.spec.tsx:31:47)
    at Promise.then.completed (/Users/davitbejanyan/Desktop/kafka-ui/kafka-ui-react-app/node_modules/.pnpm/jest-circus@29.1.2/node_modules/jest-circus/build/utils.js:333:28)
    at new Promise (<anonymous>)
    at callAsyncCircusFn (/Users/davitbejanyan/Desktop/kafka-ui/kafka-ui-react-app/node_modules/.pnpm/jest-circus@29.1.2/node_modules/jest-circus/build/utils.js:259:10)
    at _callCircusTest (/Users/davitbejanyan/Desktop/kafka-ui/kafka-ui-react-app/node_modules/.pnpm/jest-circus@29.1.2/node_modules/jest-circus/build/run.js:277:40)
    at _runTest (/Users/davitbejanyan/Desktop/kafka-ui/kafka-ui-react-app/node_modules/.pnpm/jest-circus@29.1.2/node_modules/jest-circus/build/run.js:209:3)
    at _runTestsForDescribeBlock (/Users/davitbejanyan/Desktop/kafka-ui/kafka-ui-react-app/node_modules/.pnpm/jest-circus@29.1.2/node_modules/jest-circus/build/run.js:97:9)
    at _runTestsForDescribeBlock (/Users/davitbejanyan/Desktop/kafka-ui/kafka-ui-react-app/node_modules/.pnpm/jest-circus@29.1.2/node_modules/jest-circus/build/run.js:91:9)
    at run (/Users/davitbejanyan/Desktop/kafka-ui/kafka-ui-react-app/node_modules/.pnpm/jest-circus@29.1.2/node_modules/jest-circus/build/run.js:31:3)
    at runAndTransformResultsToJestFormat (/Users/davitbejanyan/Desktop/kafka-ui/kafka-ui-react-app/node_modules/.pnpm/jest-circus@29.1.2/node_modules/jest-circus/build/legacy-code-todo-rewrite/jestAdapterInit.js:136:21)
    at jestAdapter (/Users/davitbejanyan/Desktop/kafka-ui/kafka-ui-react-app/node_modules/.pnpm/jest-circus@29.1.2/node_modules/jest-circus/build/legacy-code-todo-rewrite/jestAdapter.js:92:19)
    at runTestInternal (/Users/davitbejanyan/Desktop/kafka-ui/kafka-ui-react-app/node_modules/.pnpm/jest-runner@29.1.2/node_modules/jest-runner/build/runTest.js:407:16)
    at runTest (/Users/davitbejanyan/Desktop/kafka-ui/kafka-ui-react-app/node_modules/.pnpm/jest-runner@29.1.2/node_modules/jest-runner/build/runTest.js:491:34)
    at Object.worker (/Users/davitbejanyan/Desktop/kafka-ui/kafka-ui-react-app/node_modules/.pnpm/jest-runner@29.1.2/node_modules/jest-runner/build/testWorker.js:133:12)]]></failure>
    </testCase>
    <testCase name="ClustersWidget when cluster is read-only" duration="60"/>
    <testCase name="ClustersWidget render clusterWidget cells" duration="93"/>
  </file>
  <file path="/Users/davitbejanyan/Desktop/kafka-ui/kafka-ui-react-app/src/components/Topics/Topic/Messages/Filters/__tests__/EditFilter.spec.tsx">
    <testCase name="EditFilter component renders component" duration="114"/>
    <testCase name="EditFilter component closes editFilter modal" duration="71">
      <failure message="Error: expect(jest.fn()).toHaveBeenCalledTimes(expected)"><![CDATA[Error: expect(jest.fn()).toHaveBeenCalledTimes(expected)

Expected number of calls: 1
Received number of calls: 0
    at toHaveBeenCalledTimes (/Users/davitbejanyan/Desktop/kafka-ui/kafka-ui-react-app/src/components/Topics/Topic/Messages/Filters/__tests__/EditFilter.spec.tsx:39:29)
    at tryCatch (/Users/davitbejanyan/Desktop/kafka-ui/kafka-ui-react-app/src/components/Topics/Topic/Messages/Filters/__tests__/EditFilter.spec.tsx:2:1)
    at Generator._invoke (/Users/davitbejanyan/Desktop/kafka-ui/kafka-ui-react-app/src/components/Topics/Topic/Messages/Filters/__tests__/EditFilter.spec.tsx:2:1)
    at Generator.next (/Users/davitbejanyan/Desktop/kafka-ui/kafka-ui-react-app/src/components/Topics/Topic/Messages/Filters/__tests__/EditFilter.spec.tsx:2:1)
    at asyncGeneratorStep (/Users/davitbejanyan/Desktop/kafka-ui/kafka-ui-react-app/src/components/Topics/Topic/Messages/Filters/__tests__/EditFilter.spec.tsx:2:1)
    at _next (/Users/davitbejanyan/Desktop/kafka-ui/kafka-ui-react-app/src/components/Topics/Topic/Messages/Filters/__tests__/EditFilter.spec.tsx:2:1)]]></failure>
    </testCase>
    <testCase name="EditFilter component save edited fields and close modal" duration="149">
      <failure message="Error: expect(jest.fn()).toHaveBeenCalledTimes(expected)"><![CDATA[Error: expect(jest.fn()).toHaveBeenCalledTimes(expected)

Expected number of calls: 1
Received number of calls: 0
    at toHaveBeenCalledTimes (/Users/davitbejanyan/Desktop/kafka-ui/kafka-ui-react-app/src/components/Topics/Topic/Messages/Filters/__tests__/EditFilter.spec.tsx:58:29)
    at tryCatch (/Users/davitbejanyan/Desktop/kafka-ui/kafka-ui-react-app/src/components/Topics/Topic/Messages/Filters/__tests__/EditFilter.spec.tsx:2:1)
    at Generator._invoke (/Users/davitbejanyan/Desktop/kafka-ui/kafka-ui-react-app/src/components/Topics/Topic/Messages/Filters/__tests__/EditFilter.spec.tsx:2:1)
    at Generator.next (/Users/davitbejanyan/Desktop/kafka-ui/kafka-ui-react-app/src/components/Topics/Topic/Messages/Filters/__tests__/EditFilter.spec.tsx:2:1)
    at asyncGeneratorStep (/Users/davitbejanyan/Desktop/kafka-ui/kafka-ui-react-app/src/components/Topics/Topic/Messages/Filters/__tests__/EditFilter.spec.tsx:2:1)
    at _next (/Users/davitbejanyan/Desktop/kafka-ui/kafka-ui-react-app/src/components/Topics/Topic/Messages/Filters/__tests__/EditFilter.spec.tsx:2:1)]]></failure>
    </testCase>
    <testCase name="EditFilter component checks input values to match" duration="38"/>
  </file>
  <file path="/Users/davitbejanyan/Desktop/kafka-ui/kafka-ui-react-app/src/components/Topics/shared/Form/CustomParams/__test__/CustomParamField.spec.tsx">
    <testCase name="CustomParamsField renders the component with its view correctly" duration="100"/>
    <testCase name="CustomParamsField core functionality works click on button triggers remove" duration="14">
      <failure message="Error: expect(jest.fn()).toHaveBeenCalledTimes(expected)"><![CDATA[Error: expect(jest.fn()).toHaveBeenCalledTimes(expected)

Expected number of calls: 1
Received number of calls: 0
    at Object.toHaveBeenCalledTimes (/Users/davitbejanyan/Desktop/kafka-ui/kafka-ui-react-app/src/components/Topics/shared/Form/CustomParams/__test__/CustomParamField.spec.tsx:70:22)
    at Promise.then.completed (/Users/davitbejanyan/Desktop/kafka-ui/kafka-ui-react-app/node_modules/.pnpm/jest-circus@29.1.2/node_modules/jest-circus/build/utils.js:333:28)
    at new Promise (<anonymous>)
    at callAsyncCircusFn (/Users/davitbejanyan/Desktop/kafka-ui/kafka-ui-react-app/node_modules/.pnpm/jest-circus@29.1.2/node_modules/jest-circus/build/utils.js:259:10)
    at _callCircusTest (/Users/davitbejanyan/Desktop/kafka-ui/kafka-ui-react-app/node_modules/.pnpm/jest-circus@29.1.2/node_modules/jest-circus/build/run.js:277:40)
    at processTicksAndRejections (node:internal/process/task_queues:96:5)
    at _runTest (/Users/davitbejanyan/Desktop/kafka-ui/kafka-ui-react-app/node_modules/.pnpm/jest-circus@29.1.2/node_modules/jest-circus/build/run.js:209:3)
    at _runTestsForDescribeBlock (/Users/davitbejanyan/Desktop/kafka-ui/kafka-ui-react-app/node_modules/.pnpm/jest-circus@29.1.2/node_modules/jest-circus/build/run.js:97:9)
    at _runTestsForDescribeBlock (/Users/davitbejanyan/Desktop/kafka-ui/kafka-ui-react-app/node_modules/.pnpm/jest-circus@29.1.2/node_modules/jest-circus/build/run.js:91:9)
    at _runTestsForDescribeBlock (/Users/davitbejanyan/Desktop/kafka-ui/kafka-ui-react-app/node_modules/.pnpm/jest-circus@29.1.2/node_modules/jest-circus/build/run.js:91:9)
    at run (/Users/davitbejanyan/Desktop/kafka-ui/kafka-ui-react-app/node_modules/.pnpm/jest-circus@29.1.2/node_modules/jest-circus/build/run.js:31:3)
    at runAndTransformResultsToJestFormat (/Users/davitbejanyan/Desktop/kafka-ui/kafka-ui-react-app/node_modules/.pnpm/jest-circus@29.1.2/node_modules/jest-circus/build/legacy-code-todo-rewrite/jestAdapterInit.js:136:21)
    at jestAdapter (/Users/davitbejanyan/Desktop/kafka-ui/kafka-ui-react-app/node_modules/.pnpm/jest-circus@29.1.2/node_modules/jest-circus/build/legacy-code-todo-rewrite/jestAdapter.js:92:19)
    at runTestInternal (/Users/davitbejanyan/Desktop/kafka-ui/kafka-ui-react-app/node_modules/.pnpm/jest-runner@29.1.2/node_modules/jest-runner/build/runTest.js:407:16)
    at runTest (/Users/davitbejanyan/Desktop/kafka-ui/kafka-ui-react-app/node_modules/.pnpm/jest-runner@29.1.2/node_modules/jest-runner/build/runTest.js:491:34)
    at Object.worker (/Users/davitbejanyan/Desktop/kafka-ui/kafka-ui-react-app/node_modules/.pnpm/jest-runner@29.1.2/node_modules/jest-runner/build/testWorker.js:133:12)]]></failure>
    </testCase>
    <testCase name="CustomParamsField core functionality works pressing space on button triggers remove" duration="22">
      <failure message="Error: expect(jest.fn()).toHaveBeenCalledTimes(expected)"><![CDATA[Error: expect(jest.fn()).toHaveBeenCalledTimes(expected)

Expected number of calls: 2
Received number of calls: 0
    at Object.toHaveBeenCalledTimes (/Users/davitbejanyan/Desktop/kafka-ui/kafka-ui-react-app/src/components/Topics/shared/Form/CustomParams/__test__/CustomParamField.spec.tsx:84:22)
    at Promise.then.completed (/Users/davitbejanyan/Desktop/kafka-ui/kafka-ui-react-app/node_modules/.pnpm/jest-circus@29.1.2/node_modules/jest-circus/build/utils.js:333:28)
    at new Promise (<anonymous>)
    at callAsyncCircusFn (/Users/davitbejanyan/Desktop/kafka-ui/kafka-ui-react-app/node_modules/.pnpm/jest-circus@29.1.2/node_modules/jest-circus/build/utils.js:259:10)
    at _callCircusTest (/Users/davitbejanyan/Desktop/kafka-ui/kafka-ui-react-app/node_modules/.pnpm/jest-circus@29.1.2/node_modules/jest-circus/build/run.js:277:40)
    at processTicksAndRejections (node:internal/process/task_queues:96:5)
    at _runTest (/Users/davitbejanyan/Desktop/kafka-ui/kafka-ui-react-app/node_modules/.pnpm/jest-circus@29.1.2/node_modules/jest-circus/build/run.js:209:3)
    at _runTestsForDescribeBlock (/Users/davitbejanyan/Desktop/kafka-ui/kafka-ui-react-app/node_modules/.pnpm/jest-circus@29.1.2/node_modules/jest-circus/build/run.js:97:9)
    at _runTestsForDescribeBlock (/Users/davitbejanyan/Desktop/kafka-ui/kafka-ui-react-app/node_modules/.pnpm/jest-circus@29.1.2/node_modules/jest-circus/build/run.js:91:9)
    at _runTestsForDescribeBlock (/Users/davitbejanyan/Desktop/kafka-ui/kafka-ui-react-app/node_modules/.pnpm/jest-circus@29.1.2/node_modules/jest-circus/build/run.js:91:9)
    at run (/Users/davitbejanyan/Desktop/kafka-ui/kafka-ui-react-app/node_modules/.pnpm/jest-circus@29.1.2/node_modules/jest-circus/build/run.js:31:3)
    at runAndTransformResultsToJestFormat (/Users/davitbejanyan/Desktop/kafka-ui/kafka-ui-react-app/node_modules/.pnpm/jest-circus@29.1.2/node_modules/jest-circus/build/legacy-code-todo-rewrite/jestAdapterInit.js:136:21)
    at jestAdapter (/Users/davitbejanyan/Desktop/kafka-ui/kafka-ui-react-app/node_modules/.pnpm/jest-circus@29.1.2/node_modules/jest-circus/build/legacy-code-todo-rewrite/jestAdapter.js:92:19)
    at runTestInternal (/Users/davitbejanyan/Desktop/kafka-ui/kafka-ui-react-app/node_modules/.pnpm/jest-runner@29.1.2/node_modules/jest-runner/build/runTest.js:407:16)
    at runTest (/Users/davitbejanyan/Desktop/kafka-ui/kafka-ui-react-app/node_modules/.pnpm/jest-runner@29.1.2/node_modules/jest-runner/build/runTest.js:491:34)
    at Object.worker (/Users/davitbejanyan/Desktop/kafka-ui/kafka-ui-react-app/node_modules/.pnpm/jest-runner@29.1.2/node_modules/jest-runner/build/testWorker.js:133:12)]]></failure>
    </testCase>
    <testCase name="CustomParamsField core functionality works can select option" duration="131"/>
    <testCase name="CustomParamsField core functionality works selecting option updates textbox value" duration="103"/>
    <testCase name="CustomParamsField core functionality works selecting option updates triggers setExistingFields" duration="101"/>
  </file>
  <file path="/Users/davitbejanyan/Desktop/kafka-ui/kafka-ui-react-app/src/components/Topics/Topic/Overview/__test__/Overview.spec.tsx">
    <testCase name="Overview at least one replica was rendered" duration="41"/>
    <testCase name="Overview renders replica cell with props" duration="6"/>
    <testCase name="Overview when it has internal flag renders the Action button for Topic" duration="18"/>
    <testCase name="Overview when it has internal flag does not render Partitions" duration="8"/>
    <testCase name="Overview should render circular alert should be in document" duration="59"/>
    <testCase name="Overview should render circular alert should be the appropriate color" duration="53"/>
    <testCase name="Overview when Clear Messages is clicked should when Clear Messages is clicked" duration="56">
      <failure message="Error: expect(jest.fn()).toHaveBeenCalledTimes(expected)"><![CDATA[Error: expect(jest.fn()).toHaveBeenCalledTimes(expected)

Expected number of calls: 1
Received number of calls: 0
    at Object.toHaveBeenCalledTimes (/Users/davitbejanyan/Desktop/kafka-ui/kafka-ui-react-app/src/components/Topics/Topic/Overview/__test__/Overview.spec.tsx:120:25)
    at Promise.then.completed (/Users/davitbejanyan/Desktop/kafka-ui/kafka-ui-react-app/node_modules/.pnpm/jest-circus@29.1.2/node_modules/jest-circus/build/utils.js:333:28)
    at new Promise (<anonymous>)
    at callAsyncCircusFn (/Users/davitbejanyan/Desktop/kafka-ui/kafka-ui-react-app/node_modules/.pnpm/jest-circus@29.1.2/node_modules/jest-circus/build/utils.js:259:10)
    at _callCircusTest (/Users/davitbejanyan/Desktop/kafka-ui/kafka-ui-react-app/node_modules/.pnpm/jest-circus@29.1.2/node_modules/jest-circus/build/run.js:277:40)
    at processTicksAndRejections (node:internal/process/task_queues:96:5)
    at _runTest (/Users/davitbejanyan/Desktop/kafka-ui/kafka-ui-react-app/node_modules/.pnpm/jest-circus@29.1.2/node_modules/jest-circus/build/run.js:209:3)
    at _runTestsForDescribeBlock (/Users/davitbejanyan/Desktop/kafka-ui/kafka-ui-react-app/node_modules/.pnpm/jest-circus@29.1.2/node_modules/jest-circus/build/run.js:97:9)
    at _runTestsForDescribeBlock (/Users/davitbejanyan/Desktop/kafka-ui/kafka-ui-react-app/node_modules/.pnpm/jest-circus@29.1.2/node_modules/jest-circus/build/run.js:91:9)
    at _runTestsForDescribeBlock (/Users/davitbejanyan/Desktop/kafka-ui/kafka-ui-react-app/node_modules/.pnpm/jest-circus@29.1.2/node_modules/jest-circus/build/run.js:91:9)
    at run (/Users/davitbejanyan/Desktop/kafka-ui/kafka-ui-react-app/node_modules/.pnpm/jest-circus@29.1.2/node_modules/jest-circus/build/run.js:31:3)
    at runAndTransformResultsToJestFormat (/Users/davitbejanyan/Desktop/kafka-ui/kafka-ui-react-app/node_modules/.pnpm/jest-circus@29.1.2/node_modules/jest-circus/build/legacy-code-todo-rewrite/jestAdapterInit.js:136:21)
    at jestAdapter (/Users/davitbejanyan/Desktop/kafka-ui/kafka-ui-react-app/node_modules/.pnpm/jest-circus@29.1.2/node_modules/jest-circus/build/legacy-code-todo-rewrite/jestAdapter.js:92:19)
    at runTestInternal (/Users/davitbejanyan/Desktop/kafka-ui/kafka-ui-react-app/node_modules/.pnpm/jest-runner@29.1.2/node_modules/jest-runner/build/runTest.js:407:16)
    at runTest (/Users/davitbejanyan/Desktop/kafka-ui/kafka-ui-react-app/node_modules/.pnpm/jest-runner@29.1.2/node_modules/jest-runner/build/runTest.js:491:34)
    at Object.worker (/Users/davitbejanyan/Desktop/kafka-ui/kafka-ui-react-app/node_modules/.pnpm/jest-runner@29.1.2/node_modules/jest-runner/build/testWorker.js:133:12)]]></failure>
    </testCase>
    <testCase name="Overview when the table partition dropdown appearance should check if the dropdown is not present when it is readOnly" duration="22"/>
    <testCase name="Overview when the table partition dropdown appearance should check if the dropdown is not present when it is internal" duration="15"/>
    <testCase name="Overview when the table partition dropdown appearance should check if the dropdown is not present when cleanUpPolicy is not DELETE" duration="16"/>
    <testCase name="Overview when the table partition dropdown appearance should check if the dropdown action to be in visible" duration="20"/>
  </file>
  <file path="/Users/davitbejanyan/Desktop/kafka-ui/kafka-ui-react-app/src/components/KsqlDb/Query/__test__/Query.spec.tsx">
    <testCase name="Query renders" duration="162"/>
    <testCase name="Query fetch on execute" duration="219">
      <failure message="Error: expect(received).toBe(expected) // Object.is equality"><![CDATA[Error: expect(received).toBe(expected) // Object.is equality

Expected: 1
Received: 0
    at toBe (/Users/davitbejanyan/Desktop/kafka-ui/kafka-ui-react-app/src/components/KsqlDb/Query/__test__/Query.spec.tsx:49:33)
    at tryCatch (/Users/davitbejanyan/Desktop/kafka-ui/kafka-ui-react-app/src/components/KsqlDb/Query/__test__/Query.spec.tsx:2:1)
    at Generator._invoke (/Users/davitbejanyan/Desktop/kafka-ui/kafka-ui-react-app/src/components/KsqlDb/Query/__test__/Query.spec.tsx:2:1)
    at Generator.next (/Users/davitbejanyan/Desktop/kafka-ui/kafka-ui-react-app/src/components/KsqlDb/Query/__test__/Query.spec.tsx:2:1)
    at asyncGeneratorStep (/Users/davitbejanyan/Desktop/kafka-ui/kafka-ui-react-app/src/components/KsqlDb/Query/__test__/Query.spec.tsx:2:1)
    at _next (/Users/davitbejanyan/Desktop/kafka-ui/kafka-ui-react-app/src/components/KsqlDb/Query/__test__/Query.spec.tsx:2:1)]]></failure>
    </testCase>
    <testCase name="Query fetch on execute with streamParams" duration="139">
      <failure message="Error: expect(received).toBe(expected) // Object.is equality"><![CDATA[Error: expect(received).toBe(expected) // Object.is equality

Expected: 1
Received: 0
    at toBe (/Users/davitbejanyan/Desktop/kafka-ui/kafka-ui-react-app/src/components/KsqlDb/Query/__test__/Query.spec.tsx:75:33)
    at tryCatch (/Users/davitbejanyan/Desktop/kafka-ui/kafka-ui-react-app/src/components/KsqlDb/Query/__test__/Query.spec.tsx:2:1)
    at Generator._invoke (/Users/davitbejanyan/Desktop/kafka-ui/kafka-ui-react-app/src/components/KsqlDb/Query/__test__/Query.spec.tsx:2:1)
    at Generator.next (/Users/davitbejanyan/Desktop/kafka-ui/kafka-ui-react-app/src/components/KsqlDb/Query/__test__/Query.spec.tsx:2:1)
    at asyncGeneratorStep (/Users/davitbejanyan/Desktop/kafka-ui/kafka-ui-react-app/src/components/KsqlDb/Query/__test__/Query.spec.tsx:2:1)
    at _next (/Users/davitbejanyan/Desktop/kafka-ui/kafka-ui-react-app/src/components/KsqlDb/Query/__test__/Query.spec.tsx:2:1)]]></failure>
    </testCase>
    <testCase name="getFormattedErrorFromTableData works" duration="1"/>
  </file>
  <file path="/Users/davitbejanyan/Desktop/kafka-ui/kafka-ui-react-app/src/components/Brokers/Broker/Configs/__test__/Configs.spec.tsx">
    <testCase name="Configs renders configs table" duration="100"/>
    <testCase name="Configs updates textbox value" duration="79">
      <failure message="TestingLibraryElementError: Unable to find a label with the text of: inputValue"><![CDATA[TestingLibraryElementError: Unable to find a label with the text of: inputValue

Ignored nodes: comments, script, style
<body>
  <div>
    <div>
      <div
        class="sc-ezOQGI ZtnzM"
      >
        <div
          class="sc-kDvujY cCqFPH"
        >
          <svg
            viewBox="0 0 512 512"
            xmlns="http://www.w3.org/2000/svg"
          >
            <path
              d="M500.3 443.7l-119.7-119.7c27.22-40.41 40.65-90.9 33.46-144.7C401.8 87.79 326.8 13.32 235.2 1.723C99.01-15.51-15.51 99.01 1.724 235.2c11.6 91.64 86.08 166.7 177.6 178.9c53.8 7.189 104.3-6.236 144.7-33.46l119.7 119.7c15.62 15.62 40.95 15.62 56.57 0C515.9 484.7 515.9 459.3 500.3 443.7zM79.1 208c0-70.58 57.42-128 128-128s128 57.42 128 128c0 70.58-57.42 128-128 128S79.1 278.6 79.1 208z"
            />
          </svg>
          <input
            class="sc-ipEyDJ dDvFkX"
            placeholder="Search by Key"
            type="text"
            value=""
          />
        </div>
      </div>
      <div
        class="sc-bBABsx jvVYpR"
      >
        <table
          class="sc-bjfHbI dFKpII"
        >
          <thead>
            <tr>
              <th
                class="sc-bqWxrE eOtHhI"
                colspan="1"
              >
                <div>
                  Key
                </div>
              </th>
              <th
                class="sc-bqWxrE eOtHhI"
                colspan="1"
              >
                <div>
                  Value
                </div>
              </th>
              <th
                class="sc-bqWxrE eOtHhI"
                colspan="1"
              >
                <div>
                  Source
                </div>
              </th>
            </tr>
          </thead>
          <tbody>
            <tr
              class="sc-ksBlkl boZBPF"
            >
              <td>
                compression.type
              </td>
              <td>
                <div
                  class="sc-lllmON hvhMjw"
                  style="font-weight: 600;"
                >
                  <span
                    class="sc-iJnaPW iFoTvY"
                    title="producer"
                  >
                    producer
                  </span>
                  <button
                    aria-label="editAction"
                    class="sc-eDvSVe gkfKL"
                  >
                    <svg
                      aria-describedby="desc"
                      aria-labelledby="title"
                      height="12"
                      role="img"
                      viewBox="0 0 64 64"
                      width="12"
                      xmlns="http://www.w3.org/2000/svg"
                    >
                      <title>
                        Edit
                      </title>
                      <desc>
                        A line styled icon from Orion Icon Library.
                      </desc>
                      <path
                        d="M54.368 17.674l6.275-6.267-8.026-8.025-6.274 6.267"
                        data-name="layer2"
                        fill="none"
                        stroke="#202020"
                        stroke-linecap="round"
                        stroke-linejoin="round"
                        stroke-miterlimit="10"
                        stroke-width="2"
                      />
                      <path
                        d="M17.766 54.236l36.602-36.562-8.025-8.025L9.74 46.211 3.357 60.618l14.409-6.382zM9.74 46.211l8.026 8.025"
                        data-name="layer1"
                        fill="none"
                        stroke="#202020"
                        stroke-linecap="round"
                        stroke-linejoin="round"
                        stroke-miterlimit="10"
                        stroke-width="2"
                      />
                    </svg>
                     Edit
                  </button>
                </div>
              </td>
              <td>
                DYNAMIC_BROKER_CONFIG
              </td>
            </tr>
            <tr
              class="sc-ksBlkl boZBPF"
            >
              <td>
                in.insync.replicas
              </td>
              <td>
                <div
                  class="sc-lllmON hvhMjw"
                  style="font-weight: 600;"
                >
                  <span
                    class="sc-iJnaPW iFoTvY"
                    title="1"
                  >
                    1
                  </span>
                  <button
                    aria-label="editAction"
                    class="sc-eDvSVe gkfKL"
                  >
                    <svg
                      aria-describedby="desc"
                      aria-labelledby="title"
                      height="12"
                      role="img"
                      viewBox="0 0 64 64"
                      width="12"
                      xmlns="http://www.w3.org/2000/svg"
                    >
                      <title>
                        Edit
                      </title>
                      <desc>
                        A line styled icon from Orion Icon Library.
                      </desc>
                      <path
                        d="M54.368 17.674l6.275-6.267-8.026-8.025-6.274 6.267"
                        data-name="layer2"
                        fill="none"
                        stroke="#202020"
                        stroke-linecap="round"
                        stroke-linejoin="round"
                        stroke-miterlimit="10"
                        stroke-width="2"
                      />
                      <path
                        d="M17.766 54.236l36.602-36.562-8.025-8.025L9.74 46.211 3.357 60.618l14.409-6.382zM9.74 46.211l8.026 8.025"
                        data-name="layer1"
                        fill="none"
                        stroke="#202020"
                        stroke-linecap="round"
                        stroke-linejoin="round"
                        stroke-miterlimit="10"
                        stroke-width="2"
                      />
                    </svg>
                     Edit
                  </button>
                </div>
              </td>
              <td>
                DYNAMIC_BROKER_CONFIG
              </td>
            </tr>
            <tr
              class="sc-ksBlkl boZBPF"
            >
              <td>
                confluent.value.schema.validation
              </td>
              <td>
                <div
                  class="sc-lllmON hvhMjw"
                  style="font-weight: 400;"
                >
                  <span
                    class="sc-iJnaPW iFoTvY"
                    title="false"
                  >
                    false
                  </span>
                  <button
                    aria-label="editAction"
                    class="sc-eDvSVe gkfKL"
                  >
                    <svg
                      aria-describedby="desc"
                      aria-labelledby="title"
                      height="12"
                      role="img"
                      viewBox="0 0 64 64"
                      width="12"
                      xmlns="http://www.w3.org/2000/svg"
                    >
                      <title>
                        Edit
                      </title>
                      <desc>
                        A line styled icon from Orion Icon Library.
                      </desc>
                      <path
                        d="M54.368 17.674l6.275-6.267-8.026-8.025-6.274 6.267"
                        data-name="layer2"
                        fill="none"
                        stroke="#202020"
                        stroke-linecap="round"
                        stroke-linejoin="round"
                        stroke-miterlimit="10"
                        stroke-width="2"
                      />
                      <path
                        d="M17.766 54.236l36.602-36.562-8.025-8.025L9.74 46.211 3.357 60.618l14.409-6.382zM9.74 46.211l8.026 8.025"
                        data-name="layer1"
                        fill="none"
                        stroke="#202020"
                        stroke-linecap="round"
                        stroke-linejoin="round"
                        stroke-miterlimit="10"
                        stroke-width="2"
                      />
                    </svg>
                     Edit
                  </button>
                </div>
              </td>
              <td>
                DEFAULT_CONFIG
              </td>
            </tr>
            <tr
              class="sc-ksBlkl boZBPF"
            >
              <td>
                leader.replication.throttled.replicas
              </td>
              <td>
                <div
                  class="sc-lllmON hvhMjw"
                  style="font-weight: 400;"
                >
                  <span
                    class="sc-iJnaPW iFoTvY"
                    title=""
                  />
                  <button
                    aria-label="editAction"
                    class="sc-eDvSVe gkfKL"
                  >
                    <svg
                      aria-describedby="desc"
                      aria-labelledby="title"
                      height="12"
                      role="img"
                      viewBox="0 0 64 64"
                      width="12"
                      xmlns="http://www.w3.org/2000/svg"
                    >
                      <title>
                        Edit
                      </title>
                      <desc>
                        A line styled icon from Orion Icon Library.
                      </desc>
                      <path
                        d="M54.368 17.674l6.275-6.267-8.026-8.025-6.274 6.267"
                        data-name="layer2"
                        fill="none"
                        stroke="#202020"
                        stroke-linecap="round"
                        stroke-linejoin="round"
                        stroke-miterlimit="10"
                        stroke-width="2"
                      />
                      <path
                        d="M17.766 54.236l36.602-36.562-8.025-8.025L9.74 46.211 3.357 60.618l14.409-6.382zM9.74 46.211l8.026 8.025"
                        data-name="layer1"
                        fill="none"
                        stroke="#202020"
                        stroke-linecap="round"
                        stroke-linejoin="round"
                        stroke-miterlimit="10"
                        stroke-width="2"
                      />
                    </svg>
                     Edit
                  </button>
                </div>
              </td>
              <td>
                DEFAULT_CONFIG
              </td>
            </tr>
            <tr
              class="sc-ksBlkl boZBPF"
            >
              <td>
                confluent.key.subject.name.strategy
              </td>
              <td>
                <div
                  class="sc-lllmON hvhMjw"
                  style="font-weight: 400;"
                >
                  <span
                    class="sc-iJnaPW iFoTvY"
                    title="io.confluent.kafka.serializers.subject.TopicNameStrategy"
                  >
                    io.confluent.kafka.serializers.subject.TopicNameStrategy
                  </span>
                  <button
                    aria-label="editAction"
                    class="sc-eDvSVe gkfKL"
                  >
                    <svg
                      aria-describedby="desc"
                      aria-labelledby="title"
                      height="12"
                      role="img"
                      viewBox="0 0 64 64"
                      width="12"
                      xmlns="http://www.w3.org/2000/svg"
                    >
                      <title>
                        Edit
                      </title>
                      <desc>
                        A line styled icon from Orion Icon Library.
                      </desc>
                      <path
                        d="M54.368 17.674l6.275-6.267-8.026-8.025-6.274 6.267"
                        data-name="layer2"
                        fill="none"
                        stroke="#202020"
                        stroke-linecap="round"
                        stroke-linejoin="round"
                        stroke-miterlimit="10"
                        stroke-width="2"
                      />
                      <path
                        d="M17.766 54.236l36.602-36.562-8.025-8.025L9.74 46.211 3.357 60.618l14.409-6.382zM9.74 46.211l8.026 8.025"
                        data-name="layer1"
                        fill="none"
                        stroke="#202020"
                        stroke-linecap="round"
                        stroke-linejoin="round"
                        stroke-miterlimit="10"
                        stroke-width="2"
                      />
                    </svg>
                     Edit
                  </button>
                </div>
              </td>
              <td>
                DEFAULT_CONFIG
              </td>
            </tr>
            <tr
              class="sc-ksBlkl boZBPF"
            >
              <td>
                essage.downconversion.enable
              </td>
              <td>
                <div
                  class="sc-lllmON hvhMjw"
                  style="font-weight: 400;"
                >
                  <span
                    class="sc-iJnaPW iFoTvY"
                    title="true"
                  >
                    true
                  </span>
                  <button
                    aria-label="editAction"
                    class="sc-eDvSVe gkfKL"
                  >
                    <svg
                      aria-describedby="desc"
                      aria-labelledby="title"
                      height="12"
                      role="img"
                      viewBox="0 0 64 64"
                      width="12"
                      xmlns="http://www.w3.org/2000/svg"
                    >
                      <title>
                        Edit
                      </title>
                      <desc>
                        A line styled icon from Orion Icon Library.
                      </desc>
                      <path
                        d="M54.368 17.674l6.275-6.267-8.026-8.025-6.274 6.267"
                        data-name="layer2"
                        fill="none"
                        stroke="#202020"
                        stroke-linecap="round"
                        stroke-linejoin="round"
                        stroke-miterlimit="10"
                        stroke-width="2"
                      />
                      <path
                        d="M17.766 54.236l36.602-36.562-8.025-8.025L9.74 46.211 3.357 60.618l14.409-6.382zM9.74 46.211l8.026 8.025"
                        data-name="layer1"
                        fill="none"
                        stroke="#202020"
                        stroke-linecap="round"
                        stroke-linejoin="round"
                        stroke-miterlimit="10"
                        stroke-width="2"
                      />
                    </svg>
                     Edit
                  </button>
                </div>
              </td>
              <td>
                DEFAULT_CONFIG
              </td>
            </tr>
          </tbody>
        </table>
      </div>
    </div>
  </div>
</body>
    at Object.getElementError (/Users/davitbejanyan/Desktop/kafka-ui/kafka-ui-react-app/node_modules/.pnpm/@testing-library+dom@8.19.0/node_modules/@testing-library/dom/dist/config.js:40:19)
    at getAllByLabelText (/Users/davitbejanyan/Desktop/kafka-ui/kafka-ui-react-app/node_modules/.pnpm/@testing-library+dom@8.19.0/node_modules/@testing-library/dom/dist/queries/label-text.js:116:38)
    at /Users/davitbejanyan/Desktop/kafka-ui/kafka-ui-react-app/node_modules/.pnpm/@testing-library+dom@8.19.0/node_modules/@testing-library/dom/dist/query-helpers.js:62:17
    at /Users/davitbejanyan/Desktop/kafka-ui/kafka-ui-react-app/node_modules/.pnpm/@testing-library+dom@8.19.0/node_modules/@testing-library/dom/dist/query-helpers.js:111:19
    at getByLabelText (/Users/davitbejanyan/Desktop/kafka-ui/kafka-ui-react-app/src/components/Brokers/Broker/Configs/__test__/Configs.spec.tsx:49:28)
    at tryCatch (/Users/davitbejanyan/Desktop/kafka-ui/kafka-ui-react-app/src/components/Brokers/Broker/Configs/__test__/Configs.spec.tsx:2:1)
    at Generator._invoke (/Users/davitbejanyan/Desktop/kafka-ui/kafka-ui-react-app/src/components/Brokers/Broker/Configs/__test__/Configs.spec.tsx:2:1)
    at Generator.next (/Users/davitbejanyan/Desktop/kafka-ui/kafka-ui-react-app/src/components/Brokers/Broker/Configs/__test__/Configs.spec.tsx:2:1)
    at asyncGeneratorStep (/Users/davitbejanyan/Desktop/kafka-ui/kafka-ui-react-app/src/components/Brokers/Broker/Configs/__test__/Configs.spec.tsx:2:1)
    at _next (/Users/davitbejanyan/Desktop/kafka-ui/kafka-ui-react-app/src/components/Brokers/Broker/Configs/__test__/Configs.spec.tsx:2:1)]]></failure>
    </testCase>
  </file>
  <file path="/Users/davitbejanyan/Desktop/kafka-ui/kafka-ui-react-app/src/components/Schemas/List/__test__/List.spec.tsx">
    <testCase name="List fetch error shows progressbar" duration="68"/>
    <testCase name="List fetch success responded without schemas renders empty table" duration="103"/>
    <testCase name="List fetch success responded with schemas renders list" duration="44"/>
    <testCase name="List fetch success responded with schemas handles onRowClick" duration="183">
      <failure message="Error: expect(jest.fn()).toHaveBeenCalledWith(...expected)"><![CDATA[Error: expect(jest.fn()).toHaveBeenCalledWith(...expected)

Expected: "/ui/clusters/testClusterName/schemas/MySchemaSubject"

Number of calls: 0
    at Object.toHaveBeenCalledWith (/Users/davitbejanyan/Desktop/kafka-ui/kafka-ui-react-app/src/components/Schemas/List/__test__/List.spec.tsx:120:36)
    at Promise.then.completed (/Users/davitbejanyan/Desktop/kafka-ui/kafka-ui-react-app/node_modules/.pnpm/jest-circus@29.1.2/node_modules/jest-circus/build/utils.js:333:28)
    at new Promise (<anonymous>)
    at callAsyncCircusFn (/Users/davitbejanyan/Desktop/kafka-ui/kafka-ui-react-app/node_modules/.pnpm/jest-circus@29.1.2/node_modules/jest-circus/build/utils.js:259:10)
    at _callCircusTest (/Users/davitbejanyan/Desktop/kafka-ui/kafka-ui-react-app/node_modules/.pnpm/jest-circus@29.1.2/node_modules/jest-circus/build/run.js:277:40)
    at _runTest (/Users/davitbejanyan/Desktop/kafka-ui/kafka-ui-react-app/node_modules/.pnpm/jest-circus@29.1.2/node_modules/jest-circus/build/run.js:209:3)
    at _runTestsForDescribeBlock (/Users/davitbejanyan/Desktop/kafka-ui/kafka-ui-react-app/node_modules/.pnpm/jest-circus@29.1.2/node_modules/jest-circus/build/run.js:97:9)
    at _runTestsForDescribeBlock (/Users/davitbejanyan/Desktop/kafka-ui/kafka-ui-react-app/node_modules/.pnpm/jest-circus@29.1.2/node_modules/jest-circus/build/run.js:91:9)
    at _runTestsForDescribeBlock (/Users/davitbejanyan/Desktop/kafka-ui/kafka-ui-react-app/node_modules/.pnpm/jest-circus@29.1.2/node_modules/jest-circus/build/run.js:91:9)
    at _runTestsForDescribeBlock (/Users/davitbejanyan/Desktop/kafka-ui/kafka-ui-react-app/node_modules/.pnpm/jest-circus@29.1.2/node_modules/jest-circus/build/run.js:91:9)
    at run (/Users/davitbejanyan/Desktop/kafka-ui/kafka-ui-react-app/node_modules/.pnpm/jest-circus@29.1.2/node_modules/jest-circus/build/run.js:31:3)
    at runAndTransformResultsToJestFormat (/Users/davitbejanyan/Desktop/kafka-ui/kafka-ui-react-app/node_modules/.pnpm/jest-circus@29.1.2/node_modules/jest-circus/build/legacy-code-todo-rewrite/jestAdapterInit.js:136:21)
    at jestAdapter (/Users/davitbejanyan/Desktop/kafka-ui/kafka-ui-react-app/node_modules/.pnpm/jest-circus@29.1.2/node_modules/jest-circus/build/legacy-code-todo-rewrite/jestAdapter.js:92:19)
    at runTestInternal (/Users/davitbejanyan/Desktop/kafka-ui/kafka-ui-react-app/node_modules/.pnpm/jest-runner@29.1.2/node_modules/jest-runner/build/runTest.js:407:16)
    at runTest (/Users/davitbejanyan/Desktop/kafka-ui/kafka-ui-react-app/node_modules/.pnpm/jest-runner@29.1.2/node_modules/jest-runner/build/runTest.js:491:34)
    at Object.worker (/Users/davitbejanyan/Desktop/kafka-ui/kafka-ui-react-app/node_modules/.pnpm/jest-runner@29.1.2/node_modules/jest-runner/build/testWorker.js:133:12)]]></failure>
    </testCase>
    <testCase name="List fetch success responded with readonly cluster schemas does not render Create Schema button" duration="28"/>
  </file>
  <file path="/Users/davitbejanyan/Desktop/kafka-ui/kafka-ui-react-app/src/components/Topics/Topic/Messages/Filters/__tests__/FilterModal.spec.tsx">
    <testCase name="FilterModal component renders component with add filter modal" duration="176"/>
    <testCase name="FilterModal component renders component with edit filter modal" duration="61">
      <failure message="TestingLibraryElementError: Unable to find an element with the text: Edit. This could be because the text is broken up by multiple elements. In this case, you can provide a function for your text matcher to make your matcher more flexible."><![CDATA[TestingLibraryElementError: Unable to find an element with the text: Edit. This could be because the text is broken up by multiple elements. In this case, you can provide a function for your text matcher to make your matcher more flexible.

Ignored nodes: comments, script, style
<body>
  <div>
    <div>
      <div
        class="sc-idXgbr dSrwQH"
        data-testid="messageFilterModal"
      >
        <h3
          class="sc-dmctIk jzaHye"
        >
          Add filter
          <div>
            <button
              aria-label="info"
              class="sc-hHTYSt kMTTZE"
              type="button"
            >
              <svg
                fill="none"
                height="19"
                viewBox="0 0 19 19"
                width="19"
                xmlns="http://www.w3.org/2000/svg"
              >
                <circle
                  cx="9.5"
                  cy="9.5"
                  r="8.5"
                  stroke="#5C5CF6"
                  stroke-width="2"
                />
                <path
                  d="M8.31818 11.2727V11.0682C8.31818 10.5994 8.35511 10.2259 8.42898 9.94744C8.50284 9.66903 8.61222 9.44602 8.7571 9.27841C8.90199 9.10795 9.07955 8.95455 9.28977 8.81818C9.47159 8.69886 9.63352 8.58381 9.77557 8.47301C9.92045 8.36222 10.0341 8.24432 10.1165 8.11932C10.2017 7.99432 10.2443 7.85227 10.2443 7.69318C10.2443 7.55114 10.2102 7.42614 10.142 7.31818C10.0739 7.21023 9.98153 7.12642 9.86506 7.06676C9.74858 7.0071 9.61932 6.97727 9.47727 6.97727C9.32386 6.97727 9.18182 7.01278 9.05114 7.08381C8.9233 7.15483 8.8196 7.25284 8.74006 7.37784C8.66335 7.50284 8.625 7.64773 8.625 7.8125H6.44318C6.44886 7.1875 6.59091 6.6804 6.86932 6.29119C7.14773 5.89915 7.51705 5.61222 7.97727 5.4304C8.4375 5.24574 8.94318 5.15341 9.49432 5.15341C10.1023 5.15341 10.6449 5.2429 11.1222 5.42188C11.5994 5.59801 11.9759 5.86506 12.2514 6.22301C12.527 6.57812 12.6648 7.02273 12.6648 7.55682C12.6648 7.90057 12.6051 8.20312 12.4858 8.46449C12.3693 8.72301 12.206 8.9517 11.9957 9.15057C11.7884 9.34659 11.5455 9.52557 11.267 9.6875C11.0625 9.80682 10.8906 9.9304 10.7514 10.0582C10.6122 10.1832 10.5071 10.3267 10.4361 10.4886C10.3651 10.6477 10.3295 10.8409 10.3295 11.0682V11.2727H8.31818ZM9.35795 14.1364C9.02841 14.1364 8.74574 14.0213 8.50994 13.7912C8.27699 13.5582 8.16193 13.2756 8.16477 12.9432C8.16193 12.6193 8.27699 12.3423 8.50994 12.1122C8.74574 11.8821 9.02841 11.767 9.35795 11.767C9.67045 11.767 9.94602 11.8821 10.1847 12.1122C10.4261 12.3423 10.5483 12.6193 10.5511 12.9432C10.5483 13.1648 10.4901 13.3665 10.3764 13.5483C10.2656 13.7273 10.1207 13.8707 9.94176 13.9787C9.76278 14.0838 9.56818 14.1364 9.35795 14.1364Z"
                  fill="#4C4CFF"
                />
              </svg>
            </button>
          </div>
        </h3>
        <div
          class="sc-cCjUiG ZEjMA"
          role="savedFilterText"
        >
          <svg
            fill="none"
            height="20"
            viewBox="0 0 18 20"
            width="18"
            xmlns="http://www.w3.org/2000/svg"
          >
            <path
              clip-rule="evenodd"
              d="M16 2H2L2 17.9873L7.29945 15.4982C8.3767 14.9922 9.6233 14.9922 10.7005 15.4982L16 17.9873V2ZM2 0C0.895431 0 0 0.895431 0 2V17.9873C0 19.4527 1.5239 20.4206 2.85027 19.7976L8.14973 17.3085C8.68835 17.0555 9.31165 17.0555 9.85027 17.3085L15.1497 19.7976C16.4761 20.4206 18 19.4527 18 17.9873V2C18 0.895431 17.1046 0 16 0H2Z"
              fill="#4C4CFF"
              fill-rule="evenodd"
            />
            <path
              d="M9 4L10.4401 7.01791L13.7553 7.45492L11.3301 9.75709L11.9389 13.0451L9 11.45L6.06107 13.0451L6.66991 9.75709L4.24472 7.45492L7.55993 7.01791L9 4Z"
              fill="#4C4CFF"
            />
          </svg>
           
          <div
            class="sc-cjibBx bKCFub"
          >
            Saved Filters
          </div>
        </div>
        <form
          aria-label="Filters submit Form"
        >
          <div>
            <label
              class="sc-eeMvmM jfuHTd"
            >
              Filter code
            </label>
            <div
              class=" ace_editor ace_hidpi ace-tomorrow sc-cUEOzv cBOUBi"
              id="ace-editor"
              style="width: 100%; height: 372px; font-size: 14px;"
            >
              <textarea
                autocapitalize="off"
                autocorrect="off"
                class="ace_text-input"
                spellcheck="false"
                style="opacity: 0; font-size: 1px;"
                wrap="off"
              />
              <div
                aria-hidden="true"
                class="ace_gutter"
              >
                <div
                  class="ace_layer ace_gutter-layer ace_folding-enabled"
                  style="height: 1000000px;"
                />
              </div>
              <div
                class="ace_scroller"
                style="line-height: 0px;"
              >
                <div
                  class="ace_content"
                >
                  <div
                    class="ace_layer ace_print-margin-layer"
                  >
                    <div
                      class="ace_print-margin"
                      style="left: 4px; visibility: visible;"
                    />
                  </div>
                  <div
                    class="ace_layer ace_marker-layer"
                  />
                  <div
                    class="ace_layer ace_text-layer"
                    style="height: 1000000px; margin: 0px 4px;"
                  />
                  <div
                    class="ace_layer ace_marker-layer"
                  />
                  <div
                    class="ace_layer ace_cursor-layer ace_hidden-cursors"
                  >
                    <div
                      class="ace_cursor"
                    />
                  </div>
                </div>
              </div>
              <div
                class="ace_scrollbar ace_scrollbar-v"
                style="display: none; width: 20px;"
              >
                <div
                  class="ace_scrollbar-inner"
                  style="width: 20px;"
                >
                   
                </div>
              </div>
              <div
                class="ace_scrollbar ace_scrollbar-h"
                style="display: none; height: 20px;"
              >
                <div
                  class="ace_scrollbar-inner"
                  style="height: 20px;"
                >
                   
                </div>
              </div>
              <div
                style="height: auto; width: auto; top: 0px; left: 0px; visibility: hidden; position: absolute; white-space: pre; overflow: hidden;"
              >
                <div
                  style="height: auto; width: auto; top: 0px; left: 0px; visibility: hidden; position: absolute; white-space: pre; overflow: visible;"
                />
                <div
                  style="height: auto; width: auto; top: 0px; left: 0px; visibility: hidden; position: absolute; white-space: pre; overflow: visible;"
                >
                  XXXXXXXXXXXXXXXXXXXXXXXXXXXXXXXXXXXXXXXXXXXXXXXXXXXXXXXXXXXXXXXXXXXXXXXXXXXXXXXXXXXXXXXXXXXXXXXXXXXXXXXXXXXXXXXXXXXXXXXXXXXXXXXXXXXXXXXXXXXXXXXXXXXXXXXXXXXXXXXXXXXXXXXXXXXXXXXXXXXXXXXXXXXXXXXXXXXXXXXXXXXXXXXXXXXXXXXXXXXXXXXXXXXXXXXXXXXXXXXXXXXXXXXXXXXXXXXX
                </div>
              </div>
            </div>
          </div>
          <div>
            <p
              class="sc-dkrFOg igepYK"
            />
          </div>
          <div
            class="sc-bYMpWt kZuSKh"
          >
            <input
              name="saveFilter"
              type="checkbox"
            />
            <label
              class="sc-eeMvmM jfuHTd"
            >
              Save this filter
            </label>
          </div>
          <div>
            <label
              class="sc-eeMvmM jfuHTd"
            >
              Display name
            </label>
            <div
              class="sc-bcXHqe gcpBvl"
            >
              <input
                autocomplete="off"
                class="sc-gswNZR hfxlEz"
                name="name"
                placeholder="Enter Name"
                value=""
              />
            </div>
          </div>
          <div>
            <p
              class="sc-dkrFOg igepYK"
            />
          </div>
          <div
            class="sc-iveFHk iUfZEC"
          >
            <button
              class="sc-iAEawV fqJOCd"
              type="button"
            >
              Cancel
            </button>
            <button
              class="sc-iAEawV erdBca"
              disabled=""
              type="submit"
            >
              Add filter
            </button>
          </div>
        </form>
      </div>
    </div>
  </div>
</body>
    at Object.getElementError (/Users/davitbejanyan/Desktop/kafka-ui/kafka-ui-react-app/node_modules/.pnpm/@testing-library+dom@8.19.0/node_modules/@testing-library/dom/dist/config.js:40:19)
    at /Users/davitbejanyan/Desktop/kafka-ui/kafka-ui-react-app/node_modules/.pnpm/@testing-library+dom@8.19.0/node_modules/@testing-library/dom/dist/query-helpers.js:90:38
    at /Users/davitbejanyan/Desktop/kafka-ui/kafka-ui-react-app/node_modules/.pnpm/@testing-library+dom@8.19.0/node_modules/@testing-library/dom/dist/query-helpers.js:62:17
    at /Users/davitbejanyan/Desktop/kafka-ui/kafka-ui-react-app/node_modules/.pnpm/@testing-library+dom@8.19.0/node_modules/@testing-library/dom/dist/query-helpers.js:111:19
    at Object.getByText (/Users/davitbejanyan/Desktop/kafka-ui/kafka-ui-react-app/src/components/Topics/Topic/Messages/Filters/__tests__/FilterModal.spec.tsx:37:28)
    at Promise.then.completed (/Users/davitbejanyan/Desktop/kafka-ui/kafka-ui-react-app/node_modules/.pnpm/jest-circus@29.1.2/node_modules/jest-circus/build/utils.js:333:28)
    at new Promise (<anonymous>)
    at callAsyncCircusFn (/Users/davitbejanyan/Desktop/kafka-ui/kafka-ui-react-app/node_modules/.pnpm/jest-circus@29.1.2/node_modules/jest-circus/build/utils.js:259:10)
    at _callCircusTest (/Users/davitbejanyan/Desktop/kafka-ui/kafka-ui-react-app/node_modules/.pnpm/jest-circus@29.1.2/node_modules/jest-circus/build/run.js:277:40)
    at _runTest (/Users/davitbejanyan/Desktop/kafka-ui/kafka-ui-react-app/node_modules/.pnpm/jest-circus@29.1.2/node_modules/jest-circus/build/run.js:209:3)
    at _runTestsForDescribeBlock (/Users/davitbejanyan/Desktop/kafka-ui/kafka-ui-react-app/node_modules/.pnpm/jest-circus@29.1.2/node_modules/jest-circus/build/run.js:97:9)
    at _runTestsForDescribeBlock (/Users/davitbejanyan/Desktop/kafka-ui/kafka-ui-react-app/node_modules/.pnpm/jest-circus@29.1.2/node_modules/jest-circus/build/run.js:91:9)
    at run (/Users/davitbejanyan/Desktop/kafka-ui/kafka-ui-react-app/node_modules/.pnpm/jest-circus@29.1.2/node_modules/jest-circus/build/run.js:31:3)
    at runAndTransformResultsToJestFormat (/Users/davitbejanyan/Desktop/kafka-ui/kafka-ui-react-app/node_modules/.pnpm/jest-circus@29.1.2/node_modules/jest-circus/build/legacy-code-todo-rewrite/jestAdapterInit.js:136:21)
    at jestAdapter (/Users/davitbejanyan/Desktop/kafka-ui/kafka-ui-react-app/node_modules/.pnpm/jest-circus@29.1.2/node_modules/jest-circus/build/legacy-code-todo-rewrite/jestAdapter.js:92:19)
    at runTestInternal (/Users/davitbejanyan/Desktop/kafka-ui/kafka-ui-react-app/node_modules/.pnpm/jest-runner@29.1.2/node_modules/jest-runner/build/runTest.js:407:16)
    at runTest (/Users/davitbejanyan/Desktop/kafka-ui/kafka-ui-react-app/node_modules/.pnpm/jest-runner@29.1.2/node_modules/jest-runner/build/runTest.js:491:34)
    at Object.worker (/Users/davitbejanyan/Desktop/kafka-ui/kafka-ui-react-app/node_modules/.pnpm/jest-runner@29.1.2/node_modules/jest-runner/build/testWorker.js:133:12)]]></failure>
    </testCase>
  </file>
  <file path="/Users/davitbejanyan/Desktop/kafka-ui/kafka-ui-react-app/src/components/Connect/New/__tests__/New.spec.tsx">
    <testCase name="New calls createConnector on form submit and redirects to the list page on success" duration="229">
      <failure message="Error: expect(element).toHaveValue({&quot;class&quot;:&quot;MyClass&quot;})"><![CDATA[Error: expect(element).toHaveValue({"class":"MyClass"})

Expected the element to have value:
  {"class":"MyClass"}
Received:
  m{y"-ccl
    at toHaveValue (/Users/davitbejanyan/Desktop/kafka-ui/kafka-ui-react-app/src/components/Connect/New/__tests__/New.spec.tsx:45:49)
    at tryCatch (/Users/davitbejanyan/Desktop/kafka-ui/kafka-ui-react-app/src/components/Connect/New/__tests__/New.spec.tsx:2:1)
    at Generator._invoke (/Users/davitbejanyan/Desktop/kafka-ui/kafka-ui-react-app/src/components/Connect/New/__tests__/New.spec.tsx:2:1)
    at Generator.next (/Users/davitbejanyan/Desktop/kafka-ui/kafka-ui-react-app/src/components/Connect/New/__tests__/New.spec.tsx:2:1)
    at asyncGeneratorStep (/Users/davitbejanyan/Desktop/kafka-ui/kafka-ui-react-app/src/components/Connect/New/__tests__/New.spec.tsx:2:1)
    at _next (/Users/davitbejanyan/Desktop/kafka-ui/kafka-ui-react-app/src/components/Connect/New/__tests__/New.spec.tsx:2:1)]]></failure>
    </testCase>
    <testCase name="New does not redirect to connector details view on unsuccessful submit" duration="17">
      <failure message="Error: expect(element).toHaveValue({&quot;class&quot;:&quot;MyClass&quot;})"><![CDATA[Error: expect(element).toHaveValue({"class":"MyClass"})

Expected the element to have value:
  {"class":"MyClass"}
Received:

    at toHaveValue (/Users/davitbejanyan/Desktop/kafka-ui/kafka-ui-react-app/src/components/Connect/New/__tests__/New.spec.tsx:45:49)
    at tryCatch (/Users/davitbejanyan/Desktop/kafka-ui/kafka-ui-react-app/src/components/Connect/New/__tests__/New.spec.tsx:2:1)
    at Generator._invoke (/Users/davitbejanyan/Desktop/kafka-ui/kafka-ui-react-app/src/components/Connect/New/__tests__/New.spec.tsx:2:1)
    at Generator.next (/Users/davitbejanyan/Desktop/kafka-ui/kafka-ui-react-app/src/components/Connect/New/__tests__/New.spec.tsx:2:1)
    at asyncGeneratorStep (/Users/davitbejanyan/Desktop/kafka-ui/kafka-ui-react-app/src/components/Connect/New/__tests__/New.spec.tsx:2:1)
    at _next (/Users/davitbejanyan/Desktop/kafka-ui/kafka-ui-react-app/src/components/Connect/New/__tests__/New.spec.tsx:2:1)]]></failure>
    </testCase>
  </file>
  <file path="/Users/davitbejanyan/Desktop/kafka-ui/kafka-ui-react-app/src/components/Topics/Topic/Messages/MessageContent/__tests__/MessageContent.spec.tsx">
    <testCase name="MessageContent screen renders key format in document" duration="60"/>
    <testCase name="MessageContent screen renders content format in document" duration="29"/>
    <testCase name="MessageContent screen when switched to display the key makes key tab active" duration="22">
      <failure message="Error: &quot;Value mismatch for property &apos;background-color&apos;&quot;"><![CDATA[Error: "Value mismatch for property 'background-color'"

Expected
  "background-color: #E3E6E8"
Received:
  "background-color: #FFFFFF"
    at Object.toHaveStyleRule (/Users/davitbejanyan/Desktop/kafka-ui/kafka-ui-react-app/src/components/Topics/Topic/Messages/MessageContent/__tests__/MessageContent.spec.tsx:56:25)
    at Promise.then.completed (/Users/davitbejanyan/Desktop/kafka-ui/kafka-ui-react-app/node_modules/.pnpm/jest-circus@29.1.2/node_modules/jest-circus/build/utils.js:333:28)
    at new Promise (<anonymous>)
    at callAsyncCircusFn (/Users/davitbejanyan/Desktop/kafka-ui/kafka-ui-react-app/node_modules/.pnpm/jest-circus@29.1.2/node_modules/jest-circus/build/utils.js:259:10)
    at _callCircusTest (/Users/davitbejanyan/Desktop/kafka-ui/kafka-ui-react-app/node_modules/.pnpm/jest-circus@29.1.2/node_modules/jest-circus/build/run.js:277:40)
    at processTicksAndRejections (node:internal/process/task_queues:96:5)
    at _runTest (/Users/davitbejanyan/Desktop/kafka-ui/kafka-ui-react-app/node_modules/.pnpm/jest-circus@29.1.2/node_modules/jest-circus/build/run.js:209:3)
    at _runTestsForDescribeBlock (/Users/davitbejanyan/Desktop/kafka-ui/kafka-ui-react-app/node_modules/.pnpm/jest-circus@29.1.2/node_modules/jest-circus/build/run.js:97:9)
    at _runTestsForDescribeBlock (/Users/davitbejanyan/Desktop/kafka-ui/kafka-ui-react-app/node_modules/.pnpm/jest-circus@29.1.2/node_modules/jest-circus/build/run.js:91:9)
    at _runTestsForDescribeBlock (/Users/davitbejanyan/Desktop/kafka-ui/kafka-ui-react-app/node_modules/.pnpm/jest-circus@29.1.2/node_modules/jest-circus/build/run.js:91:9)
    at run (/Users/davitbejanyan/Desktop/kafka-ui/kafka-ui-react-app/node_modules/.pnpm/jest-circus@29.1.2/node_modules/jest-circus/build/run.js:31:3)
    at runAndTransformResultsToJestFormat (/Users/davitbejanyan/Desktop/kafka-ui/kafka-ui-react-app/node_modules/.pnpm/jest-circus@29.1.2/node_modules/jest-circus/build/legacy-code-todo-rewrite/jestAdapterInit.js:136:21)
    at jestAdapter (/Users/davitbejanyan/Desktop/kafka-ui/kafka-ui-react-app/node_modules/.pnpm/jest-circus@29.1.2/node_modules/jest-circus/build/legacy-code-todo-rewrite/jestAdapter.js:92:19)
    at runTestInternal (/Users/davitbejanyan/Desktop/kafka-ui/kafka-ui-react-app/node_modules/.pnpm/jest-runner@29.1.2/node_modules/jest-runner/build/runTest.js:407:16)
    at runTest (/Users/davitbejanyan/Desktop/kafka-ui/kafka-ui-react-app/node_modules/.pnpm/jest-runner@29.1.2/node_modules/jest-runner/build/runTest.js:491:34)
    at Object.worker (/Users/davitbejanyan/Desktop/kafka-ui/kafka-ui-react-app/node_modules/.pnpm/jest-runner@29.1.2/node_modules/jest-runner/build/testWorker.js:133:12)]]></failure>
    </testCase>
    <testCase name="MessageContent screen when switched to display the headers makes Headers tab active" duration="21">
      <failure message="Error: &quot;Value mismatch for property &apos;background-color&apos;&quot;"><![CDATA[Error: "Value mismatch for property 'background-color'"

Expected
  "background-color: #E3E6E8"
Received:
  "background-color: #FFFFFF"
    at Object.toHaveStyleRule (/Users/davitbejanyan/Desktop/kafka-ui/kafka-ui-react-app/src/components/Topics/Topic/Messages/MessageContent/__tests__/MessageContent.spec.tsx:66:43)
    at Promise.then.completed (/Users/davitbejanyan/Desktop/kafka-ui/kafka-ui-react-app/node_modules/.pnpm/jest-circus@29.1.2/node_modules/jest-circus/build/utils.js:333:28)
    at new Promise (<anonymous>)
    at callAsyncCircusFn (/Users/davitbejanyan/Desktop/kafka-ui/kafka-ui-react-app/node_modules/.pnpm/jest-circus@29.1.2/node_modules/jest-circus/build/utils.js:259:10)
    at _callCircusTest (/Users/davitbejanyan/Desktop/kafka-ui/kafka-ui-react-app/node_modules/.pnpm/jest-circus@29.1.2/node_modules/jest-circus/build/run.js:277:40)
    at processTicksAndRejections (node:internal/process/task_queues:96:5)
    at _runTest (/Users/davitbejanyan/Desktop/kafka-ui/kafka-ui-react-app/node_modules/.pnpm/jest-circus@29.1.2/node_modules/jest-circus/build/run.js:209:3)
    at _runTestsForDescribeBlock (/Users/davitbejanyan/Desktop/kafka-ui/kafka-ui-react-app/node_modules/.pnpm/jest-circus@29.1.2/node_modules/jest-circus/build/run.js:97:9)
    at _runTestsForDescribeBlock (/Users/davitbejanyan/Desktop/kafka-ui/kafka-ui-react-app/node_modules/.pnpm/jest-circus@29.1.2/node_modules/jest-circus/build/run.js:91:9)
    at _runTestsForDescribeBlock (/Users/davitbejanyan/Desktop/kafka-ui/kafka-ui-react-app/node_modules/.pnpm/jest-circus@29.1.2/node_modules/jest-circus/build/run.js:91:9)
    at run (/Users/davitbejanyan/Desktop/kafka-ui/kafka-ui-react-app/node_modules/.pnpm/jest-circus@29.1.2/node_modules/jest-circus/build/run.js:31:3)
    at runAndTransformResultsToJestFormat (/Users/davitbejanyan/Desktop/kafka-ui/kafka-ui-react-app/node_modules/.pnpm/jest-circus@29.1.2/node_modules/jest-circus/build/legacy-code-todo-rewrite/jestAdapterInit.js:136:21)
    at jestAdapter (/Users/davitbejanyan/Desktop/kafka-ui/kafka-ui-react-app/node_modules/.pnpm/jest-circus@29.1.2/node_modules/jest-circus/build/legacy-code-todo-rewrite/jestAdapter.js:92:19)
    at runTestInternal (/Users/davitbejanyan/Desktop/kafka-ui/kafka-ui-react-app/node_modules/.pnpm/jest-runner@29.1.2/node_modules/jest-runner/build/runTest.js:407:16)
    at runTest (/Users/davitbejanyan/Desktop/kafka-ui/kafka-ui-react-app/node_modules/.pnpm/jest-runner@29.1.2/node_modules/jest-runner/build/runTest.js:491:34)
    at Object.worker (/Users/davitbejanyan/Desktop/kafka-ui/kafka-ui-react-app/node_modules/.pnpm/jest-runner@29.1.2/node_modules/jest-runner/build/testWorker.js:133:12)]]></failure>
    </testCase>
    <testCase name="MessageContent screen when switched to display the content makes content tab active" duration="26"/>
    <testCase name="checking content type depend on message type renders component with message having JSON type" duration="8"/>
    <testCase name="checking content type depend on message type renders component with message having AVRO type" duration="17"/>
    <testCase name="checking content type depend on message type renders component with message having PROTOBUF type" duration="10"/>
    <testCase name="checking content type depend on message type renders component with message having no type which is equal to having PROTOBUF type" duration="10"/>
  </file>
  <file path="/Users/davitbejanyan/Desktop/kafka-ui/kafka-ui-react-app/src/components/common/Input/__tests__/Input.spec.tsx">
    <testCase name="Custom Input with no icons to be in the document" duration="20"/>
    <testCase name="Custom Input number allows user to type only numbers" duration="16">
      <failure message="Error: expect(element).toHaveValue(131)"><![CDATA[Error: expect(element).toHaveValue(131)

Expected the element to have value:
  131
Received:
  null
    at Object.toHaveValue (/Users/davitbejanyan/Desktop/kafka-ui/kafka-ui-react-app/src/components/common/Input/__tests__/Input.spec.tsx:32:21)
    at Promise.then.completed (/Users/davitbejanyan/Desktop/kafka-ui/kafka-ui-react-app/node_modules/.pnpm/jest-circus@29.1.2/node_modules/jest-circus/build/utils.js:333:28)
    at new Promise (<anonymous>)
    at callAsyncCircusFn (/Users/davitbejanyan/Desktop/kafka-ui/kafka-ui-react-app/node_modules/.pnpm/jest-circus@29.1.2/node_modules/jest-circus/build/utils.js:259:10)
    at _callCircusTest (/Users/davitbejanyan/Desktop/kafka-ui/kafka-ui-react-app/node_modules/.pnpm/jest-circus@29.1.2/node_modules/jest-circus/build/run.js:277:40)
    at processTicksAndRejections (node:internal/process/task_queues:96:5)
    at _runTest (/Users/davitbejanyan/Desktop/kafka-ui/kafka-ui-react-app/node_modules/.pnpm/jest-circus@29.1.2/node_modules/jest-circus/build/run.js:209:3)
    at _runTestsForDescribeBlock (/Users/davitbejanyan/Desktop/kafka-ui/kafka-ui-react-app/node_modules/.pnpm/jest-circus@29.1.2/node_modules/jest-circus/build/run.js:97:9)
    at _runTestsForDescribeBlock (/Users/davitbejanyan/Desktop/kafka-ui/kafka-ui-react-app/node_modules/.pnpm/jest-circus@29.1.2/node_modules/jest-circus/build/run.js:91:9)
    at _runTestsForDescribeBlock (/Users/davitbejanyan/Desktop/kafka-ui/kafka-ui-react-app/node_modules/.pnpm/jest-circus@29.1.2/node_modules/jest-circus/build/run.js:91:9)
    at run (/Users/davitbejanyan/Desktop/kafka-ui/kafka-ui-react-app/node_modules/.pnpm/jest-circus@29.1.2/node_modules/jest-circus/build/run.js:31:3)
    at runAndTransformResultsToJestFormat (/Users/davitbejanyan/Desktop/kafka-ui/kafka-ui-react-app/node_modules/.pnpm/jest-circus@29.1.2/node_modules/jest-circus/build/legacy-code-todo-rewrite/jestAdapterInit.js:136:21)
    at jestAdapter (/Users/davitbejanyan/Desktop/kafka-ui/kafka-ui-react-app/node_modules/.pnpm/jest-circus@29.1.2/node_modules/jest-circus/build/legacy-code-todo-rewrite/jestAdapter.js:92:19)
    at runTestInternal (/Users/davitbejanyan/Desktop/kafka-ui/kafka-ui-react-app/node_modules/.pnpm/jest-runner@29.1.2/node_modules/jest-runner/build/runTest.js:407:16)
    at runTest (/Users/davitbejanyan/Desktop/kafka-ui/kafka-ui-react-app/node_modules/.pnpm/jest-runner@29.1.2/node_modules/jest-runner/build/runTest.js:491:34)
    at Object.worker (/Users/davitbejanyan/Desktop/kafka-ui/kafka-ui-react-app/node_modules/.pnpm/jest-runner@29.1.2/node_modules/jest-runner/build/testWorker.js:133:12)]]></failure>
    </testCase>
    <testCase name="Custom Input number allows negative values" duration="8">
      <failure message="Error: expect(element).toHaveValue(-2)"><![CDATA[Error: expect(element).toHaveValue(-2)

Expected the element to have value:
  -2
Received:
  null
    at Object.toHaveValue (/Users/davitbejanyan/Desktop/kafka-ui/kafka-ui-react-app/src/components/common/Input/__tests__/Input.spec.tsx:39:21)
    at Promise.then.completed (/Users/davitbejanyan/Desktop/kafka-ui/kafka-ui-react-app/node_modules/.pnpm/jest-circus@29.1.2/node_modules/jest-circus/build/utils.js:333:28)
    at new Promise (<anonymous>)
    at callAsyncCircusFn (/Users/davitbejanyan/Desktop/kafka-ui/kafka-ui-react-app/node_modules/.pnpm/jest-circus@29.1.2/node_modules/jest-circus/build/utils.js:259:10)
    at _callCircusTest (/Users/davitbejanyan/Desktop/kafka-ui/kafka-ui-react-app/node_modules/.pnpm/jest-circus@29.1.2/node_modules/jest-circus/build/run.js:277:40)
    at processTicksAndRejections (node:internal/process/task_queues:96:5)
    at _runTest (/Users/davitbejanyan/Desktop/kafka-ui/kafka-ui-react-app/node_modules/.pnpm/jest-circus@29.1.2/node_modules/jest-circus/build/run.js:209:3)
    at _runTestsForDescribeBlock (/Users/davitbejanyan/Desktop/kafka-ui/kafka-ui-react-app/node_modules/.pnpm/jest-circus@29.1.2/node_modules/jest-circus/build/run.js:97:9)
    at _runTestsForDescribeBlock (/Users/davitbejanyan/Desktop/kafka-ui/kafka-ui-react-app/node_modules/.pnpm/jest-circus@29.1.2/node_modules/jest-circus/build/run.js:91:9)
    at _runTestsForDescribeBlock (/Users/davitbejanyan/Desktop/kafka-ui/kafka-ui-react-app/node_modules/.pnpm/jest-circus@29.1.2/node_modules/jest-circus/build/run.js:91:9)
    at run (/Users/davitbejanyan/Desktop/kafka-ui/kafka-ui-react-app/node_modules/.pnpm/jest-circus@29.1.2/node_modules/jest-circus/build/run.js:31:3)
    at runAndTransformResultsToJestFormat (/Users/davitbejanyan/Desktop/kafka-ui/kafka-ui-react-app/node_modules/.pnpm/jest-circus@29.1.2/node_modules/jest-circus/build/legacy-code-todo-rewrite/jestAdapterInit.js:136:21)
    at jestAdapter (/Users/davitbejanyan/Desktop/kafka-ui/kafka-ui-react-app/node_modules/.pnpm/jest-circus@29.1.2/node_modules/jest-circus/build/legacy-code-todo-rewrite/jestAdapter.js:92:19)
    at runTestInternal (/Users/davitbejanyan/Desktop/kafka-ui/kafka-ui-react-app/node_modules/.pnpm/jest-runner@29.1.2/node_modules/jest-runner/build/runTest.js:407:16)
    at runTest (/Users/davitbejanyan/Desktop/kafka-ui/kafka-ui-react-app/node_modules/.pnpm/jest-runner@29.1.2/node_modules/jest-runner/build/runTest.js:491:34)
    at Object.worker (/Users/davitbejanyan/Desktop/kafka-ui/kafka-ui-react-app/node_modules/.pnpm/jest-runner@29.1.2/node_modules/jest-runner/build/testWorker.js:133:12)]]></failure>
    </testCase>
  </file>
  <file path="/Users/davitbejanyan/Desktop/kafka-ui/kafka-ui-react-app/src/components/Schemas/List/GlobalSchemaSelector/__test__/GlobalSchemaSelector.spec.tsx">
    <testCase name="GlobalSchemaSelector renders with initial prop" duration="38"/>
    <testCase name="GlobalSchemaSelector shows popup when select value is changed" duration="48">
      <failure message="TestingLibraryElementError: Unable to find an element with the text: FORWARD. This could be because the text is broken up by multiple elements. In this case, you can provide a function for your text matcher to make your matcher more flexible."><![CDATA[TestingLibraryElementError: Unable to find an element with the text: FORWARD. This could be because the text is broken up by multiple elements. In this case, you can provide a function for your text matcher to make your matcher more flexible.

Ignored nodes: comments, script, style
<body>
  <div>
    <div>
      <div
        class="sc-hBxehG hQBTAs"
      >
        <div>
          Global Compatibility Level: 
        </div>
        <div>
          <ul
            class="sc-kDvujY euNnTF"
            role="listbox"
          >
            <li
              class="sc-eDWCr jEhHkX"
              role="option"
              tabindex="0"
            >
              FULL
            </li>
            <svg
              color="#ABB5BA"
              fill="none"
              height="24"
              stroke="currentColor"
              stroke-width="2"
              style="position: absolute; right: 5px;"
              transform=""
              width="24"
            >
              <path
                d="M6 9L12 15 18 9"
              />
            </svg>
          </ul>
        </div>
      </div>
    </div>
  </div>
</body>
    at Object.getElementError (/Users/davitbejanyan/Desktop/kafka-ui/kafka-ui-react-app/node_modules/.pnpm/@testing-library+dom@8.19.0/node_modules/@testing-library/dom/dist/config.js:40:19)
    at /Users/davitbejanyan/Desktop/kafka-ui/kafka-ui-react-app/node_modules/.pnpm/@testing-library+dom@8.19.0/node_modules/@testing-library/dom/dist/query-helpers.js:90:38
    at /Users/davitbejanyan/Desktop/kafka-ui/kafka-ui-react-app/node_modules/.pnpm/@testing-library+dom@8.19.0/node_modules/@testing-library/dom/dist/query-helpers.js:62:17
    at /Users/davitbejanyan/Desktop/kafka-ui/kafka-ui-react-app/node_modules/.pnpm/@testing-library+dom@8.19.0/node_modules/@testing-library/dom/dist/query-helpers.js:111:19
    at getByText (/Users/davitbejanyan/Desktop/kafka-ui/kafka-ui-react-app/src/components/Schemas/List/GlobalSchemaSelector/__test__/GlobalSchemaSelector.spec.tsx:17:12)
    at selectForwardOption (/Users/davitbejanyan/Desktop/kafka-ui/kafka-ui-react-app/src/components/Schemas/List/GlobalSchemaSelector/__test__/GlobalSchemaSelector.spec.tsx:62:5)
    at tryCatch (/Users/davitbejanyan/Desktop/kafka-ui/kafka-ui-react-app/src/components/Schemas/List/GlobalSchemaSelector/__test__/GlobalSchemaSelector.spec.tsx:2:1)
    at Generator._invoke (/Users/davitbejanyan/Desktop/kafka-ui/kafka-ui-react-app/src/components/Schemas/List/GlobalSchemaSelector/__test__/GlobalSchemaSelector.spec.tsx:2:1)
    at Generator.next (/Users/davitbejanyan/Desktop/kafka-ui/kafka-ui-react-app/src/components/Schemas/List/GlobalSchemaSelector/__test__/GlobalSchemaSelector.spec.tsx:2:1)
    at asyncGeneratorStep (/Users/davitbejanyan/Desktop/kafka-ui/kafka-ui-react-app/src/components/Schemas/List/GlobalSchemaSelector/__test__/GlobalSchemaSelector.spec.tsx:2:1)
    at _next (/Users/davitbejanyan/Desktop/kafka-ui/kafka-ui-react-app/src/components/Schemas/List/GlobalSchemaSelector/__test__/GlobalSchemaSelector.spec.tsx:2:1)
    at /Users/davitbejanyan/Desktop/kafka-ui/kafka-ui-react-app/src/components/Schemas/List/GlobalSchemaSelector/__test__/GlobalSchemaSelector.spec.tsx:2:1
    at new Promise (<anonymous>)
    at Object.<anonymous> (/Users/davitbejanyan/Desktop/kafka-ui/kafka-ui-react-app/src/components/Schemas/List/GlobalSchemaSelector/__test__/GlobalSchemaSelector.spec.tsx:2:1)
    at Promise.then.completed (/Users/davitbejanyan/Desktop/kafka-ui/kafka-ui-react-app/node_modules/.pnpm/jest-circus@29.1.2/node_modules/jest-circus/build/utils.js:333:28)
    at new Promise (<anonymous>)
    at callAsyncCircusFn (/Users/davitbejanyan/Desktop/kafka-ui/kafka-ui-react-app/node_modules/.pnpm/jest-circus@29.1.2/node_modules/jest-circus/build/utils.js:259:10)
    at _callCircusTest (/Users/davitbejanyan/Desktop/kafka-ui/kafka-ui-react-app/node_modules/.pnpm/jest-circus@29.1.2/node_modules/jest-circus/build/run.js:277:40)
    at _runTest (/Users/davitbejanyan/Desktop/kafka-ui/kafka-ui-react-app/node_modules/.pnpm/jest-circus@29.1.2/node_modules/jest-circus/build/run.js:209:3)
    at _runTestsForDescribeBlock (/Users/davitbejanyan/Desktop/kafka-ui/kafka-ui-react-app/node_modules/.pnpm/jest-circus@29.1.2/node_modules/jest-circus/build/run.js:97:9)
    at _runTestsForDescribeBlock (/Users/davitbejanyan/Desktop/kafka-ui/kafka-ui-react-app/node_modules/.pnpm/jest-circus@29.1.2/node_modules/jest-circus/build/run.js:91:9)
    at run (/Users/davitbejanyan/Desktop/kafka-ui/kafka-ui-react-app/node_modules/.pnpm/jest-circus@29.1.2/node_modules/jest-circus/build/run.js:31:3)
    at runAndTransformResultsToJestFormat (/Users/davitbejanyan/Desktop/kafka-ui/kafka-ui-react-app/node_modules/.pnpm/jest-circus@29.1.2/node_modules/jest-circus/build/legacy-code-todo-rewrite/jestAdapterInit.js:136:21)
    at jestAdapter (/Users/davitbejanyan/Desktop/kafka-ui/kafka-ui-react-app/node_modules/.pnpm/jest-circus@29.1.2/node_modules/jest-circus/build/legacy-code-todo-rewrite/jestAdapter.js:92:19)
    at runTestInternal (/Users/davitbejanyan/Desktop/kafka-ui/kafka-ui-react-app/node_modules/.pnpm/jest-runner@29.1.2/node_modules/jest-runner/build/runTest.js:407:16)
    at runTest (/Users/davitbejanyan/Desktop/kafka-ui/kafka-ui-react-app/node_modules/.pnpm/jest-runner@29.1.2/node_modules/jest-runner/build/runTest.js:491:34)
    at Object.worker (/Users/davitbejanyan/Desktop/kafka-ui/kafka-ui-react-app/node_modules/.pnpm/jest-runner@29.1.2/node_modules/jest-runner/build/testWorker.js:133:12)]]></failure>
    </testCase>
    <testCase name="GlobalSchemaSelector resets select value when cancel is clicked" duration="63">
      <failure message="TestingLibraryElementError: Unable to find an element with the text: FORWARD. This could be because the text is broken up by multiple elements. In this case, you can provide a function for your text matcher to make your matcher more flexible."><![CDATA[TestingLibraryElementError: Unable to find an element with the text: FORWARD. This could be because the text is broken up by multiple elements. In this case, you can provide a function for your text matcher to make your matcher more flexible.

Ignored nodes: comments, script, style
<body>
  <div>
    <div>
      <div
        class="sc-hBxehG hQBTAs"
      >
        <div>
          Global Compatibility Level: 
        </div>
        <div>
          <ul
            class="sc-kDvujY euNnTF"
            role="listbox"
          >
            <li
              class="sc-eDWCr jEhHkX"
              role="option"
              tabindex="0"
            >
              FULL
            </li>
            <svg
              color="#ABB5BA"
              fill="none"
              height="24"
              stroke="currentColor"
              stroke-width="2"
              style="position: absolute; right: 5px;"
              transform=""
              width="24"
            >
              <path
                d="M6 9L12 15 18 9"
              />
            </svg>
          </ul>
        </div>
      </div>
    </div>
  </div>
</body>
    at Object.getElementError (/Users/davitbejanyan/Desktop/kafka-ui/kafka-ui-react-app/node_modules/.pnpm/@testing-library+dom@8.19.0/node_modules/@testing-library/dom/dist/config.js:40:19)
    at /Users/davitbejanyan/Desktop/kafka-ui/kafka-ui-react-app/node_modules/.pnpm/@testing-library+dom@8.19.0/node_modules/@testing-library/dom/dist/query-helpers.js:90:38
    at /Users/davitbejanyan/Desktop/kafka-ui/kafka-ui-react-app/node_modules/.pnpm/@testing-library+dom@8.19.0/node_modules/@testing-library/dom/dist/query-helpers.js:62:17
    at /Users/davitbejanyan/Desktop/kafka-ui/kafka-ui-react-app/node_modules/.pnpm/@testing-library+dom@8.19.0/node_modules/@testing-library/dom/dist/query-helpers.js:111:19
    at getByText (/Users/davitbejanyan/Desktop/kafka-ui/kafka-ui-react-app/src/components/Schemas/List/GlobalSchemaSelector/__test__/GlobalSchemaSelector.spec.tsx:17:12)
    at Object.selectForwardOption (/Users/davitbejanyan/Desktop/kafka-ui/kafka-ui-react-app/src/components/Schemas/List/GlobalSchemaSelector/__test__/GlobalSchemaSelector.spec.tsx:67:5)
    at Promise.then.completed (/Users/davitbejanyan/Desktop/kafka-ui/kafka-ui-react-app/node_modules/.pnpm/jest-circus@29.1.2/node_modules/jest-circus/build/utils.js:333:28)
    at new Promise (<anonymous>)
    at callAsyncCircusFn (/Users/davitbejanyan/Desktop/kafka-ui/kafka-ui-react-app/node_modules/.pnpm/jest-circus@29.1.2/node_modules/jest-circus/build/utils.js:259:10)
    at _callCircusTest (/Users/davitbejanyan/Desktop/kafka-ui/kafka-ui-react-app/node_modules/.pnpm/jest-circus@29.1.2/node_modules/jest-circus/build/run.js:277:40)
    at _runTest (/Users/davitbejanyan/Desktop/kafka-ui/kafka-ui-react-app/node_modules/.pnpm/jest-circus@29.1.2/node_modules/jest-circus/build/run.js:209:3)
    at _runTestsForDescribeBlock (/Users/davitbejanyan/Desktop/kafka-ui/kafka-ui-react-app/node_modules/.pnpm/jest-circus@29.1.2/node_modules/jest-circus/build/run.js:97:9)
    at _runTestsForDescribeBlock (/Users/davitbejanyan/Desktop/kafka-ui/kafka-ui-react-app/node_modules/.pnpm/jest-circus@29.1.2/node_modules/jest-circus/build/run.js:91:9)
    at run (/Users/davitbejanyan/Desktop/kafka-ui/kafka-ui-react-app/node_modules/.pnpm/jest-circus@29.1.2/node_modules/jest-circus/build/run.js:31:3)
    at runAndTransformResultsToJestFormat (/Users/davitbejanyan/Desktop/kafka-ui/kafka-ui-react-app/node_modules/.pnpm/jest-circus@29.1.2/node_modules/jest-circus/build/legacy-code-todo-rewrite/jestAdapterInit.js:136:21)
    at jestAdapter (/Users/davitbejanyan/Desktop/kafka-ui/kafka-ui-react-app/node_modules/.pnpm/jest-circus@29.1.2/node_modules/jest-circus/build/legacy-code-todo-rewrite/jestAdapter.js:92:19)
    at runTestInternal (/Users/davitbejanyan/Desktop/kafka-ui/kafka-ui-react-app/node_modules/.pnpm/jest-runner@29.1.2/node_modules/jest-runner/build/runTest.js:407:16)
    at runTest (/Users/davitbejanyan/Desktop/kafka-ui/kafka-ui-react-app/node_modules/.pnpm/jest-runner@29.1.2/node_modules/jest-runner/build/runTest.js:491:34)
    at Object.worker (/Users/davitbejanyan/Desktop/kafka-ui/kafka-ui-react-app/node_modules/.pnpm/jest-runner@29.1.2/node_modules/jest-runner/build/testWorker.js:133:12)]]></failure>
    </testCase>
    <testCase name="GlobalSchemaSelector sets new schema when confirm is clicked" duration="47">
      <failure message="TestingLibraryElementError: Unable to find an element with the text: FORWARD. This could be because the text is broken up by multiple elements. In this case, you can provide a function for your text matcher to make your matcher more flexible."><![CDATA[TestingLibraryElementError: Unable to find an element with the text: FORWARD. This could be because the text is broken up by multiple elements. In this case, you can provide a function for your text matcher to make your matcher more flexible.

Ignored nodes: comments, script, style
<body>
  <div>
    <div>
      <div
        class="sc-hBxehG hQBTAs"
      >
        <div>
          Global Compatibility Level: 
        </div>
        <div>
          <ul
            class="sc-kDvujY euNnTF"
            role="listbox"
          >
            <li
              class="sc-eDWCr jEhHkX"
              role="option"
              tabindex="0"
            >
              FULL
            </li>
            <svg
              color="#ABB5BA"
              fill="none"
              height="24"
              stroke="currentColor"
              stroke-width="2"
              style="position: absolute; right: 5px;"
              transform=""
              width="24"
            >
              <path
                d="M6 9L12 15 18 9"
              />
            </svg>
          </ul>
        </div>
      </div>
    </div>
  </div>
</body>
    at Object.getElementError (/Users/davitbejanyan/Desktop/kafka-ui/kafka-ui-react-app/node_modules/.pnpm/@testing-library+dom@8.19.0/node_modules/@testing-library/dom/dist/config.js:40:19)
    at /Users/davitbejanyan/Desktop/kafka-ui/kafka-ui-react-app/node_modules/.pnpm/@testing-library+dom@8.19.0/node_modules/@testing-library/dom/dist/query-helpers.js:90:38
    at /Users/davitbejanyan/Desktop/kafka-ui/kafka-ui-react-app/node_modules/.pnpm/@testing-library+dom@8.19.0/node_modules/@testing-library/dom/dist/query-helpers.js:62:17
    at /Users/davitbejanyan/Desktop/kafka-ui/kafka-ui-react-app/node_modules/.pnpm/@testing-library+dom@8.19.0/node_modules/@testing-library/dom/dist/query-helpers.js:111:19
    at getByText (/Users/davitbejanyan/Desktop/kafka-ui/kafka-ui-react-app/src/components/Schemas/List/GlobalSchemaSelector/__test__/GlobalSchemaSelector.spec.tsx:17:12)
    at selectForwardOption (/Users/davitbejanyan/Desktop/kafka-ui/kafka-ui-react-app/src/components/Schemas/List/GlobalSchemaSelector/__test__/GlobalSchemaSelector.spec.tsx:74:5)
    at tryCatch (/Users/davitbejanyan/Desktop/kafka-ui/kafka-ui-react-app/src/components/Schemas/List/GlobalSchemaSelector/__test__/GlobalSchemaSelector.spec.tsx:2:1)
    at Generator._invoke (/Users/davitbejanyan/Desktop/kafka-ui/kafka-ui-react-app/src/components/Schemas/List/GlobalSchemaSelector/__test__/GlobalSchemaSelector.spec.tsx:2:1)
    at Generator.next (/Users/davitbejanyan/Desktop/kafka-ui/kafka-ui-react-app/src/components/Schemas/List/GlobalSchemaSelector/__test__/GlobalSchemaSelector.spec.tsx:2:1)
    at asyncGeneratorStep (/Users/davitbejanyan/Desktop/kafka-ui/kafka-ui-react-app/src/components/Schemas/List/GlobalSchemaSelector/__test__/GlobalSchemaSelector.spec.tsx:2:1)
    at _next (/Users/davitbejanyan/Desktop/kafka-ui/kafka-ui-react-app/src/components/Schemas/List/GlobalSchemaSelector/__test__/GlobalSchemaSelector.spec.tsx:2:1)
    at /Users/davitbejanyan/Desktop/kafka-ui/kafka-ui-react-app/src/components/Schemas/List/GlobalSchemaSelector/__test__/GlobalSchemaSelector.spec.tsx:2:1
    at new Promise (<anonymous>)
    at Object.<anonymous> (/Users/davitbejanyan/Desktop/kafka-ui/kafka-ui-react-app/src/components/Schemas/List/GlobalSchemaSelector/__test__/GlobalSchemaSelector.spec.tsx:2:1)
    at Promise.then.completed (/Users/davitbejanyan/Desktop/kafka-ui/kafka-ui-react-app/node_modules/.pnpm/jest-circus@29.1.2/node_modules/jest-circus/build/utils.js:333:28)
    at new Promise (<anonymous>)
    at callAsyncCircusFn (/Users/davitbejanyan/Desktop/kafka-ui/kafka-ui-react-app/node_modules/.pnpm/jest-circus@29.1.2/node_modules/jest-circus/build/utils.js:259:10)
    at _callCircusTest (/Users/davitbejanyan/Desktop/kafka-ui/kafka-ui-react-app/node_modules/.pnpm/jest-circus@29.1.2/node_modules/jest-circus/build/run.js:277:40)
    at _runTest (/Users/davitbejanyan/Desktop/kafka-ui/kafka-ui-react-app/node_modules/.pnpm/jest-circus@29.1.2/node_modules/jest-circus/build/run.js:209:3)
    at _runTestsForDescribeBlock (/Users/davitbejanyan/Desktop/kafka-ui/kafka-ui-react-app/node_modules/.pnpm/jest-circus@29.1.2/node_modules/jest-circus/build/run.js:97:9)
    at _runTestsForDescribeBlock (/Users/davitbejanyan/Desktop/kafka-ui/kafka-ui-react-app/node_modules/.pnpm/jest-circus@29.1.2/node_modules/jest-circus/build/run.js:91:9)
    at run (/Users/davitbejanyan/Desktop/kafka-ui/kafka-ui-react-app/node_modules/.pnpm/jest-circus@29.1.2/node_modules/jest-circus/build/run.js:31:3)
    at runAndTransformResultsToJestFormat (/Users/davitbejanyan/Desktop/kafka-ui/kafka-ui-react-app/node_modules/.pnpm/jest-circus@29.1.2/node_modules/jest-circus/build/legacy-code-todo-rewrite/jestAdapterInit.js:136:21)
    at jestAdapter (/Users/davitbejanyan/Desktop/kafka-ui/kafka-ui-react-app/node_modules/.pnpm/jest-circus@29.1.2/node_modules/jest-circus/build/legacy-code-todo-rewrite/jestAdapter.js:92:19)
    at runTestInternal (/Users/davitbejanyan/Desktop/kafka-ui/kafka-ui-react-app/node_modules/.pnpm/jest-runner@29.1.2/node_modules/jest-runner/build/runTest.js:407:16)
    at runTest (/Users/davitbejanyan/Desktop/kafka-ui/kafka-ui-react-app/node_modules/.pnpm/jest-runner@29.1.2/node_modules/jest-runner/build/runTest.js:491:34)
    at Object.worker (/Users/davitbejanyan/Desktop/kafka-ui/kafka-ui-react-app/node_modules/.pnpm/jest-runner@29.1.2/node_modules/jest-runner/build/testWorker.js:133:12)]]></failure>
    </testCase>
  </file>
  <file path="/Users/davitbejanyan/Desktop/kafka-ui/kafka-ui-react-app/src/components/ConsumerGroups/List/__test__/List.spec.tsx">
    <testCase name="ListContainer renders correctly" duration="81"/>
    <testCase name="List renders empty table" duration="51"/>
    <testCase name="List consumerGroups are fetched renders all rows with consumers" duration="41"/>
    <testCase name="List consumerGroups are fetched handles onRowClick" duration="130">
      <failure message="Error: expect(jest.fn()).toHaveBeenCalledWith(...expected)"><![CDATA[Error: expect(jest.fn()).toHaveBeenCalledWith(...expected)

Expected: "/ui/clusters/:clusterName/consumer-groups/groupId1"

Number of calls: 0
    at Object.toHaveBeenCalledWith (/Users/davitbejanyan/Desktop/kafka-ui/kafka-ui-react-app/src/components/ConsumerGroups/List/__test__/List.spec.tsx:55:34)
    at Promise.then.completed (/Users/davitbejanyan/Desktop/kafka-ui/kafka-ui-react-app/node_modules/.pnpm/jest-circus@29.1.2/node_modules/jest-circus/build/utils.js:333:28)
    at new Promise (<anonymous>)
    at callAsyncCircusFn (/Users/davitbejanyan/Desktop/kafka-ui/kafka-ui-react-app/node_modules/.pnpm/jest-circus@29.1.2/node_modules/jest-circus/build/utils.js:259:10)
    at _callCircusTest (/Users/davitbejanyan/Desktop/kafka-ui/kafka-ui-react-app/node_modules/.pnpm/jest-circus@29.1.2/node_modules/jest-circus/build/run.js:277:40)
    at processTicksAndRejections (node:internal/process/task_queues:96:5)
    at _runTest (/Users/davitbejanyan/Desktop/kafka-ui/kafka-ui-react-app/node_modules/.pnpm/jest-circus@29.1.2/node_modules/jest-circus/build/run.js:209:3)
    at _runTestsForDescribeBlock (/Users/davitbejanyan/Desktop/kafka-ui/kafka-ui-react-app/node_modules/.pnpm/jest-circus@29.1.2/node_modules/jest-circus/build/run.js:97:9)
    at _runTestsForDescribeBlock (/Users/davitbejanyan/Desktop/kafka-ui/kafka-ui-react-app/node_modules/.pnpm/jest-circus@29.1.2/node_modules/jest-circus/build/run.js:91:9)
    at _runTestsForDescribeBlock (/Users/davitbejanyan/Desktop/kafka-ui/kafka-ui-react-app/node_modules/.pnpm/jest-circus@29.1.2/node_modules/jest-circus/build/run.js:91:9)
    at run (/Users/davitbejanyan/Desktop/kafka-ui/kafka-ui-react-app/node_modules/.pnpm/jest-circus@29.1.2/node_modules/jest-circus/build/run.js:31:3)
    at runAndTransformResultsToJestFormat (/Users/davitbejanyan/Desktop/kafka-ui/kafka-ui-react-app/node_modules/.pnpm/jest-circus@29.1.2/node_modules/jest-circus/build/legacy-code-todo-rewrite/jestAdapterInit.js:136:21)
    at jestAdapter (/Users/davitbejanyan/Desktop/kafka-ui/kafka-ui-react-app/node_modules/.pnpm/jest-circus@29.1.2/node_modules/jest-circus/build/legacy-code-todo-rewrite/jestAdapter.js:92:19)
    at runTestInternal (/Users/davitbejanyan/Desktop/kafka-ui/kafka-ui-react-app/node_modules/.pnpm/jest-runner@29.1.2/node_modules/jest-runner/build/runTest.js:407:16)
    at runTest (/Users/davitbejanyan/Desktop/kafka-ui/kafka-ui-react-app/node_modules/.pnpm/jest-runner@29.1.2/node_modules/jest-runner/build/runTest.js:491:34)
    at Object.worker (/Users/davitbejanyan/Desktop/kafka-ui/kafka-ui-react-app/node_modules/.pnpm/jest-runner@29.1.2/node_modules/jest-runner/build/testWorker.js:133:12)]]></failure>
    </testCase>
  </file>
  <file path="/Users/davitbejanyan/Desktop/kafka-ui/kafka-ui-react-app/src/components/Schemas/New/__test__/New.spec.tsx">
    <testCase name="New Component renders component" duration="130"/>
    <testCase name="New Component submit button will be disabled while form fields are not filled" duration="71"/>
    <testCase name="New Component submit button will be enabled when form fields are filled" duration="183">
      <failure message="Error: expect(element).toBeEnabled()"><![CDATA[Error: expect(element).toBeEnabled()

Received element is not enabled:
  <button class="sc-jrcTuL cJCsGJ" disabled="" type="submit" />
    at toBeEnabled (/Users/davitbejanyan/Desktop/kafka-ui/kafka-ui-react-app/src/components/Schemas/New/__test__/New.spec.tsx:47:23)
    at tryCatch (/Users/davitbejanyan/Desktop/kafka-ui/kafka-ui-react-app/src/components/Schemas/New/__test__/New.spec.tsx:2:1)
    at Generator._invoke (/Users/davitbejanyan/Desktop/kafka-ui/kafka-ui-react-app/src/components/Schemas/New/__test__/New.spec.tsx:2:1)
    at Generator.next (/Users/davitbejanyan/Desktop/kafka-ui/kafka-ui-react-app/src/components/Schemas/New/__test__/New.spec.tsx:2:1)
    at asyncGeneratorStep (/Users/davitbejanyan/Desktop/kafka-ui/kafka-ui-react-app/src/components/Schemas/New/__test__/New.spec.tsx:2:1)
    at _next (/Users/davitbejanyan/Desktop/kafka-ui/kafka-ui-react-app/src/components/Schemas/New/__test__/New.spec.tsx:2:1)]]></failure>
    </testCase>
  </file>
  <file path="/Users/davitbejanyan/Desktop/kafka-ui/kafka-ui-react-app/src/components/common/table/__tests__/TableHeaderCell.spec.tsx">
    <testCase name="TableHeaderCell renders without props" duration="49"/>
    <testCase name="TableHeaderCell renders with title &amp; preview text" duration="11"/>
    <testCase name="TableHeaderCell renders with orderable props" duration="17"/>
    <testCase name="TableHeaderCell renders click on title triggers handler" duration="33">
      <failure message="Error: expect(received).toBe(expected) // Object.is equality"><![CDATA[Error: expect(received).toBe(expected) // Object.is equality

Expected: 1
Received: 0
    at Object.toBe (/Users/davitbejanyan/Desktop/kafka-ui/kafka-ui-react-app/src/components/common/table/__tests__/TableHeaderCell.spec.tsx:73:45)
    at Promise.then.completed (/Users/davitbejanyan/Desktop/kafka-ui/kafka-ui-react-app/node_modules/.pnpm/jest-circus@29.1.2/node_modules/jest-circus/build/utils.js:333:28)
    at new Promise (<anonymous>)
    at callAsyncCircusFn (/Users/davitbejanyan/Desktop/kafka-ui/kafka-ui-react-app/node_modules/.pnpm/jest-circus@29.1.2/node_modules/jest-circus/build/utils.js:259:10)
    at _callCircusTest (/Users/davitbejanyan/Desktop/kafka-ui/kafka-ui-react-app/node_modules/.pnpm/jest-circus@29.1.2/node_modules/jest-circus/build/run.js:277:40)
    at processTicksAndRejections (node:internal/process/task_queues:96:5)
    at _runTest (/Users/davitbejanyan/Desktop/kafka-ui/kafka-ui-react-app/node_modules/.pnpm/jest-circus@29.1.2/node_modules/jest-circus/build/run.js:209:3)
    at _runTestsForDescribeBlock (/Users/davitbejanyan/Desktop/kafka-ui/kafka-ui-react-app/node_modules/.pnpm/jest-circus@29.1.2/node_modules/jest-circus/build/run.js:97:9)
    at _runTestsForDescribeBlock (/Users/davitbejanyan/Desktop/kafka-ui/kafka-ui-react-app/node_modules/.pnpm/jest-circus@29.1.2/node_modules/jest-circus/build/run.js:91:9)
    at run (/Users/davitbejanyan/Desktop/kafka-ui/kafka-ui-react-app/node_modules/.pnpm/jest-circus@29.1.2/node_modules/jest-circus/build/run.js:31:3)
    at runAndTransformResultsToJestFormat (/Users/davitbejanyan/Desktop/kafka-ui/kafka-ui-react-app/node_modules/.pnpm/jest-circus@29.1.2/node_modules/jest-circus/build/legacy-code-todo-rewrite/jestAdapterInit.js:136:21)
    at jestAdapter (/Users/davitbejanyan/Desktop/kafka-ui/kafka-ui-react-app/node_modules/.pnpm/jest-circus@29.1.2/node_modules/jest-circus/build/legacy-code-todo-rewrite/jestAdapter.js:92:19)
    at runTestInternal (/Users/davitbejanyan/Desktop/kafka-ui/kafka-ui-react-app/node_modules/.pnpm/jest-runner@29.1.2/node_modules/jest-runner/build/runTest.js:407:16)
    at runTest (/Users/davitbejanyan/Desktop/kafka-ui/kafka-ui-react-app/node_modules/.pnpm/jest-runner@29.1.2/node_modules/jest-runner/build/runTest.js:491:34)
    at Object.worker (/Users/davitbejanyan/Desktop/kafka-ui/kafka-ui-react-app/node_modules/.pnpm/jest-runner@29.1.2/node_modules/jest-runner/build/testWorker.js:133:12)]]></failure>
    </testCase>
    <testCase name="TableHeaderCell renders space on title triggers handler" duration="17">
      <failure message="Error: expect(received).toBe(expected) // Object.is equality"><![CDATA[Error: expect(received).toBe(expected) // Object.is equality

Expected: 2
Received: 0
    at Object.toBe (/Users/davitbejanyan/Desktop/kafka-ui/kafka-ui-react-app/src/components/common/table/__tests__/TableHeaderCell.spec.tsx:86:45)
    at Promise.then.completed (/Users/davitbejanyan/Desktop/kafka-ui/kafka-ui-react-app/node_modules/.pnpm/jest-circus@29.1.2/node_modules/jest-circus/build/utils.js:333:28)
    at new Promise (<anonymous>)
    at callAsyncCircusFn (/Users/davitbejanyan/Desktop/kafka-ui/kafka-ui-react-app/node_modules/.pnpm/jest-circus@29.1.2/node_modules/jest-circus/build/utils.js:259:10)
    at _callCircusTest (/Users/davitbejanyan/Desktop/kafka-ui/kafka-ui-react-app/node_modules/.pnpm/jest-circus@29.1.2/node_modules/jest-circus/build/run.js:277:40)
    at processTicksAndRejections (node:internal/process/task_queues:96:5)
    at _runTest (/Users/davitbejanyan/Desktop/kafka-ui/kafka-ui-react-app/node_modules/.pnpm/jest-circus@29.1.2/node_modules/jest-circus/build/run.js:209:3)
    at _runTestsForDescribeBlock (/Users/davitbejanyan/Desktop/kafka-ui/kafka-ui-react-app/node_modules/.pnpm/jest-circus@29.1.2/node_modules/jest-circus/build/run.js:97:9)
    at _runTestsForDescribeBlock (/Users/davitbejanyan/Desktop/kafka-ui/kafka-ui-react-app/node_modules/.pnpm/jest-circus@29.1.2/node_modules/jest-circus/build/run.js:91:9)
    at run (/Users/davitbejanyan/Desktop/kafka-ui/kafka-ui-react-app/node_modules/.pnpm/jest-circus@29.1.2/node_modules/jest-circus/build/run.js:31:3)
    at runAndTransformResultsToJestFormat (/Users/davitbejanyan/Desktop/kafka-ui/kafka-ui-react-app/node_modules/.pnpm/jest-circus@29.1.2/node_modules/jest-circus/build/legacy-code-todo-rewrite/jestAdapterInit.js:136:21)
    at jestAdapter (/Users/davitbejanyan/Desktop/kafka-ui/kafka-ui-react-app/node_modules/.pnpm/jest-circus@29.1.2/node_modules/jest-circus/build/legacy-code-todo-rewrite/jestAdapter.js:92:19)
    at runTestInternal (/Users/davitbejanyan/Desktop/kafka-ui/kafka-ui-react-app/node_modules/.pnpm/jest-runner@29.1.2/node_modules/jest-runner/build/runTest.js:407:16)
    at runTest (/Users/davitbejanyan/Desktop/kafka-ui/kafka-ui-react-app/node_modules/.pnpm/jest-runner@29.1.2/node_modules/jest-runner/build/runTest.js:491:34)
    at Object.worker (/Users/davitbejanyan/Desktop/kafka-ui/kafka-ui-react-app/node_modules/.pnpm/jest-runner@29.1.2/node_modules/jest-runner/build/testWorker.js:133:12)]]></failure>
    </testCase>
    <testCase name="TableHeaderCell click on preview triggers handler" duration="10">
      <failure message="Error: expect(received).toBe(expected) // Object.is equality"><![CDATA[Error: expect(received).toBe(expected) // Object.is equality

Expected: 1
Received: 0
    at Object.toBe (/Users/davitbejanyan/Desktop/kafka-ui/kafka-ui-react-app/src/components/common/table/__tests__/TableHeaderCell.spec.tsx:97:41)
    at Promise.then.completed (/Users/davitbejanyan/Desktop/kafka-ui/kafka-ui-react-app/node_modules/.pnpm/jest-circus@29.1.2/node_modules/jest-circus/build/utils.js:333:28)
    at new Promise (<anonymous>)
    at callAsyncCircusFn (/Users/davitbejanyan/Desktop/kafka-ui/kafka-ui-react-app/node_modules/.pnpm/jest-circus@29.1.2/node_modules/jest-circus/build/utils.js:259:10)
    at _callCircusTest (/Users/davitbejanyan/Desktop/kafka-ui/kafka-ui-react-app/node_modules/.pnpm/jest-circus@29.1.2/node_modules/jest-circus/build/run.js:277:40)
    at processTicksAndRejections (node:internal/process/task_queues:96:5)
    at _runTest (/Users/davitbejanyan/Desktop/kafka-ui/kafka-ui-react-app/node_modules/.pnpm/jest-circus@29.1.2/node_modules/jest-circus/build/run.js:209:3)
    at _runTestsForDescribeBlock (/Users/davitbejanyan/Desktop/kafka-ui/kafka-ui-react-app/node_modules/.pnpm/jest-circus@29.1.2/node_modules/jest-circus/build/run.js:97:9)
    at _runTestsForDescribeBlock (/Users/davitbejanyan/Desktop/kafka-ui/kafka-ui-react-app/node_modules/.pnpm/jest-circus@29.1.2/node_modules/jest-circus/build/run.js:91:9)
    at run (/Users/davitbejanyan/Desktop/kafka-ui/kafka-ui-react-app/node_modules/.pnpm/jest-circus@29.1.2/node_modules/jest-circus/build/run.js:31:3)
    at runAndTransformResultsToJestFormat (/Users/davitbejanyan/Desktop/kafka-ui/kafka-ui-react-app/node_modules/.pnpm/jest-circus@29.1.2/node_modules/jest-circus/build/legacy-code-todo-rewrite/jestAdapterInit.js:136:21)
    at jestAdapter (/Users/davitbejanyan/Desktop/kafka-ui/kafka-ui-react-app/node_modules/.pnpm/jest-circus@29.1.2/node_modules/jest-circus/build/legacy-code-todo-rewrite/jestAdapter.js:92:19)
    at runTestInternal (/Users/davitbejanyan/Desktop/kafka-ui/kafka-ui-react-app/node_modules/.pnpm/jest-runner@29.1.2/node_modules/jest-runner/build/runTest.js:407:16)
    at runTest (/Users/davitbejanyan/Desktop/kafka-ui/kafka-ui-react-app/node_modules/.pnpm/jest-runner@29.1.2/node_modules/jest-runner/build/runTest.js:491:34)
    at Object.worker (/Users/davitbejanyan/Desktop/kafka-ui/kafka-ui-react-app/node_modules/.pnpm/jest-runner@29.1.2/node_modules/jest-runner/build/testWorker.js:133:12)]]></failure>
    </testCase>
    <testCase name="TableHeaderCell click on preview triggers handler" duration="21">
      <failure message="Error: expect(received).toBe(expected) // Object.is equality"><![CDATA[Error: expect(received).toBe(expected) // Object.is equality

Expected: 2
Received: 0
    at Object.toBe (/Users/davitbejanyan/Desktop/kafka-ui/kafka-ui-react-app/src/components/common/table/__tests__/TableHeaderCell.spec.tsx:108:41)
    at Promise.then.completed (/Users/davitbejanyan/Desktop/kafka-ui/kafka-ui-react-app/node_modules/.pnpm/jest-circus@29.1.2/node_modules/jest-circus/build/utils.js:333:28)
    at new Promise (<anonymous>)
    at callAsyncCircusFn (/Users/davitbejanyan/Desktop/kafka-ui/kafka-ui-react-app/node_modules/.pnpm/jest-circus@29.1.2/node_modules/jest-circus/build/utils.js:259:10)
    at _callCircusTest (/Users/davitbejanyan/Desktop/kafka-ui/kafka-ui-react-app/node_modules/.pnpm/jest-circus@29.1.2/node_modules/jest-circus/build/run.js:277:40)
    at processTicksAndRejections (node:internal/process/task_queues:96:5)
    at _runTest (/Users/davitbejanyan/Desktop/kafka-ui/kafka-ui-react-app/node_modules/.pnpm/jest-circus@29.1.2/node_modules/jest-circus/build/run.js:209:3)
    at _runTestsForDescribeBlock (/Users/davitbejanyan/Desktop/kafka-ui/kafka-ui-react-app/node_modules/.pnpm/jest-circus@29.1.2/node_modules/jest-circus/build/run.js:97:9)
    at _runTestsForDescribeBlock (/Users/davitbejanyan/Desktop/kafka-ui/kafka-ui-react-app/node_modules/.pnpm/jest-circus@29.1.2/node_modules/jest-circus/build/run.js:91:9)
    at run (/Users/davitbejanyan/Desktop/kafka-ui/kafka-ui-react-app/node_modules/.pnpm/jest-circus@29.1.2/node_modules/jest-circus/build/run.js:31:3)
    at runAndTransformResultsToJestFormat (/Users/davitbejanyan/Desktop/kafka-ui/kafka-ui-react-app/node_modules/.pnpm/jest-circus@29.1.2/node_modules/jest-circus/build/legacy-code-todo-rewrite/jestAdapterInit.js:136:21)
    at jestAdapter (/Users/davitbejanyan/Desktop/kafka-ui/kafka-ui-react-app/node_modules/.pnpm/jest-circus@29.1.2/node_modules/jest-circus/build/legacy-code-todo-rewrite/jestAdapter.js:92:19)
    at runTestInternal (/Users/davitbejanyan/Desktop/kafka-ui/kafka-ui-react-app/node_modules/.pnpm/jest-runner@29.1.2/node_modules/jest-runner/build/runTest.js:407:16)
    at runTest (/Users/davitbejanyan/Desktop/kafka-ui/kafka-ui-react-app/node_modules/.pnpm/jest-runner@29.1.2/node_modules/jest-runner/build/runTest.js:491:34)
    at Object.worker (/Users/davitbejanyan/Desktop/kafka-ui/kafka-ui-react-app/node_modules/.pnpm/jest-runner@29.1.2/node_modules/jest-runner/build/testWorker.js:133:12)]]></failure>
    </testCase>
    <testCase name="TableHeaderCell renders without sort indication" duration="5"/>
    <testCase name="TableHeaderCell renders with hightlighted title when orderBy and orderValue are equal" duration="23"/>
    <testCase name="TableHeaderCell renders without hightlighted title when orderBy and orderValue are not equal" duration="8"/>
    <testCase name="TableHeaderCell renders with default (primary) theme" duration="14"/>
  </file>
  <file path="/Users/davitbejanyan/Desktop/kafka-ui/kafka-ui-react-app/src/components/common/Alert/__tests__/Alert.spec.tsx">
    <testCase name="Alert renders with initial props" duration="49"/>
    <testCase name="Alert handles dismiss callback" duration="11">
      <failure message="Error: expect(jest.fn()).toHaveBeenCalled()"><![CDATA[Error: expect(jest.fn()).toHaveBeenCalled()

Expected number of calls: >= 1
Received number of calls:    0
    at Object.toHaveBeenCalled (/Users/davitbejanyan/Desktop/kafka-ui/kafka-ui-react-app/src/components/common/Alert/__tests__/Alert.spec.tsx:32:21)
    at Promise.then.completed (/Users/davitbejanyan/Desktop/kafka-ui/kafka-ui-react-app/node_modules/.pnpm/jest-circus@29.1.2/node_modules/jest-circus/build/utils.js:333:28)
    at new Promise (<anonymous>)
    at callAsyncCircusFn (/Users/davitbejanyan/Desktop/kafka-ui/kafka-ui-react-app/node_modules/.pnpm/jest-circus@29.1.2/node_modules/jest-circus/build/utils.js:259:10)
    at _callCircusTest (/Users/davitbejanyan/Desktop/kafka-ui/kafka-ui-react-app/node_modules/.pnpm/jest-circus@29.1.2/node_modules/jest-circus/build/run.js:277:40)
    at processTicksAndRejections (node:internal/process/task_queues:96:5)
    at _runTest (/Users/davitbejanyan/Desktop/kafka-ui/kafka-ui-react-app/node_modules/.pnpm/jest-circus@29.1.2/node_modules/jest-circus/build/run.js:209:3)
    at _runTestsForDescribeBlock (/Users/davitbejanyan/Desktop/kafka-ui/kafka-ui-react-app/node_modules/.pnpm/jest-circus@29.1.2/node_modules/jest-circus/build/run.js:97:9)
    at _runTestsForDescribeBlock (/Users/davitbejanyan/Desktop/kafka-ui/kafka-ui-react-app/node_modules/.pnpm/jest-circus@29.1.2/node_modules/jest-circus/build/run.js:91:9)
    at run (/Users/davitbejanyan/Desktop/kafka-ui/kafka-ui-react-app/node_modules/.pnpm/jest-circus@29.1.2/node_modules/jest-circus/build/run.js:31:3)
    at runAndTransformResultsToJestFormat (/Users/davitbejanyan/Desktop/kafka-ui/kafka-ui-react-app/node_modules/.pnpm/jest-circus@29.1.2/node_modules/jest-circus/build/legacy-code-todo-rewrite/jestAdapterInit.js:136:21)
    at jestAdapter (/Users/davitbejanyan/Desktop/kafka-ui/kafka-ui-react-app/node_modules/.pnpm/jest-circus@29.1.2/node_modules/jest-circus/build/legacy-code-todo-rewrite/jestAdapter.js:92:19)
    at runTestInternal (/Users/davitbejanyan/Desktop/kafka-ui/kafka-ui-react-app/node_modules/.pnpm/jest-runner@29.1.2/node_modules/jest-runner/build/runTest.js:407:16)
    at runTest (/Users/davitbejanyan/Desktop/kafka-ui/kafka-ui-react-app/node_modules/.pnpm/jest-runner@29.1.2/node_modules/jest-runner/build/runTest.js:491:34)
    at Object.worker (/Users/davitbejanyan/Desktop/kafka-ui/kafka-ui-react-app/node_modules/.pnpm/jest-runner@29.1.2/node_modules/jest-runner/build/testWorker.js:133:12)]]></failure>
    </testCase>
  </file>
  <file path="/Users/davitbejanyan/Desktop/kafka-ui/kafka-ui-react-app/src/components/ConsumerGroups/Details/__tests__/ListItem.spec.tsx">
    <testCase name="ListItem should renders list item with topic content closed and check if element exists" duration="30"/>
    <testCase name="ListItem should renders list item with topic content open" duration="33">
      <failure message="TestingLibraryElementError: Unable to find an element with the text: Consumer ID. This could be because the text is broken up by multiple elements. In this case, you can provide a function for your text matcher to make your matcher more flexible."><![CDATA[TestingLibraryElementError: Unable to find an element with the text: Consumer ID. This could be because the text is broken up by multiple elements. In this case, you can provide a function for your text matcher to make your matcher more flexible.

Ignored nodes: comments, script, style
<body>
  <div>
    <div>
      <table>
        <tbody>
          <tr>
            <td
              class="sc-pyfCe drFgSV"
            >
              <span
                aria-hidden="true"
                class="sc-gswNZR bCigjD"
                role="button"
                tabindex="0"
              >
                <svg
                  class="sc-bcXHqe caBQvR"
                  fill="none"
                  height="16"
                  viewBox="0 0 16 16"
                  width="16"
                  xmlns="http://www.w3.org/2000/svg"
                >
                  <path
                    clip-rule="evenodd"
                    d="M0 2C0 0.895431 0.895431 0 2 0H14C15.1046 0 16 0.895431 16 2V14C16 15.1046 15.1046 16 14 16H2C0.895431 16 0 15.1046 0 14V2ZM8 4C8.55229 4 9 4.44772 9 5V7H11C11.5523 7 12 7.44772 12 8C12 8.55229 11.5523 9 11 9H9V11C9 11.5523 8.55229 12 8 12C7.44772 12 7 11.5523 7 11V9H5C4.44772 9 4 8.55228 4 8C4 7.44771 4.44772 7 5 7H7V5C7 4.44772 7.44772 4 8 4Z"
                    fill-rule="evenodd"
                  />
                </svg>
              </span>
            </td>
            <td
              class="sc-dkrFOg jPnDQR"
            >
              <a
                href="/ui/clusters/cluster1/all-topics/cluster1"
              >
                cluster1
              </a>
            </td>
            <td>
              0
            </td>
          </tr>
        </tbody>
      </table>
    </div>
  </div>
</body>
    at Object.getElementError (/Users/davitbejanyan/Desktop/kafka-ui/kafka-ui-react-app/node_modules/.pnpm/@testing-library+dom@8.19.0/node_modules/@testing-library/dom/dist/config.js:40:19)
    at /Users/davitbejanyan/Desktop/kafka-ui/kafka-ui-react-app/node_modules/.pnpm/@testing-library+dom@8.19.0/node_modules/@testing-library/dom/dist/query-helpers.js:90:38
    at /Users/davitbejanyan/Desktop/kafka-ui/kafka-ui-react-app/node_modules/.pnpm/@testing-library+dom@8.19.0/node_modules/@testing-library/dom/dist/query-helpers.js:62:17
    at /Users/davitbejanyan/Desktop/kafka-ui/kafka-ui-react-app/node_modules/.pnpm/@testing-library+dom@8.19.0/node_modules/@testing-library/dom/dist/query-helpers.js:111:19
    at Object.getByText (/Users/davitbejanyan/Desktop/kafka-ui/kafka-ui-react-app/src/components/ConsumerGroups/Details/__tests__/ListItem.spec.tsx:44:19)
    at Promise.then.completed (/Users/davitbejanyan/Desktop/kafka-ui/kafka-ui-react-app/node_modules/.pnpm/jest-circus@29.1.2/node_modules/jest-circus/build/utils.js:333:28)
    at new Promise (<anonymous>)
    at callAsyncCircusFn (/Users/davitbejanyan/Desktop/kafka-ui/kafka-ui-react-app/node_modules/.pnpm/jest-circus@29.1.2/node_modules/jest-circus/build/utils.js:259:10)
    at _callCircusTest (/Users/davitbejanyan/Desktop/kafka-ui/kafka-ui-react-app/node_modules/.pnpm/jest-circus@29.1.2/node_modules/jest-circus/build/run.js:277:40)
    at processTicksAndRejections (node:internal/process/task_queues:96:5)
    at _runTest (/Users/davitbejanyan/Desktop/kafka-ui/kafka-ui-react-app/node_modules/.pnpm/jest-circus@29.1.2/node_modules/jest-circus/build/run.js:209:3)
    at _runTestsForDescribeBlock (/Users/davitbejanyan/Desktop/kafka-ui/kafka-ui-react-app/node_modules/.pnpm/jest-circus@29.1.2/node_modules/jest-circus/build/run.js:97:9)
    at _runTestsForDescribeBlock (/Users/davitbejanyan/Desktop/kafka-ui/kafka-ui-react-app/node_modules/.pnpm/jest-circus@29.1.2/node_modules/jest-circus/build/run.js:91:9)
    at run (/Users/davitbejanyan/Desktop/kafka-ui/kafka-ui-react-app/node_modules/.pnpm/jest-circus@29.1.2/node_modules/jest-circus/build/run.js:31:3)
    at runAndTransformResultsToJestFormat (/Users/davitbejanyan/Desktop/kafka-ui/kafka-ui-react-app/node_modules/.pnpm/jest-circus@29.1.2/node_modules/jest-circus/build/legacy-code-todo-rewrite/jestAdapterInit.js:136:21)
    at jestAdapter (/Users/davitbejanyan/Desktop/kafka-ui/kafka-ui-react-app/node_modules/.pnpm/jest-circus@29.1.2/node_modules/jest-circus/build/legacy-code-todo-rewrite/jestAdapter.js:92:19)
    at runTestInternal (/Users/davitbejanyan/Desktop/kafka-ui/kafka-ui-react-app/node_modules/.pnpm/jest-runner@29.1.2/node_modules/jest-runner/build/runTest.js:407:16)
    at runTest (/Users/davitbejanyan/Desktop/kafka-ui/kafka-ui-react-app/node_modules/.pnpm/jest-runner@29.1.2/node_modules/jest-runner/build/runTest.js:491:34)
    at Object.worker (/Users/davitbejanyan/Desktop/kafka-ui/kafka-ui-react-app/node_modules/.pnpm/jest-runner@29.1.2/node_modules/jest-runner/build/testWorker.js:133:12)]]></failure>
    </testCase>
  </file>
  <file path="/Users/davitbejanyan/Desktop/kafka-ui/kafka-ui-react-app/src/components/Topics/List/__tests__/ListPage.spec.tsx">
    <testCase name="ListPage Component handles switch of Internal Topics visibility" duration="57">
      <failure message="Error: expect(received).toBeTruthy()"><![CDATA[Error: expect(received).toBeTruthy()

Received: null
    at Object.toBeTruthy (/Users/davitbejanyan/Desktop/kafka-ui/kafka-ui-react-app/src/components/Topics/List/__tests__/ListPage.spec.tsx:42:63)
    at Promise.then.completed (/Users/davitbejanyan/Desktop/kafka-ui/kafka-ui-react-app/node_modules/.pnpm/jest-circus@29.1.2/node_modules/jest-circus/build/utils.js:333:28)
    at new Promise (<anonymous>)
    at callAsyncCircusFn (/Users/davitbejanyan/Desktop/kafka-ui/kafka-ui-react-app/node_modules/.pnpm/jest-circus@29.1.2/node_modules/jest-circus/build/utils.js:259:10)
    at _callCircusTest (/Users/davitbejanyan/Desktop/kafka-ui/kafka-ui-react-app/node_modules/.pnpm/jest-circus@29.1.2/node_modules/jest-circus/build/run.js:277:40)
    at processTicksAndRejections (node:internal/process/task_queues:96:5)
    at _runTest (/Users/davitbejanyan/Desktop/kafka-ui/kafka-ui-react-app/node_modules/.pnpm/jest-circus@29.1.2/node_modules/jest-circus/build/run.js:209:3)
    at _runTestsForDescribeBlock (/Users/davitbejanyan/Desktop/kafka-ui/kafka-ui-react-app/node_modules/.pnpm/jest-circus@29.1.2/node_modules/jest-circus/build/run.js:97:9)
    at _runTestsForDescribeBlock (/Users/davitbejanyan/Desktop/kafka-ui/kafka-ui-react-app/node_modules/.pnpm/jest-circus@29.1.2/node_modules/jest-circus/build/run.js:91:9)
    at run (/Users/davitbejanyan/Desktop/kafka-ui/kafka-ui-react-app/node_modules/.pnpm/jest-circus@29.1.2/node_modules/jest-circus/build/run.js:31:3)
    at runAndTransformResultsToJestFormat (/Users/davitbejanyan/Desktop/kafka-ui/kafka-ui-react-app/node_modules/.pnpm/jest-circus@29.1.2/node_modules/jest-circus/build/legacy-code-todo-rewrite/jestAdapterInit.js:136:21)
    at jestAdapter (/Users/davitbejanyan/Desktop/kafka-ui/kafka-ui-react-app/node_modules/.pnpm/jest-circus@29.1.2/node_modules/jest-circus/build/legacy-code-todo-rewrite/jestAdapter.js:92:19)
    at runTestInternal (/Users/davitbejanyan/Desktop/kafka-ui/kafka-ui-react-app/node_modules/.pnpm/jest-runner@29.1.2/node_modules/jest-runner/build/runTest.js:407:16)
    at runTest (/Users/davitbejanyan/Desktop/kafka-ui/kafka-ui-react-app/node_modules/.pnpm/jest-runner@29.1.2/node_modules/jest-runner/build/runTest.js:491:34)
    at Object.worker (/Users/davitbejanyan/Desktop/kafka-ui/kafka-ui-react-app/node_modules/.pnpm/jest-runner@29.1.2/node_modules/jest-runner/build/testWorker.js:133:12)]]></failure>
    </testCase>
    <testCase name="ListPage Component renders the TopicsTable" duration="17"/>
  </file>
  <file path="/Users/davitbejanyan/Desktop/kafka-ui/kafka-ui-react-app/src/components/Topics/Topic/Messages/Filters/__tests__/InfoModal.spec.tsx">
    <testCase name="InfoModal component closes InfoModal" duration="41">
      <failure message="Error: expect(jest.fn()).toHaveBeenCalledTimes(expected)"><![CDATA[Error: expect(jest.fn()).toHaveBeenCalledTimes(expected)

Expected number of calls: 1
Received number of calls: 0
    at Object.toHaveBeenCalledTimes (/Users/davitbejanyan/Desktop/kafka-ui/kafka-ui-react-app/src/components/Topics/Topic/Messages/Filters/__tests__/InfoModal.spec.tsx:12:29)
    at Promise.then.completed (/Users/davitbejanyan/Desktop/kafka-ui/kafka-ui-react-app/node_modules/.pnpm/jest-circus@29.1.2/node_modules/jest-circus/build/utils.js:333:28)
    at new Promise (<anonymous>)
    at callAsyncCircusFn (/Users/davitbejanyan/Desktop/kafka-ui/kafka-ui-react-app/node_modules/.pnpm/jest-circus@29.1.2/node_modules/jest-circus/build/utils.js:259:10)
    at _callCircusTest (/Users/davitbejanyan/Desktop/kafka-ui/kafka-ui-react-app/node_modules/.pnpm/jest-circus@29.1.2/node_modules/jest-circus/build/run.js:277:40)
    at processTicksAndRejections (node:internal/process/task_queues:96:5)
    at _runTest (/Users/davitbejanyan/Desktop/kafka-ui/kafka-ui-react-app/node_modules/.pnpm/jest-circus@29.1.2/node_modules/jest-circus/build/run.js:209:3)
    at _runTestsForDescribeBlock (/Users/davitbejanyan/Desktop/kafka-ui/kafka-ui-react-app/node_modules/.pnpm/jest-circus@29.1.2/node_modules/jest-circus/build/run.js:97:9)
    at _runTestsForDescribeBlock (/Users/davitbejanyan/Desktop/kafka-ui/kafka-ui-react-app/node_modules/.pnpm/jest-circus@29.1.2/node_modules/jest-circus/build/run.js:91:9)
    at run (/Users/davitbejanyan/Desktop/kafka-ui/kafka-ui-react-app/node_modules/.pnpm/jest-circus@29.1.2/node_modules/jest-circus/build/run.js:31:3)
    at runAndTransformResultsToJestFormat (/Users/davitbejanyan/Desktop/kafka-ui/kafka-ui-react-app/node_modules/.pnpm/jest-circus@29.1.2/node_modules/jest-circus/build/legacy-code-todo-rewrite/jestAdapterInit.js:136:21)
    at jestAdapter (/Users/davitbejanyan/Desktop/kafka-ui/kafka-ui-react-app/node_modules/.pnpm/jest-circus@29.1.2/node_modules/jest-circus/build/legacy-code-todo-rewrite/jestAdapter.js:92:19)
    at runTestInternal (/Users/davitbejanyan/Desktop/kafka-ui/kafka-ui-react-app/node_modules/.pnpm/jest-runner@29.1.2/node_modules/jest-runner/build/runTest.js:407:16)
    at runTest (/Users/davitbejanyan/Desktop/kafka-ui/kafka-ui-react-app/node_modules/.pnpm/jest-runner@29.1.2/node_modules/jest-runner/build/runTest.js:491:34)
    at Object.worker (/Users/davitbejanyan/Desktop/kafka-ui/kafka-ui-react-app/node_modules/.pnpm/jest-runner@29.1.2/node_modules/jest-runner/build/testWorker.js:133:12)]]></failure>
    </testCase>
  </file>
  <file path="/Users/davitbejanyan/Desktop/kafka-ui/kafka-ui-react-app/src/components/Nav/__tests__/ClusterMenu.spec.tsx">
    <testCase name="ClusterMenu renders cluster menu with default set of features" duration="46">
      <failure message="Error: expect(received).toEqual(expected) // deep equality"><![CDATA[Error: expect(received).toEqual(expected) // deep equality

Expected: 4
Received: 1
    at Object.toEqual (/Users/davitbejanyan/Desktop/kafka-ui/kafka-ui-react-app/src/components/Nav/__tests__/ClusterMenu.spec.tsx:28:35)
    at Promise.then.completed (/Users/davitbejanyan/Desktop/kafka-ui/kafka-ui-react-app/node_modules/.pnpm/jest-circus@29.1.2/node_modules/jest-circus/build/utils.js:333:28)
    at new Promise (<anonymous>)
    at callAsyncCircusFn (/Users/davitbejanyan/Desktop/kafka-ui/kafka-ui-react-app/node_modules/.pnpm/jest-circus@29.1.2/node_modules/jest-circus/build/utils.js:259:10)
    at _callCircusTest (/Users/davitbejanyan/Desktop/kafka-ui/kafka-ui-react-app/node_modules/.pnpm/jest-circus@29.1.2/node_modules/jest-circus/build/run.js:277:40)
    at processTicksAndRejections (node:internal/process/task_queues:96:5)
    at _runTest (/Users/davitbejanyan/Desktop/kafka-ui/kafka-ui-react-app/node_modules/.pnpm/jest-circus@29.1.2/node_modules/jest-circus/build/run.js:209:3)
    at _runTestsForDescribeBlock (/Users/davitbejanyan/Desktop/kafka-ui/kafka-ui-react-app/node_modules/.pnpm/jest-circus@29.1.2/node_modules/jest-circus/build/run.js:97:9)
    at _runTestsForDescribeBlock (/Users/davitbejanyan/Desktop/kafka-ui/kafka-ui-react-app/node_modules/.pnpm/jest-circus@29.1.2/node_modules/jest-circus/build/run.js:91:9)
    at run (/Users/davitbejanyan/Desktop/kafka-ui/kafka-ui-react-app/node_modules/.pnpm/jest-circus@29.1.2/node_modules/jest-circus/build/run.js:31:3)
    at runAndTransformResultsToJestFormat (/Users/davitbejanyan/Desktop/kafka-ui/kafka-ui-react-app/node_modules/.pnpm/jest-circus@29.1.2/node_modules/jest-circus/build/legacy-code-todo-rewrite/jestAdapterInit.js:136:21)
    at jestAdapter (/Users/davitbejanyan/Desktop/kafka-ui/kafka-ui-react-app/node_modules/.pnpm/jest-circus@29.1.2/node_modules/jest-circus/build/legacy-code-todo-rewrite/jestAdapter.js:92:19)
    at runTestInternal (/Users/davitbejanyan/Desktop/kafka-ui/kafka-ui-react-app/node_modules/.pnpm/jest-runner@29.1.2/node_modules/jest-runner/build/runTest.js:407:16)
    at runTest (/Users/davitbejanyan/Desktop/kafka-ui/kafka-ui-react-app/node_modules/.pnpm/jest-runner@29.1.2/node_modules/jest-runner/build/runTest.js:491:34)
    at Object.worker (/Users/davitbejanyan/Desktop/kafka-ui/kafka-ui-react-app/node_modules/.pnpm/jest-runner@29.1.2/node_modules/jest-runner/build/testWorker.js:133:12)]]></failure>
    </testCase>
    <testCase name="ClusterMenu renders cluster menu with correct set of features" duration="32">
      <failure message="Error: expect(received).toEqual(expected) // deep equality"><![CDATA[Error: expect(received).toEqual(expected) // deep equality

Expected: 7
Received: 1
    at Object.toEqual (/Users/davitbejanyan/Desktop/kafka-ui/kafka-ui-react-app/src/components/Nav/__tests__/ClusterMenu.spec.tsx:47:35)
    at Promise.then.completed (/Users/davitbejanyan/Desktop/kafka-ui/kafka-ui-react-app/node_modules/.pnpm/jest-circus@29.1.2/node_modules/jest-circus/build/utils.js:333:28)
    at new Promise (<anonymous>)
    at callAsyncCircusFn (/Users/davitbejanyan/Desktop/kafka-ui/kafka-ui-react-app/node_modules/.pnpm/jest-circus@29.1.2/node_modules/jest-circus/build/utils.js:259:10)
    at _callCircusTest (/Users/davitbejanyan/Desktop/kafka-ui/kafka-ui-react-app/node_modules/.pnpm/jest-circus@29.1.2/node_modules/jest-circus/build/run.js:277:40)
    at processTicksAndRejections (node:internal/process/task_queues:96:5)
    at _runTest (/Users/davitbejanyan/Desktop/kafka-ui/kafka-ui-react-app/node_modules/.pnpm/jest-circus@29.1.2/node_modules/jest-circus/build/run.js:209:3)
    at _runTestsForDescribeBlock (/Users/davitbejanyan/Desktop/kafka-ui/kafka-ui-react-app/node_modules/.pnpm/jest-circus@29.1.2/node_modules/jest-circus/build/run.js:97:9)
    at _runTestsForDescribeBlock (/Users/davitbejanyan/Desktop/kafka-ui/kafka-ui-react-app/node_modules/.pnpm/jest-circus@29.1.2/node_modules/jest-circus/build/run.js:91:9)
    at run (/Users/davitbejanyan/Desktop/kafka-ui/kafka-ui-react-app/node_modules/.pnpm/jest-circus@29.1.2/node_modules/jest-circus/build/run.js:31:3)
    at runAndTransformResultsToJestFormat (/Users/davitbejanyan/Desktop/kafka-ui/kafka-ui-react-app/node_modules/.pnpm/jest-circus@29.1.2/node_modules/jest-circus/build/legacy-code-todo-rewrite/jestAdapterInit.js:136:21)
    at jestAdapter (/Users/davitbejanyan/Desktop/kafka-ui/kafka-ui-react-app/node_modules/.pnpm/jest-circus@29.1.2/node_modules/jest-circus/build/legacy-code-todo-rewrite/jestAdapter.js:92:19)
    at runTestInternal (/Users/davitbejanyan/Desktop/kafka-ui/kafka-ui-react-app/node_modules/.pnpm/jest-runner@29.1.2/node_modules/jest-runner/build/runTest.js:407:16)
    at runTest (/Users/davitbejanyan/Desktop/kafka-ui/kafka-ui-react-app/node_modules/.pnpm/jest-runner@29.1.2/node_modules/jest-runner/build/runTest.js:491:34)
    at Object.worker (/Users/davitbejanyan/Desktop/kafka-ui/kafka-ui-react-app/node_modules/.pnpm/jest-runner@29.1.2/node_modules/jest-runner/build/testWorker.js:133:12)]]></failure>
    </testCase>
    <testCase name="ClusterMenu renders open cluster menu" duration="24"/>
    <testCase name="ClusterMenu makes Kafka Connect link active" duration="11">
      <failure message="Error: expect(received).toEqual(expected) // deep equality"><![CDATA[Error: expect(received).toEqual(expected) // deep equality

Expected: 5
Received: 1
    at Object.toEqual (/Users/davitbejanyan/Desktop/kafka-ui/kafka-ui-react-app/src/components/Nav/__tests__/ClusterMenu.spec.tsx:77:35)
    at Promise.then.completed (/Users/davitbejanyan/Desktop/kafka-ui/kafka-ui-react-app/node_modules/.pnpm/jest-circus@29.1.2/node_modules/jest-circus/build/utils.js:333:28)
    at new Promise (<anonymous>)
    at callAsyncCircusFn (/Users/davitbejanyan/Desktop/kafka-ui/kafka-ui-react-app/node_modules/.pnpm/jest-circus@29.1.2/node_modules/jest-circus/build/utils.js:259:10)
    at _callCircusTest (/Users/davitbejanyan/Desktop/kafka-ui/kafka-ui-react-app/node_modules/.pnpm/jest-circus@29.1.2/node_modules/jest-circus/build/run.js:277:40)
    at processTicksAndRejections (node:internal/process/task_queues:96:5)
    at _runTest (/Users/davitbejanyan/Desktop/kafka-ui/kafka-ui-react-app/node_modules/.pnpm/jest-circus@29.1.2/node_modules/jest-circus/build/run.js:209:3)
    at _runTestsForDescribeBlock (/Users/davitbejanyan/Desktop/kafka-ui/kafka-ui-react-app/node_modules/.pnpm/jest-circus@29.1.2/node_modules/jest-circus/build/run.js:97:9)
    at _runTestsForDescribeBlock (/Users/davitbejanyan/Desktop/kafka-ui/kafka-ui-react-app/node_modules/.pnpm/jest-circus@29.1.2/node_modules/jest-circus/build/run.js:91:9)
    at run (/Users/davitbejanyan/Desktop/kafka-ui/kafka-ui-react-app/node_modules/.pnpm/jest-circus@29.1.2/node_modules/jest-circus/build/run.js:31:3)
    at runAndTransformResultsToJestFormat (/Users/davitbejanyan/Desktop/kafka-ui/kafka-ui-react-app/node_modules/.pnpm/jest-circus@29.1.2/node_modules/jest-circus/build/legacy-code-todo-rewrite/jestAdapterInit.js:136:21)
    at jestAdapter (/Users/davitbejanyan/Desktop/kafka-ui/kafka-ui-react-app/node_modules/.pnpm/jest-circus@29.1.2/node_modules/jest-circus/build/legacy-code-todo-rewrite/jestAdapter.js:92:19)
    at runTestInternal (/Users/davitbejanyan/Desktop/kafka-ui/kafka-ui-react-app/node_modules/.pnpm/jest-runner@29.1.2/node_modules/jest-runner/build/runTest.js:407:16)
    at runTest (/Users/davitbejanyan/Desktop/kafka-ui/kafka-ui-react-app/node_modules/.pnpm/jest-runner@29.1.2/node_modules/jest-runner/build/runTest.js:491:34)
    at Object.worker (/Users/davitbejanyan/Desktop/kafka-ui/kafka-ui-react-app/node_modules/.pnpm/jest-runner@29.1.2/node_modules/jest-runner/build/testWorker.js:133:12)]]></failure>
    </testCase>
  </file>
  <file path="/Users/davitbejanyan/Desktop/kafka-ui/kafka-ui-react-app/src/components/Topics/shared/Form/__tests__/TimeToRetainBtn.spec.tsx">
    <testCase name="TimeToRetainBtn Component rendering with its Default Props Setups should test the component rendering on the screen" duration="18"/>
    <testCase name="TimeToRetainBtn Component rendering with its Default Props Setups should test the non active state of the button and its styling" duration="12"/>
    <testCase name="TimeToRetainBtn Component rendering with its Default Props Setups should test the non active state with click becoming active" duration="8">
      <failure message="Error: expect(element).toHaveStyle()"><![CDATA[Error: expect(element).toHaveStyle()

- Expected

- background-color: rgb(115, 132, 140);
+ background-color: rgb(241, 242, 243);
    at Object.toHaveStyle (/Users/davitbejanyan/Desktop/kafka-ui/kafka-ui-react-app/src/components/Topics/shared/Form/__tests__/TimeToRetainBtn.spec.tsx:52:29)
    at Promise.then.completed (/Users/davitbejanyan/Desktop/kafka-ui/kafka-ui-react-app/node_modules/.pnpm/jest-circus@29.1.2/node_modules/jest-circus/build/utils.js:333:28)
    at new Promise (<anonymous>)
    at callAsyncCircusFn (/Users/davitbejanyan/Desktop/kafka-ui/kafka-ui-react-app/node_modules/.pnpm/jest-circus@29.1.2/node_modules/jest-circus/build/utils.js:259:10)
    at _callCircusTest (/Users/davitbejanyan/Desktop/kafka-ui/kafka-ui-react-app/node_modules/.pnpm/jest-circus@29.1.2/node_modules/jest-circus/build/run.js:277:40)
    at processTicksAndRejections (node:internal/process/task_queues:96:5)
    at _runTest (/Users/davitbejanyan/Desktop/kafka-ui/kafka-ui-react-app/node_modules/.pnpm/jest-circus@29.1.2/node_modules/jest-circus/build/run.js:209:3)
    at _runTestsForDescribeBlock (/Users/davitbejanyan/Desktop/kafka-ui/kafka-ui-react-app/node_modules/.pnpm/jest-circus@29.1.2/node_modules/jest-circus/build/run.js:97:9)
    at _runTestsForDescribeBlock (/Users/davitbejanyan/Desktop/kafka-ui/kafka-ui-react-app/node_modules/.pnpm/jest-circus@29.1.2/node_modules/jest-circus/build/run.js:91:9)
    at _runTestsForDescribeBlock (/Users/davitbejanyan/Desktop/kafka-ui/kafka-ui-react-app/node_modules/.pnpm/jest-circus@29.1.2/node_modules/jest-circus/build/run.js:91:9)
    at run (/Users/davitbejanyan/Desktop/kafka-ui/kafka-ui-react-app/node_modules/.pnpm/jest-circus@29.1.2/node_modules/jest-circus/build/run.js:31:3)
    at runAndTransformResultsToJestFormat (/Users/davitbejanyan/Desktop/kafka-ui/kafka-ui-react-app/node_modules/.pnpm/jest-circus@29.1.2/node_modules/jest-circus/build/legacy-code-todo-rewrite/jestAdapterInit.js:136:21)
    at jestAdapter (/Users/davitbejanyan/Desktop/kafka-ui/kafka-ui-react-app/node_modules/.pnpm/jest-circus@29.1.2/node_modules/jest-circus/build/legacy-code-todo-rewrite/jestAdapter.js:92:19)
    at runTestInternal (/Users/davitbejanyan/Desktop/kafka-ui/kafka-ui-react-app/node_modules/.pnpm/jest-runner@29.1.2/node_modules/jest-runner/build/runTest.js:407:16)
    at runTest (/Users/davitbejanyan/Desktop/kafka-ui/kafka-ui-react-app/node_modules/.pnpm/jest-runner@29.1.2/node_modules/jest-runner/build/runTest.js:491:34)
    at Object.worker (/Users/davitbejanyan/Desktop/kafka-ui/kafka-ui-react-app/node_modules/.pnpm/jest-runner@29.1.2/node_modules/jest-runner/build/testWorker.js:133:12)]]></failure>
    </testCase>
    <testCase name="TimeToRetainBtn Component rendering with its Default Props Setups should test the active state of the button and its styling" duration="5"/>
  </file>
  <file path="/Users/davitbejanyan/Desktop/kafka-ui/kafka-ui-react-app/src/components/Topics/Topic/Messages/__test__/Message.spec.tsx">
    <testCase name="Message component shows the data in the table row" duration="57"/>
    <testCase name="Message component check the useDataSaver functionality" duration="12"/>
    <testCase name="Message component should check the dropdown being visible during hover" duration="29">
      <failure message="TestingLibraryElementError: Unable to find an element with the text: Save as a file. This could be because the text is broken up by multiple elements. In this case, you can provide a function for your text matcher to make your matcher more flexible."><![CDATA[TestingLibraryElementError: Unable to find an element with the text: Save as a file. This could be because the text is broken up by multiple elements. In this case, you can provide a function for your text matcher to make your matcher more flexible.

Ignored nodes: comments, script, style
<body>
  <div>
    <div>
      <table>
        <tbody>
          <tr
            class="sc-dIfARi gKesMH"
          >
            <td>
              <span
                aria-hidden="true"
                class="sc-bcXHqe fnBiBv"
                role="button"
                tabindex="0"
              >
                <svg
                  class="sc-eDvSVe eNBOBb"
                  fill="none"
                  height="16"
                  viewBox="0 0 16 16"
                  width="16"
                  xmlns="http://www.w3.org/2000/svg"
                >
                  <path
                    clip-rule="evenodd"
                    d="M0 2C0 0.895431 0.895431 0 2 0H14C15.1046 0 16 0.895431 16 2V14C16 15.1046 15.1046 16 14 16H2C0.895431 16 0 15.1046 0 14V2ZM8 4C8.55229 4 9 4.44772 9 5V7H11C11.5523 7 12 7.44772 12 8C12 8.55229 11.5523 9 11 9H9V11C9 11.5523 8.55229 12 8 12C7.44772 12 7 11.5523 7 11V9H5C4.44772 9 4 8.55228 4 8C4 7.44771 4.44772 7 5 7H7V5C7 4.44772 7.44772 4 8 4Z"
                    fill-rule="evenodd"
                  />
                </svg>
              </span>
            </td>
            <td>
              0
            </td>
            <td>
              6
            </td>
            <td>
              <div>
                11.10.2022 15:23:28
              </div>
            </td>
            <td
              class="sc-idXgbr fSPLIz"
              title="test-key"
            >
              test-key
            </td>
            <td
              class="sc-idXgbr fSPLIz"
            >
              <span
                class="sc-bqWxrE bYcxem"
              >
                <p
                  class="sc-hBxehG dmijqk"
                >
                  {"data": "test"}
                </p>
              </span>
            </td>
            <td
              style="width: 5%;"
            />
          </tr>
        </tbody>
      </table>
    </div>
  </div>
</body>
    at Object.getElementError (/Users/davitbejanyan/Desktop/kafka-ui/kafka-ui-react-app/node_modules/.pnpm/@testing-library+dom@8.19.0/node_modules/@testing-library/dom/dist/config.js:40:19)
    at /Users/davitbejanyan/Desktop/kafka-ui/kafka-ui-react-app/node_modules/.pnpm/@testing-library+dom@8.19.0/node_modules/@testing-library/dom/dist/query-helpers.js:90:38
    at /Users/davitbejanyan/Desktop/kafka-ui/kafka-ui-react-app/node_modules/.pnpm/@testing-library+dom@8.19.0/node_modules/@testing-library/dom/dist/query-helpers.js:62:17
    at /Users/davitbejanyan/Desktop/kafka-ui/kafka-ui-react-app/node_modules/.pnpm/@testing-library+dom@8.19.0/node_modules/@testing-library/dom/dist/query-helpers.js:111:19
    at Object.getByText (/Users/davitbejanyan/Desktop/kafka-ui/kafka-ui-react-app/src/components/Topics/Topic/Messages/__test__/Message.spec.tsx:76:19)
    at Promise.then.completed (/Users/davitbejanyan/Desktop/kafka-ui/kafka-ui-react-app/node_modules/.pnpm/jest-circus@29.1.2/node_modules/jest-circus/build/utils.js:333:28)
    at new Promise (<anonymous>)
    at callAsyncCircusFn (/Users/davitbejanyan/Desktop/kafka-ui/kafka-ui-react-app/node_modules/.pnpm/jest-circus@29.1.2/node_modules/jest-circus/build/utils.js:259:10)
    at _callCircusTest (/Users/davitbejanyan/Desktop/kafka-ui/kafka-ui-react-app/node_modules/.pnpm/jest-circus@29.1.2/node_modules/jest-circus/build/run.js:277:40)
    at processTicksAndRejections (node:internal/process/task_queues:96:5)
    at _runTest (/Users/davitbejanyan/Desktop/kafka-ui/kafka-ui-react-app/node_modules/.pnpm/jest-circus@29.1.2/node_modules/jest-circus/build/run.js:209:3)
    at _runTestsForDescribeBlock (/Users/davitbejanyan/Desktop/kafka-ui/kafka-ui-react-app/node_modules/.pnpm/jest-circus@29.1.2/node_modules/jest-circus/build/run.js:97:9)
    at _runTestsForDescribeBlock (/Users/davitbejanyan/Desktop/kafka-ui/kafka-ui-react-app/node_modules/.pnpm/jest-circus@29.1.2/node_modules/jest-circus/build/run.js:91:9)
    at run (/Users/davitbejanyan/Desktop/kafka-ui/kafka-ui-react-app/node_modules/.pnpm/jest-circus@29.1.2/node_modules/jest-circus/build/run.js:31:3)
    at runAndTransformResultsToJestFormat (/Users/davitbejanyan/Desktop/kafka-ui/kafka-ui-react-app/node_modules/.pnpm/jest-circus@29.1.2/node_modules/jest-circus/build/legacy-code-todo-rewrite/jestAdapterInit.js:136:21)
    at jestAdapter (/Users/davitbejanyan/Desktop/kafka-ui/kafka-ui-react-app/node_modules/.pnpm/jest-circus@29.1.2/node_modules/jest-circus/build/legacy-code-todo-rewrite/jestAdapter.js:92:19)
    at runTestInternal (/Users/davitbejanyan/Desktop/kafka-ui/kafka-ui-react-app/node_modules/.pnpm/jest-runner@29.1.2/node_modules/jest-runner/build/runTest.js:407:16)
    at runTest (/Users/davitbejanyan/Desktop/kafka-ui/kafka-ui-react-app/node_modules/.pnpm/jest-runner@29.1.2/node_modules/jest-runner/build/runTest.js:491:34)
    at Object.worker (/Users/davitbejanyan/Desktop/kafka-ui/kafka-ui-react-app/node_modules/.pnpm/jest-runner@29.1.2/node_modules/jest-runner/build/testWorker.js:133:12)]]></failure>
    </testCase>
    <testCase name="Message component should check open Message Content functionality" duration="5">
      <failure message="TestingLibraryElementError: Unable to find an element with the text: messageContentText. This could be because the text is broken up by multiple elements. In this case, you can provide a function for your text matcher to make your matcher more flexible."><![CDATA[TestingLibraryElementError: Unable to find an element with the text: messageContentText. This could be because the text is broken up by multiple elements. In this case, you can provide a function for your text matcher to make your matcher more flexible.

Ignored nodes: comments, script, style
<body>
  <div>
    <div>
      <table>
        <tbody>
          <tr
            class="sc-dIfARi gKesMH"
          >
            <td>
              <span
                aria-hidden="true"
                class="sc-bcXHqe fnBiBv"
                role="button"
                tabindex="0"
              >
                <svg
                  class="sc-eDvSVe eNBOBb"
                  fill="none"
                  height="16"
                  viewBox="0 0 16 16"
                  width="16"
                  xmlns="http://www.w3.org/2000/svg"
                >
                  <path
                    clip-rule="evenodd"
                    d="M0 2C0 0.895431 0.895431 0 2 0H14C15.1046 0 16 0.895431 16 2V14C16 15.1046 15.1046 16 14 16H2C0.895431 16 0 15.1046 0 14V2ZM8 4C8.55229 4 9 4.44772 9 5V7H11C11.5523 7 12 7.44772 12 8C12 8.55229 11.5523 9 11 9H9V11C9 11.5523 8.55229 12 8 12C7.44772 12 7 11.5523 7 11V9H5C4.44772 9 4 8.55228 4 8C4 7.44771 4.44772 7 5 7H7V5C7 4.44772 7.44772 4 8 4Z"
                    fill-rule="evenodd"
                  />
                </svg>
              </span>
            </td>
            <td>
              0
            </td>
            <td>
              6
            </td>
            <td>
              <div>
                11.10.2022 15:23:28
              </div>
            </td>
            <td
              class="sc-idXgbr fSPLIz"
              title="test-key"
            >
              test-key
            </td>
            <td
              class="sc-idXgbr fSPLIz"
            >
              <span
                class="sc-bqWxrE bYcxem"
              >
                <p
                  class="sc-hBxehG dmijqk"
                >
                  {"data": "test"}
                </p>
              </span>
            </td>
            <td
              style="width: 5%;"
            />
          </tr>
        </tbody>
      </table>
    </div>
  </div>
</body>
    at Object.getElementError (/Users/davitbejanyan/Desktop/kafka-ui/kafka-ui-react-app/node_modules/.pnpm/@testing-library+dom@8.19.0/node_modules/@testing-library/dom/dist/config.js:40:19)
    at /Users/davitbejanyan/Desktop/kafka-ui/kafka-ui-react-app/node_modules/.pnpm/@testing-library+dom@8.19.0/node_modules/@testing-library/dom/dist/query-helpers.js:90:38
    at /Users/davitbejanyan/Desktop/kafka-ui/kafka-ui-react-app/node_modules/.pnpm/@testing-library+dom@8.19.0/node_modules/@testing-library/dom/dist/query-helpers.js:62:17
    at /Users/davitbejanyan/Desktop/kafka-ui/kafka-ui-react-app/node_modules/.pnpm/@testing-library+dom@8.19.0/node_modules/@testing-library/dom/dist/query-helpers.js:111:19
    at Object.getByText (/Users/davitbejanyan/Desktop/kafka-ui/kafka-ui-react-app/src/components/Topics/Topic/Messages/__test__/Message.spec.tsx:87:19)
    at Promise.then.completed (/Users/davitbejanyan/Desktop/kafka-ui/kafka-ui-react-app/node_modules/.pnpm/jest-circus@29.1.2/node_modules/jest-circus/build/utils.js:333:28)
    at new Promise (<anonymous>)
    at callAsyncCircusFn (/Users/davitbejanyan/Desktop/kafka-ui/kafka-ui-react-app/node_modules/.pnpm/jest-circus@29.1.2/node_modules/jest-circus/build/utils.js:259:10)
    at _callCircusTest (/Users/davitbejanyan/Desktop/kafka-ui/kafka-ui-react-app/node_modules/.pnpm/jest-circus@29.1.2/node_modules/jest-circus/build/run.js:277:40)
    at processTicksAndRejections (node:internal/process/task_queues:96:5)
    at _runTest (/Users/davitbejanyan/Desktop/kafka-ui/kafka-ui-react-app/node_modules/.pnpm/jest-circus@29.1.2/node_modules/jest-circus/build/run.js:209:3)
    at _runTestsForDescribeBlock (/Users/davitbejanyan/Desktop/kafka-ui/kafka-ui-react-app/node_modules/.pnpm/jest-circus@29.1.2/node_modules/jest-circus/build/run.js:97:9)
    at _runTestsForDescribeBlock (/Users/davitbejanyan/Desktop/kafka-ui/kafka-ui-react-app/node_modules/.pnpm/jest-circus@29.1.2/node_modules/jest-circus/build/run.js:91:9)
    at run (/Users/davitbejanyan/Desktop/kafka-ui/kafka-ui-react-app/node_modules/.pnpm/jest-circus@29.1.2/node_modules/jest-circus/build/run.js:31:3)
    at runAndTransformResultsToJestFormat (/Users/davitbejanyan/Desktop/kafka-ui/kafka-ui-react-app/node_modules/.pnpm/jest-circus@29.1.2/node_modules/jest-circus/build/legacy-code-todo-rewrite/jestAdapterInit.js:136:21)
    at jestAdapter (/Users/davitbejanyan/Desktop/kafka-ui/kafka-ui-react-app/node_modules/.pnpm/jest-circus@29.1.2/node_modules/jest-circus/build/legacy-code-todo-rewrite/jestAdapter.js:92:19)
    at runTestInternal (/Users/davitbejanyan/Desktop/kafka-ui/kafka-ui-react-app/node_modules/.pnpm/jest-runner@29.1.2/node_modules/jest-runner/build/runTest.js:407:16)
    at runTest (/Users/davitbejanyan/Desktop/kafka-ui/kafka-ui-react-app/node_modules/.pnpm/jest-runner@29.1.2/node_modules/jest-runner/build/runTest.js:491:34)
    at Object.worker (/Users/davitbejanyan/Desktop/kafka-ui/kafka-ui-react-app/node_modules/.pnpm/jest-runner@29.1.2/node_modules/jest-runner/build/testWorker.js:133:12)]]></failure>
    </testCase>
  </file>
  <file path="/Users/davitbejanyan/Desktop/kafka-ui/kafka-ui-react-app/src/components/common/Search/__tests__/Search.spec.tsx">
    <testCase name="Search calls handleSearch on input" duration="19">
      <failure message="Error: expect(jest.fn()).toHaveBeenCalledTimes(expected)"><![CDATA[Error: expect(jest.fn()).toHaveBeenCalledTimes(expected)

Expected number of calls: 5
Received number of calls: 0
    at Object.toHaveBeenCalledTimes (/Users/davitbejanyan/Desktop/kafka-ui/kafka-ui-react-app/src/components/common/Search/__tests__/Search.spec.tsx:32:33)
    at Promise.then.completed (/Users/davitbejanyan/Desktop/kafka-ui/kafka-ui-react-app/node_modules/.pnpm/jest-circus@29.1.2/node_modules/jest-circus/build/utils.js:333:28)
    at new Promise (<anonymous>)
    at callAsyncCircusFn (/Users/davitbejanyan/Desktop/kafka-ui/kafka-ui-react-app/node_modules/.pnpm/jest-circus@29.1.2/node_modules/jest-circus/build/utils.js:259:10)
    at _callCircusTest (/Users/davitbejanyan/Desktop/kafka-ui/kafka-ui-react-app/node_modules/.pnpm/jest-circus@29.1.2/node_modules/jest-circus/build/run.js:277:40)
    at processTicksAndRejections (node:internal/process/task_queues:96:5)
    at _runTest (/Users/davitbejanyan/Desktop/kafka-ui/kafka-ui-react-app/node_modules/.pnpm/jest-circus@29.1.2/node_modules/jest-circus/build/run.js:209:3)
    at _runTestsForDescribeBlock (/Users/davitbejanyan/Desktop/kafka-ui/kafka-ui-react-app/node_modules/.pnpm/jest-circus@29.1.2/node_modules/jest-circus/build/run.js:97:9)
    at _runTestsForDescribeBlock (/Users/davitbejanyan/Desktop/kafka-ui/kafka-ui-react-app/node_modules/.pnpm/jest-circus@29.1.2/node_modules/jest-circus/build/run.js:91:9)
    at run (/Users/davitbejanyan/Desktop/kafka-ui/kafka-ui-react-app/node_modules/.pnpm/jest-circus@29.1.2/node_modules/jest-circus/build/run.js:31:3)
    at runAndTransformResultsToJestFormat (/Users/davitbejanyan/Desktop/kafka-ui/kafka-ui-react-app/node_modules/.pnpm/jest-circus@29.1.2/node_modules/jest-circus/build/legacy-code-todo-rewrite/jestAdapterInit.js:136:21)
    at jestAdapter (/Users/davitbejanyan/Desktop/kafka-ui/kafka-ui-react-app/node_modules/.pnpm/jest-circus@29.1.2/node_modules/jest-circus/build/legacy-code-todo-rewrite/jestAdapter.js:92:19)
    at runTestInternal (/Users/davitbejanyan/Desktop/kafka-ui/kafka-ui-react-app/node_modules/.pnpm/jest-runner@29.1.2/node_modules/jest-runner/build/runTest.js:407:16)
    at runTest (/Users/davitbejanyan/Desktop/kafka-ui/kafka-ui-react-app/node_modules/.pnpm/jest-runner@29.1.2/node_modules/jest-runner/build/runTest.js:491:34)
    at Object.worker (/Users/davitbejanyan/Desktop/kafka-ui/kafka-ui-react-app/node_modules/.pnpm/jest-runner@29.1.2/node_modules/jest-runner/build/testWorker.js:133:12)]]></failure>
    </testCase>
    <testCase name="Search when placeholder is provided" duration="6"/>
    <testCase name="Search when placeholder is not provided" duration="4"/>
  </file>
  <file path="/Users/davitbejanyan/Desktop/kafka-ui/kafka-ui-react-app/src/components/Connect/List/__tests__/List.spec.tsx">
    <testCase name="Connectors List when the connectors are loaded renders" duration="100"/>
    <testCase name="Connectors List when the connectors are loaded opens broker when row clicked" duration="226"/>
    <testCase name="Connectors List when table is empty renders empty table" duration="35"/>
    <testCase name="Connectors List when remove connector modal is open calls removeConnector on confirm" duration="119"/>
    <testCase name="Connectors List when remove connector modal is open closes the modal when cancel button is clicked" duration="88"/>
  </file>
  <file path="/Users/davitbejanyan/Desktop/kafka-ui/kafka-ui-react-app/src/lib/hooks/api/__tests__/kafkaConnect.spec.ts">
    <testCase name="kafkaConnect hooks useConnects returns the correct data" duration="78"/>
    <testCase name="kafkaConnect hooks useConnectors returns the correct data" duration="55"/>
    <testCase name="kafkaConnect hooks useConnectors returns the correct data for request with search criteria" duration="54"/>
    <testCase name="kafkaConnect hooks useConnector returns the correct data" duration="56"/>
    <testCase name="kafkaConnect hooks useConnectorTasks returns the correct data" duration="60"/>
    <testCase name="kafkaConnect hooks useConnectorConfig returns the correct data" duration="57"/>
    <testCase name="kafkaConnect hooks mutatations useUpdateConnectorState returns the correct data" duration="7"/>
    <testCase name="kafkaConnect hooks mutatations useRestartConnectorTask returns the correct data" duration="11"/>
    <testCase name="kafkaConnect hooks mutatations useUpdateConnectorConfig returns the correct data" duration="7"/>
    <testCase name="kafkaConnect hooks mutatations useCreateConnector returns the correct data" duration="55"/>
    <testCase name="kafkaConnect hooks mutatations useDeleteConnector returns the correct data" duration="4"/>
  </file>
  <file path="/Users/davitbejanyan/Desktop/kafka-ui/kafka-ui-react-app/src/components/Topics/shared/Form/__tests__/TopicForm.spec.tsx">
    <testCase name="TopicForm renders" duration="406"/>
    <testCase name="TopicForm submits" duration="93"/>
  </file>
  <file path="/Users/davitbejanyan/Desktop/kafka-ui/kafka-ui-react-app/src/components/Schemas/Diff/__test__/Diff.spec.tsx">
    <testCase name="Diff Container renders view" duration="35"/>
    <testCase name="Diff when page with schema versions is loading renders PageLoader" duration="98"/>
    <testCase name="Diff when schema versions are loaded and no specified versions in path renders all options" duration="122"/>
    <testCase name="Diff when schema versions are loaded and no specified versions in path renders left select with empty value" duration="38"/>
    <testCase name="Diff when schema versions are loaded and no specified versions in path renders right select with empty value" duration="47"/>
    <testCase name="Diff when schema versions are loaded and two versions in path renders left select with version 1" duration="51"/>
    <testCase name="Diff when schema versions are loaded and two versions in path renders right select with version 2" duration="55"/>
    <testCase name="Diff when schema versions are loaded and only one versions in path renders left select with version 1" duration="80"/>
    <testCase name="Diff when schema versions are loaded and only one versions in path renders right select with empty value" duration="58"/>
  </file>
  <file path="/Users/davitbejanyan/Desktop/kafka-ui/kafka-ui-react-app/src/components/Topics/Topic/SendMessage/__test__/SendMessage.spec.tsx">
    <testCase name="SendMessage when schema is fetched calls sendTopicMessage on submit" duration="353"/>
    <testCase name="SendMessage when schema is fetched should check and view validation error message when is not valid" duration="233"/>
    <testCase name="SendMessage when schema is empty renders if schema is not defined" duration="76"/>
  </file>
  <file path="/Users/davitbejanyan/Desktop/kafka-ui/kafka-ui-react-app/src/components/Topics/List/__tests__/TopicTable.spec.tsx">
    <testCase name="TopicTable Components without data renders empty table when payload is undefined" duration="117"/>
    <testCase name="TopicTable Components without data renders empty table when payload is empty" duration="84"/>
    <testCase name="TopicTable Components with topics renders correct rows" duration="271"/>
    <testCase name="TopicTable Components with topics Selectable rows renders selectable rows" duration="60"/>
    <testCase name="TopicTable Components with topics Selectable rows does not render selectable rows for read-only cluster" duration="18"/>
    <testCase name="TopicTable Components with topics Selectable rows Batch actions bar when only one topic is selected renders batch actions bar" duration="693">
      <failure message="TestingLibraryElementError: Unable to find an accessible element with the role &quot;button&quot; and name &quot;Delete selected topics&quot;"><![CDATA[TestingLibraryElementError: Unable to find an accessible element with the role "button" and name "Delete selected topics"

Here are the accessible roles:

  table:

  Name "":
  <table
    class="sc-bjfHbI dFKpII"
  />

  --------------------------------------------------
  rowgroup:

  Name "":
  <thead />

  Name "":
  <tbody />

  --------------------------------------------------
  row:

  Name "Topic Name Partitions Out of sync replicas Replication Factor Number of messages Size":
  <tr />

  Name "external.topic 1 0 1 0 1KB":
  <tr
    class="sc-ksBlkl boZBPF"
  />

  Name "test-topic 1 0 1 0 1KB":
  <tr
    class="sc-ksBlkl boZBPF"
  />

  --------------------------------------------------
  columnheader:

  Name "":
  <th
    class="sc-bqWxrE WvYRc"
  />

  Name "Topic Name":
  <th
    class="sc-bqWxrE chqDnK"
    colspan="1"
  />

  Name "Partitions":
  <th
    class="sc-bqWxrE chqDnK"
    colspan="1"
  />

  Name "Out of sync replicas":
  <th
    class="sc-bqWxrE chqDnK"
    colspan="1"
  />

  Name "Replication Factor":
  <th
    class="sc-bqWxrE eOtHhI"
    colspan="1"
  />

  Name "Number of messages":
  <th
    class="sc-bqWxrE eOtHhI"
    colspan="1"
  />

  Name "Size":
  <th
    class="sc-bqWxrE chqDnK"
    colspan="1"
  />

  Name "":
  <th
    class="sc-bqWxrE eOtHhI"
    colspan="1"
  />

  --------------------------------------------------
  checkbox:

  Name "":
  <input
    class="sc-iveFHk galDiN"
    type="checkbox"
  />

  Name "":
  <input
    class="sc-iveFHk galDiN"
    type="checkbox"
  />

  Name "":
  <input
    class="sc-iveFHk galDiN"
    type="checkbox"
  />

  --------------------------------------------------
  cell:

  Name "":
  <td
    style="width: 1px;"
  />

  Name "external.topic":
  <td />

  Name "1":
  <td />

  Name "0":
  <td />

  Name "1":
  <td />

  Name "0":
  <td />

  Name "1KB":
  <td />

  Name "":
  <td />

  Name "":
  <td
    style="width: 1px;"
  />

  Name "test-topic":
  <td />

  Name "1":
  <td />

  Name "0":
  <td />

  Name "1":
  <td />

  Name "0":
  <td />

  Name "1KB":
  <td />

  Name "":
  <td />

  --------------------------------------------------
  link:

  Name "external.topic":
  <a
    class=""
    href="/ui/clusters/test-cluster/all-topics/external.topic"
    title="external.topic"
  />

  Name "test-topic":
  <a
    class=""
    href="/ui/clusters/test-cluster/all-topics/test-topic"
    title="test-topic"
  />

  --------------------------------------------------
  button:

  Name "Dropdown Toggle":
  <button
    aria-label="Dropdown Toggle"
    class="sc-iJnaPW cLtDrB"
  />

  Name "Dropdown Toggle":
  <button
    aria-label="Dropdown Toggle"
    class="sc-iJnaPW cLtDrB"
  />

  --------------------------------------------------

Ignored nodes: comments, script, style
<body>
  <div>
    <div>
      <div
        class="sc-bBABsx jvVYpR"
      >
        <table
          class="sc-bjfHbI dFKpII"
        >
          <thead>
            <tr>
              <th
                class="sc-bqWxrE WvYRc"
              >
                <input
                  class="sc-iveFHk galDiN"
                  type="checkbox"
                />
              </th>
              <th
                class="sc-bqWxrE chqDnK"
                colspan="1"
              >
                <div>
                  Topic Name
                </div>
              </th>
              <th
                class="sc-bqWxrE chqDnK"
                colspan="1"
              >
                <div>
                  Partitions
                </div>
              </th>
              <th
                class="sc-bqWxrE chqDnK"
                colspan="1"
              >
                <div>
                  Out of sync replicas
                </div>
              </th>
              <th
                class="sc-bqWxrE eOtHhI"
                colspan="1"
              >
                <div>
                  Replication Factor
                </div>
              </th>
              <th
                class="sc-bqWxrE eOtHhI"
                colspan="1"
              >
                <div>
                  Number of messages
                </div>
              </th>
              <th
                class="sc-bqWxrE chqDnK"
                colspan="1"
              >
                <div>
                  Size
                </div>
              </th>
              <th
                class="sc-bqWxrE eOtHhI"
                colspan="1"
              >
                <div />
              </th>
            </tr>
          </thead>
          <tbody>
            <tr
              class="sc-ksBlkl boZBPF"
            >
              <td
                style="width: 1px;"
              >
                <input
                  class="sc-iveFHk galDiN"
                  type="checkbox"
                />
              </td>
              <td>
                <a
                  class=""
                  href="/ui/clusters/test-cluster/all-topics/external.topic"
                  title="external.topic"
                >
                  external.topic
                </a>
              </td>
              <td>
                1
              </td>
              <td>
                0
              </td>
              <td>
                1
              </td>
              <td>
                0
              </td>
              <td>
                <span>
                  1KB
                </span>
              </td>
              <td>
                <div
                  class="sc-bYMpWt jPuQbj"
                >
                  <button
                    aria-label="Dropdown Toggle"
                    class="sc-iJnaPW cLtDrB"
                  >
                    <svg
                      fill="none"
                      height="16"
                      viewBox="0 0 4 16"
                      width="4"
                      xmlns="http://www.w3.org/2000/svg"
                    >
                      <path
                        d="M2 4C3.1 4 4 3.1 4 2C4 0.9 3.1 0 2 0C0.9 0 0 0.9 0 2C0 3.1 0.9 4 2 4ZM2 6C0.9 6 0 6.9 0 8C0 9.1 0.9 10 2 10C3.1 10 4 9.1 4 8C4 6.9 3.1 6 2 6ZM2 12C0.9 12 0 12.9 0 14C0 15.1 0.9 16 2 16C3.1 16 4 15.1 4 14C4 12.9 3.1 12 2 12Z"
                        fill="#73848C"
                      />
                    </svg>
                  </button>
                  <div
                    class="szh-menu-container sc-lllmON dJFjRP"
                    style="position: relative;"
                  >
                    <ul
                      aria-label="Menu"
                      class="szh-menu szh-menu--state-closed szh-menu--dir-bottom"
                      role="menu"
                      style="margin: 0px; display: none; position: absolute; left: 0px; top: 0px;"
                      tabindex="-1"
                    >
                      <div
                        style="position: absolute; left: 0px; top: 0px;"
                        tabindex="-1"
                      />
                      <li
                        aria-disabled="true"
                        class="szh-menu__item szh-menu__item--disabled"
                        role="menuitem"
                        tabindex="-1"
                      >
                        <div
                          class="sc-gikAfH ejPNDG"
                        >
                          Clear Messages
                          <div
                            class="sc-ezOQGI ebJAcj"
                          >
                            Clearing messages is only allowed for topics
                            <br />
                            with DELETE policy
                          </div>
                        </div>
                      </li>
                      <li
                        class="szh-menu__item"
                        role="menuitem"
                        tabindex="-1"
                      >
                        <div
                          class="sc-gikAfH ejPNDG"
                        >
                          Recreate Topic
                        </div>
                      </li>
                      <li
                        class="szh-menu__item"
                        role="menuitem"
                        tabindex="-1"
                      >
                        <div
                          class="sc-gikAfH ejPNDG"
                        >
                          Remove Topic
                        </div>
                      </li>
                    </ul>
                  </div>
                </div>
              </td>
            </tr>
            <tr
              class="sc-ksBlkl boZBPF"
            >
              <td
                style="width: 1px;"
              >
                <input
                  class="sc-iveFHk galDiN"
                  type="checkbox"
                />
              </td>
              <td>
                <a
                  class=""
                  href="/ui/clusters/test-cluster/all-topics/test-topic"
                  title="test-topic"
                >
                  test-topic
                </a>
              </td>
              <td>
                1
              </td>
              <td>
                0
              </td>
              <td>
                1
              </td>
              <td>
                0
              </td>
              <td>
                <span>
                  1KB
                </span>
              </td>
              <td>
                <div
                  class="sc-bYMpWt jPuQbj"
                >
                  <button
                    aria-label="Dropdown Toggle"
                    class="sc-iJnaPW cLtDrB"
                  >
                    <svg
                      fill="none"
                      height="16"
                      viewBox="0 0 4 16"
                      width="4"
                      xmlns="http://www.w3.org/2000/svg"
                    >
                      <path
                        d="M2 4C3.1 4 4 3.1 4 2C4 0.9 3.1 0 2 0C0.9 0 0 0.9 0 2C0 3.1 0.9 4 2 4ZM2 6C0.9 6 0 6.9 0 8C0 9.1 0.9 10 2 10C3.1 10 4 9.1 4 8C4 6.9 3.1 6 2 6ZM2 12C0.9 12 0 12.9 0 14C0 15.1 0.9 16 2 16C3.1 16 4 15.1 4 14C4 12.9 3.1 12 2 12Z"
                        fill="#73848C"
                      />
                    </svg>
                  </button>
                  <div
                    class="szh-menu-container sc-lllmON dJFjRP"
                    style="position: relative;"
                  >
                    <ul
                      aria-label="Menu"
                      class="szh-menu szh-menu--state-closed szh-menu--dir-bottom"
                      role="menu"
                      style="margin: 0px; display: none; position: absolute; left: 0px; top: 0px;"
                      tabindex="-1"
                    >
                      <div
                        style="position: absolute; left: 0px; top: 0px;"
                        tabindex="-1"
                      />
                      <li
                        aria-disabled="true"
                        class="szh-menu__item szh-menu__item--disabled"
                        role="menuitem"
                        tabindex="-1"
                      >
                        <div
                          class="sc-gikAfH ejPNDG"
                        >
                          Clear Messages
                          <div
                            class="sc-ezOQGI ebJAcj"
                          >
                            Clearing messages is only allowed for topics
                            <br />
                            with DELETE policy
                          </div>
                        </div>
                      </li>
                      <li
                        class="szh-menu__item"
                        role="menuitem"
                        tabindex="-1"
                      >
                        <div
                          class="sc-gikAfH ejPNDG"
                        >
                          Recreate Topic
                        </div>
                      </li>
                      <li
                        class="szh-menu__item"
                        role="menuitem"
                        tabindex="-1"
                      >
                        <div
                          class="sc-gikAfH ejPNDG"
                        >
                          Remove Topic
                        </div>
                      </li>
                    </ul>
                  </div>
                </div>
              </td>
            </tr>
          </tbody>
        </table>
      </div>
    </div>
  </div>
</body>
    at Object.getElementError (/Users/davitbejanyan/Desktop/kafka-ui/kafka-ui-react-app/node_modules/.pnpm/@testing-library+dom@8.19.0/node_modules/@testing-library/dom/dist/config.js:40:19)
    at /Users/davitbejanyan/Desktop/kafka-ui/kafka-ui-react-app/node_modules/.pnpm/@testing-library+dom@8.19.0/node_modules/@testing-library/dom/dist/query-helpers.js:90:38
    at /Users/davitbejanyan/Desktop/kafka-ui/kafka-ui-react-app/node_modules/.pnpm/@testing-library+dom@8.19.0/node_modules/@testing-library/dom/dist/query-helpers.js:62:17
    at /Users/davitbejanyan/Desktop/kafka-ui/kafka-ui-react-app/node_modules/.pnpm/@testing-library+dom@8.19.0/node_modules/@testing-library/dom/dist/query-helpers.js:111:19
    at getByRole (/Users/davitbejanyan/Desktop/kafka-ui/kafka-ui-react-app/src/components/Topics/List/__tests__/TopicTable.spec.tsx:20:50)
    at Object.getButtonByName (/Users/davitbejanyan/Desktop/kafka-ui/kafka-ui-react-app/src/components/Topics/List/__tests__/TopicTable.spec.tsx:138:20)
    at Promise.then.completed (/Users/davitbejanyan/Desktop/kafka-ui/kafka-ui-react-app/node_modules/.pnpm/jest-circus@29.1.2/node_modules/jest-circus/build/utils.js:333:28)
    at new Promise (<anonymous>)
    at callAsyncCircusFn (/Users/davitbejanyan/Desktop/kafka-ui/kafka-ui-react-app/node_modules/.pnpm/jest-circus@29.1.2/node_modules/jest-circus/build/utils.js:259:10)
    at _callCircusTest (/Users/davitbejanyan/Desktop/kafka-ui/kafka-ui-react-app/node_modules/.pnpm/jest-circus@29.1.2/node_modules/jest-circus/build/run.js:277:40)
    at processTicksAndRejections (node:internal/process/task_queues:96:5)
    at _runTest (/Users/davitbejanyan/Desktop/kafka-ui/kafka-ui-react-app/node_modules/.pnpm/jest-circus@29.1.2/node_modules/jest-circus/build/run.js:209:3)
    at _runTestsForDescribeBlock (/Users/davitbejanyan/Desktop/kafka-ui/kafka-ui-react-app/node_modules/.pnpm/jest-circus@29.1.2/node_modules/jest-circus/build/run.js:97:9)
    at _runTestsForDescribeBlock (/Users/davitbejanyan/Desktop/kafka-ui/kafka-ui-react-app/node_modules/.pnpm/jest-circus@29.1.2/node_modules/jest-circus/build/run.js:91:9)
    at _runTestsForDescribeBlock (/Users/davitbejanyan/Desktop/kafka-ui/kafka-ui-react-app/node_modules/.pnpm/jest-circus@29.1.2/node_modules/jest-circus/build/run.js:91:9)
    at _runTestsForDescribeBlock (/Users/davitbejanyan/Desktop/kafka-ui/kafka-ui-react-app/node_modules/.pnpm/jest-circus@29.1.2/node_modules/jest-circus/build/run.js:91:9)
    at _runTestsForDescribeBlock (/Users/davitbejanyan/Desktop/kafka-ui/kafka-ui-react-app/node_modules/.pnpm/jest-circus@29.1.2/node_modules/jest-circus/build/run.js:91:9)
    at _runTestsForDescribeBlock (/Users/davitbejanyan/Desktop/kafka-ui/kafka-ui-react-app/node_modules/.pnpm/jest-circus@29.1.2/node_modules/jest-circus/build/run.js:91:9)
    at run (/Users/davitbejanyan/Desktop/kafka-ui/kafka-ui-react-app/node_modules/.pnpm/jest-circus@29.1.2/node_modules/jest-circus/build/run.js:31:3)
    at runAndTransformResultsToJestFormat (/Users/davitbejanyan/Desktop/kafka-ui/kafka-ui-react-app/node_modules/.pnpm/jest-circus@29.1.2/node_modules/jest-circus/build/legacy-code-todo-rewrite/jestAdapterInit.js:136:21)
    at jestAdapter (/Users/davitbejanyan/Desktop/kafka-ui/kafka-ui-react-app/node_modules/.pnpm/jest-circus@29.1.2/node_modules/jest-circus/build/legacy-code-todo-rewrite/jestAdapter.js:92:19)
    at runTestInternal (/Users/davitbejanyan/Desktop/kafka-ui/kafka-ui-react-app/node_modules/.pnpm/jest-runner@29.1.2/node_modules/jest-runner/build/runTest.js:407:16)
    at runTest (/Users/davitbejanyan/Desktop/kafka-ui/kafka-ui-react-app/node_modules/.pnpm/jest-runner@29.1.2/node_modules/jest-runner/build/runTest.js:491:34)
    at Object.worker (/Users/davitbejanyan/Desktop/kafka-ui/kafka-ui-react-app/node_modules/.pnpm/jest-runner@29.1.2/node_modules/jest-runner/build/testWorker.js:133:12)]]></failure>
    </testCase>
    <testCase name="TopicTable Components with topics Selectable rows Batch actions bar when more then one topics are selected renders batch actions bar" duration="704">
      <failure message="TestingLibraryElementError: Unable to find an accessible element with the role &quot;button&quot; and name &quot;Delete selected topics&quot;"><![CDATA[TestingLibraryElementError: Unable to find an accessible element with the role "button" and name "Delete selected topics"

Here are the accessible roles:

  table:

  Name "":
  <table
    class="sc-bjfHbI dFKpII"
  />

  --------------------------------------------------
  rowgroup:

  Name "":
  <thead />

  Name "":
  <tbody />

  --------------------------------------------------
  row:

  Name "Topic Name Partitions Out of sync replicas Replication Factor Number of messages Size":
  <tr />

  Name "external.topic 1 0 1 0 1KB":
  <tr
    class="sc-ksBlkl boZBPF"
  />

  Name "test-topic 1 0 1 0 1KB":
  <tr
    class="sc-ksBlkl boZBPF"
  />

  --------------------------------------------------
  columnheader:

  Name "":
  <th
    class="sc-bqWxrE WvYRc"
  />

  Name "Topic Name":
  <th
    class="sc-bqWxrE chqDnK"
    colspan="1"
  />

  Name "Partitions":
  <th
    class="sc-bqWxrE chqDnK"
    colspan="1"
  />

  Name "Out of sync replicas":
  <th
    class="sc-bqWxrE chqDnK"
    colspan="1"
  />

  Name "Replication Factor":
  <th
    class="sc-bqWxrE eOtHhI"
    colspan="1"
  />

  Name "Number of messages":
  <th
    class="sc-bqWxrE eOtHhI"
    colspan="1"
  />

  Name "Size":
  <th
    class="sc-bqWxrE chqDnK"
    colspan="1"
  />

  Name "":
  <th
    class="sc-bqWxrE eOtHhI"
    colspan="1"
  />

  --------------------------------------------------
  checkbox:

  Name "":
  <input
    class="sc-iveFHk galDiN"
    type="checkbox"
  />

  Name "":
  <input
    class="sc-iveFHk galDiN"
    type="checkbox"
  />

  Name "":
  <input
    class="sc-iveFHk galDiN"
    type="checkbox"
  />

  --------------------------------------------------
  cell:

  Name "":
  <td
    style="width: 1px;"
  />

  Name "external.topic":
  <td />

  Name "1":
  <td />

  Name "0":
  <td />

  Name "1":
  <td />

  Name "0":
  <td />

  Name "1KB":
  <td />

  Name "":
  <td />

  Name "":
  <td
    style="width: 1px;"
  />

  Name "test-topic":
  <td />

  Name "1":
  <td />

  Name "0":
  <td />

  Name "1":
  <td />

  Name "0":
  <td />

  Name "1KB":
  <td />

  Name "":
  <td />

  --------------------------------------------------
  link:

  Name "external.topic":
  <a
    class=""
    href="/ui/clusters/test-cluster/all-topics/external.topic"
    title="external.topic"
  />

  Name "test-topic":
  <a
    class=""
    href="/ui/clusters/test-cluster/all-topics/test-topic"
    title="test-topic"
  />

  --------------------------------------------------
  button:

  Name "Dropdown Toggle":
  <button
    aria-label="Dropdown Toggle"
    class="sc-iJnaPW cLtDrB"
  />

  Name "Dropdown Toggle":
  <button
    aria-label="Dropdown Toggle"
    class="sc-iJnaPW cLtDrB"
  />

  --------------------------------------------------

Ignored nodes: comments, script, style
<body>
  <div>
    <div>
      <div
        class="sc-bBABsx jvVYpR"
      >
        <table
          class="sc-bjfHbI dFKpII"
        >
          <thead>
            <tr>
              <th
                class="sc-bqWxrE WvYRc"
              >
                <input
                  class="sc-iveFHk galDiN"
                  type="checkbox"
                />
              </th>
              <th
                class="sc-bqWxrE chqDnK"
                colspan="1"
              >
                <div>
                  Topic Name
                </div>
              </th>
              <th
                class="sc-bqWxrE chqDnK"
                colspan="1"
              >
                <div>
                  Partitions
                </div>
              </th>
              <th
                class="sc-bqWxrE chqDnK"
                colspan="1"
              >
                <div>
                  Out of sync replicas
                </div>
              </th>
              <th
                class="sc-bqWxrE eOtHhI"
                colspan="1"
              >
                <div>
                  Replication Factor
                </div>
              </th>
              <th
                class="sc-bqWxrE eOtHhI"
                colspan="1"
              >
                <div>
                  Number of messages
                </div>
              </th>
              <th
                class="sc-bqWxrE chqDnK"
                colspan="1"
              >
                <div>
                  Size
                </div>
              </th>
              <th
                class="sc-bqWxrE eOtHhI"
                colspan="1"
              >
                <div />
              </th>
            </tr>
          </thead>
          <tbody>
            <tr
              class="sc-ksBlkl boZBPF"
            >
              <td
                style="width: 1px;"
              >
                <input
                  class="sc-iveFHk galDiN"
                  type="checkbox"
                />
              </td>
              <td>
                <a
                  class=""
                  href="/ui/clusters/test-cluster/all-topics/external.topic"
                  title="external.topic"
                >
                  external.topic
                </a>
              </td>
              <td>
                1
              </td>
              <td>
                0
              </td>
              <td>
                1
              </td>
              <td>
                0
              </td>
              <td>
                <span>
                  1KB
                </span>
              </td>
              <td>
                <div
                  class="sc-bYMpWt jPuQbj"
                >
                  <button
                    aria-label="Dropdown Toggle"
                    class="sc-iJnaPW cLtDrB"
                  >
                    <svg
                      fill="none"
                      height="16"
                      viewBox="0 0 4 16"
                      width="4"
                      xmlns="http://www.w3.org/2000/svg"
                    >
                      <path
                        d="M2 4C3.1 4 4 3.1 4 2C4 0.9 3.1 0 2 0C0.9 0 0 0.9 0 2C0 3.1 0.9 4 2 4ZM2 6C0.9 6 0 6.9 0 8C0 9.1 0.9 10 2 10C3.1 10 4 9.1 4 8C4 6.9 3.1 6 2 6ZM2 12C0.9 12 0 12.9 0 14C0 15.1 0.9 16 2 16C3.1 16 4 15.1 4 14C4 12.9 3.1 12 2 12Z"
                        fill="#73848C"
                      />
                    </svg>
                  </button>
                  <div
                    class="szh-menu-container sc-lllmON dJFjRP"
                    style="position: relative;"
                  >
                    <ul
                      aria-label="Menu"
                      class="szh-menu szh-menu--state-closed szh-menu--dir-bottom"
                      role="menu"
                      style="margin: 0px; display: none; position: absolute; left: 0px; top: 0px;"
                      tabindex="-1"
                    >
                      <div
                        style="position: absolute; left: 0px; top: 0px;"
                        tabindex="-1"
                      />
                      <li
                        aria-disabled="true"
                        class="szh-menu__item szh-menu__item--disabled"
                        role="menuitem"
                        tabindex="-1"
                      >
                        <div
                          class="sc-gikAfH ejPNDG"
                        >
                          Clear Messages
                          <div
                            class="sc-ezOQGI ebJAcj"
                          >
                            Clearing messages is only allowed for topics
                            <br />
                            with DELETE policy
                          </div>
                        </div>
                      </li>
                      <li
                        class="szh-menu__item"
                        role="menuitem"
                        tabindex="-1"
                      >
                        <div
                          class="sc-gikAfH ejPNDG"
                        >
                          Recreate Topic
                        </div>
                      </li>
                      <li
                        class="szh-menu__item"
                        role="menuitem"
                        tabindex="-1"
                      >
                        <div
                          class="sc-gikAfH ejPNDG"
                        >
                          Remove Topic
                        </div>
                      </li>
                    </ul>
                  </div>
                </div>
              </td>
            </tr>
            <tr
              class="sc-ksBlkl boZBPF"
            >
              <td
                style="width: 1px;"
              >
                <input
                  class="sc-iveFHk galDiN"
                  type="checkbox"
                />
              </td>
              <td>
                <a
                  class=""
                  href="/ui/clusters/test-cluster/all-topics/test-topic"
                  title="test-topic"
                >
                  test-topic
                </a>
              </td>
              <td>
                1
              </td>
              <td>
                0
              </td>
              <td>
                1
              </td>
              <td>
                0
              </td>
              <td>
                <span>
                  1KB
                </span>
              </td>
              <td>
                <div
                  class="sc-bYMpWt jPuQbj"
                >
                  <button
                    aria-label="Dropdown Toggle"
                    class="sc-iJnaPW cLtDrB"
                  >
                    <svg
                      fill="none"
                      height="16"
                      viewBox="0 0 4 16"
                      width="4"
                      xmlns="http://www.w3.org/2000/svg"
                    >
                      <path
                        d="M2 4C3.1 4 4 3.1 4 2C4 0.9 3.1 0 2 0C0.9 0 0 0.9 0 2C0 3.1 0.9 4 2 4ZM2 6C0.9 6 0 6.9 0 8C0 9.1 0.9 10 2 10C3.1 10 4 9.1 4 8C4 6.9 3.1 6 2 6ZM2 12C0.9 12 0 12.9 0 14C0 15.1 0.9 16 2 16C3.1 16 4 15.1 4 14C4 12.9 3.1 12 2 12Z"
                        fill="#73848C"
                      />
                    </svg>
                  </button>
                  <div
                    class="szh-menu-container sc-lllmON dJFjRP"
                    style="position: relative;"
                  >
                    <ul
                      aria-label="Menu"
                      class="szh-menu szh-menu--state-closed szh-menu--dir-bottom"
                      role="menu"
                      style="margin: 0px; display: none; position: absolute; left: 0px; top: 0px;"
                      tabindex="-1"
                    >
                      <div
                        style="position: absolute; left: 0px; top: 0px;"
                        tabindex="-1"
                      />
                      <li
                        aria-disabled="true"
                        class="szh-menu__item szh-menu__item--disabled"
                        role="menuitem"
                        tabindex="-1"
                      >
                        <div
                          class="sc-gikAfH ejPNDG"
                        >
                          Clear Messages
                          <div
                            class="sc-ezOQGI ebJAcj"
                          >
                            Clearing messages is only allowed for topics
                            <br />
                            with DELETE policy
                          </div>
                        </div>
                      </li>
                      <li
                        class="szh-menu__item"
                        role="menuitem"
                        tabindex="-1"
                      >
                        <div
                          class="sc-gikAfH ejPNDG"
                        >
                          Recreate Topic
                        </div>
                      </li>
                      <li
                        class="szh-menu__item"
                        role="menuitem"
                        tabindex="-1"
                      >
                        <div
                          class="sc-gikAfH ejPNDG"
                        >
                          Remove Topic
                        </div>
                      </li>
                    </ul>
                  </div>
                </div>
              </td>
            </tr>
          </tbody>
        </table>
      </div>
    </div>
  </div>
</body>
    at Object.getElementError (/Users/davitbejanyan/Desktop/kafka-ui/kafka-ui-react-app/node_modules/.pnpm/@testing-library+dom@8.19.0/node_modules/@testing-library/dom/dist/config.js:40:19)
    at /Users/davitbejanyan/Desktop/kafka-ui/kafka-ui-react-app/node_modules/.pnpm/@testing-library+dom@8.19.0/node_modules/@testing-library/dom/dist/query-helpers.js:90:38
    at /Users/davitbejanyan/Desktop/kafka-ui/kafka-ui-react-app/node_modules/.pnpm/@testing-library+dom@8.19.0/node_modules/@testing-library/dom/dist/query-helpers.js:62:17
    at /Users/davitbejanyan/Desktop/kafka-ui/kafka-ui-react-app/node_modules/.pnpm/@testing-library+dom@8.19.0/node_modules/@testing-library/dom/dist/query-helpers.js:111:19
    at getByRole (/Users/davitbejanyan/Desktop/kafka-ui/kafka-ui-react-app/src/components/Topics/List/__tests__/TopicTable.spec.tsx:20:50)
    at Object.getButtonByName (/Users/davitbejanyan/Desktop/kafka-ui/kafka-ui-react-app/src/components/Topics/List/__tests__/TopicTable.spec.tsx:151:20)
    at Promise.then.completed (/Users/davitbejanyan/Desktop/kafka-ui/kafka-ui-react-app/node_modules/.pnpm/jest-circus@29.1.2/node_modules/jest-circus/build/utils.js:333:28)
    at new Promise (<anonymous>)
    at callAsyncCircusFn (/Users/davitbejanyan/Desktop/kafka-ui/kafka-ui-react-app/node_modules/.pnpm/jest-circus@29.1.2/node_modules/jest-circus/build/utils.js:259:10)
    at _callCircusTest (/Users/davitbejanyan/Desktop/kafka-ui/kafka-ui-react-app/node_modules/.pnpm/jest-circus@29.1.2/node_modules/jest-circus/build/run.js:277:40)
    at processTicksAndRejections (node:internal/process/task_queues:96:5)
    at _runTest (/Users/davitbejanyan/Desktop/kafka-ui/kafka-ui-react-app/node_modules/.pnpm/jest-circus@29.1.2/node_modules/jest-circus/build/run.js:209:3)
    at _runTestsForDescribeBlock (/Users/davitbejanyan/Desktop/kafka-ui/kafka-ui-react-app/node_modules/.pnpm/jest-circus@29.1.2/node_modules/jest-circus/build/run.js:97:9)
    at _runTestsForDescribeBlock (/Users/davitbejanyan/Desktop/kafka-ui/kafka-ui-react-app/node_modules/.pnpm/jest-circus@29.1.2/node_modules/jest-circus/build/run.js:91:9)
    at _runTestsForDescribeBlock (/Users/davitbejanyan/Desktop/kafka-ui/kafka-ui-react-app/node_modules/.pnpm/jest-circus@29.1.2/node_modules/jest-circus/build/run.js:91:9)
    at _runTestsForDescribeBlock (/Users/davitbejanyan/Desktop/kafka-ui/kafka-ui-react-app/node_modules/.pnpm/jest-circus@29.1.2/node_modules/jest-circus/build/run.js:91:9)
    at _runTestsForDescribeBlock (/Users/davitbejanyan/Desktop/kafka-ui/kafka-ui-react-app/node_modules/.pnpm/jest-circus@29.1.2/node_modules/jest-circus/build/run.js:91:9)
    at _runTestsForDescribeBlock (/Users/davitbejanyan/Desktop/kafka-ui/kafka-ui-react-app/node_modules/.pnpm/jest-circus@29.1.2/node_modules/jest-circus/build/run.js:91:9)
    at run (/Users/davitbejanyan/Desktop/kafka-ui/kafka-ui-react-app/node_modules/.pnpm/jest-circus@29.1.2/node_modules/jest-circus/build/run.js:31:3)
    at runAndTransformResultsToJestFormat (/Users/davitbejanyan/Desktop/kafka-ui/kafka-ui-react-app/node_modules/.pnpm/jest-circus@29.1.2/node_modules/jest-circus/build/legacy-code-todo-rewrite/jestAdapterInit.js:136:21)
    at jestAdapter (/Users/davitbejanyan/Desktop/kafka-ui/kafka-ui-react-app/node_modules/.pnpm/jest-circus@29.1.2/node_modules/jest-circus/build/legacy-code-todo-rewrite/jestAdapter.js:92:19)
    at runTestInternal (/Users/davitbejanyan/Desktop/kafka-ui/kafka-ui-react-app/node_modules/.pnpm/jest-runner@29.1.2/node_modules/jest-runner/build/runTest.js:407:16)
    at runTest (/Users/davitbejanyan/Desktop/kafka-ui/kafka-ui-react-app/node_modules/.pnpm/jest-runner@29.1.2/node_modules/jest-runner/build/runTest.js:491:34)
    at Object.worker (/Users/davitbejanyan/Desktop/kafka-ui/kafka-ui-react-app/node_modules/.pnpm/jest-runner@29.1.2/node_modules/jest-runner/build/testWorker.js:133:12)]]></failure>
    </testCase>
    <testCase name="TopicTable Components with topics Selectable rows Batch actions bar when more then one topics are selected handels delete button click" duration="776">
      <failure message="TestingLibraryElementError: Unable to find an accessible element with the role &quot;button&quot; and name &quot;Delete selected topics&quot;"><![CDATA[TestingLibraryElementError: Unable to find an accessible element with the role "button" and name "Delete selected topics"

Here are the accessible roles:

  table:

  Name "":
  <table
    class="sc-bjfHbI dFKpII"
  />

  --------------------------------------------------
  rowgroup:

  Name "":
  <thead />

  Name "":
  <tbody />

  --------------------------------------------------
  row:

  Name "Topic Name Partitions Out of sync replicas Replication Factor Number of messages Size":
  <tr />

  Name "external.topic 1 0 1 0 1KB":
  <tr
    class="sc-ksBlkl boZBPF"
  />

  Name "test-topic 1 0 1 0 1KB":
  <tr
    class="sc-ksBlkl boZBPF"
  />

  --------------------------------------------------
  columnheader:

  Name "":
  <th
    class="sc-bqWxrE WvYRc"
  />

  Name "Topic Name":
  <th
    class="sc-bqWxrE chqDnK"
    colspan="1"
  />

  Name "Partitions":
  <th
    class="sc-bqWxrE chqDnK"
    colspan="1"
  />

  Name "Out of sync replicas":
  <th
    class="sc-bqWxrE chqDnK"
    colspan="1"
  />

  Name "Replication Factor":
  <th
    class="sc-bqWxrE eOtHhI"
    colspan="1"
  />

  Name "Number of messages":
  <th
    class="sc-bqWxrE eOtHhI"
    colspan="1"
  />

  Name "Size":
  <th
    class="sc-bqWxrE chqDnK"
    colspan="1"
  />

  Name "":
  <th
    class="sc-bqWxrE eOtHhI"
    colspan="1"
  />

  --------------------------------------------------
  checkbox:

  Name "":
  <input
    class="sc-iveFHk galDiN"
    type="checkbox"
  />

  Name "":
  <input
    class="sc-iveFHk galDiN"
    type="checkbox"
  />

  Name "":
  <input
    class="sc-iveFHk galDiN"
    type="checkbox"
  />

  --------------------------------------------------
  cell:

  Name "":
  <td
    style="width: 1px;"
  />

  Name "external.topic":
  <td />

  Name "1":
  <td />

  Name "0":
  <td />

  Name "1":
  <td />

  Name "0":
  <td />

  Name "1KB":
  <td />

  Name "":
  <td />

  Name "":
  <td
    style="width: 1px;"
  />

  Name "test-topic":
  <td />

  Name "1":
  <td />

  Name "0":
  <td />

  Name "1":
  <td />

  Name "0":
  <td />

  Name "1KB":
  <td />

  Name "":
  <td />

  --------------------------------------------------
  link:

  Name "external.topic":
  <a
    class=""
    href="/ui/clusters/test-cluster/all-topics/external.topic"
    title="external.topic"
  />

  Name "test-topic":
  <a
    class=""
    href="/ui/clusters/test-cluster/all-topics/test-topic"
    title="test-topic"
  />

  --------------------------------------------------
  button:

  Name "Dropdown Toggle":
  <button
    aria-label="Dropdown Toggle"
    class="sc-iJnaPW cLtDrB"
  />

  Name "Dropdown Toggle":
  <button
    aria-label="Dropdown Toggle"
    class="sc-iJnaPW cLtDrB"
  />

  --------------------------------------------------

Ignored nodes: comments, script, style
<body>
  <div>
    <div>
      <div
        class="sc-bBABsx jvVYpR"
      >
        <table
          class="sc-bjfHbI dFKpII"
        >
          <thead>
            <tr>
              <th
                class="sc-bqWxrE WvYRc"
              >
                <input
                  class="sc-iveFHk galDiN"
                  type="checkbox"
                />
              </th>
              <th
                class="sc-bqWxrE chqDnK"
                colspan="1"
              >
                <div>
                  Topic Name
                </div>
              </th>
              <th
                class="sc-bqWxrE chqDnK"
                colspan="1"
              >
                <div>
                  Partitions
                </div>
              </th>
              <th
                class="sc-bqWxrE chqDnK"
                colspan="1"
              >
                <div>
                  Out of sync replicas
                </div>
              </th>
              <th
                class="sc-bqWxrE eOtHhI"
                colspan="1"
              >
                <div>
                  Replication Factor
                </div>
              </th>
              <th
                class="sc-bqWxrE eOtHhI"
                colspan="1"
              >
                <div>
                  Number of messages
                </div>
              </th>
              <th
                class="sc-bqWxrE chqDnK"
                colspan="1"
              >
                <div>
                  Size
                </div>
              </th>
              <th
                class="sc-bqWxrE eOtHhI"
                colspan="1"
              >
                <div />
              </th>
            </tr>
          </thead>
          <tbody>
            <tr
              class="sc-ksBlkl boZBPF"
            >
              <td
                style="width: 1px;"
              >
                <input
                  class="sc-iveFHk galDiN"
                  type="checkbox"
                />
              </td>
              <td>
                <a
                  class=""
                  href="/ui/clusters/test-cluster/all-topics/external.topic"
                  title="external.topic"
                >
                  external.topic
                </a>
              </td>
              <td>
                1
              </td>
              <td>
                0
              </td>
              <td>
                1
              </td>
              <td>
                0
              </td>
              <td>
                <span>
                  1KB
                </span>
              </td>
              <td>
                <div
                  class="sc-bYMpWt jPuQbj"
                >
                  <button
                    aria-label="Dropdown Toggle"
                    class="sc-iJnaPW cLtDrB"
                  >
                    <svg
                      fill="none"
                      height="16"
                      viewBox="0 0 4 16"
                      width="4"
                      xmlns="http://www.w3.org/2000/svg"
                    >
                      <path
                        d="M2 4C3.1 4 4 3.1 4 2C4 0.9 3.1 0 2 0C0.9 0 0 0.9 0 2C0 3.1 0.9 4 2 4ZM2 6C0.9 6 0 6.9 0 8C0 9.1 0.9 10 2 10C3.1 10 4 9.1 4 8C4 6.9 3.1 6 2 6ZM2 12C0.9 12 0 12.9 0 14C0 15.1 0.9 16 2 16C3.1 16 4 15.1 4 14C4 12.9 3.1 12 2 12Z"
                        fill="#73848C"
                      />
                    </svg>
                  </button>
                  <div
                    class="szh-menu-container sc-lllmON dJFjRP"
                    style="position: relative;"
                  >
                    <ul
                      aria-label="Menu"
                      class="szh-menu szh-menu--state-closed szh-menu--dir-bottom"
                      role="menu"
                      style="margin: 0px; display: none; position: absolute; left: 0px; top: 0px;"
                      tabindex="-1"
                    >
                      <div
                        style="position: absolute; left: 0px; top: 0px;"
                        tabindex="-1"
                      />
                      <li
                        aria-disabled="true"
                        class="szh-menu__item szh-menu__item--disabled"
                        role="menuitem"
                        tabindex="-1"
                      >
                        <div
                          class="sc-gikAfH ejPNDG"
                        >
                          Clear Messages
                          <div
                            class="sc-ezOQGI ebJAcj"
                          >
                            Clearing messages is only allowed for topics
                            <br />
                            with DELETE policy
                          </div>
                        </div>
                      </li>
                      <li
                        class="szh-menu__item"
                        role="menuitem"
                        tabindex="-1"
                      >
                        <div
                          class="sc-gikAfH ejPNDG"
                        >
                          Recreate Topic
                        </div>
                      </li>
                      <li
                        class="szh-menu__item"
                        role="menuitem"
                        tabindex="-1"
                      >
                        <div
                          class="sc-gikAfH ejPNDG"
                        >
                          Remove Topic
                        </div>
                      </li>
                    </ul>
                  </div>
                </div>
              </td>
            </tr>
            <tr
              class="sc-ksBlkl boZBPF"
            >
              <td
                style="width: 1px;"
              >
                <input
                  class="sc-iveFHk galDiN"
                  type="checkbox"
                />
              </td>
              <td>
                <a
                  class=""
                  href="/ui/clusters/test-cluster/all-topics/test-topic"
                  title="test-topic"
                >
                  test-topic
                </a>
              </td>
              <td>
                1
              </td>
              <td>
                0
              </td>
              <td>
                1
              </td>
              <td>
                0
              </td>
              <td>
                <span>
                  1KB
                </span>
              </td>
              <td>
                <div
                  class="sc-bYMpWt jPuQbj"
                >
                  <button
                    aria-label="Dropdown Toggle"
                    class="sc-iJnaPW cLtDrB"
                  >
                    <svg
                      fill="none"
                      height="16"
                      viewBox="0 0 4 16"
                      width="4"
                      xmlns="http://www.w3.org/2000/svg"
                    >
                      <path
                        d="M2 4C3.1 4 4 3.1 4 2C4 0.9 3.1 0 2 0C0.9 0 0 0.9 0 2C0 3.1 0.9 4 2 4ZM2 6C0.9 6 0 6.9 0 8C0 9.1 0.9 10 2 10C3.1 10 4 9.1 4 8C4 6.9 3.1 6 2 6ZM2 12C0.9 12 0 12.9 0 14C0 15.1 0.9 16 2 16C3.1 16 4 15.1 4 14C4 12.9 3.1 12 2 12Z"
                        fill="#73848C"
                      />
                    </svg>
                  </button>
                  <div
                    class="szh-menu-container sc-lllmON dJFjRP"
                    style="position: relative;"
                  >
                    <ul
                      aria-label="Menu"
                      class="szh-menu szh-menu--state-closed szh-menu--dir-bottom"
                      role="menu"
                      style="margin: 0px; display: none; position: absolute; left: 0px; top: 0px;"
                      tabindex="-1"
                    >
                      <div
                        style="position: absolute; left: 0px; top: 0px;"
                        tabindex="-1"
                      />
                      <li
                        aria-disabled="true"
                        class="szh-menu__item szh-menu__item--disabled"
                        role="menuitem"
                        tabindex="-1"
                      >
                        <div
                          class="sc-gikAfH ejPNDG"
                        >
                          Clear Messages
                          <div
                            class="sc-ezOQGI ebJAcj"
                          >
                            Clearing messages is only allowed for topics
                            <br />
                            with DELETE policy
                          </div>
                        </div>
                      </li>
                      <li
                        class="szh-menu__item"
                        role="menuitem"
                        tabindex="-1"
                      >
                        <div
                          class="sc-gikAfH ejPNDG"
                        >
                          Recreate Topic
                        </div>
                      </li>
                      <li
                        class="szh-menu__item"
                        role="menuitem"
                        tabindex="-1"
                      >
                        <div
                          class="sc-gikAfH ejPNDG"
                        >
                          Remove Topic
                        </div>
                      </li>
                    </ul>
                  </div>
                </div>
              </td>
            </tr>
          </tbody>
        </table>
      </div>
    </div>
  </div>
</body>
    at Object.getElementError (/Users/davitbejanyan/Desktop/kafka-ui/kafka-ui-react-app/node_modules/.pnpm/@testing-library+dom@8.19.0/node_modules/@testing-library/dom/dist/config.js:40:19)
    at /Users/davitbejanyan/Desktop/kafka-ui/kafka-ui-react-app/node_modules/.pnpm/@testing-library+dom@8.19.0/node_modules/@testing-library/dom/dist/query-helpers.js:90:38
    at /Users/davitbejanyan/Desktop/kafka-ui/kafka-ui-react-app/node_modules/.pnpm/@testing-library+dom@8.19.0/node_modules/@testing-library/dom/dist/query-helpers.js:62:17
    at /Users/davitbejanyan/Desktop/kafka-ui/kafka-ui-react-app/node_modules/.pnpm/@testing-library+dom@8.19.0/node_modules/@testing-library/dom/dist/query-helpers.js:111:19
    at getByRole (/Users/davitbejanyan/Desktop/kafka-ui/kafka-ui-react-app/src/components/Topics/List/__tests__/TopicTable.spec.tsx:20:50)
    at getButtonByName (/Users/davitbejanyan/Desktop/kafka-ui/kafka-ui-react-app/src/components/Topics/List/__tests__/TopicTable.spec.tsx:158:28)
    at tryCatch (/Users/davitbejanyan/Desktop/kafka-ui/kafka-ui-react-app/src/components/Topics/List/__tests__/TopicTable.spec.tsx:2:1)
    at Generator._invoke (/Users/davitbejanyan/Desktop/kafka-ui/kafka-ui-react-app/src/components/Topics/List/__tests__/TopicTable.spec.tsx:2:1)
    at Generator.next (/Users/davitbejanyan/Desktop/kafka-ui/kafka-ui-react-app/src/components/Topics/List/__tests__/TopicTable.spec.tsx:2:1)
    at asyncGeneratorStep (/Users/davitbejanyan/Desktop/kafka-ui/kafka-ui-react-app/src/components/Topics/List/__tests__/TopicTable.spec.tsx:2:1)
    at _next (/Users/davitbejanyan/Desktop/kafka-ui/kafka-ui-react-app/src/components/Topics/List/__tests__/TopicTable.spec.tsx:2:1)
    at /Users/davitbejanyan/Desktop/kafka-ui/kafka-ui-react-app/src/components/Topics/List/__tests__/TopicTable.spec.tsx:2:1
    at new Promise (<anonymous>)
    at Object.<anonymous> (/Users/davitbejanyan/Desktop/kafka-ui/kafka-ui-react-app/src/components/Topics/List/__tests__/TopicTable.spec.tsx:2:1)
    at Promise.then.completed (/Users/davitbejanyan/Desktop/kafka-ui/kafka-ui-react-app/node_modules/.pnpm/jest-circus@29.1.2/node_modules/jest-circus/build/utils.js:333:28)
    at new Promise (<anonymous>)
    at callAsyncCircusFn (/Users/davitbejanyan/Desktop/kafka-ui/kafka-ui-react-app/node_modules/.pnpm/jest-circus@29.1.2/node_modules/jest-circus/build/utils.js:259:10)
    at _callCircusTest (/Users/davitbejanyan/Desktop/kafka-ui/kafka-ui-react-app/node_modules/.pnpm/jest-circus@29.1.2/node_modules/jest-circus/build/run.js:277:40)
    at processTicksAndRejections (node:internal/process/task_queues:96:5)
    at _runTest (/Users/davitbejanyan/Desktop/kafka-ui/kafka-ui-react-app/node_modules/.pnpm/jest-circus@29.1.2/node_modules/jest-circus/build/run.js:209:3)
    at _runTestsForDescribeBlock (/Users/davitbejanyan/Desktop/kafka-ui/kafka-ui-react-app/node_modules/.pnpm/jest-circus@29.1.2/node_modules/jest-circus/build/run.js:97:9)
    at _runTestsForDescribeBlock (/Users/davitbejanyan/Desktop/kafka-ui/kafka-ui-react-app/node_modules/.pnpm/jest-circus@29.1.2/node_modules/jest-circus/build/run.js:91:9)
    at _runTestsForDescribeBlock (/Users/davitbejanyan/Desktop/kafka-ui/kafka-ui-react-app/node_modules/.pnpm/jest-circus@29.1.2/node_modules/jest-circus/build/run.js:91:9)
    at _runTestsForDescribeBlock (/Users/davitbejanyan/Desktop/kafka-ui/kafka-ui-react-app/node_modules/.pnpm/jest-circus@29.1.2/node_modules/jest-circus/build/run.js:91:9)
    at _runTestsForDescribeBlock (/Users/davitbejanyan/Desktop/kafka-ui/kafka-ui-react-app/node_modules/.pnpm/jest-circus@29.1.2/node_modules/jest-circus/build/run.js:91:9)
    at _runTestsForDescribeBlock (/Users/davitbejanyan/Desktop/kafka-ui/kafka-ui-react-app/node_modules/.pnpm/jest-circus@29.1.2/node_modules/jest-circus/build/run.js:91:9)
    at run (/Users/davitbejanyan/Desktop/kafka-ui/kafka-ui-react-app/node_modules/.pnpm/jest-circus@29.1.2/node_modules/jest-circus/build/run.js:31:3)
    at runAndTransformResultsToJestFormat (/Users/davitbejanyan/Desktop/kafka-ui/kafka-ui-react-app/node_modules/.pnpm/jest-circus@29.1.2/node_modules/jest-circus/build/legacy-code-todo-rewrite/jestAdapterInit.js:136:21)
    at jestAdapter (/Users/davitbejanyan/Desktop/kafka-ui/kafka-ui-react-app/node_modules/.pnpm/jest-circus@29.1.2/node_modules/jest-circus/build/legacy-code-todo-rewrite/jestAdapter.js:92:19)
    at runTestInternal (/Users/davitbejanyan/Desktop/kafka-ui/kafka-ui-react-app/node_modules/.pnpm/jest-runner@29.1.2/node_modules/jest-runner/build/runTest.js:407:16)
    at runTest (/Users/davitbejanyan/Desktop/kafka-ui/kafka-ui-react-app/node_modules/.pnpm/jest-runner@29.1.2/node_modules/jest-runner/build/runTest.js:491:34)
    at Object.worker (/Users/davitbejanyan/Desktop/kafka-ui/kafka-ui-react-app/node_modules/.pnpm/jest-runner@29.1.2/node_modules/jest-runner/build/testWorker.js:133:12)]]></failure>
    </testCase>
    <testCase name="TopicTable Components with topics Selectable rows Batch actions bar when more then one topics are selected handels purge messages button click" duration="1097">
      <failure message="TestingLibraryElementError: Unable to find an accessible element with the role &quot;button&quot; and name &quot;Purge messages of selected topics&quot;"><![CDATA[TestingLibraryElementError: Unable to find an accessible element with the role "button" and name "Purge messages of selected topics"

Here are the accessible roles:

  table:

  Name "":
  <table
    class="sc-bjfHbI dFKpII"
  />

  --------------------------------------------------
  rowgroup:

  Name "":
  <thead />

  Name "":
  <tbody />

  --------------------------------------------------
  row:

  Name "Topic Name Partitions Out of sync replicas Replication Factor Number of messages Size":
  <tr />

  Name "external.topic 1 0 1 0 1KB":
  <tr
    class="sc-ksBlkl boZBPF"
  />

  Name "test-topic 1 0 1 0 1KB":
  <tr
    class="sc-ksBlkl boZBPF"
  />

  --------------------------------------------------
  columnheader:

  Name "":
  <th
    class="sc-bqWxrE WvYRc"
  />

  Name "Topic Name":
  <th
    class="sc-bqWxrE chqDnK"
    colspan="1"
  />

  Name "Partitions":
  <th
    class="sc-bqWxrE chqDnK"
    colspan="1"
  />

  Name "Out of sync replicas":
  <th
    class="sc-bqWxrE chqDnK"
    colspan="1"
  />

  Name "Replication Factor":
  <th
    class="sc-bqWxrE eOtHhI"
    colspan="1"
  />

  Name "Number of messages":
  <th
    class="sc-bqWxrE eOtHhI"
    colspan="1"
  />

  Name "Size":
  <th
    class="sc-bqWxrE chqDnK"
    colspan="1"
  />

  Name "":
  <th
    class="sc-bqWxrE eOtHhI"
    colspan="1"
  />

  --------------------------------------------------
  checkbox:

  Name "":
  <input
    class="sc-iveFHk galDiN"
    type="checkbox"
  />

  Name "":
  <input
    class="sc-iveFHk galDiN"
    type="checkbox"
  />

  Name "":
  <input
    class="sc-iveFHk galDiN"
    type="checkbox"
  />

  --------------------------------------------------
  cell:

  Name "":
  <td
    style="width: 1px;"
  />

  Name "external.topic":
  <td />

  Name "1":
  <td />

  Name "0":
  <td />

  Name "1":
  <td />

  Name "0":
  <td />

  Name "1KB":
  <td />

  Name "":
  <td />

  Name "":
  <td
    style="width: 1px;"
  />

  Name "test-topic":
  <td />

  Name "1":
  <td />

  Name "0":
  <td />

  Name "1":
  <td />

  Name "0":
  <td />

  Name "1KB":
  <td />

  Name "":
  <td />

  --------------------------------------------------
  link:

  Name "external.topic":
  <a
    class=""
    href="/ui/clusters/test-cluster/all-topics/external.topic"
    title="external.topic"
  />

  Name "test-topic":
  <a
    class=""
    href="/ui/clusters/test-cluster/all-topics/test-topic"
    title="test-topic"
  />

  --------------------------------------------------
  button:

  Name "Dropdown Toggle":
  <button
    aria-label="Dropdown Toggle"
    class="sc-iJnaPW cLtDrB"
  />

  Name "Dropdown Toggle":
  <button
    aria-label="Dropdown Toggle"
    class="sc-iJnaPW cLtDrB"
  />

  --------------------------------------------------

Ignored nodes: comments, script, style
<body>
  <div>
    <div>
      <div
        class="sc-bBABsx jvVYpR"
      >
        <table
          class="sc-bjfHbI dFKpII"
        >
          <thead>
            <tr>
              <th
                class="sc-bqWxrE WvYRc"
              >
                <input
                  class="sc-iveFHk galDiN"
                  type="checkbox"
                />
              </th>
              <th
                class="sc-bqWxrE chqDnK"
                colspan="1"
              >
                <div>
                  Topic Name
                </div>
              </th>
              <th
                class="sc-bqWxrE chqDnK"
                colspan="1"
              >
                <div>
                  Partitions
                </div>
              </th>
              <th
                class="sc-bqWxrE chqDnK"
                colspan="1"
              >
                <div>
                  Out of sync replicas
                </div>
              </th>
              <th
                class="sc-bqWxrE eOtHhI"
                colspan="1"
              >
                <div>
                  Replication Factor
                </div>
              </th>
              <th
                class="sc-bqWxrE eOtHhI"
                colspan="1"
              >
                <div>
                  Number of messages
                </div>
              </th>
              <th
                class="sc-bqWxrE chqDnK"
                colspan="1"
              >
                <div>
                  Size
                </div>
              </th>
              <th
                class="sc-bqWxrE eOtHhI"
                colspan="1"
              >
                <div />
              </th>
            </tr>
          </thead>
          <tbody>
            <tr
              class="sc-ksBlkl boZBPF"
            >
              <td
                style="width: 1px;"
              >
                <input
                  class="sc-iveFHk galDiN"
                  type="checkbox"
                />
              </td>
              <td>
                <a
                  class=""
                  href="/ui/clusters/test-cluster/all-topics/external.topic"
                  title="external.topic"
                >
                  external.topic
                </a>
              </td>
              <td>
                1
              </td>
              <td>
                0
              </td>
              <td>
                1
              </td>
              <td>
                0
              </td>
              <td>
                <span>
                  1KB
                </span>
              </td>
              <td>
                <div
                  class="sc-bYMpWt jPuQbj"
                >
                  <button
                    aria-label="Dropdown Toggle"
                    class="sc-iJnaPW cLtDrB"
                  >
                    <svg
                      fill="none"
                      height="16"
                      viewBox="0 0 4 16"
                      width="4"
                      xmlns="http://www.w3.org/2000/svg"
                    >
                      <path
                        d="M2 4C3.1 4 4 3.1 4 2C4 0.9 3.1 0 2 0C0.9 0 0 0.9 0 2C0 3.1 0.9 4 2 4ZM2 6C0.9 6 0 6.9 0 8C0 9.1 0.9 10 2 10C3.1 10 4 9.1 4 8C4 6.9 3.1 6 2 6ZM2 12C0.9 12 0 12.9 0 14C0 15.1 0.9 16 2 16C3.1 16 4 15.1 4 14C4 12.9 3.1 12 2 12Z"
                        fill="#73848C"
                      />
                    </svg>
                  </button>
                  <div
                    class="szh-menu-container sc-lllmON dJFjRP"
                    style="position: relative;"
                  >
                    <ul
                      aria-label="Menu"
                      class="szh-menu szh-menu--state-closed szh-menu--dir-bottom"
                      role="menu"
                      style="margin: 0px; display: none; position: absolute; left: 0px; top: 0px;"
                      tabindex="-1"
                    >
                      <div
                        style="position: absolute; left: 0px; top: 0px;"
                        tabindex="-1"
                      />
                      <li
                        aria-disabled="true"
                        class="szh-menu__item szh-menu__item--disabled"
                        role="menuitem"
                        tabindex="-1"
                      >
                        <div
                          class="sc-gikAfH ejPNDG"
                        >
                          Clear Messages
                          <div
                            class="sc-ezOQGI ebJAcj"
                          >
                            Clearing messages is only allowed for topics
                            <br />
                            with DELETE policy
                          </div>
                        </div>
                      </li>
                      <li
                        class="szh-menu__item"
                        role="menuitem"
                        tabindex="-1"
                      >
                        <div
                          class="sc-gikAfH ejPNDG"
                        >
                          Recreate Topic
                        </div>
                      </li>
                      <li
                        class="szh-menu__item"
                        role="menuitem"
                        tabindex="-1"
                      >
                        <div
                          class="sc-gikAfH ejPNDG"
                        >
                          Remove Topic
                        </div>
                      </li>
                    </ul>
                  </div>
                </div>
              </td>
            </tr>
            <tr
              class="sc-ksBlkl boZBPF"
            >
              <td
                style="width: 1px;"
              >
                <input
                  class="sc-iveFHk galDiN"
                  type="checkbox"
                />
              </td>
              <td>
                <a
                  class=""
                  href="/ui/clusters/test-cluster/all-topics/test-topic"
                  title="test-topic"
                >
                  test-topic
                </a>
              </td>
              <td>
                1
              </td>
              <td>
                0
              </td>
              <td>
                1
              </td>
              <td>
                0
              </td>
              <td>
                <span>
                  1KB
                </span>
              </td>
              <td>
                <div
                  class="sc-bYMpWt jPuQbj"
                >
                  <button
                    aria-label="Dropdown Toggle"
                    class="sc-iJnaPW cLtDrB"
                  >
                    <svg
                      fill="none"
                      height="16"
                      viewBox="0 0 4 16"
                      width="4"
                      xmlns="http://www.w3.org/2000/svg"
                    >
                      <path
                        d="M2 4C3.1 4 4 3.1 4 2C4 0.9 3.1 0 2 0C0.9 0 0 0.9 0 2C0 3.1 0.9 4 2 4ZM2 6C0.9 6 0 6.9 0 8C0 9.1 0.9 10 2 10C3.1 10 4 9.1 4 8C4 6.9 3.1 6 2 6ZM2 12C0.9 12 0 12.9 0 14C0 15.1 0.9 16 2 16C3.1 16 4 15.1 4 14C4 12.9 3.1 12 2 12Z"
                        fill="#73848C"
                      />
                    </svg>
                  </button>
                  <div
                    class="szh-menu-container sc-lllmON dJFjRP"
                    style="position: relative;"
                  >
                    <ul
                      aria-label="Menu"
                      class="szh-menu szh-menu--state-closed szh-menu--dir-bottom"
                      role="menu"
                      style="margin: 0px; display: none; position: absolute; left: 0px; top: 0px;"
                      tabindex="-1"
                    >
                      <div
                        style="position: absolute; left: 0px; top: 0px;"
                        tabindex="-1"
                      />
                      <li
                        aria-disabled="true"
                        class="szh-menu__item szh-menu__item--disabled"
                        role="menuitem"
                        tabindex="-1"
                      >
                        <div
                          class="sc-gikAfH ejPNDG"
                        >
                          Clear Messages
                          <div
                            class="sc-ezOQGI ebJAcj"
                          >
                            Clearing messages is only allowed for topics
                            <br />
                            with DELETE policy
                          </div>
                        </div>
                      </li>
                      <li
                        class="szh-menu__item"
                        role="menuitem"
                        tabindex="-1"
                      >
                        <div
                          class="sc-gikAfH ejPNDG"
                        >
                          Recreate Topic
                        </div>
                      </li>
                      <li
                        class="szh-menu__item"
                        role="menuitem"
                        tabindex="-1"
                      >
                        <div
                          class="sc-gikAfH ejPNDG"
                        >
                          Remove Topic
                        </div>
                      </li>
                    </ul>
                  </div>
                </div>
              </td>
            </tr>
          </tbody>
        </table>
      </div>
    </div>
  </div>
</body>
    at Object.getElementError (/Users/davitbejanyan/Desktop/kafka-ui/kafka-ui-react-app/node_modules/.pnpm/@testing-library+dom@8.19.0/node_modules/@testing-library/dom/dist/config.js:40:19)
    at /Users/davitbejanyan/Desktop/kafka-ui/kafka-ui-react-app/node_modules/.pnpm/@testing-library+dom@8.19.0/node_modules/@testing-library/dom/dist/query-helpers.js:90:38
    at /Users/davitbejanyan/Desktop/kafka-ui/kafka-ui-react-app/node_modules/.pnpm/@testing-library+dom@8.19.0/node_modules/@testing-library/dom/dist/query-helpers.js:62:17
    at /Users/davitbejanyan/Desktop/kafka-ui/kafka-ui-react-app/node_modules/.pnpm/@testing-library+dom@8.19.0/node_modules/@testing-library/dom/dist/query-helpers.js:111:19
    at getByRole (/Users/davitbejanyan/Desktop/kafka-ui/kafka-ui-react-app/src/components/Topics/List/__tests__/TopicTable.spec.tsx:20:50)
    at getButtonByName (/Users/davitbejanyan/Desktop/kafka-ui/kafka-ui-react-app/src/components/Topics/List/__tests__/TopicTable.spec.tsx:174:28)
    at tryCatch (/Users/davitbejanyan/Desktop/kafka-ui/kafka-ui-react-app/src/components/Topics/List/__tests__/TopicTable.spec.tsx:2:1)
    at Generator._invoke (/Users/davitbejanyan/Desktop/kafka-ui/kafka-ui-react-app/src/components/Topics/List/__tests__/TopicTable.spec.tsx:2:1)
    at Generator.next (/Users/davitbejanyan/Desktop/kafka-ui/kafka-ui-react-app/src/components/Topics/List/__tests__/TopicTable.spec.tsx:2:1)
    at asyncGeneratorStep (/Users/davitbejanyan/Desktop/kafka-ui/kafka-ui-react-app/src/components/Topics/List/__tests__/TopicTable.spec.tsx:2:1)
    at _next (/Users/davitbejanyan/Desktop/kafka-ui/kafka-ui-react-app/src/components/Topics/List/__tests__/TopicTable.spec.tsx:2:1)
    at /Users/davitbejanyan/Desktop/kafka-ui/kafka-ui-react-app/src/components/Topics/List/__tests__/TopicTable.spec.tsx:2:1
    at new Promise (<anonymous>)
    at Object.<anonymous> (/Users/davitbejanyan/Desktop/kafka-ui/kafka-ui-react-app/src/components/Topics/List/__tests__/TopicTable.spec.tsx:2:1)
    at Promise.then.completed (/Users/davitbejanyan/Desktop/kafka-ui/kafka-ui-react-app/node_modules/.pnpm/jest-circus@29.1.2/node_modules/jest-circus/build/utils.js:333:28)
    at new Promise (<anonymous>)
    at callAsyncCircusFn (/Users/davitbejanyan/Desktop/kafka-ui/kafka-ui-react-app/node_modules/.pnpm/jest-circus@29.1.2/node_modules/jest-circus/build/utils.js:259:10)
    at _callCircusTest (/Users/davitbejanyan/Desktop/kafka-ui/kafka-ui-react-app/node_modules/.pnpm/jest-circus@29.1.2/node_modules/jest-circus/build/run.js:277:40)
    at processTicksAndRejections (node:internal/process/task_queues:96:5)
    at _runTest (/Users/davitbejanyan/Desktop/kafka-ui/kafka-ui-react-app/node_modules/.pnpm/jest-circus@29.1.2/node_modules/jest-circus/build/run.js:209:3)
    at _runTestsForDescribeBlock (/Users/davitbejanyan/Desktop/kafka-ui/kafka-ui-react-app/node_modules/.pnpm/jest-circus@29.1.2/node_modules/jest-circus/build/run.js:97:9)
    at _runTestsForDescribeBlock (/Users/davitbejanyan/Desktop/kafka-ui/kafka-ui-react-app/node_modules/.pnpm/jest-circus@29.1.2/node_modules/jest-circus/build/run.js:91:9)
    at _runTestsForDescribeBlock (/Users/davitbejanyan/Desktop/kafka-ui/kafka-ui-react-app/node_modules/.pnpm/jest-circus@29.1.2/node_modules/jest-circus/build/run.js:91:9)
    at _runTestsForDescribeBlock (/Users/davitbejanyan/Desktop/kafka-ui/kafka-ui-react-app/node_modules/.pnpm/jest-circus@29.1.2/node_modules/jest-circus/build/run.js:91:9)
    at _runTestsForDescribeBlock (/Users/davitbejanyan/Desktop/kafka-ui/kafka-ui-react-app/node_modules/.pnpm/jest-circus@29.1.2/node_modules/jest-circus/build/run.js:91:9)
    at _runTestsForDescribeBlock (/Users/davitbejanyan/Desktop/kafka-ui/kafka-ui-react-app/node_modules/.pnpm/jest-circus@29.1.2/node_modules/jest-circus/build/run.js:91:9)
    at run (/Users/davitbejanyan/Desktop/kafka-ui/kafka-ui-react-app/node_modules/.pnpm/jest-circus@29.1.2/node_modules/jest-circus/build/run.js:31:3)
    at runAndTransformResultsToJestFormat (/Users/davitbejanyan/Desktop/kafka-ui/kafka-ui-react-app/node_modules/.pnpm/jest-circus@29.1.2/node_modules/jest-circus/build/legacy-code-todo-rewrite/jestAdapterInit.js:136:21)
    at jestAdapter (/Users/davitbejanyan/Desktop/kafka-ui/kafka-ui-react-app/node_modules/.pnpm/jest-circus@29.1.2/node_modules/jest-circus/build/legacy-code-todo-rewrite/jestAdapter.js:92:19)
    at runTestInternal (/Users/davitbejanyan/Desktop/kafka-ui/kafka-ui-react-app/node_modules/.pnpm/jest-runner@29.1.2/node_modules/jest-runner/build/runTest.js:407:16)
    at runTest (/Users/davitbejanyan/Desktop/kafka-ui/kafka-ui-react-app/node_modules/.pnpm/jest-runner@29.1.2/node_modules/jest-runner/build/runTest.js:491:34)
    at Object.worker (/Users/davitbejanyan/Desktop/kafka-ui/kafka-ui-react-app/node_modules/.pnpm/jest-runner@29.1.2/node_modules/jest-runner/build/testWorker.js:133:12)]]></failure>
    </testCase>
    <testCase name="TopicTable Components with topics Action buttons renders disable action buttons for read-only cluster" duration="63"/>
    <testCase name="TopicTable Components with topics Action buttons renders action buttons" duration="1249">
      <failure message="TestingLibraryElementError: Unable to find an accessible element with the role &quot;menu&quot;"><![CDATA[TestingLibraryElementError: Unable to find an accessible element with the role "menu"

Here are the accessible roles:

  table:

  Name "":
  <table
    class="sc-bjfHbI dFKpII"
  />

  --------------------------------------------------
  rowgroup:

  Name "":
  <thead />

  Name "":
  <tbody />

  --------------------------------------------------
  row:

  Name "Topic Name Partitions Out of sync replicas Replication Factor Number of messages Size":
  <tr />

  Name "__internal.topic 1 0 1 0 0Bytes":
  <tr
    class="sc-ksBlkl boZBPF"
  />

  Name "external.topic 1 0 1 0 1KB":
  <tr
    class="sc-ksBlkl boZBPF"
  />

  --------------------------------------------------
  columnheader:

  Name "":
  <th
    class="sc-bqWxrE WvYRc"
  />

  Name "Topic Name":
  <th
    class="sc-bqWxrE chqDnK"
    colspan="1"
  />

  Name "Partitions":
  <th
    class="sc-bqWxrE chqDnK"
    colspan="1"
  />

  Name "Out of sync replicas":
  <th
    class="sc-bqWxrE chqDnK"
    colspan="1"
  />

  Name "Replication Factor":
  <th
    class="sc-bqWxrE eOtHhI"
    colspan="1"
  />

  Name "Number of messages":
  <th
    class="sc-bqWxrE eOtHhI"
    colspan="1"
  />

  Name "Size":
  <th
    class="sc-bqWxrE chqDnK"
    colspan="1"
  />

  Name "":
  <th
    class="sc-bqWxrE eOtHhI"
    colspan="1"
  />

  --------------------------------------------------
  checkbox:

  Name "":
  <input
    class="sc-iveFHk galDiN"
    type="checkbox"
  />

  Name "":
  <input
    class="sc-iveFHk galDiN"
    disabled=""
    type="checkbox"
  />

  Name "":
  <input
    class="sc-iveFHk galDiN"
    type="checkbox"
  />

  --------------------------------------------------
  cell:

  Name "":
  <td
    style="width: 1px;"
  />

  Name "__internal.topic":
  <td />

  Name "1":
  <td />

  Name "0":
  <td />

  Name "1":
  <td />

  Name "0":
  <td />

  Name "0Bytes":
  <td />

  Name "":
  <td />

  Name "":
  <td
    style="width: 1px;"
  />

  Name "external.topic":
  <td />

  Name "1":
  <td />

  Name "0":
  <td />

  Name "1":
  <td />

  Name "0":
  <td />

  Name "1KB":
  <td />

  Name "":
  <td />

  --------------------------------------------------
  link:

  Name "__internal.topic":
  <a
    class=""
    href="/ui/clusters/test-cluster/all-topics/__internal.topic"
    title="__internal.topic"
  />

  Name "external.topic":
  <a
    class=""
    href="/ui/clusters/test-cluster/all-topics/external.topic"
    title="external.topic"
  />

  --------------------------------------------------
  widget:

  Name "":
  <span
    class="sc-cwSeag hhcHCZ"
    color="gray"
    role="widget"
  />

  --------------------------------------------------
  button:

  Name "Dropdown Toggle":
  <button
    aria-label="Dropdown Toggle"
    class="sc-iJnaPW cLtDrB"
    disabled=""
  />

  Name "Dropdown Toggle":
  <button
    aria-label="Dropdown Toggle"
    class="sc-iJnaPW cLtDrB"
  />

  --------------------------------------------------

Ignored nodes: comments, script, style
<body>
  <div>
    <div>
      <div
        class="sc-bBABsx jvVYpR"
      >
        <table
          class="sc-bjfHbI dFKpII"
        >
          <thead>
            <tr>
              <th
                class="sc-bqWxrE WvYRc"
              >
                <input
                  class="sc-iveFHk galDiN"
                  type="checkbox"
                />
              </th>
              <th
                class="sc-bqWxrE chqDnK"
                colspan="1"
              >
                <div>
                  Topic Name
                </div>
              </th>
              <th
                class="sc-bqWxrE chqDnK"
                colspan="1"
              >
                <div>
                  Partitions
                </div>
              </th>
              <th
                class="sc-bqWxrE chqDnK"
                colspan="1"
              >
                <div>
                  Out of sync replicas
                </div>
              </th>
              <th
                class="sc-bqWxrE eOtHhI"
                colspan="1"
              >
                <div>
                  Replication Factor
                </div>
              </th>
              <th
                class="sc-bqWxrE eOtHhI"
                colspan="1"
              >
                <div>
                  Number of messages
                </div>
              </th>
              <th
                class="sc-bqWxrE chqDnK"
                colspan="1"
              >
                <div>
                  Size
                </div>
              </th>
              <th
                class="sc-bqWxrE eOtHhI"
                colspan="1"
              >
                <div />
              </th>
            </tr>
          </thead>
          <tbody>
            <tr
              class="sc-ksBlkl boZBPF"
            >
              <td
                style="width: 1px;"
              >
                <input
                  class="sc-iveFHk galDiN"
                  disabled=""
                  type="checkbox"
                />
              </td>
              <td>
                <a
                  class=""
                  href="/ui/clusters/test-cluster/all-topics/__internal.topic"
                  title="__internal.topic"
                >
                  <span
                    class="sc-cwSeag hhcHCZ"
                    color="gray"
                    role="widget"
                  >
                    IN
                  </span>
                   
                  __internal.topic
                </a>
              </td>
              <td>
                1
              </td>
              <td>
                0
              </td>
              <td>
                1
              </td>
              <td>
                0
              </td>
              <td>
                <span>
                  0Bytes
                </span>
              </td>
              <td>
                <div
                  class="sc-bYMpWt jPuQbj"
                >
                  <button
                    aria-label="Dropdown Toggle"
                    class="sc-iJnaPW cLtDrB"
                    disabled=""
                  >
                    <svg
                      fill="none"
                      height="16"
                      viewBox="0 0 4 16"
                      width="4"
                      xmlns="http://www.w3.org/2000/svg"
                    >
                      <path
                        d="M2 4C3.1 4 4 3.1 4 2C4 0.9 3.1 0 2 0C0.9 0 0 0.9 0 2C0 3.1 0.9 4 2 4ZM2 6C0.9 6 0 6.9 0 8C0 9.1 0.9 10 2 10C3.1 10 4 9.1 4 8C4 6.9 3.1 6 2 6ZM2 12C0.9 12 0 12.9 0 14C0 15.1 0.9 16 2 16C3.1 16 4 15.1 4 14C4 12.9 3.1 12 2 12Z"
                        fill="#73848C"
                      />
                    </svg>
                  </button>
                  <div
                    class="szh-menu-container sc-lllmON dJFjRP"
                    style="position: relative;"
                  >
                    <ul
                      aria-label="Menu"
                      class="szh-menu szh-menu--state-closed szh-menu--dir-bottom"
                      role="menu"
                      style="margin: 0px; display: none; position: absolute; left: 0px; top: 0px;"
                      tabindex="-1"
                    >
                      <div
                        style="position: absolute; left: 0px; top: 0px;"
                        tabindex="-1"
                      />
                      <li
                        aria-disabled="true"
                        class="szh-menu__item szh-menu__item--disabled"
                        role="menuitem"
                        tabindex="-1"
                      >
                        <div
                          class="sc-gikAfH ejPNDG"
                        >
                          Clear Messages
                          <div
                            class="sc-ezOQGI ebJAcj"
                          >
                            Clearing messages is only allowed for topics
                            <br />
                            with DELETE policy
                          </div>
                        </div>
                      </li>
                      <li
                        class="szh-menu__item"
                        role="menuitem"
                        tabindex="-1"
                      >
                        <div
                          class="sc-gikAfH ejPNDG"
                        >
                          Recreate Topic
                        </div>
                      </li>
                      <li
                        class="szh-menu__item"
                        role="menuitem"
                        tabindex="-1"
                      >
                        <div
                          class="sc-gikAfH ejPNDG"
                        >
                          Remove Topic
                        </div>
                      </li>
                    </ul>
                  </div>
                </div>
              </td>
            </tr>
            <tr
              class="sc-ksBlkl boZBPF"
            >
              <td
                style="width: 1px;"
              >
                <input
                  class="sc-iveFHk galDiN"
                  type="checkbox"
                />
              </td>
              <td>
                <a
                  class=""
                  href="/ui/clusters/test-cluster/all-topics/external.topic"
                  title="external.topic"
                >
                  external.topic
                </a>
              </td>
              <td>
                1
              </td>
              <td>
                0
              </td>
              <td>
                1
              </td>
              <td>
                0
              </td>
              <td>
                <span>
                  1KB
                </span>
              </td>
              <td>
                <div
                  class="sc-bYMpWt jPuQbj"
                >
                  <button
                    aria-label="Dropdown Toggle"
                    class="sc-iJnaPW cLtDrB"
                  >
                    <svg
                      fill="none"
                      height="16"
                      viewBox="0 0 4 16"
                      width="4"
                      xmlns="http://www.w3.org/2000/svg"
                    >
                      <path
                        d="M2 4C3.1 4 4 3.1 4 2C4 0.9 3.1 0 2 0C0.9 0 0 0.9 0 2C0 3.1 0.9 4 2 4ZM2 6C0.9 6 0 6.9 0 8C0 9.1 0.9 10 2 10C3.1 10 4 9.1 4 8C4 6.9 3.1 6 2 6ZM2 12C0.9 12 0 12.9 0 14C0 15.1 0.9 16 2 16C3.1 16 4 15.1 4 14C4 12.9 3.1 12 2 12Z"
                        fill="#73848C"
                      />
                    </svg>
                  </button>
                  <div
                    class="szh-menu-container sc-lllmON dJFjRP"
                    style="position: relative;"
                  >
                    <ul
                      aria-label="Menu"
                      class="szh-menu szh-menu--state-closed szh-menu--dir-bottom"
                      role="menu"
                      style="margin: 0px; display: none; position: absolute; left: 0px; top: 0px;"
                      tabindex="-1"
                    >
                      <div
                        style="position: absolute; left: 0px; top: 0px;"
                        tabindex="-1"
                      />
                      <li
                        aria-disabled="true"
                        class="szh-menu__item szh-menu__item--disabled"
                        role="menuitem"
                        tabindex="-1"
                      >
                        <div
                          class="sc-gikAfH ejPNDG"
                        >
                          Clear Messages
                          <div
                            class="sc-ezOQGI ebJAcj"
                          >
                            Clearing messages is only allowed for topics
                            <br />
                            with DELETE policy
                          </div>
                        </div>
                      </li>
                      <li
                        class="szh-menu__item"
                        role="menuitem"
                        tabindex="-1"
                      >
                        <div
                          class="sc-gikAfH ejPNDG"
                        >
                          Recreate Topic
                        </div>
                      </li>
                      <li
                        class="szh-menu__item"
                        role="menuitem"
                        tabindex="-1"
                      >
                        <div
                          class="sc-gikAfH ejPNDG"
                        >
                          Remove Topic
                        </div>
                      </li>
                    </ul>
                  </div>
                </div>
              </td>
            </tr>
          </tbody>
        </table>
      </div>
    </div>
  </div>
</body>
    at Object.getElementError (/Users/davitbejanyan/Desktop/kafka-ui/kafka-ui-react-app/node_modules/.pnpm/@testing-library+dom@8.19.0/node_modules/@testing-library/dom/dist/config.js:40:19)
    at /Users/davitbejanyan/Desktop/kafka-ui/kafka-ui-react-app/node_modules/.pnpm/@testing-library+dom@8.19.0/node_modules/@testing-library/dom/dist/query-helpers.js:90:38
    at /Users/davitbejanyan/Desktop/kafka-ui/kafka-ui-react-app/node_modules/.pnpm/@testing-library+dom@8.19.0/node_modules/@testing-library/dom/dist/query-helpers.js:62:17
    at /Users/davitbejanyan/Desktop/kafka-ui/kafka-ui-react-app/node_modules/.pnpm/@testing-library+dom@8.19.0/node_modules/@testing-library/dom/dist/query-helpers.js:111:19
    at Object.getByRole (/Users/davitbejanyan/Desktop/kafka-ui/kafka-ui-react-app/src/components/Topics/List/__tests__/TopicTable.spec.tsx:232:23)
    at Promise.then.completed (/Users/davitbejanyan/Desktop/kafka-ui/kafka-ui-react-app/node_modules/.pnpm/jest-circus@29.1.2/node_modules/jest-circus/build/utils.js:333:28)
    at new Promise (<anonymous>)
    at callAsyncCircusFn (/Users/davitbejanyan/Desktop/kafka-ui/kafka-ui-react-app/node_modules/.pnpm/jest-circus@29.1.2/node_modules/jest-circus/build/utils.js:259:10)
    at _callCircusTest (/Users/davitbejanyan/Desktop/kafka-ui/kafka-ui-react-app/node_modules/.pnpm/jest-circus@29.1.2/node_modules/jest-circus/build/run.js:277:40)
    at processTicksAndRejections (node:internal/process/task_queues:96:5)
    at _runTest (/Users/davitbejanyan/Desktop/kafka-ui/kafka-ui-react-app/node_modules/.pnpm/jest-circus@29.1.2/node_modules/jest-circus/build/run.js:209:3)
    at _runTestsForDescribeBlock (/Users/davitbejanyan/Desktop/kafka-ui/kafka-ui-react-app/node_modules/.pnpm/jest-circus@29.1.2/node_modules/jest-circus/build/run.js:97:9)
    at _runTestsForDescribeBlock (/Users/davitbejanyan/Desktop/kafka-ui/kafka-ui-react-app/node_modules/.pnpm/jest-circus@29.1.2/node_modules/jest-circus/build/run.js:91:9)
    at _runTestsForDescribeBlock (/Users/davitbejanyan/Desktop/kafka-ui/kafka-ui-react-app/node_modules/.pnpm/jest-circus@29.1.2/node_modules/jest-circus/build/run.js:91:9)
    at _runTestsForDescribeBlock (/Users/davitbejanyan/Desktop/kafka-ui/kafka-ui-react-app/node_modules/.pnpm/jest-circus@29.1.2/node_modules/jest-circus/build/run.js:91:9)
    at run (/Users/davitbejanyan/Desktop/kafka-ui/kafka-ui-react-app/node_modules/.pnpm/jest-circus@29.1.2/node_modules/jest-circus/build/run.js:31:3)
    at runAndTransformResultsToJestFormat (/Users/davitbejanyan/Desktop/kafka-ui/kafka-ui-react-app/node_modules/.pnpm/jest-circus@29.1.2/node_modules/jest-circus/build/legacy-code-todo-rewrite/jestAdapterInit.js:136:21)
    at jestAdapter (/Users/davitbejanyan/Desktop/kafka-ui/kafka-ui-react-app/node_modules/.pnpm/jest-circus@29.1.2/node_modules/jest-circus/build/legacy-code-todo-rewrite/jestAdapter.js:92:19)
    at runTestInternal (/Users/davitbejanyan/Desktop/kafka-ui/kafka-ui-react-app/node_modules/.pnpm/jest-runner@29.1.2/node_modules/jest-runner/build/runTest.js:407:16)
    at runTest (/Users/davitbejanyan/Desktop/kafka-ui/kafka-ui-react-app/node_modules/.pnpm/jest-runner@29.1.2/node_modules/jest-runner/build/runTest.js:491:34)
    at Object.worker (/Users/davitbejanyan/Desktop/kafka-ui/kafka-ui-react-app/node_modules/.pnpm/jest-runner@29.1.2/node_modules/jest-runner/build/testWorker.js:133:12)]]></failure>
    </testCase>
    <testCase name="TopicTable Components with topics Action buttons and clear messages action is visible for topic with CleanUpPolicy.DELETE" duration="608">
      <failure message="TestingLibraryElementError: Unable to find an accessible element with the role &quot;menu&quot;"><![CDATA[TestingLibraryElementError: Unable to find an accessible element with the role "menu"

Here are the accessible roles:

  table:

  Name "":
  <table
    class="sc-bjfHbI dFKpII"
  />

  --------------------------------------------------
  rowgroup:

  Name "":
  <thead />

  Name "":
  <tbody />

  --------------------------------------------------
  row:

  Name "Topic Name Partitions Out of sync replicas Replication Factor Number of messages Size":
  <tr />

  Name "external.topic 1 0 1 0 1KB":
  <tr
    class="sc-ksBlkl boZBPF"
  />

  --------------------------------------------------
  columnheader:

  Name "":
  <th
    class="sc-bqWxrE WvYRc"
  />

  Name "Topic Name":
  <th
    class="sc-bqWxrE chqDnK"
    colspan="1"
  />

  Name "Partitions":
  <th
    class="sc-bqWxrE chqDnK"
    colspan="1"
  />

  Name "Out of sync replicas":
  <th
    class="sc-bqWxrE chqDnK"
    colspan="1"
  />

  Name "Replication Factor":
  <th
    class="sc-bqWxrE eOtHhI"
    colspan="1"
  />

  Name "Number of messages":
  <th
    class="sc-bqWxrE eOtHhI"
    colspan="1"
  />

  Name "Size":
  <th
    class="sc-bqWxrE chqDnK"
    colspan="1"
  />

  Name "":
  <th
    class="sc-bqWxrE eOtHhI"
    colspan="1"
  />

  --------------------------------------------------
  checkbox:

  Name "":
  <input
    class="sc-iveFHk galDiN"
    type="checkbox"
  />

  Name "":
  <input
    class="sc-iveFHk galDiN"
    type="checkbox"
  />

  --------------------------------------------------
  cell:

  Name "":
  <td
    style="width: 1px;"
  />

  Name "external.topic":
  <td />

  Name "1":
  <td />

  Name "0":
  <td />

  Name "1":
  <td />

  Name "0":
  <td />

  Name "1KB":
  <td />

  Name "":
  <td />

  --------------------------------------------------
  link:

  Name "external.topic":
  <a
    class=""
    href="/ui/clusters/test-cluster/all-topics/external.topic"
    title="external.topic"
  />

  --------------------------------------------------
  button:

  Name "Dropdown Toggle":
  <button
    aria-label="Dropdown Toggle"
    class="sc-iJnaPW cLtDrB"
  />

  --------------------------------------------------

Ignored nodes: comments, script, style
<body>
  <div>
    <div>
      <div
        class="sc-bBABsx jvVYpR"
      >
        <table
          class="sc-bjfHbI dFKpII"
        >
          <thead>
            <tr>
              <th
                class="sc-bqWxrE WvYRc"
              >
                <input
                  class="sc-iveFHk galDiN"
                  type="checkbox"
                />
              </th>
              <th
                class="sc-bqWxrE chqDnK"
                colspan="1"
              >
                <div>
                  Topic Name
                </div>
              </th>
              <th
                class="sc-bqWxrE chqDnK"
                colspan="1"
              >
                <div>
                  Partitions
                </div>
              </th>
              <th
                class="sc-bqWxrE chqDnK"
                colspan="1"
              >
                <div>
                  Out of sync replicas
                </div>
              </th>
              <th
                class="sc-bqWxrE eOtHhI"
                colspan="1"
              >
                <div>
                  Replication Factor
                </div>
              </th>
              <th
                class="sc-bqWxrE eOtHhI"
                colspan="1"
              >
                <div>
                  Number of messages
                </div>
              </th>
              <th
                class="sc-bqWxrE chqDnK"
                colspan="1"
              >
                <div>
                  Size
                </div>
              </th>
              <th
                class="sc-bqWxrE eOtHhI"
                colspan="1"
              >
                <div />
              </th>
            </tr>
          </thead>
          <tbody>
            <tr
              class="sc-ksBlkl boZBPF"
            >
              <td
                style="width: 1px;"
              >
                <input
                  class="sc-iveFHk galDiN"
                  type="checkbox"
                />
              </td>
              <td>
                <a
                  class=""
                  href="/ui/clusters/test-cluster/all-topics/external.topic"
                  title="external.topic"
                >
                  external.topic
                </a>
              </td>
              <td>
                1
              </td>
              <td>
                0
              </td>
              <td>
                1
              </td>
              <td>
                0
              </td>
              <td>
                <span>
                  1KB
                </span>
              </td>
              <td>
                <div
                  class="sc-bYMpWt jPuQbj"
                >
                  <button
                    aria-label="Dropdown Toggle"
                    class="sc-iJnaPW cLtDrB"
                  >
                    <svg
                      fill="none"
                      height="16"
                      viewBox="0 0 4 16"
                      width="4"
                      xmlns="http://www.w3.org/2000/svg"
                    >
                      <path
                        d="M2 4C3.1 4 4 3.1 4 2C4 0.9 3.1 0 2 0C0.9 0 0 0.9 0 2C0 3.1 0.9 4 2 4ZM2 6C0.9 6 0 6.9 0 8C0 9.1 0.9 10 2 10C3.1 10 4 9.1 4 8C4 6.9 3.1 6 2 6ZM2 12C0.9 12 0 12.9 0 14C0 15.1 0.9 16 2 16C3.1 16 4 15.1 4 14C4 12.9 3.1 12 2 12Z"
                        fill="#73848C"
                      />
                    </svg>
                  </button>
                  <div
                    class="szh-menu-container sc-lllmON dJFjRP"
                    style="position: relative;"
                  >
                    <ul
                      aria-label="Menu"
                      class="szh-menu szh-menu--state-closed szh-menu--dir-bottom"
                      role="menu"
                      style="margin: 0px; display: none; position: absolute; left: 0px; top: 0px;"
                      tabindex="-1"
                    >
                      <div
                        style="position: absolute; left: 0px; top: 0px;"
                        tabindex="-1"
                      />
                      <li
                        class="szh-menu__item"
                        role="menuitem"
                        tabindex="-1"
                      >
                        <div
                          class="sc-gikAfH ejPNDG"
                        >
                          Clear Messages
                          <div
                            class="sc-ezOQGI ebJAcj"
                          >
                            Clearing messages is only allowed for topics
                            <br />
                            with DELETE policy
                          </div>
                        </div>
                      </li>
                      <li
                        class="szh-menu__item"
                        role="menuitem"
                        tabindex="-1"
                      >
                        <div
                          class="sc-gikAfH ejPNDG"
                        >
                          Recreate Topic
                        </div>
                      </li>
                      <li
                        class="szh-menu__item"
                        role="menuitem"
                        tabindex="-1"
                      >
                        <div
                          class="sc-gikAfH ejPNDG"
                        >
                          Remove Topic
                        </div>
                      </li>
                    </ul>
                  </div>
                </div>
              </td>
            </tr>
          </tbody>
        </table>
      </div>
    </div>
  </div>
</body>
    at Object.getElementError (/Users/davitbejanyan/Desktop/kafka-ui/kafka-ui-react-app/node_modules/.pnpm/@testing-library+dom@8.19.0/node_modules/@testing-library/dom/dist/config.js:40:19)
    at /Users/davitbejanyan/Desktop/kafka-ui/kafka-ui-react-app/node_modules/.pnpm/@testing-library+dom@8.19.0/node_modules/@testing-library/dom/dist/query-helpers.js:90:38
    at /Users/davitbejanyan/Desktop/kafka-ui/kafka-ui-react-app/node_modules/.pnpm/@testing-library+dom@8.19.0/node_modules/@testing-library/dom/dist/query-helpers.js:62:17
    at /Users/davitbejanyan/Desktop/kafka-ui/kafka-ui-react-app/node_modules/.pnpm/@testing-library+dom@8.19.0/node_modules/@testing-library/dom/dist/query-helpers.js:111:19
    at getByRole (/Users/davitbejanyan/Desktop/kafka-ui/kafka-ui-react-app/src/components/Topics/List/__tests__/TopicTable.spec.tsx:199:23)
    at expectDropdownExists (/Users/davitbejanyan/Desktop/kafka-ui/kafka-ui-react-app/src/components/Topics/List/__tests__/TopicTable.spec.tsx:244:11)
    at tryCatch (/Users/davitbejanyan/Desktop/kafka-ui/kafka-ui-react-app/src/components/Topics/List/__tests__/TopicTable.spec.tsx:2:1)
    at Generator._invoke (/Users/davitbejanyan/Desktop/kafka-ui/kafka-ui-react-app/src/components/Topics/List/__tests__/TopicTable.spec.tsx:2:1)
    at Generator.next (/Users/davitbejanyan/Desktop/kafka-ui/kafka-ui-react-app/src/components/Topics/List/__tests__/TopicTable.spec.tsx:2:1)
    at asyncGeneratorStep (/Users/davitbejanyan/Desktop/kafka-ui/kafka-ui-react-app/src/components/Topics/List/__tests__/TopicTable.spec.tsx:2:1)
    at _next (/Users/davitbejanyan/Desktop/kafka-ui/kafka-ui-react-app/src/components/Topics/List/__tests__/TopicTable.spec.tsx:2:1)
    at /Users/davitbejanyan/Desktop/kafka-ui/kafka-ui-react-app/src/components/Topics/List/__tests__/TopicTable.spec.tsx:2:1
    at new Promise (<anonymous>)
    at Object.<anonymous> (/Users/davitbejanyan/Desktop/kafka-ui/kafka-ui-react-app/src/components/Topics/List/__tests__/TopicTable.spec.tsx:2:1)
    at Promise.then.completed (/Users/davitbejanyan/Desktop/kafka-ui/kafka-ui-react-app/node_modules/.pnpm/jest-circus@29.1.2/node_modules/jest-circus/build/utils.js:333:28)
    at new Promise (<anonymous>)
    at callAsyncCircusFn (/Users/davitbejanyan/Desktop/kafka-ui/kafka-ui-react-app/node_modules/.pnpm/jest-circus@29.1.2/node_modules/jest-circus/build/utils.js:259:10)
    at _callCircusTest (/Users/davitbejanyan/Desktop/kafka-ui/kafka-ui-react-app/node_modules/.pnpm/jest-circus@29.1.2/node_modules/jest-circus/build/run.js:277:40)
    at processTicksAndRejections (node:internal/process/task_queues:96:5)
    at _runTest (/Users/davitbejanyan/Desktop/kafka-ui/kafka-ui-react-app/node_modules/.pnpm/jest-circus@29.1.2/node_modules/jest-circus/build/run.js:209:3)
    at _runTestsForDescribeBlock (/Users/davitbejanyan/Desktop/kafka-ui/kafka-ui-react-app/node_modules/.pnpm/jest-circus@29.1.2/node_modules/jest-circus/build/run.js:97:9)
    at _runTestsForDescribeBlock (/Users/davitbejanyan/Desktop/kafka-ui/kafka-ui-react-app/node_modules/.pnpm/jest-circus@29.1.2/node_modules/jest-circus/build/run.js:91:9)
    at _runTestsForDescribeBlock (/Users/davitbejanyan/Desktop/kafka-ui/kafka-ui-react-app/node_modules/.pnpm/jest-circus@29.1.2/node_modules/jest-circus/build/run.js:91:9)
    at _runTestsForDescribeBlock (/Users/davitbejanyan/Desktop/kafka-ui/kafka-ui-react-app/node_modules/.pnpm/jest-circus@29.1.2/node_modules/jest-circus/build/run.js:91:9)
    at _runTestsForDescribeBlock (/Users/davitbejanyan/Desktop/kafka-ui/kafka-ui-react-app/node_modules/.pnpm/jest-circus@29.1.2/node_modules/jest-circus/build/run.js:91:9)
    at run (/Users/davitbejanyan/Desktop/kafka-ui/kafka-ui-react-app/node_modules/.pnpm/jest-circus@29.1.2/node_modules/jest-circus/build/run.js:31:3)
    at runAndTransformResultsToJestFormat (/Users/davitbejanyan/Desktop/kafka-ui/kafka-ui-react-app/node_modules/.pnpm/jest-circus@29.1.2/node_modules/jest-circus/build/legacy-code-todo-rewrite/jestAdapterInit.js:136:21)
    at jestAdapter (/Users/davitbejanyan/Desktop/kafka-ui/kafka-ui-react-app/node_modules/.pnpm/jest-circus@29.1.2/node_modules/jest-circus/build/legacy-code-todo-rewrite/jestAdapter.js:92:19)
    at runTestInternal (/Users/davitbejanyan/Desktop/kafka-ui/kafka-ui-react-app/node_modules/.pnpm/jest-runner@29.1.2/node_modules/jest-runner/build/runTest.js:407:16)
    at runTest (/Users/davitbejanyan/Desktop/kafka-ui/kafka-ui-react-app/node_modules/.pnpm/jest-runner@29.1.2/node_modules/jest-runner/build/runTest.js:491:34)
    at Object.worker (/Users/davitbejanyan/Desktop/kafka-ui/kafka-ui-react-app/node_modules/.pnpm/jest-runner@29.1.2/node_modules/jest-runner/build/testWorker.js:133:12)]]></failure>
    </testCase>
    <testCase name="TopicTable Components with topics Action buttons and clear messages action is disabled for topic without CleanUpPolicy.DELETE" duration="527">
      <failure message="TestingLibraryElementError: Unable to find an accessible element with the role &quot;menu&quot;"><![CDATA[TestingLibraryElementError: Unable to find an accessible element with the role "menu"

Here are the accessible roles:

  table:

  Name "":
  <table
    class="sc-bjfHbI dFKpII"
  />

  --------------------------------------------------
  rowgroup:

  Name "":
  <thead />

  Name "":
  <tbody />

  --------------------------------------------------
  row:

  Name "Topic Name Partitions Out of sync replicas Replication Factor Number of messages Size":
  <tr />

  Name "external.topic 1 0 1 0 1KB":
  <tr
    class="sc-ksBlkl boZBPF"
  />

  --------------------------------------------------
  columnheader:

  Name "":
  <th
    class="sc-bqWxrE WvYRc"
  />

  Name "Topic Name":
  <th
    class="sc-bqWxrE chqDnK"
    colspan="1"
  />

  Name "Partitions":
  <th
    class="sc-bqWxrE chqDnK"
    colspan="1"
  />

  Name "Out of sync replicas":
  <th
    class="sc-bqWxrE chqDnK"
    colspan="1"
  />

  Name "Replication Factor":
  <th
    class="sc-bqWxrE eOtHhI"
    colspan="1"
  />

  Name "Number of messages":
  <th
    class="sc-bqWxrE eOtHhI"
    colspan="1"
  />

  Name "Size":
  <th
    class="sc-bqWxrE chqDnK"
    colspan="1"
  />

  Name "":
  <th
    class="sc-bqWxrE eOtHhI"
    colspan="1"
  />

  --------------------------------------------------
  checkbox:

  Name "":
  <input
    class="sc-iveFHk galDiN"
    type="checkbox"
  />

  Name "":
  <input
    class="sc-iveFHk galDiN"
    type="checkbox"
  />

  --------------------------------------------------
  cell:

  Name "":
  <td
    style="width: 1px;"
  />

  Name "external.topic":
  <td />

  Name "1":
  <td />

  Name "0":
  <td />

  Name "1":
  <td />

  Name "0":
  <td />

  Name "1KB":
  <td />

  Name "":
  <td />

  --------------------------------------------------
  link:

  Name "external.topic":
  <a
    class=""
    href="/ui/clusters/test-cluster/all-topics/external.topic"
    title="external.topic"
  />

  --------------------------------------------------
  button:

  Name "Dropdown Toggle":
  <button
    aria-label="Dropdown Toggle"
    class="sc-iJnaPW cLtDrB"
  />

  --------------------------------------------------

Ignored nodes: comments, script, style
<body>
  <div>
    <div>
      <div
        class="sc-bBABsx jvVYpR"
      >
        <table
          class="sc-bjfHbI dFKpII"
        >
          <thead>
            <tr>
              <th
                class="sc-bqWxrE WvYRc"
              >
                <input
                  class="sc-iveFHk galDiN"
                  type="checkbox"
                />
              </th>
              <th
                class="sc-bqWxrE chqDnK"
                colspan="1"
              >
                <div>
                  Topic Name
                </div>
              </th>
              <th
                class="sc-bqWxrE chqDnK"
                colspan="1"
              >
                <div>
                  Partitions
                </div>
              </th>
              <th
                class="sc-bqWxrE chqDnK"
                colspan="1"
              >
                <div>
                  Out of sync replicas
                </div>
              </th>
              <th
                class="sc-bqWxrE eOtHhI"
                colspan="1"
              >
                <div>
                  Replication Factor
                </div>
              </th>
              <th
                class="sc-bqWxrE eOtHhI"
                colspan="1"
              >
                <div>
                  Number of messages
                </div>
              </th>
              <th
                class="sc-bqWxrE chqDnK"
                colspan="1"
              >
                <div>
                  Size
                </div>
              </th>
              <th
                class="sc-bqWxrE eOtHhI"
                colspan="1"
              >
                <div />
              </th>
            </tr>
          </thead>
          <tbody>
            <tr
              class="sc-ksBlkl boZBPF"
            >
              <td
                style="width: 1px;"
              >
                <input
                  class="sc-iveFHk galDiN"
                  type="checkbox"
                />
              </td>
              <td>
                <a
                  class=""
                  href="/ui/clusters/test-cluster/all-topics/external.topic"
                  title="external.topic"
                >
                  external.topic
                </a>
              </td>
              <td>
                1
              </td>
              <td>
                0
              </td>
              <td>
                1
              </td>
              <td>
                0
              </td>
              <td>
                <span>
                  1KB
                </span>
              </td>
              <td>
                <div
                  class="sc-bYMpWt jPuQbj"
                >
                  <button
                    aria-label="Dropdown Toggle"
                    class="sc-iJnaPW cLtDrB"
                  >
                    <svg
                      fill="none"
                      height="16"
                      viewBox="0 0 4 16"
                      width="4"
                      xmlns="http://www.w3.org/2000/svg"
                    >
                      <path
                        d="M2 4C3.1 4 4 3.1 4 2C4 0.9 3.1 0 2 0C0.9 0 0 0.9 0 2C0 3.1 0.9 4 2 4ZM2 6C0.9 6 0 6.9 0 8C0 9.1 0.9 10 2 10C3.1 10 4 9.1 4 8C4 6.9 3.1 6 2 6ZM2 12C0.9 12 0 12.9 0 14C0 15.1 0.9 16 2 16C3.1 16 4 15.1 4 14C4 12.9 3.1 12 2 12Z"
                        fill="#73848C"
                      />
                    </svg>
                  </button>
                  <div
                    class="szh-menu-container sc-lllmON dJFjRP"
                    style="position: relative;"
                  >
                    <ul
                      aria-label="Menu"
                      class="szh-menu szh-menu--state-closed szh-menu--dir-bottom"
                      role="menu"
                      style="margin: 0px; display: none; position: absolute; left: 0px; top: 0px;"
                      tabindex="-1"
                    >
                      <div
                        style="position: absolute; left: 0px; top: 0px;"
                        tabindex="-1"
                      />
                      <li
                        aria-disabled="true"
                        class="szh-menu__item szh-menu__item--disabled"
                        role="menuitem"
                        tabindex="-1"
                      >
                        <div
                          class="sc-gikAfH ejPNDG"
                        >
                          Clear Messages
                          <div
                            class="sc-ezOQGI ebJAcj"
                          >
                            Clearing messages is only allowed for topics
                            <br />
                            with DELETE policy
                          </div>
                        </div>
                      </li>
                      <li
                        class="szh-menu__item"
                        role="menuitem"
                        tabindex="-1"
                      >
                        <div
                          class="sc-gikAfH ejPNDG"
                        >
                          Recreate Topic
                        </div>
                      </li>
                      <li
                        class="szh-menu__item"
                        role="menuitem"
                        tabindex="-1"
                      >
                        <div
                          class="sc-gikAfH ejPNDG"
                        >
                          Remove Topic
                        </div>
                      </li>
                    </ul>
                  </div>
                </div>
              </td>
            </tr>
          </tbody>
        </table>
      </div>
    </div>
  </div>
</body>
    at Object.getElementError (/Users/davitbejanyan/Desktop/kafka-ui/kafka-ui-react-app/node_modules/.pnpm/@testing-library+dom@8.19.0/node_modules/@testing-library/dom/dist/config.js:40:19)
    at /Users/davitbejanyan/Desktop/kafka-ui/kafka-ui-react-app/node_modules/.pnpm/@testing-library+dom@8.19.0/node_modules/@testing-library/dom/dist/query-helpers.js:90:38
    at /Users/davitbejanyan/Desktop/kafka-ui/kafka-ui-react-app/node_modules/.pnpm/@testing-library+dom@8.19.0/node_modules/@testing-library/dom/dist/query-helpers.js:62:17
    at /Users/davitbejanyan/Desktop/kafka-ui/kafka-ui-react-app/node_modules/.pnpm/@testing-library+dom@8.19.0/node_modules/@testing-library/dom/dist/query-helpers.js:111:19
    at getByRole (/Users/davitbejanyan/Desktop/kafka-ui/kafka-ui-react-app/src/components/Topics/List/__tests__/TopicTable.spec.tsx:199:23)
    at expectDropdownExists (/Users/davitbejanyan/Desktop/kafka-ui/kafka-ui-react-app/src/components/Topics/List/__tests__/TopicTable.spec.tsx:258:11)
    at tryCatch (/Users/davitbejanyan/Desktop/kafka-ui/kafka-ui-react-app/src/components/Topics/List/__tests__/TopicTable.spec.tsx:2:1)
    at Generator._invoke (/Users/davitbejanyan/Desktop/kafka-ui/kafka-ui-react-app/src/components/Topics/List/__tests__/TopicTable.spec.tsx:2:1)
    at Generator.next (/Users/davitbejanyan/Desktop/kafka-ui/kafka-ui-react-app/src/components/Topics/List/__tests__/TopicTable.spec.tsx:2:1)
    at asyncGeneratorStep (/Users/davitbejanyan/Desktop/kafka-ui/kafka-ui-react-app/src/components/Topics/List/__tests__/TopicTable.spec.tsx:2:1)
    at _next (/Users/davitbejanyan/Desktop/kafka-ui/kafka-ui-react-app/src/components/Topics/List/__tests__/TopicTable.spec.tsx:2:1)
    at /Users/davitbejanyan/Desktop/kafka-ui/kafka-ui-react-app/src/components/Topics/List/__tests__/TopicTable.spec.tsx:2:1
    at new Promise (<anonymous>)
    at Object.<anonymous> (/Users/davitbejanyan/Desktop/kafka-ui/kafka-ui-react-app/src/components/Topics/List/__tests__/TopicTable.spec.tsx:2:1)
    at Promise.then.completed (/Users/davitbejanyan/Desktop/kafka-ui/kafka-ui-react-app/node_modules/.pnpm/jest-circus@29.1.2/node_modules/jest-circus/build/utils.js:333:28)
    at new Promise (<anonymous>)
    at callAsyncCircusFn (/Users/davitbejanyan/Desktop/kafka-ui/kafka-ui-react-app/node_modules/.pnpm/jest-circus@29.1.2/node_modules/jest-circus/build/utils.js:259:10)
    at _callCircusTest (/Users/davitbejanyan/Desktop/kafka-ui/kafka-ui-react-app/node_modules/.pnpm/jest-circus@29.1.2/node_modules/jest-circus/build/run.js:277:40)
    at processTicksAndRejections (node:internal/process/task_queues:96:5)
    at _runTest (/Users/davitbejanyan/Desktop/kafka-ui/kafka-ui-react-app/node_modules/.pnpm/jest-circus@29.1.2/node_modules/jest-circus/build/run.js:209:3)
    at _runTestsForDescribeBlock (/Users/davitbejanyan/Desktop/kafka-ui/kafka-ui-react-app/node_modules/.pnpm/jest-circus@29.1.2/node_modules/jest-circus/build/run.js:97:9)
    at _runTestsForDescribeBlock (/Users/davitbejanyan/Desktop/kafka-ui/kafka-ui-react-app/node_modules/.pnpm/jest-circus@29.1.2/node_modules/jest-circus/build/run.js:91:9)
    at _runTestsForDescribeBlock (/Users/davitbejanyan/Desktop/kafka-ui/kafka-ui-react-app/node_modules/.pnpm/jest-circus@29.1.2/node_modules/jest-circus/build/run.js:91:9)
    at _runTestsForDescribeBlock (/Users/davitbejanyan/Desktop/kafka-ui/kafka-ui-react-app/node_modules/.pnpm/jest-circus@29.1.2/node_modules/jest-circus/build/run.js:91:9)
    at _runTestsForDescribeBlock (/Users/davitbejanyan/Desktop/kafka-ui/kafka-ui-react-app/node_modules/.pnpm/jest-circus@29.1.2/node_modules/jest-circus/build/run.js:91:9)
    at run (/Users/davitbejanyan/Desktop/kafka-ui/kafka-ui-react-app/node_modules/.pnpm/jest-circus@29.1.2/node_modules/jest-circus/build/run.js:31:3)
    at runAndTransformResultsToJestFormat (/Users/davitbejanyan/Desktop/kafka-ui/kafka-ui-react-app/node_modules/.pnpm/jest-circus@29.1.2/node_modules/jest-circus/build/legacy-code-todo-rewrite/jestAdapterInit.js:136:21)
    at jestAdapter (/Users/davitbejanyan/Desktop/kafka-ui/kafka-ui-react-app/node_modules/.pnpm/jest-circus@29.1.2/node_modules/jest-circus/build/legacy-code-todo-rewrite/jestAdapter.js:92:19)
    at runTestInternal (/Users/davitbejanyan/Desktop/kafka-ui/kafka-ui-react-app/node_modules/.pnpm/jest-runner@29.1.2/node_modules/jest-runner/build/runTest.js:407:16)
    at runTest (/Users/davitbejanyan/Desktop/kafka-ui/kafka-ui-react-app/node_modules/.pnpm/jest-runner@29.1.2/node_modules/jest-runner/build/runTest.js:491:34)
    at Object.worker (/Users/davitbejanyan/Desktop/kafka-ui/kafka-ui-react-app/node_modules/.pnpm/jest-runner@29.1.2/node_modules/jest-runner/build/testWorker.js:133:12)]]></failure>
    </testCase>
    <testCase name="TopicTable Components with topics Action buttons and clear messages action works as expected" duration="594">
      <failure message="TestingLibraryElementError: Unable to find an accessible element with the role &quot;menu&quot;"><![CDATA[TestingLibraryElementError: Unable to find an accessible element with the role "menu"

Here are the accessible roles:

  table:

  Name "":
  <table
    class="sc-bjfHbI dFKpII"
  />

  --------------------------------------------------
  rowgroup:

  Name "":
  <thead />

  Name "":
  <tbody />

  --------------------------------------------------
  row:

  Name "Topic Name Partitions Out of sync replicas Replication Factor Number of messages Size":
  <tr />

  Name "external.topic 1 0 1 0 1KB":
  <tr
    class="sc-ksBlkl boZBPF"
  />

  --------------------------------------------------
  columnheader:

  Name "":
  <th
    class="sc-bqWxrE WvYRc"
  />

  Name "Topic Name":
  <th
    class="sc-bqWxrE chqDnK"
    colspan="1"
  />

  Name "Partitions":
  <th
    class="sc-bqWxrE chqDnK"
    colspan="1"
  />

  Name "Out of sync replicas":
  <th
    class="sc-bqWxrE chqDnK"
    colspan="1"
  />

  Name "Replication Factor":
  <th
    class="sc-bqWxrE eOtHhI"
    colspan="1"
  />

  Name "Number of messages":
  <th
    class="sc-bqWxrE eOtHhI"
    colspan="1"
  />

  Name "Size":
  <th
    class="sc-bqWxrE chqDnK"
    colspan="1"
  />

  Name "":
  <th
    class="sc-bqWxrE eOtHhI"
    colspan="1"
  />

  --------------------------------------------------
  checkbox:

  Name "":
  <input
    class="sc-iveFHk galDiN"
    type="checkbox"
  />

  Name "":
  <input
    class="sc-iveFHk galDiN"
    type="checkbox"
  />

  --------------------------------------------------
  cell:

  Name "":
  <td
    style="width: 1px;"
  />

  Name "external.topic":
  <td />

  Name "1":
  <td />

  Name "0":
  <td />

  Name "1":
  <td />

  Name "0":
  <td />

  Name "1KB":
  <td />

  Name "":
  <td />

  --------------------------------------------------
  link:

  Name "external.topic":
  <a
    class=""
    href="/ui/clusters/test-cluster/all-topics/external.topic"
    title="external.topic"
  />

  --------------------------------------------------
  button:

  Name "Dropdown Toggle":
  <button
    aria-label="Dropdown Toggle"
    class="sc-iJnaPW cLtDrB"
  />

  --------------------------------------------------

Ignored nodes: comments, script, style
<body>
  <div>
    <div>
      <div
        class="sc-bBABsx jvVYpR"
      >
        <table
          class="sc-bjfHbI dFKpII"
        >
          <thead>
            <tr>
              <th
                class="sc-bqWxrE WvYRc"
              >
                <input
                  class="sc-iveFHk galDiN"
                  type="checkbox"
                />
              </th>
              <th
                class="sc-bqWxrE chqDnK"
                colspan="1"
              >
                <div>
                  Topic Name
                </div>
              </th>
              <th
                class="sc-bqWxrE chqDnK"
                colspan="1"
              >
                <div>
                  Partitions
                </div>
              </th>
              <th
                class="sc-bqWxrE chqDnK"
                colspan="1"
              >
                <div>
                  Out of sync replicas
                </div>
              </th>
              <th
                class="sc-bqWxrE eOtHhI"
                colspan="1"
              >
                <div>
                  Replication Factor
                </div>
              </th>
              <th
                class="sc-bqWxrE eOtHhI"
                colspan="1"
              >
                <div>
                  Number of messages
                </div>
              </th>
              <th
                class="sc-bqWxrE chqDnK"
                colspan="1"
              >
                <div>
                  Size
                </div>
              </th>
              <th
                class="sc-bqWxrE eOtHhI"
                colspan="1"
              >
                <div />
              </th>
            </tr>
          </thead>
          <tbody>
            <tr
              class="sc-ksBlkl boZBPF"
            >
              <td
                style="width: 1px;"
              >
                <input
                  class="sc-iveFHk galDiN"
                  type="checkbox"
                />
              </td>
              <td>
                <a
                  class=""
                  href="/ui/clusters/test-cluster/all-topics/external.topic"
                  title="external.topic"
                >
                  external.topic
                </a>
              </td>
              <td>
                1
              </td>
              <td>
                0
              </td>
              <td>
                1
              </td>
              <td>
                0
              </td>
              <td>
                <span>
                  1KB
                </span>
              </td>
              <td>
                <div
                  class="sc-bYMpWt jPuQbj"
                >
                  <button
                    aria-label="Dropdown Toggle"
                    class="sc-iJnaPW cLtDrB"
                  >
                    <svg
                      fill="none"
                      height="16"
                      viewBox="0 0 4 16"
                      width="4"
                      xmlns="http://www.w3.org/2000/svg"
                    >
                      <path
                        d="M2 4C3.1 4 4 3.1 4 2C4 0.9 3.1 0 2 0C0.9 0 0 0.9 0 2C0 3.1 0.9 4 2 4ZM2 6C0.9 6 0 6.9 0 8C0 9.1 0.9 10 2 10C3.1 10 4 9.1 4 8C4 6.9 3.1 6 2 6ZM2 12C0.9 12 0 12.9 0 14C0 15.1 0.9 16 2 16C3.1 16 4 15.1 4 14C4 12.9 3.1 12 2 12Z"
                        fill="#73848C"
                      />
                    </svg>
                  </button>
                  <div
                    class="szh-menu-container sc-lllmON dJFjRP"
                    style="position: relative;"
                  >
                    <ul
                      aria-label="Menu"
                      class="szh-menu szh-menu--state-closed szh-menu--dir-bottom"
                      role="menu"
                      style="margin: 0px; display: none; position: absolute; left: 0px; top: 0px;"
                      tabindex="-1"
                    >
                      <div
                        style="position: absolute; left: 0px; top: 0px;"
                        tabindex="-1"
                      />
                      <li
                        class="szh-menu__item"
                        role="menuitem"
                        tabindex="-1"
                      >
                        <div
                          class="sc-gikAfH ejPNDG"
                        >
                          Clear Messages
                          <div
                            class="sc-ezOQGI ebJAcj"
                          >
                            Clearing messages is only allowed for topics
                            <br />
                            with DELETE policy
                          </div>
                        </div>
                      </li>
                      <li
                        class="szh-menu__item"
                        role="menuitem"
                        tabindex="-1"
                      >
                        <div
                          class="sc-gikAfH ejPNDG"
                        >
                          Recreate Topic
                        </div>
                      </li>
                      <li
                        class="szh-menu__item"
                        role="menuitem"
                        tabindex="-1"
                      >
                        <div
                          class="sc-gikAfH ejPNDG"
                        >
                          Remove Topic
                        </div>
                      </li>
                    </ul>
                  </div>
                </div>
              </td>
            </tr>
          </tbody>
        </table>
      </div>
    </div>
  </div>
</body>
    at Object.getElementError (/Users/davitbejanyan/Desktop/kafka-ui/kafka-ui-react-app/node_modules/.pnpm/@testing-library+dom@8.19.0/node_modules/@testing-library/dom/dist/config.js:40:19)
    at /Users/davitbejanyan/Desktop/kafka-ui/kafka-ui-react-app/node_modules/.pnpm/@testing-library+dom@8.19.0/node_modules/@testing-library/dom/dist/query-helpers.js:90:38
    at /Users/davitbejanyan/Desktop/kafka-ui/kafka-ui-react-app/node_modules/.pnpm/@testing-library+dom@8.19.0/node_modules/@testing-library/dom/dist/query-helpers.js:62:17
    at /Users/davitbejanyan/Desktop/kafka-ui/kafka-ui-react-app/node_modules/.pnpm/@testing-library+dom@8.19.0/node_modules/@testing-library/dom/dist/query-helpers.js:111:19
    at getByRole (/Users/davitbejanyan/Desktop/kafka-ui/kafka-ui-react-app/src/components/Topics/List/__tests__/TopicTable.spec.tsx:199:23)
    at expectDropdownExists (/Users/davitbejanyan/Desktop/kafka-ui/kafka-ui-react-app/src/components/Topics/List/__tests__/TopicTable.spec.tsx:272:11)
    at tryCatch (/Users/davitbejanyan/Desktop/kafka-ui/kafka-ui-react-app/src/components/Topics/List/__tests__/TopicTable.spec.tsx:2:1)
    at Generator._invoke (/Users/davitbejanyan/Desktop/kafka-ui/kafka-ui-react-app/src/components/Topics/List/__tests__/TopicTable.spec.tsx:2:1)
    at Generator.next (/Users/davitbejanyan/Desktop/kafka-ui/kafka-ui-react-app/src/components/Topics/List/__tests__/TopicTable.spec.tsx:2:1)
    at asyncGeneratorStep (/Users/davitbejanyan/Desktop/kafka-ui/kafka-ui-react-app/src/components/Topics/List/__tests__/TopicTable.spec.tsx:2:1)
    at _next (/Users/davitbejanyan/Desktop/kafka-ui/kafka-ui-react-app/src/components/Topics/List/__tests__/TopicTable.spec.tsx:2:1)
    at /Users/davitbejanyan/Desktop/kafka-ui/kafka-ui-react-app/src/components/Topics/List/__tests__/TopicTable.spec.tsx:2:1
    at new Promise (<anonymous>)
    at Object.<anonymous> (/Users/davitbejanyan/Desktop/kafka-ui/kafka-ui-react-app/src/components/Topics/List/__tests__/TopicTable.spec.tsx:2:1)
    at Promise.then.completed (/Users/davitbejanyan/Desktop/kafka-ui/kafka-ui-react-app/node_modules/.pnpm/jest-circus@29.1.2/node_modules/jest-circus/build/utils.js:333:28)
    at new Promise (<anonymous>)
    at callAsyncCircusFn (/Users/davitbejanyan/Desktop/kafka-ui/kafka-ui-react-app/node_modules/.pnpm/jest-circus@29.1.2/node_modules/jest-circus/build/utils.js:259:10)
    at _callCircusTest (/Users/davitbejanyan/Desktop/kafka-ui/kafka-ui-react-app/node_modules/.pnpm/jest-circus@29.1.2/node_modules/jest-circus/build/run.js:277:40)
    at processTicksAndRejections (node:internal/process/task_queues:96:5)
    at _runTest (/Users/davitbejanyan/Desktop/kafka-ui/kafka-ui-react-app/node_modules/.pnpm/jest-circus@29.1.2/node_modules/jest-circus/build/run.js:209:3)
    at _runTestsForDescribeBlock (/Users/davitbejanyan/Desktop/kafka-ui/kafka-ui-react-app/node_modules/.pnpm/jest-circus@29.1.2/node_modules/jest-circus/build/run.js:97:9)
    at _runTestsForDescribeBlock (/Users/davitbejanyan/Desktop/kafka-ui/kafka-ui-react-app/node_modules/.pnpm/jest-circus@29.1.2/node_modules/jest-circus/build/run.js:91:9)
    at _runTestsForDescribeBlock (/Users/davitbejanyan/Desktop/kafka-ui/kafka-ui-react-app/node_modules/.pnpm/jest-circus@29.1.2/node_modules/jest-circus/build/run.js:91:9)
    at _runTestsForDescribeBlock (/Users/davitbejanyan/Desktop/kafka-ui/kafka-ui-react-app/node_modules/.pnpm/jest-circus@29.1.2/node_modules/jest-circus/build/run.js:91:9)
    at _runTestsForDescribeBlock (/Users/davitbejanyan/Desktop/kafka-ui/kafka-ui-react-app/node_modules/.pnpm/jest-circus@29.1.2/node_modules/jest-circus/build/run.js:91:9)
    at run (/Users/davitbejanyan/Desktop/kafka-ui/kafka-ui-react-app/node_modules/.pnpm/jest-circus@29.1.2/node_modules/jest-circus/build/run.js:31:3)
    at runAndTransformResultsToJestFormat (/Users/davitbejanyan/Desktop/kafka-ui/kafka-ui-react-app/node_modules/.pnpm/jest-circus@29.1.2/node_modules/jest-circus/build/legacy-code-todo-rewrite/jestAdapterInit.js:136:21)
    at jestAdapter (/Users/davitbejanyan/Desktop/kafka-ui/kafka-ui-react-app/node_modules/.pnpm/jest-circus@29.1.2/node_modules/jest-circus/build/legacy-code-todo-rewrite/jestAdapter.js:92:19)
    at runTestInternal (/Users/davitbejanyan/Desktop/kafka-ui/kafka-ui-react-app/node_modules/.pnpm/jest-runner@29.1.2/node_modules/jest-runner/build/runTest.js:407:16)
    at runTest (/Users/davitbejanyan/Desktop/kafka-ui/kafka-ui-react-app/node_modules/.pnpm/jest-runner@29.1.2/node_modules/jest-runner/build/runTest.js:491:34)
    at Object.worker (/Users/davitbejanyan/Desktop/kafka-ui/kafka-ui-react-app/node_modules/.pnpm/jest-runner@29.1.2/node_modules/jest-runner/build/testWorker.js:133:12)]]></failure>
    </testCase>
    <testCase name="TopicTable Components with topics Action buttons and remove topic action is visible only when topic deletion allowed for cluster" duration="512">
      <failure message="TestingLibraryElementError: Unable to find an accessible element with the role &quot;menu&quot;"><![CDATA[TestingLibraryElementError: Unable to find an accessible element with the role "menu"

Here are the accessible roles:

  table:

  Name "":
  <table
    class="sc-bjfHbI dFKpII"
  />

  --------------------------------------------------
  rowgroup:

  Name "":
  <thead />

  Name "":
  <tbody />

  --------------------------------------------------
  row:

  Name "Topic Name Partitions Out of sync replicas Replication Factor Number of messages Size":
  <tr />

  Name "external.topic 1 0 1 0 1KB":
  <tr
    class="sc-ksBlkl boZBPF"
  />

  --------------------------------------------------
  columnheader:

  Name "":
  <th
    class="sc-bqWxrE WvYRc"
  />

  Name "Topic Name":
  <th
    class="sc-bqWxrE chqDnK"
    colspan="1"
  />

  Name "Partitions":
  <th
    class="sc-bqWxrE chqDnK"
    colspan="1"
  />

  Name "Out of sync replicas":
  <th
    class="sc-bqWxrE chqDnK"
    colspan="1"
  />

  Name "Replication Factor":
  <th
    class="sc-bqWxrE eOtHhI"
    colspan="1"
  />

  Name "Number of messages":
  <th
    class="sc-bqWxrE eOtHhI"
    colspan="1"
  />

  Name "Size":
  <th
    class="sc-bqWxrE chqDnK"
    colspan="1"
  />

  Name "":
  <th
    class="sc-bqWxrE eOtHhI"
    colspan="1"
  />

  --------------------------------------------------
  checkbox:

  Name "":
  <input
    class="sc-iveFHk galDiN"
    type="checkbox"
  />

  Name "":
  <input
    class="sc-iveFHk galDiN"
    type="checkbox"
  />

  --------------------------------------------------
  cell:

  Name "":
  <td
    style="width: 1px;"
  />

  Name "external.topic":
  <td />

  Name "1":
  <td />

  Name "0":
  <td />

  Name "1":
  <td />

  Name "0":
  <td />

  Name "1KB":
  <td />

  Name "":
  <td />

  --------------------------------------------------
  link:

  Name "external.topic":
  <a
    class=""
    href="/ui/clusters/test-cluster/all-topics/external.topic"
    title="external.topic"
  />

  --------------------------------------------------
  button:

  Name "Dropdown Toggle":
  <button
    aria-label="Dropdown Toggle"
    class="sc-iJnaPW cLtDrB"
  />

  --------------------------------------------------

Ignored nodes: comments, script, style
<body>
  <div>
    <div>
      <div
        class="sc-bBABsx jvVYpR"
      >
        <table
          class="sc-bjfHbI dFKpII"
        >
          <thead>
            <tr>
              <th
                class="sc-bqWxrE WvYRc"
              >
                <input
                  class="sc-iveFHk galDiN"
                  type="checkbox"
                />
              </th>
              <th
                class="sc-bqWxrE chqDnK"
                colspan="1"
              >
                <div>
                  Topic Name
                </div>
              </th>
              <th
                class="sc-bqWxrE chqDnK"
                colspan="1"
              >
                <div>
                  Partitions
                </div>
              </th>
              <th
                class="sc-bqWxrE chqDnK"
                colspan="1"
              >
                <div>
                  Out of sync replicas
                </div>
              </th>
              <th
                class="sc-bqWxrE eOtHhI"
                colspan="1"
              >
                <div>
                  Replication Factor
                </div>
              </th>
              <th
                class="sc-bqWxrE eOtHhI"
                colspan="1"
              >
                <div>
                  Number of messages
                </div>
              </th>
              <th
                class="sc-bqWxrE chqDnK"
                colspan="1"
              >
                <div>
                  Size
                </div>
              </th>
              <th
                class="sc-bqWxrE eOtHhI"
                colspan="1"
              >
                <div />
              </th>
            </tr>
          </thead>
          <tbody>
            <tr
              class="sc-ksBlkl boZBPF"
            >
              <td
                style="width: 1px;"
              >
                <input
                  class="sc-iveFHk galDiN"
                  type="checkbox"
                />
              </td>
              <td>
                <a
                  class=""
                  href="/ui/clusters/test-cluster/all-topics/external.topic"
                  title="external.topic"
                >
                  external.topic
                </a>
              </td>
              <td>
                1
              </td>
              <td>
                0
              </td>
              <td>
                1
              </td>
              <td>
                0
              </td>
              <td>
                <span>
                  1KB
                </span>
              </td>
              <td>
                <div
                  class="sc-bYMpWt jPuQbj"
                >
                  <button
                    aria-label="Dropdown Toggle"
                    class="sc-iJnaPW cLtDrB"
                  >
                    <svg
                      fill="none"
                      height="16"
                      viewBox="0 0 4 16"
                      width="4"
                      xmlns="http://www.w3.org/2000/svg"
                    >
                      <path
                        d="M2 4C3.1 4 4 3.1 4 2C4 0.9 3.1 0 2 0C0.9 0 0 0.9 0 2C0 3.1 0.9 4 2 4ZM2 6C0.9 6 0 6.9 0 8C0 9.1 0.9 10 2 10C3.1 10 4 9.1 4 8C4 6.9 3.1 6 2 6ZM2 12C0.9 12 0 12.9 0 14C0 15.1 0.9 16 2 16C3.1 16 4 15.1 4 14C4 12.9 3.1 12 2 12Z"
                        fill="#73848C"
                      />
                    </svg>
                  </button>
                  <div
                    class="szh-menu-container sc-lllmON dJFjRP"
                    style="position: relative;"
                  >
                    <ul
                      aria-label="Menu"
                      class="szh-menu szh-menu--state-closed szh-menu--dir-bottom"
                      role="menu"
                      style="margin: 0px; display: none; position: absolute; left: 0px; top: 0px;"
                      tabindex="-1"
                    >
                      <div
                        style="position: absolute; left: 0px; top: 0px;"
                        tabindex="-1"
                      />
                      <li
                        aria-disabled="true"
                        class="szh-menu__item szh-menu__item--disabled"
                        role="menuitem"
                        tabindex="-1"
                      >
                        <div
                          class="sc-gikAfH ejPNDG"
                        >
                          Clear Messages
                          <div
                            class="sc-ezOQGI ebJAcj"
                          >
                            Clearing messages is only allowed for topics
                            <br />
                            with DELETE policy
                          </div>
                        </div>
                      </li>
                      <li
                        class="szh-menu__item"
                        role="menuitem"
                        tabindex="-1"
                      >
                        <div
                          class="sc-gikAfH ejPNDG"
                        >
                          Recreate Topic
                        </div>
                      </li>
                      <li
                        class="szh-menu__item"
                        role="menuitem"
                        tabindex="-1"
                      >
                        <div
                          class="sc-gikAfH ejPNDG"
                        >
                          Remove Topic
                        </div>
                      </li>
                    </ul>
                  </div>
                </div>
              </td>
            </tr>
          </tbody>
        </table>
      </div>
    </div>
  </div>
</body>
    at Object.getElementError (/Users/davitbejanyan/Desktop/kafka-ui/kafka-ui-react-app/node_modules/.pnpm/@testing-library+dom@8.19.0/node_modules/@testing-library/dom/dist/config.js:40:19)
    at /Users/davitbejanyan/Desktop/kafka-ui/kafka-ui-react-app/node_modules/.pnpm/@testing-library+dom@8.19.0/node_modules/@testing-library/dom/dist/query-helpers.js:90:38
    at /Users/davitbejanyan/Desktop/kafka-ui/kafka-ui-react-app/node_modules/.pnpm/@testing-library+dom@8.19.0/node_modules/@testing-library/dom/dist/query-helpers.js:62:17
    at /Users/davitbejanyan/Desktop/kafka-ui/kafka-ui-react-app/node_modules/.pnpm/@testing-library+dom@8.19.0/node_modules/@testing-library/dom/dist/query-helpers.js:111:19
    at getByRole (/Users/davitbejanyan/Desktop/kafka-ui/kafka-ui-react-app/src/components/Topics/List/__tests__/TopicTable.spec.tsx:199:23)
    at expectDropdownExists (/Users/davitbejanyan/Desktop/kafka-ui/kafka-ui-react-app/src/components/Topics/List/__tests__/TopicTable.spec.tsx:287:11)
    at tryCatch (/Users/davitbejanyan/Desktop/kafka-ui/kafka-ui-react-app/src/components/Topics/List/__tests__/TopicTable.spec.tsx:2:1)
    at Generator._invoke (/Users/davitbejanyan/Desktop/kafka-ui/kafka-ui-react-app/src/components/Topics/List/__tests__/TopicTable.spec.tsx:2:1)
    at Generator.next (/Users/davitbejanyan/Desktop/kafka-ui/kafka-ui-react-app/src/components/Topics/List/__tests__/TopicTable.spec.tsx:2:1)
    at asyncGeneratorStep (/Users/davitbejanyan/Desktop/kafka-ui/kafka-ui-react-app/src/components/Topics/List/__tests__/TopicTable.spec.tsx:2:1)
    at _next (/Users/davitbejanyan/Desktop/kafka-ui/kafka-ui-react-app/src/components/Topics/List/__tests__/TopicTable.spec.tsx:2:1)
    at /Users/davitbejanyan/Desktop/kafka-ui/kafka-ui-react-app/src/components/Topics/List/__tests__/TopicTable.spec.tsx:2:1
    at new Promise (<anonymous>)
    at Object.<anonymous> (/Users/davitbejanyan/Desktop/kafka-ui/kafka-ui-react-app/src/components/Topics/List/__tests__/TopicTable.spec.tsx:2:1)
    at Promise.then.completed (/Users/davitbejanyan/Desktop/kafka-ui/kafka-ui-react-app/node_modules/.pnpm/jest-circus@29.1.2/node_modules/jest-circus/build/utils.js:333:28)
    at new Promise (<anonymous>)
    at callAsyncCircusFn (/Users/davitbejanyan/Desktop/kafka-ui/kafka-ui-react-app/node_modules/.pnpm/jest-circus@29.1.2/node_modules/jest-circus/build/utils.js:259:10)
    at _callCircusTest (/Users/davitbejanyan/Desktop/kafka-ui/kafka-ui-react-app/node_modules/.pnpm/jest-circus@29.1.2/node_modules/jest-circus/build/run.js:277:40)
    at processTicksAndRejections (node:internal/process/task_queues:96:5)
    at _runTest (/Users/davitbejanyan/Desktop/kafka-ui/kafka-ui-react-app/node_modules/.pnpm/jest-circus@29.1.2/node_modules/jest-circus/build/run.js:209:3)
    at _runTestsForDescribeBlock (/Users/davitbejanyan/Desktop/kafka-ui/kafka-ui-react-app/node_modules/.pnpm/jest-circus@29.1.2/node_modules/jest-circus/build/run.js:97:9)
    at _runTestsForDescribeBlock (/Users/davitbejanyan/Desktop/kafka-ui/kafka-ui-react-app/node_modules/.pnpm/jest-circus@29.1.2/node_modules/jest-circus/build/run.js:91:9)
    at _runTestsForDescribeBlock (/Users/davitbejanyan/Desktop/kafka-ui/kafka-ui-react-app/node_modules/.pnpm/jest-circus@29.1.2/node_modules/jest-circus/build/run.js:91:9)
    at _runTestsForDescribeBlock (/Users/davitbejanyan/Desktop/kafka-ui/kafka-ui-react-app/node_modules/.pnpm/jest-circus@29.1.2/node_modules/jest-circus/build/run.js:91:9)
    at _runTestsForDescribeBlock (/Users/davitbejanyan/Desktop/kafka-ui/kafka-ui-react-app/node_modules/.pnpm/jest-circus@29.1.2/node_modules/jest-circus/build/run.js:91:9)
    at run (/Users/davitbejanyan/Desktop/kafka-ui/kafka-ui-react-app/node_modules/.pnpm/jest-circus@29.1.2/node_modules/jest-circus/build/run.js:31:3)
    at runAndTransformResultsToJestFormat (/Users/davitbejanyan/Desktop/kafka-ui/kafka-ui-react-app/node_modules/.pnpm/jest-circus@29.1.2/node_modules/jest-circus/build/legacy-code-todo-rewrite/jestAdapterInit.js:136:21)
    at jestAdapter (/Users/davitbejanyan/Desktop/kafka-ui/kafka-ui-react-app/node_modules/.pnpm/jest-circus@29.1.2/node_modules/jest-circus/build/legacy-code-todo-rewrite/jestAdapter.js:92:19)
    at runTestInternal (/Users/davitbejanyan/Desktop/kafka-ui/kafka-ui-react-app/node_modules/.pnpm/jest-runner@29.1.2/node_modules/jest-runner/build/runTest.js:407:16)
    at runTest (/Users/davitbejanyan/Desktop/kafka-ui/kafka-ui-react-app/node_modules/.pnpm/jest-runner@29.1.2/node_modules/jest-runner/build/runTest.js:491:34)
    at Object.worker (/Users/davitbejanyan/Desktop/kafka-ui/kafka-ui-react-app/node_modules/.pnpm/jest-runner@29.1.2/node_modules/jest-runner/build/testWorker.js:133:12)]]></failure>
    </testCase>
    <testCase name="TopicTable Components with topics Action buttons and remove topic action is disabled when topic deletion is not allowed for cluster" duration="450">
      <failure message="TestingLibraryElementError: Unable to find an accessible element with the role &quot;menu&quot;"><![CDATA[TestingLibraryElementError: Unable to find an accessible element with the role "menu"

Here are the accessible roles:

  table:

  Name "":
  <table
    class="sc-bjfHbI dFKpII"
  />

  --------------------------------------------------
  rowgroup:

  Name "":
  <thead />

  Name "":
  <tbody />

  --------------------------------------------------
  row:

  Name "Topic Name Partitions Out of sync replicas Replication Factor Number of messages Size":
  <tr />

  Name "external.topic 1 0 1 0 1KB":
  <tr
    class="sc-ksBlkl boZBPF"
  />

  --------------------------------------------------
  columnheader:

  Name "":
  <th
    class="sc-bqWxrE WvYRc"
  />

  Name "Topic Name":
  <th
    class="sc-bqWxrE chqDnK"
    colspan="1"
  />

  Name "Partitions":
  <th
    class="sc-bqWxrE chqDnK"
    colspan="1"
  />

  Name "Out of sync replicas":
  <th
    class="sc-bqWxrE chqDnK"
    colspan="1"
  />

  Name "Replication Factor":
  <th
    class="sc-bqWxrE eOtHhI"
    colspan="1"
  />

  Name "Number of messages":
  <th
    class="sc-bqWxrE eOtHhI"
    colspan="1"
  />

  Name "Size":
  <th
    class="sc-bqWxrE chqDnK"
    colspan="1"
  />

  Name "":
  <th
    class="sc-bqWxrE eOtHhI"
    colspan="1"
  />

  --------------------------------------------------
  checkbox:

  Name "":
  <input
    class="sc-iveFHk galDiN"
    type="checkbox"
  />

  Name "":
  <input
    class="sc-iveFHk galDiN"
    type="checkbox"
  />

  --------------------------------------------------
  cell:

  Name "":
  <td
    style="width: 1px;"
  />

  Name "external.topic":
  <td />

  Name "1":
  <td />

  Name "0":
  <td />

  Name "1":
  <td />

  Name "0":
  <td />

  Name "1KB":
  <td />

  Name "":
  <td />

  --------------------------------------------------
  link:

  Name "external.topic":
  <a
    class=""
    href="/ui/clusters/test-cluster/all-topics/external.topic"
    title="external.topic"
  />

  --------------------------------------------------
  button:

  Name "Dropdown Toggle":
  <button
    aria-label="Dropdown Toggle"
    class="sc-iJnaPW cLtDrB"
  />

  --------------------------------------------------

Ignored nodes: comments, script, style
<body>
  <div>
    <div>
      <div
        class="sc-bBABsx jvVYpR"
      >
        <table
          class="sc-bjfHbI dFKpII"
        >
          <thead>
            <tr>
              <th
                class="sc-bqWxrE WvYRc"
              >
                <input
                  class="sc-iveFHk galDiN"
                  type="checkbox"
                />
              </th>
              <th
                class="sc-bqWxrE chqDnK"
                colspan="1"
              >
                <div>
                  Topic Name
                </div>
              </th>
              <th
                class="sc-bqWxrE chqDnK"
                colspan="1"
              >
                <div>
                  Partitions
                </div>
              </th>
              <th
                class="sc-bqWxrE chqDnK"
                colspan="1"
              >
                <div>
                  Out of sync replicas
                </div>
              </th>
              <th
                class="sc-bqWxrE eOtHhI"
                colspan="1"
              >
                <div>
                  Replication Factor
                </div>
              </th>
              <th
                class="sc-bqWxrE eOtHhI"
                colspan="1"
              >
                <div>
                  Number of messages
                </div>
              </th>
              <th
                class="sc-bqWxrE chqDnK"
                colspan="1"
              >
                <div>
                  Size
                </div>
              </th>
              <th
                class="sc-bqWxrE eOtHhI"
                colspan="1"
              >
                <div />
              </th>
            </tr>
          </thead>
          <tbody>
            <tr
              class="sc-ksBlkl boZBPF"
            >
              <td
                style="width: 1px;"
              >
                <input
                  class="sc-iveFHk galDiN"
                  type="checkbox"
                />
              </td>
              <td>
                <a
                  class=""
                  href="/ui/clusters/test-cluster/all-topics/external.topic"
                  title="external.topic"
                >
                  external.topic
                </a>
              </td>
              <td>
                1
              </td>
              <td>
                0
              </td>
              <td>
                1
              </td>
              <td>
                0
              </td>
              <td>
                <span>
                  1KB
                </span>
              </td>
              <td>
                <div
                  class="sc-bYMpWt jPuQbj"
                >
                  <button
                    aria-label="Dropdown Toggle"
                    class="sc-iJnaPW cLtDrB"
                  >
                    <svg
                      fill="none"
                      height="16"
                      viewBox="0 0 4 16"
                      width="4"
                      xmlns="http://www.w3.org/2000/svg"
                    >
                      <path
                        d="M2 4C3.1 4 4 3.1 4 2C4 0.9 3.1 0 2 0C0.9 0 0 0.9 0 2C0 3.1 0.9 4 2 4ZM2 6C0.9 6 0 6.9 0 8C0 9.1 0.9 10 2 10C3.1 10 4 9.1 4 8C4 6.9 3.1 6 2 6ZM2 12C0.9 12 0 12.9 0 14C0 15.1 0.9 16 2 16C3.1 16 4 15.1 4 14C4 12.9 3.1 12 2 12Z"
                        fill="#73848C"
                      />
                    </svg>
                  </button>
                  <div
                    class="szh-menu-container sc-lllmON dJFjRP"
                    style="position: relative;"
                  >
                    <ul
                      aria-label="Menu"
                      class="szh-menu szh-menu--state-closed szh-menu--dir-bottom"
                      role="menu"
                      style="margin: 0px; display: none; position: absolute; left: 0px; top: 0px;"
                      tabindex="-1"
                    >
                      <div
                        style="position: absolute; left: 0px; top: 0px;"
                        tabindex="-1"
                      />
                      <li
                        aria-disabled="true"
                        class="szh-menu__item szh-menu__item--disabled"
                        role="menuitem"
                        tabindex="-1"
                      >
                        <div
                          class="sc-gikAfH ejPNDG"
                        >
                          Clear Messages
                          <div
                            class="sc-ezOQGI ebJAcj"
                          >
                            Clearing messages is only allowed for topics
                            <br />
                            with DELETE policy
                          </div>
                        </div>
                      </li>
                      <li
                        class="szh-menu__item"
                        role="menuitem"
                        tabindex="-1"
                      >
                        <div
                          class="sc-gikAfH ejPNDG"
                        >
                          Recreate Topic
                        </div>
                      </li>
                      <li
                        aria-disabled="true"
                        class="szh-menu__item szh-menu__item--disabled"
                        role="menuitem"
                        tabindex="-1"
                      >
                        <div
                          class="sc-gikAfH ejPNDG"
                        >
                          Remove Topic
                          <div
                            class="sc-ezOQGI ebJAcj"
                          >
                            The topic deletion is restricted at the application
                            <br />
                            configuration level
                          </div>
                        </div>
                      </li>
                    </ul>
                  </div>
                </div>
              </td>
            </tr>
          </tbody>
        </table>
      </div>
    </div>
  </div>
</body>
    at Object.getElementError (/Users/davitbejanyan/Desktop/kafka-ui/kafka-ui-react-app/node_modules/.pnpm/@testing-library+dom@8.19.0/node_modules/@testing-library/dom/dist/config.js:40:19)
    at /Users/davitbejanyan/Desktop/kafka-ui/kafka-ui-react-app/node_modules/.pnpm/@testing-library+dom@8.19.0/node_modules/@testing-library/dom/dist/query-helpers.js:90:38
    at /Users/davitbejanyan/Desktop/kafka-ui/kafka-ui-react-app/node_modules/.pnpm/@testing-library+dom@8.19.0/node_modules/@testing-library/dom/dist/query-helpers.js:62:17
    at /Users/davitbejanyan/Desktop/kafka-ui/kafka-ui-react-app/node_modules/.pnpm/@testing-library+dom@8.19.0/node_modules/@testing-library/dom/dist/query-helpers.js:111:19
    at getByRole (/Users/davitbejanyan/Desktop/kafka-ui/kafka-ui-react-app/src/components/Topics/List/__tests__/TopicTable.spec.tsx:199:23)
    at expectDropdownExists (/Users/davitbejanyan/Desktop/kafka-ui/kafka-ui-react-app/src/components/Topics/List/__tests__/TopicTable.spec.tsx:294:11)
    at tryCatch (/Users/davitbejanyan/Desktop/kafka-ui/kafka-ui-react-app/src/components/Topics/List/__tests__/TopicTable.spec.tsx:2:1)
    at Generator._invoke (/Users/davitbejanyan/Desktop/kafka-ui/kafka-ui-react-app/src/components/Topics/List/__tests__/TopicTable.spec.tsx:2:1)
    at Generator.next (/Users/davitbejanyan/Desktop/kafka-ui/kafka-ui-react-app/src/components/Topics/List/__tests__/TopicTable.spec.tsx:2:1)
    at asyncGeneratorStep (/Users/davitbejanyan/Desktop/kafka-ui/kafka-ui-react-app/src/components/Topics/List/__tests__/TopicTable.spec.tsx:2:1)
    at _next (/Users/davitbejanyan/Desktop/kafka-ui/kafka-ui-react-app/src/components/Topics/List/__tests__/TopicTable.spec.tsx:2:1)
    at /Users/davitbejanyan/Desktop/kafka-ui/kafka-ui-react-app/src/components/Topics/List/__tests__/TopicTable.spec.tsx:2:1
    at new Promise (<anonymous>)
    at Object.<anonymous> (/Users/davitbejanyan/Desktop/kafka-ui/kafka-ui-react-app/src/components/Topics/List/__tests__/TopicTable.spec.tsx:2:1)
    at Promise.then.completed (/Users/davitbejanyan/Desktop/kafka-ui/kafka-ui-react-app/node_modules/.pnpm/jest-circus@29.1.2/node_modules/jest-circus/build/utils.js:333:28)
    at new Promise (<anonymous>)
    at callAsyncCircusFn (/Users/davitbejanyan/Desktop/kafka-ui/kafka-ui-react-app/node_modules/.pnpm/jest-circus@29.1.2/node_modules/jest-circus/build/utils.js:259:10)
    at _callCircusTest (/Users/davitbejanyan/Desktop/kafka-ui/kafka-ui-react-app/node_modules/.pnpm/jest-circus@29.1.2/node_modules/jest-circus/build/run.js:277:40)
    at processTicksAndRejections (node:internal/process/task_queues:96:5)
    at _runTest (/Users/davitbejanyan/Desktop/kafka-ui/kafka-ui-react-app/node_modules/.pnpm/jest-circus@29.1.2/node_modules/jest-circus/build/run.js:209:3)
    at _runTestsForDescribeBlock (/Users/davitbejanyan/Desktop/kafka-ui/kafka-ui-react-app/node_modules/.pnpm/jest-circus@29.1.2/node_modules/jest-circus/build/run.js:97:9)
    at _runTestsForDescribeBlock (/Users/davitbejanyan/Desktop/kafka-ui/kafka-ui-react-app/node_modules/.pnpm/jest-circus@29.1.2/node_modules/jest-circus/build/run.js:91:9)
    at _runTestsForDescribeBlock (/Users/davitbejanyan/Desktop/kafka-ui/kafka-ui-react-app/node_modules/.pnpm/jest-circus@29.1.2/node_modules/jest-circus/build/run.js:91:9)
    at _runTestsForDescribeBlock (/Users/davitbejanyan/Desktop/kafka-ui/kafka-ui-react-app/node_modules/.pnpm/jest-circus@29.1.2/node_modules/jest-circus/build/run.js:91:9)
    at _runTestsForDescribeBlock (/Users/davitbejanyan/Desktop/kafka-ui/kafka-ui-react-app/node_modules/.pnpm/jest-circus@29.1.2/node_modules/jest-circus/build/run.js:91:9)
    at run (/Users/davitbejanyan/Desktop/kafka-ui/kafka-ui-react-app/node_modules/.pnpm/jest-circus@29.1.2/node_modules/jest-circus/build/run.js:31:3)
    at runAndTransformResultsToJestFormat (/Users/davitbejanyan/Desktop/kafka-ui/kafka-ui-react-app/node_modules/.pnpm/jest-circus@29.1.2/node_modules/jest-circus/build/legacy-code-todo-rewrite/jestAdapterInit.js:136:21)
    at jestAdapter (/Users/davitbejanyan/Desktop/kafka-ui/kafka-ui-react-app/node_modules/.pnpm/jest-circus@29.1.2/node_modules/jest-circus/build/legacy-code-todo-rewrite/jestAdapter.js:92:19)
    at runTestInternal (/Users/davitbejanyan/Desktop/kafka-ui/kafka-ui-react-app/node_modules/.pnpm/jest-runner@29.1.2/node_modules/jest-runner/build/runTest.js:407:16)
    at runTest (/Users/davitbejanyan/Desktop/kafka-ui/kafka-ui-react-app/node_modules/.pnpm/jest-runner@29.1.2/node_modules/jest-runner/build/runTest.js:491:34)
    at Object.worker (/Users/davitbejanyan/Desktop/kafka-ui/kafka-ui-react-app/node_modules/.pnpm/jest-runner@29.1.2/node_modules/jest-runner/build/testWorker.js:133:12)]]></failure>
    </testCase>
    <testCase name="TopicTable Components with topics Action buttons and remove topic action works as expected" duration="410">
      <failure message="TestingLibraryElementError: Unable to find an accessible element with the role &quot;menu&quot;"><![CDATA[TestingLibraryElementError: Unable to find an accessible element with the role "menu"

Here are the accessible roles:

  table:

  Name "":
  <table
    class="sc-bjfHbI dFKpII"
  />

  --------------------------------------------------
  rowgroup:

  Name "":
  <thead />

  Name "":
  <tbody />

  --------------------------------------------------
  row:

  Name "Topic Name Partitions Out of sync replicas Replication Factor Number of messages Size":
  <tr />

  Name "external.topic 1 0 1 0 1KB":
  <tr
    class="sc-ksBlkl boZBPF"
  />

  --------------------------------------------------
  columnheader:

  Name "":
  <th
    class="sc-bqWxrE WvYRc"
  />

  Name "Topic Name":
  <th
    class="sc-bqWxrE chqDnK"
    colspan="1"
  />

  Name "Partitions":
  <th
    class="sc-bqWxrE chqDnK"
    colspan="1"
  />

  Name "Out of sync replicas":
  <th
    class="sc-bqWxrE chqDnK"
    colspan="1"
  />

  Name "Replication Factor":
  <th
    class="sc-bqWxrE eOtHhI"
    colspan="1"
  />

  Name "Number of messages":
  <th
    class="sc-bqWxrE eOtHhI"
    colspan="1"
  />

  Name "Size":
  <th
    class="sc-bqWxrE chqDnK"
    colspan="1"
  />

  Name "":
  <th
    class="sc-bqWxrE eOtHhI"
    colspan="1"
  />

  --------------------------------------------------
  checkbox:

  Name "":
  <input
    class="sc-iveFHk galDiN"
    type="checkbox"
  />

  Name "":
  <input
    class="sc-iveFHk galDiN"
    type="checkbox"
  />

  --------------------------------------------------
  cell:

  Name "":
  <td
    style="width: 1px;"
  />

  Name "external.topic":
  <td />

  Name "1":
  <td />

  Name "0":
  <td />

  Name "1":
  <td />

  Name "0":
  <td />

  Name "1KB":
  <td />

  Name "":
  <td />

  --------------------------------------------------
  link:

  Name "external.topic":
  <a
    class=""
    href="/ui/clusters/test-cluster/all-topics/external.topic"
    title="external.topic"
  />

  --------------------------------------------------
  button:

  Name "Dropdown Toggle":
  <button
    aria-label="Dropdown Toggle"
    class="sc-iJnaPW cLtDrB"
  />

  --------------------------------------------------

Ignored nodes: comments, script, style
<body>
  <div>
    <div>
      <div
        class="sc-bBABsx jvVYpR"
      >
        <table
          class="sc-bjfHbI dFKpII"
        >
          <thead>
            <tr>
              <th
                class="sc-bqWxrE WvYRc"
              >
                <input
                  class="sc-iveFHk galDiN"
                  type="checkbox"
                />
              </th>
              <th
                class="sc-bqWxrE chqDnK"
                colspan="1"
              >
                <div>
                  Topic Name
                </div>
              </th>
              <th
                class="sc-bqWxrE chqDnK"
                colspan="1"
              >
                <div>
                  Partitions
                </div>
              </th>
              <th
                class="sc-bqWxrE chqDnK"
                colspan="1"
              >
                <div>
                  Out of sync replicas
                </div>
              </th>
              <th
                class="sc-bqWxrE eOtHhI"
                colspan="1"
              >
                <div>
                  Replication Factor
                </div>
              </th>
              <th
                class="sc-bqWxrE eOtHhI"
                colspan="1"
              >
                <div>
                  Number of messages
                </div>
              </th>
              <th
                class="sc-bqWxrE chqDnK"
                colspan="1"
              >
                <div>
                  Size
                </div>
              </th>
              <th
                class="sc-bqWxrE eOtHhI"
                colspan="1"
              >
                <div />
              </th>
            </tr>
          </thead>
          <tbody>
            <tr
              class="sc-ksBlkl boZBPF"
            >
              <td
                style="width: 1px;"
              >
                <input
                  class="sc-iveFHk galDiN"
                  type="checkbox"
                />
              </td>
              <td>
                <a
                  class=""
                  href="/ui/clusters/test-cluster/all-topics/external.topic"
                  title="external.topic"
                >
                  external.topic
                </a>
              </td>
              <td>
                1
              </td>
              <td>
                0
              </td>
              <td>
                1
              </td>
              <td>
                0
              </td>
              <td>
                <span>
                  1KB
                </span>
              </td>
              <td>
                <div
                  class="sc-bYMpWt jPuQbj"
                >
                  <button
                    aria-label="Dropdown Toggle"
                    class="sc-iJnaPW cLtDrB"
                  >
                    <svg
                      fill="none"
                      height="16"
                      viewBox="0 0 4 16"
                      width="4"
                      xmlns="http://www.w3.org/2000/svg"
                    >
                      <path
                        d="M2 4C3.1 4 4 3.1 4 2C4 0.9 3.1 0 2 0C0.9 0 0 0.9 0 2C0 3.1 0.9 4 2 4ZM2 6C0.9 6 0 6.9 0 8C0 9.1 0.9 10 2 10C3.1 10 4 9.1 4 8C4 6.9 3.1 6 2 6ZM2 12C0.9 12 0 12.9 0 14C0 15.1 0.9 16 2 16C3.1 16 4 15.1 4 14C4 12.9 3.1 12 2 12Z"
                        fill="#73848C"
                      />
                    </svg>
                  </button>
                  <div
                    class="szh-menu-container sc-lllmON dJFjRP"
                    style="position: relative;"
                  >
                    <ul
                      aria-label="Menu"
                      class="szh-menu szh-menu--state-closed szh-menu--dir-bottom"
                      role="menu"
                      style="margin: 0px; display: none; position: absolute; left: 0px; top: 0px;"
                      tabindex="-1"
                    >
                      <div
                        style="position: absolute; left: 0px; top: 0px;"
                        tabindex="-1"
                      />
                      <li
                        aria-disabled="true"
                        class="szh-menu__item szh-menu__item--disabled"
                        role="menuitem"
                        tabindex="-1"
                      >
                        <div
                          class="sc-gikAfH ejPNDG"
                        >
                          Clear Messages
                          <div
                            class="sc-ezOQGI ebJAcj"
                          >
                            Clearing messages is only allowed for topics
                            <br />
                            with DELETE policy
                          </div>
                        </div>
                      </li>
                      <li
                        class="szh-menu__item"
                        role="menuitem"
                        tabindex="-1"
                      >
                        <div
                          class="sc-gikAfH ejPNDG"
                        >
                          Recreate Topic
                        </div>
                      </li>
                      <li
                        class="szh-menu__item"
                        role="menuitem"
                        tabindex="-1"
                      >
                        <div
                          class="sc-gikAfH ejPNDG"
                        >
                          Remove Topic
                        </div>
                      </li>
                    </ul>
                  </div>
                </div>
              </td>
            </tr>
          </tbody>
        </table>
      </div>
    </div>
  </div>
</body>
    at Object.getElementError (/Users/davitbejanyan/Desktop/kafka-ui/kafka-ui-react-app/node_modules/.pnpm/@testing-library+dom@8.19.0/node_modules/@testing-library/dom/dist/config.js:40:19)
    at /Users/davitbejanyan/Desktop/kafka-ui/kafka-ui-react-app/node_modules/.pnpm/@testing-library+dom@8.19.0/node_modules/@testing-library/dom/dist/query-helpers.js:90:38
    at /Users/davitbejanyan/Desktop/kafka-ui/kafka-ui-react-app/node_modules/.pnpm/@testing-library+dom@8.19.0/node_modules/@testing-library/dom/dist/query-helpers.js:62:17
    at /Users/davitbejanyan/Desktop/kafka-ui/kafka-ui-react-app/node_modules/.pnpm/@testing-library+dom@8.19.0/node_modules/@testing-library/dom/dist/query-helpers.js:111:19
    at getByRole (/Users/davitbejanyan/Desktop/kafka-ui/kafka-ui-react-app/src/components/Topics/List/__tests__/TopicTable.spec.tsx:199:23)
    at expectDropdownExists (/Users/davitbejanyan/Desktop/kafka-ui/kafka-ui-react-app/src/components/Topics/List/__tests__/TopicTable.spec.tsx:301:11)
    at tryCatch (/Users/davitbejanyan/Desktop/kafka-ui/kafka-ui-react-app/src/components/Topics/List/__tests__/TopicTable.spec.tsx:2:1)
    at Generator._invoke (/Users/davitbejanyan/Desktop/kafka-ui/kafka-ui-react-app/src/components/Topics/List/__tests__/TopicTable.spec.tsx:2:1)
    at Generator.next (/Users/davitbejanyan/Desktop/kafka-ui/kafka-ui-react-app/src/components/Topics/List/__tests__/TopicTable.spec.tsx:2:1)
    at asyncGeneratorStep (/Users/davitbejanyan/Desktop/kafka-ui/kafka-ui-react-app/src/components/Topics/List/__tests__/TopicTable.spec.tsx:2:1)
    at _next (/Users/davitbejanyan/Desktop/kafka-ui/kafka-ui-react-app/src/components/Topics/List/__tests__/TopicTable.spec.tsx:2:1)
    at /Users/davitbejanyan/Desktop/kafka-ui/kafka-ui-react-app/src/components/Topics/List/__tests__/TopicTable.spec.tsx:2:1
    at new Promise (<anonymous>)
    at Object.<anonymous> (/Users/davitbejanyan/Desktop/kafka-ui/kafka-ui-react-app/src/components/Topics/List/__tests__/TopicTable.spec.tsx:2:1)
    at Promise.then.completed (/Users/davitbejanyan/Desktop/kafka-ui/kafka-ui-react-app/node_modules/.pnpm/jest-circus@29.1.2/node_modules/jest-circus/build/utils.js:333:28)
    at new Promise (<anonymous>)
    at callAsyncCircusFn (/Users/davitbejanyan/Desktop/kafka-ui/kafka-ui-react-app/node_modules/.pnpm/jest-circus@29.1.2/node_modules/jest-circus/build/utils.js:259:10)
    at _callCircusTest (/Users/davitbejanyan/Desktop/kafka-ui/kafka-ui-react-app/node_modules/.pnpm/jest-circus@29.1.2/node_modules/jest-circus/build/run.js:277:40)
    at processTicksAndRejections (node:internal/process/task_queues:96:5)
    at _runTest (/Users/davitbejanyan/Desktop/kafka-ui/kafka-ui-react-app/node_modules/.pnpm/jest-circus@29.1.2/node_modules/jest-circus/build/run.js:209:3)
    at _runTestsForDescribeBlock (/Users/davitbejanyan/Desktop/kafka-ui/kafka-ui-react-app/node_modules/.pnpm/jest-circus@29.1.2/node_modules/jest-circus/build/run.js:97:9)
    at _runTestsForDescribeBlock (/Users/davitbejanyan/Desktop/kafka-ui/kafka-ui-react-app/node_modules/.pnpm/jest-circus@29.1.2/node_modules/jest-circus/build/run.js:91:9)
    at _runTestsForDescribeBlock (/Users/davitbejanyan/Desktop/kafka-ui/kafka-ui-react-app/node_modules/.pnpm/jest-circus@29.1.2/node_modules/jest-circus/build/run.js:91:9)
    at _runTestsForDescribeBlock (/Users/davitbejanyan/Desktop/kafka-ui/kafka-ui-react-app/node_modules/.pnpm/jest-circus@29.1.2/node_modules/jest-circus/build/run.js:91:9)
    at _runTestsForDescribeBlock (/Users/davitbejanyan/Desktop/kafka-ui/kafka-ui-react-app/node_modules/.pnpm/jest-circus@29.1.2/node_modules/jest-circus/build/run.js:91:9)
    at run (/Users/davitbejanyan/Desktop/kafka-ui/kafka-ui-react-app/node_modules/.pnpm/jest-circus@29.1.2/node_modules/jest-circus/build/run.js:31:3)
    at runAndTransformResultsToJestFormat (/Users/davitbejanyan/Desktop/kafka-ui/kafka-ui-react-app/node_modules/.pnpm/jest-circus@29.1.2/node_modules/jest-circus/build/legacy-code-todo-rewrite/jestAdapterInit.js:136:21)
    at jestAdapter (/Users/davitbejanyan/Desktop/kafka-ui/kafka-ui-react-app/node_modules/.pnpm/jest-circus@29.1.2/node_modules/jest-circus/build/legacy-code-todo-rewrite/jestAdapter.js:92:19)
    at runTestInternal (/Users/davitbejanyan/Desktop/kafka-ui/kafka-ui-react-app/node_modules/.pnpm/jest-runner@29.1.2/node_modules/jest-runner/build/runTest.js:407:16)
    at runTest (/Users/davitbejanyan/Desktop/kafka-ui/kafka-ui-react-app/node_modules/.pnpm/jest-runner@29.1.2/node_modules/jest-runner/build/runTest.js:491:34)
    at Object.worker (/Users/davitbejanyan/Desktop/kafka-ui/kafka-ui-react-app/node_modules/.pnpm/jest-runner@29.1.2/node_modules/jest-runner/build/testWorker.js:133:12)]]></failure>
    </testCase>
    <testCase name="TopicTable Components with topics Action buttons and recreate topic action works as expected" duration="496">
      <failure message="TestingLibraryElementError: Unable to find an accessible element with the role &quot;menu&quot;"><![CDATA[TestingLibraryElementError: Unable to find an accessible element with the role "menu"

Here are the accessible roles:

  table:

  Name "":
  <table
    class="sc-bjfHbI dFKpII"
  />

  --------------------------------------------------
  rowgroup:

  Name "":
  <thead />

  Name "":
  <tbody />

  --------------------------------------------------
  row:

  Name "Topic Name Partitions Out of sync replicas Replication Factor Number of messages Size":
  <tr />

  Name "external.topic 1 0 1 0 1KB":
  <tr
    class="sc-ksBlkl boZBPF"
  />

  --------------------------------------------------
  columnheader:

  Name "":
  <th
    class="sc-bqWxrE WvYRc"
  />

  Name "Topic Name":
  <th
    class="sc-bqWxrE chqDnK"
    colspan="1"
  />

  Name "Partitions":
  <th
    class="sc-bqWxrE chqDnK"
    colspan="1"
  />

  Name "Out of sync replicas":
  <th
    class="sc-bqWxrE chqDnK"
    colspan="1"
  />

  Name "Replication Factor":
  <th
    class="sc-bqWxrE eOtHhI"
    colspan="1"
  />

  Name "Number of messages":
  <th
    class="sc-bqWxrE eOtHhI"
    colspan="1"
  />

  Name "Size":
  <th
    class="sc-bqWxrE chqDnK"
    colspan="1"
  />

  Name "":
  <th
    class="sc-bqWxrE eOtHhI"
    colspan="1"
  />

  --------------------------------------------------
  checkbox:

  Name "":
  <input
    class="sc-iveFHk galDiN"
    type="checkbox"
  />

  Name "":
  <input
    class="sc-iveFHk galDiN"
    type="checkbox"
  />

  --------------------------------------------------
  cell:

  Name "":
  <td
    style="width: 1px;"
  />

  Name "external.topic":
  <td />

  Name "1":
  <td />

  Name "0":
  <td />

  Name "1":
  <td />

  Name "0":
  <td />

  Name "1KB":
  <td />

  Name "":
  <td />

  --------------------------------------------------
  link:

  Name "external.topic":
  <a
    class=""
    href="/ui/clusters/test-cluster/all-topics/external.topic"
    title="external.topic"
  />

  --------------------------------------------------
  button:

  Name "Dropdown Toggle":
  <button
    aria-label="Dropdown Toggle"
    class="sc-iJnaPW cLtDrB"
  />

  --------------------------------------------------

Ignored nodes: comments, script, style
<body>
  <div>
    <div>
      <div
        class="sc-bBABsx jvVYpR"
      >
        <table
          class="sc-bjfHbI dFKpII"
        >
          <thead>
            <tr>
              <th
                class="sc-bqWxrE WvYRc"
              >
                <input
                  class="sc-iveFHk galDiN"
                  type="checkbox"
                />
              </th>
              <th
                class="sc-bqWxrE chqDnK"
                colspan="1"
              >
                <div>
                  Topic Name
                </div>
              </th>
              <th
                class="sc-bqWxrE chqDnK"
                colspan="1"
              >
                <div>
                  Partitions
                </div>
              </th>
              <th
                class="sc-bqWxrE chqDnK"
                colspan="1"
              >
                <div>
                  Out of sync replicas
                </div>
              </th>
              <th
                class="sc-bqWxrE eOtHhI"
                colspan="1"
              >
                <div>
                  Replication Factor
                </div>
              </th>
              <th
                class="sc-bqWxrE eOtHhI"
                colspan="1"
              >
                <div>
                  Number of messages
                </div>
              </th>
              <th
                class="sc-bqWxrE chqDnK"
                colspan="1"
              >
                <div>
                  Size
                </div>
              </th>
              <th
                class="sc-bqWxrE eOtHhI"
                colspan="1"
              >
                <div />
              </th>
            </tr>
          </thead>
          <tbody>
            <tr
              class="sc-ksBlkl boZBPF"
            >
              <td
                style="width: 1px;"
              >
                <input
                  class="sc-iveFHk galDiN"
                  type="checkbox"
                />
              </td>
              <td>
                <a
                  class=""
                  href="/ui/clusters/test-cluster/all-topics/external.topic"
                  title="external.topic"
                >
                  external.topic
                </a>
              </td>
              <td>
                1
              </td>
              <td>
                0
              </td>
              <td>
                1
              </td>
              <td>
                0
              </td>
              <td>
                <span>
                  1KB
                </span>
              </td>
              <td>
                <div
                  class="sc-bYMpWt jPuQbj"
                >
                  <button
                    aria-label="Dropdown Toggle"
                    class="sc-iJnaPW cLtDrB"
                  >
                    <svg
                      fill="none"
                      height="16"
                      viewBox="0 0 4 16"
                      width="4"
                      xmlns="http://www.w3.org/2000/svg"
                    >
                      <path
                        d="M2 4C3.1 4 4 3.1 4 2C4 0.9 3.1 0 2 0C0.9 0 0 0.9 0 2C0 3.1 0.9 4 2 4ZM2 6C0.9 6 0 6.9 0 8C0 9.1 0.9 10 2 10C3.1 10 4 9.1 4 8C4 6.9 3.1 6 2 6ZM2 12C0.9 12 0 12.9 0 14C0 15.1 0.9 16 2 16C3.1 16 4 15.1 4 14C4 12.9 3.1 12 2 12Z"
                        fill="#73848C"
                      />
                    </svg>
                  </button>
                  <div
                    class="szh-menu-container sc-lllmON dJFjRP"
                    style="position: relative;"
                  >
                    <ul
                      aria-label="Menu"
                      class="szh-menu szh-menu--state-closed szh-menu--dir-bottom"
                      role="menu"
                      style="margin: 0px; display: none; position: absolute; left: 0px; top: 0px;"
                      tabindex="-1"
                    >
                      <div
                        style="position: absolute; left: 0px; top: 0px;"
                        tabindex="-1"
                      />
                      <li
                        aria-disabled="true"
                        class="szh-menu__item szh-menu__item--disabled"
                        role="menuitem"
                        tabindex="-1"
                      >
                        <div
                          class="sc-gikAfH ejPNDG"
                        >
                          Clear Messages
                          <div
                            class="sc-ezOQGI ebJAcj"
                          >
                            Clearing messages is only allowed for topics
                            <br />
                            with DELETE policy
                          </div>
                        </div>
                      </li>
                      <li
                        class="szh-menu__item"
                        role="menuitem"
                        tabindex="-1"
                      >
                        <div
                          class="sc-gikAfH ejPNDG"
                        >
                          Recreate Topic
                        </div>
                      </li>
                      <li
                        class="szh-menu__item"
                        role="menuitem"
                        tabindex="-1"
                      >
                        <div
                          class="sc-gikAfH ejPNDG"
                        >
                          Remove Topic
                        </div>
                      </li>
                    </ul>
                  </div>
                </div>
              </td>
            </tr>
          </tbody>
        </table>
      </div>
    </div>
  </div>
</body>
    at Object.getElementError (/Users/davitbejanyan/Desktop/kafka-ui/kafka-ui-react-app/node_modules/.pnpm/@testing-library+dom@8.19.0/node_modules/@testing-library/dom/dist/config.js:40:19)
    at /Users/davitbejanyan/Desktop/kafka-ui/kafka-ui-react-app/node_modules/.pnpm/@testing-library+dom@8.19.0/node_modules/@testing-library/dom/dist/query-helpers.js:90:38
    at /Users/davitbejanyan/Desktop/kafka-ui/kafka-ui-react-app/node_modules/.pnpm/@testing-library+dom@8.19.0/node_modules/@testing-library/dom/dist/query-helpers.js:62:17
    at /Users/davitbejanyan/Desktop/kafka-ui/kafka-ui-react-app/node_modules/.pnpm/@testing-library+dom@8.19.0/node_modules/@testing-library/dom/dist/query-helpers.js:111:19
    at getByRole (/Users/davitbejanyan/Desktop/kafka-ui/kafka-ui-react-app/src/components/Topics/List/__tests__/TopicTable.spec.tsx:199:23)
    at expectDropdownExists (/Users/davitbejanyan/Desktop/kafka-ui/kafka-ui-react-app/src/components/Topics/List/__tests__/TopicTable.spec.tsx:313:11)
    at tryCatch (/Users/davitbejanyan/Desktop/kafka-ui/kafka-ui-react-app/src/components/Topics/List/__tests__/TopicTable.spec.tsx:2:1)
    at Generator._invoke (/Users/davitbejanyan/Desktop/kafka-ui/kafka-ui-react-app/src/components/Topics/List/__tests__/TopicTable.spec.tsx:2:1)
    at Generator.next (/Users/davitbejanyan/Desktop/kafka-ui/kafka-ui-react-app/src/components/Topics/List/__tests__/TopicTable.spec.tsx:2:1)
    at asyncGeneratorStep (/Users/davitbejanyan/Desktop/kafka-ui/kafka-ui-react-app/src/components/Topics/List/__tests__/TopicTable.spec.tsx:2:1)
    at _next (/Users/davitbejanyan/Desktop/kafka-ui/kafka-ui-react-app/src/components/Topics/List/__tests__/TopicTable.spec.tsx:2:1)
    at /Users/davitbejanyan/Desktop/kafka-ui/kafka-ui-react-app/src/components/Topics/List/__tests__/TopicTable.spec.tsx:2:1
    at new Promise (<anonymous>)
    at Object.<anonymous> (/Users/davitbejanyan/Desktop/kafka-ui/kafka-ui-react-app/src/components/Topics/List/__tests__/TopicTable.spec.tsx:2:1)
    at Promise.then.completed (/Users/davitbejanyan/Desktop/kafka-ui/kafka-ui-react-app/node_modules/.pnpm/jest-circus@29.1.2/node_modules/jest-circus/build/utils.js:333:28)
    at new Promise (<anonymous>)
    at callAsyncCircusFn (/Users/davitbejanyan/Desktop/kafka-ui/kafka-ui-react-app/node_modules/.pnpm/jest-circus@29.1.2/node_modules/jest-circus/build/utils.js:259:10)
    at _callCircusTest (/Users/davitbejanyan/Desktop/kafka-ui/kafka-ui-react-app/node_modules/.pnpm/jest-circus@29.1.2/node_modules/jest-circus/build/run.js:277:40)
    at processTicksAndRejections (node:internal/process/task_queues:96:5)
    at _runTest (/Users/davitbejanyan/Desktop/kafka-ui/kafka-ui-react-app/node_modules/.pnpm/jest-circus@29.1.2/node_modules/jest-circus/build/run.js:209:3)
    at _runTestsForDescribeBlock (/Users/davitbejanyan/Desktop/kafka-ui/kafka-ui-react-app/node_modules/.pnpm/jest-circus@29.1.2/node_modules/jest-circus/build/run.js:97:9)
    at _runTestsForDescribeBlock (/Users/davitbejanyan/Desktop/kafka-ui/kafka-ui-react-app/node_modules/.pnpm/jest-circus@29.1.2/node_modules/jest-circus/build/run.js:91:9)
    at _runTestsForDescribeBlock (/Users/davitbejanyan/Desktop/kafka-ui/kafka-ui-react-app/node_modules/.pnpm/jest-circus@29.1.2/node_modules/jest-circus/build/run.js:91:9)
    at _runTestsForDescribeBlock (/Users/davitbejanyan/Desktop/kafka-ui/kafka-ui-react-app/node_modules/.pnpm/jest-circus@29.1.2/node_modules/jest-circus/build/run.js:91:9)
    at _runTestsForDescribeBlock (/Users/davitbejanyan/Desktop/kafka-ui/kafka-ui-react-app/node_modules/.pnpm/jest-circus@29.1.2/node_modules/jest-circus/build/run.js:91:9)
    at run (/Users/davitbejanyan/Desktop/kafka-ui/kafka-ui-react-app/node_modules/.pnpm/jest-circus@29.1.2/node_modules/jest-circus/build/run.js:31:3)
    at runAndTransformResultsToJestFormat (/Users/davitbejanyan/Desktop/kafka-ui/kafka-ui-react-app/node_modules/.pnpm/jest-circus@29.1.2/node_modules/jest-circus/build/legacy-code-todo-rewrite/jestAdapterInit.js:136:21)
    at jestAdapter (/Users/davitbejanyan/Desktop/kafka-ui/kafka-ui-react-app/node_modules/.pnpm/jest-circus@29.1.2/node_modules/jest-circus/build/legacy-code-todo-rewrite/jestAdapter.js:92:19)
    at runTestInternal (/Users/davitbejanyan/Desktop/kafka-ui/kafka-ui-react-app/node_modules/.pnpm/jest-runner@29.1.2/node_modules/jest-runner/build/runTest.js:407:16)
    at runTest (/Users/davitbejanyan/Desktop/kafka-ui/kafka-ui-react-app/node_modules/.pnpm/jest-runner@29.1.2/node_modules/jest-runner/build/runTest.js:491:34)
    at Object.worker (/Users/davitbejanyan/Desktop/kafka-ui/kafka-ui-react-app/node_modules/.pnpm/jest-runner@29.1.2/node_modules/jest-runner/build/testWorker.js:133:12)]]></failure>
    </testCase>
  </file>
  <file path="/Users/davitbejanyan/Desktop/kafka-ui/kafka-ui-react-app/src/lib/hooks/api/__tests__/topics.spec.ts">
    <testCase name="Topics hooks handles useTopics" duration="68"/>
    <testCase name="Topics hooks handles useTopicDetails" duration="62"/>
    <testCase name="Topics hooks handles useTopicConfig" duration="62"/>
    <testCase name="Topics hooks handles useTopicConsumerGroups" duration="75"/>
    <testCase name="Topics hooks useTopicAnalysis handles useTopicAnalysis" duration="61"/>
    <testCase name="Topics hooks useTopicAnalysis disables useTopicAnalysis" duration="2"/>
    <testCase name="Topics hooks mutatations useCreateTopic" duration="11"/>
    <testCase name="Topics hooks mutatations useUpdateTopic" duration="4"/>
    <testCase name="Topics hooks mutatations useIncreaseTopicPartitionsCount" duration="13"/>
    <testCase name="Topics hooks mutatations useUpdateTopicReplicationFactor" duration="7"/>
    <testCase name="Topics hooks mutatations useDeleteTopic" duration="3"/>
    <testCase name="Topics hooks mutatations useRecreateTopic" duration="6"/>
    <testCase name="Topics hooks mutatations useSendMessage" duration="6"/>
    <testCase name="Topics hooks mutatations useAnalyzeTopic" duration="5"/>
    <testCase name="Topics hooks mutatations useCancelTopicAnalysis" duration="5"/>
  </file>
  <file path="/Users/davitbejanyan/Desktop/kafka-ui/kafka-ui-react-app/src/components/Brokers/BrokersList/__test__/BrokersList.spec.tsx">
    <testCase name="BrokersList Component BrokersList when the brokers are loaded renders" duration="64"/>
    <testCase name="BrokersList Component BrokersList when the brokers are loaded opens broker when row clicked" duration="222"/>
    <testCase name="BrokersList Component BrokersList when the brokers are loaded shows warning when offlinePartitionCount &gt; 0" duration="76"/>
    <testCase name="BrokersList Component BrokersList when the brokers are loaded shows right count when offlinePartitionCount &gt; 0" duration="30"/>
    <testCase name="BrokersList Component BrokersList when the brokers are loaded shows right count when inSyncReplicasCount: undefined &amp;&amp; outOfSyncReplicasCount: 1" duration="33"/>
    <testCase name="BrokersList Component BrokersList when the brokers are loaded shows right count when inSyncReplicasCount: 798 outOfSyncReplicasCount: undefined" duration="26"/>
    <testCase name="BrokersList Component BrokersList when diskUsage is empty renders empty table" duration="76"/>
  </file>
  <file path="/Users/davitbejanyan/Desktop/kafka-ui/kafka-ui-react-app/src/components/Topics/Topic/Edit/__test__/Edit.spec.tsx">
    <testCase name="Edit Component renders DangerZone component" duration="168"/>
    <testCase name="Edit Component submits form correctly" duration="194"/>
  </file>
  <file path="/Users/davitbejanyan/Desktop/kafka-ui/kafka-ui-react-app/src/components/Schemas/Details/__test__/Details.spec.tsx">
    <testCase name="Details fetch failed renders pageloader" duration="45"/>
    <testCase name="Details fetch success has schema versions renders component with schema info" duration="147"/>
    <testCase name="Details fetch success fetch success schema with non ascii characters has schema versions renders component with schema info" duration="77"/>
    <testCase name="Details fetch success empty schema versions renders versions table with 0 items" duration="73"/>
  </file>
  <file path="/Users/davitbejanyan/Desktop/kafka-ui/kafka-ui-react-app/src/components/Brokers/Broker/BrokerLogdir/__test__/BrokerLogdir.spec.tsx">
    <testCase name="BrokerLogdir Component shows warning when server returns undefined logDirs response" duration="81"/>
    <testCase name="BrokerLogdir Component shows warning when server returns empty logDirs response" duration="42"/>
    <testCase name="BrokerLogdir Component shows brokers" duration="125"/>
  </file>
  <file path="/Users/davitbejanyan/Desktop/kafka-ui/kafka-ui-react-app/src/lib/hooks/api/__tests__/brokers.spec.ts">
    <testCase name="Brokers hooks useBrokers useBrokers" duration="79"/>
    <testCase name="Brokers hooks useBrokerMetrics useBrokerMetrics" duration="61"/>
    <testCase name="Brokers hooks useBrokerLogDirs useBrokerLogDirs" duration="54"/>
  </file>
  <file path="/Users/davitbejanyan/Desktop/kafka-ui/kafka-ui-react-app/src/lib/hooks/api/__tests__/clusters.spec.ts">
    <testCase name="Clusters hooks useClusters returns the correct data" duration="71"/>
    <testCase name="Clusters hooks useClusterStats returns the correct data" duration="58"/>
  </file>
  <file path="/Users/davitbejanyan/Desktop/kafka-ui/kafka-ui-react-app/src/components/Schemas/Edit/__tests__/Edit.spec.tsx">
    <testCase name="Edit fetch failed renders page loader" duration="52"/>
    <testCase name="Edit fetch success has schema versions renders component with schema info" duration="68"/>
    <testCase name="Edit fetch success schema with non ascii characters has schema versions renders component with schema info" duration="57"/>
  </file>
  <file path="/Users/davitbejanyan/Desktop/kafka-ui/kafka-ui-react-app/src/components/Connect/List/__tests__/ListPage.spec.tsx">
    <testCase name="Connectors List Page Heading renders header without create button for readonly cluster" duration="61"/>
    <testCase name="Connectors List Page Heading renders header with create button for read/write cluster" duration="41"/>
    <testCase name="Connectors List Page renders search input" duration="14"/>
    <testCase name="Connectors List Page renders list" duration="17"/>
    <testCase name="Connectors List Page Metrics renders indicators in loading state" duration="22"/>
    <testCase name="Connectors List Page Metrics renders indicators for empty list of connectors" duration="24"/>
    <testCase name="Connectors List Page Metrics renders indicators when connectors list is undefined" duration="43"/>
    <testCase name="Connectors List Page Metrics renders indicators list of connectors" duration="24"/>
  </file>
  <file path="/Users/davitbejanyan/Desktop/kafka-ui/kafka-ui-react-app/src/components/__tests__/App.spec.tsx">
    <testCase name="App correctly renders header" duration="138"/>
    <testCase name="App handle burger click correctly" duration="63"/>
    <testCase name="App Renders navigation" duration="24"/>
  </file>
  <file path="/Users/davitbejanyan/Desktop/kafka-ui/kafka-ui-react-app/src/components/Topics/Topic/Messages/__test__/MessagesTable.spec.tsx">
    <testCase name="MessagesTable Default props Setup for MessagesTable component should check the render" duration="41"/>
    <testCase name="MessagesTable Default props Setup for MessagesTable component should check the if no elements is rendered in the table" duration="10"/>
    <testCase name="MessagesTable Custom Setup with different props value should check if next click is gone during isLive Param" duration="14"/>
    <testCase name="MessagesTable Custom Setup with different props value should check the display of the loader element" duration="21"/>
    <testCase name="MessagesTable should render Messages table with data should check the rendering of the messages" duration="19"/>
  </file>
  <file path="/Users/davitbejanyan/Desktop/kafka-ui/kafka-ui-react-app/src/lib/hooks/api/__tests__/topicMessages.spec.ts">
    <testCase name="Topic Messages hooks handles useSerdes" duration="80"/>
  </file>
  <file path="/Users/davitbejanyan/Desktop/kafka-ui/kafka-ui-react-app/src/lib/hooks/api/__tests__/latestVersion.spec.ts">
    <testCase name="Latest version hooks useLatestVersion returns the correct data" duration="69"/>
  </file>
  <file path="/Users/davitbejanyan/Desktop/kafka-ui/kafka-ui-react-app/src/lib/hooks/api/__tests__/actuatorInfo.spec.ts">
    <testCase name="Actuator info hooks useActuatorInfo returns the correct data" duration="68"/>
  </file>
  <file path="/Users/davitbejanyan/Desktop/kafka-ui/kafka-ui-react-app/src/components/Schemas/__test__/Schemas.spec.tsx">
    <testCase name="Schemas renders List" duration="18"/>
    <testCase name="Schemas renders New" duration="4"/>
    <testCase name="Schemas renders Details" duration="3"/>
    <testCase name="Schemas renders Edit" duration="1"/>
  </file>
  <file path="/Users/davitbejanyan/Desktop/kafka-ui/kafka-ui-react-app/src/components/KsqlDb/List/__test__/List.spec.tsx">
    <testCase name="KsqlDb List renders List component with Tables and Streams tabs" duration="169"/>
  </file>
  <file path="/Users/davitbejanyan/Desktop/kafka-ui/kafka-ui-react-app/src/components/Schemas/Details/__test__/LatestVersionItem.spec.tsx">
    <testCase name="LatestVersionItem renders latest version of json schema" duration="113"/>
    <testCase name="LatestVersionItem renders latest version of compatibility" duration="37"/>
  </file>
  <file path="/Users/davitbejanyan/Desktop/kafka-ui/kafka-ui-react-app/src/lib/hooks/api/__tests__/timeFormat.spec.ts">
    <testCase name="Time format hooks useTimeFormat returns the correct data" duration="98"/>
  </file>
  <file path="/Users/davitbejanyan/Desktop/kafka-ui/kafka-ui-react-app/src/components/common/Button/__tests__/Button.spec.tsx">
    <testCase name="Button renders small primary Button" duration="85"/>
    <testCase name="Button renders medium size secondary Button" duration="28"/>
    <testCase name="Button renders small Button" duration="18"/>
    <testCase name="Button renders link with large primary button inside" duration="17"/>
    <testCase name="Button renders inverted color Button" duration="20"/>
  </file>
  <file path="/Users/davitbejanyan/Desktop/kafka-ui/kafka-ui-react-app/src/components/Brokers/Broker/BrokerMetrics/__test__/BrokerMetrics.spec.tsx">
    <testCase name="BrokerMetrics Component shows warning when server doesn&apos;t return metrics response" duration="173"/>
  </file>
  <file path="/Users/davitbejanyan/Desktop/kafka-ui/kafka-ui-react-app/src/components/Schemas/Details/__test__/SchemaVersion.spec.tsx">
    <testCase name="SchemaVersion renders versions" duration="84"/>
  </file>
  <file path="/Users/davitbejanyan/Desktop/kafka-ui/kafka-ui-react-app/src/components/Nav/__tests__/ClusterMenuItem.spec.tsx">
    <testCase name="ClusterMenuItem renders component with correct title" duration="51"/>
    <testCase name="ClusterMenuItem renders top level component with correct styles" duration="11"/>
    <testCase name="ClusterMenuItem renders non-top level component with correct styles" duration="33"/>
    <testCase name="ClusterMenuItem renders list item with link inside" duration="56"/>
    <testCase name="ClusterMenuItem renders list item without link inside" duration="4"/>
    <testCase name="ClusterMenuItem renders list item with children" duration="7"/>
  </file>
  <file path="/Users/davitbejanyan/Desktop/kafka-ui/kafka-ui-react-app/src/components/common/SQLEditor/__tests__/SQLEditor.spec.tsx">
    <testCase name="SQLEditor component to be in the document with fixed height" duration="150"/>
    <testCase name="SQLEditor component to be in the document with fixed height with no value" duration="57"/>
  </file>
  <file path="/Users/davitbejanyan/Desktop/kafka-ui/kafka-ui-react-app/src/components/KsqlDb/List/KsqlDbItem/__test__/KsqlDbItem.spec.tsx">
    <testCase name="KsqlDbItem renders progressbar when fetching tables and streams" duration="82"/>
    <testCase name="KsqlDbItem show no text if no data found" duration="26"/>
    <testCase name="KsqlDbItem renders with tables" duration="17"/>
    <testCase name="KsqlDbItem renders with streams" duration="38"/>
  </file>
  <file path="/Users/davitbejanyan/Desktop/kafka-ui/kafka-ui-react-app/src/components/Connect/Details/Config/__tests__/Config.spec.tsx">
    <testCase name="Config calls updateConfig and redirects to connector config view on successful submit" duration="88"/>
    <testCase name="Config does not redirect to connector config view on unsuccessful submit" duration="42"/>
  </file>
  <file path="/Users/davitbejanyan/Desktop/kafka-ui/kafka-ui-react-app/src/components/common/EditorViewer/__test__/EditorViewer.spec.tsx">
    <testCase name="EditorViewer component renders JSONTree" duration="95"/>
    <testCase name="EditorViewer component to be in the document with fixed height with no value" duration="7"/>
  </file>
  <file path="/Users/davitbejanyan/Desktop/kafka-ui/kafka-ui-react-app/src/components/ConsumerGroups/Details/TopicContents/__test__/TopicContents.spec.tsx">
    <testCase name="TopicContent renders empty table" duration="67"/>
    <testCase name="TopicContent renders table with content" duration="14"/>
  </file>
  <file path="/Users/davitbejanyan/Desktop/kafka-ui/kafka-ui-react-app/src/components/Brokers/Broker/__test__/Broker.spec.tsx">
    <testCase name="Broker Component shows broker found" duration="43"/>
    <testCase name="Broker Component renders Broker Logdir" duration="37"/>
    <testCase name="Broker Component renders Broker Metrics" duration="40"/>
  </file>
  <file path="/Users/davitbejanyan/Desktop/kafka-ui/kafka-ui-react-app/src/components/common/DiffViewer/__tests__/DiffViewer.spec.tsx">
    <testCase name="Editor component renders" duration="93"/>
    <testCase name="Editor component renders with fixed height" duration="74"/>
    <testCase name="Editor component renders with fixed height with no value" duration="88"/>
    <testCase name="Editor component renders without fixed height with no value" duration="24"/>
    <testCase name="Editor component renders without fixed height with one value" duration="19"/>
  </file>
  <file path="/Users/davitbejanyan/Desktop/kafka-ui/kafka-ui-react-app/src/components/Topics/Topic/Statistics/__test__/Statistics.spec.tsx">
    <testCase name="Statistics renders Metricks component" duration="66"/>
  </file>
  <file path="/Users/davitbejanyan/Desktop/kafka-ui/kafka-ui-react-app/src/components/Nav/__tests__/Nav.spec.tsx">
    <testCase name="Nav renders loader" duration="29"/>
    <testCase name="Nav renders ClusterMenu" duration="46"/>
  </file>
  <file path="/Users/davitbejanyan/Desktop/kafka-ui/kafka-ui-react-app/src/components/common/Metrics/__tests__/Indicator.spec.tsx">
    <testCase name="Indicator renders indicator" duration="34"/>
    <testCase name="Indicator should render circular alert should be in document" duration="29"/>
    <testCase name="Indicator should render circular alert success alert" duration="21"/>
    <testCase name="Indicator should render circular alert error alert" duration="9"/>
    <testCase name="Indicator should render circular alert warning alert" duration="15"/>
    <testCase name="Indicator should render circular alert info alert" duration="29"/>
  </file>
  <file path="/Users/davitbejanyan/Desktop/kafka-ui/kafka-ui-react-app/src/components/KsqlDb/Query/renderer/TableRenderer/__test__/TableRenderer.spec.tsx">
    <testCase name="TableRenderer renders" duration="69"/>
    <testCase name="TableRenderer renders with empty arrays" duration="16"/>
    <testCase name="hasJsonStructure works" duration="2"/>
  </file>
  <file path="/Users/davitbejanyan/Desktop/kafka-ui/kafka-ui-react-app/src/components/Nav/ClusterTab/__tests__/ClusterTab.spec.tsx">
    <testCase name="ClusterTab component renders cluster name" duration="75"/>
    <testCase name="ClusterTab component renders correct status icon for online cluster" duration="15"/>
    <testCase name="ClusterTab component renders correct status icon for offline cluster" duration="6"/>
    <testCase name="ClusterTab component handles onClick action" duration="6"/>
  </file>
  <file path="/Users/davitbejanyan/Desktop/kafka-ui/kafka-ui-react-app/src/components/Nav/ClusterTab/__tests__/ClusterTab.styled.spec.tsx">
    <testCase name="Cluster Styled Components Wrapper Component should check the rendering and correct Styling when it is open" duration="20"/>
    <testCase name="Cluster Styled Components Wrapper Component should check the rendering and correct Styling when it is Not open" duration="16"/>
    <testCase name="Cluster Styled Components StatusIcon Component should check the rendering and correct Styling when it is online" duration="7"/>
    <testCase name="Cluster Styled Components StatusIcon Component should check the rendering and correct Styling when it is offline" duration="6"/>
    <testCase name="Cluster Styled Components StatusIcon Component should check the rendering and correct Styling when it is Initializing" duration="7"/>
  </file>
  <file path="/Users/davitbejanyan/Desktop/kafka-ui/kafka-ui-react-app/src/components/common/ProgressBar/__test__/ProgressBar.spec.tsx">
    <testCase name="Progressbar renders correct percentage" duration="46"/>
    <testCase name="Progressbar renders correct percentage" duration="5"/>
    <testCase name="Progressbar renders correct percentage" duration="22"/>
    <testCase name="Progressbar renders correct percentage" duration="25"/>
  </file>
  <file path="/Users/davitbejanyan/Desktop/kafka-ui/kafka-ui-react-app/src/components/Connect/Details/__tests__/DetailsPage.spec.tsx">
    <testCase name="Details Page renders actions" duration="98"/>
    <testCase name="Details Page renders overview pane" duration="7"/>
    <testCase name="Details Page Router component tests should test if tasks is rendering" duration="8"/>
    <testCase name="Details Page Router component tests should test if list is rendering" duration="5"/>
  </file>
  <file path="/Users/davitbejanyan/Desktop/kafka-ui/kafka-ui-react-app/src/components/Version/__tests__/Version.spec.tsx">
    <testCase name="Version Component tag does not exist does not render component" duration="60"/>
    <testCase name="Version Component renders current version renders release build version as current version" duration="16"/>
    <testCase name="Version Component renders current version renders formatted timestamp as current version when version is commit" duration="5"/>
    <testCase name="Version Component renders current version renders formatted timestamp as current version when version contains -SNAPSHOT" duration="6"/>
    <testCase name="Version Component outdated build version renders warning message" duration="21"/>
    <testCase name="Version Component current commit id with link renders" duration="5"/>
  </file>
  <file path="/Users/davitbejanyan/Desktop/kafka-ui/kafka-ui-react-app/src/components/common/table/TableHeaderCell/__test__/TableHeaderCell.styled.spec.tsx">
    <testCase name="TableHeaderCell.Styled Title Component test the default Parameters should test the props of Title Component" duration="58"/>
    <testCase name="TableHeaderCell.Styled Title Component Custom props should test the sort order styling of Title Component" duration="10"/>
    <testCase name="TableHeaderCell.Styled Title Component Custom props should test the Title Component styling without the ordering" duration="29"/>
    <testCase name="TableHeaderCell.Styled Preview Component should render the preview and check themes values" duration="18"/>
  </file>
  <file path="/Users/davitbejanyan/Desktop/kafka-ui/kafka-ui-react-app/src/components/Cluster/__tests__/Cluster.spec.tsx">
    <testCase name="Cluster renders Brokers" duration="23"/>
    <testCase name="Cluster renders Topics" duration="13"/>
    <testCase name="Cluster renders ConsumerGroups" duration="10"/>
    <testCase name="Cluster configured features renders Schemas if SCHEMA_REGISTRY is configured" duration="5"/>
    <testCase name="Cluster configured features does not render Schemas if SCHEMA_REGISTRY is not configured" duration="5"/>
    <testCase name="Cluster configured features renders Schemas if KAFKA_CONNECT is configured" duration="5"/>
    <testCase name="Cluster configured features does not render Schemas if KAFKA_CONNECT is not configured" duration="3"/>
    <testCase name="Cluster configured features renders Schemas if KAFKA_CONNECT is configured" duration="6"/>
    <testCase name="Cluster configured features does not render Schemas if KAFKA_CONNECT is not configured" duration="6"/>
    <testCase name="Cluster configured features renders Schemas if KSQL_DB is configured" duration="3"/>
    <testCase name="Cluster configured features does not render Schemas if KSQL_DB is not configured" duration="3"/>
  </file>
  <file path="/Users/davitbejanyan/Desktop/kafka-ui/kafka-ui-react-app/src/components/Topics/shared/Form/__tests__/TimeToRetainBtns.spec.tsx">
    <testCase name="TimeToRetainBtns should test the normal view rendering of the component" duration="41"/>
  </file>
  <file path="/Users/davitbejanyan/Desktop/kafka-ui/kafka-ui-react-app/src/components/Topics/shared/Form/__tests__/TopicForm.styled.spec.tsx">
    <testCase name="TopicForm styled components Button should check the button styling in isActive state" duration="16"/>
    <testCase name="TopicForm styled components Button should check the button styling in non Active state" duration="8"/>
  </file>
  <file path="/Users/davitbejanyan/Desktop/kafka-ui/kafka-ui-react-app/src/components/Topics/Topic/Settings/__test__/ConfigListItem.spec.tsx">
    <testCase name="renders with CustomValue" duration="33"/>
    <testCase name="renders without CustomValue" duration="6"/>
  </file>
  <file path="/Users/davitbejanyan/Desktop/kafka-ui/kafka-ui-react-app/src/components/Topics/Topic/Messages/Filters/__tests__/Filters.styled.spec.tsx">
    <testCase name="Filters Styled components MessageLoading component should check the styling during live" duration="78"/>
    <testCase name="Filters Styled components MessageLoading component should check the styling during not live" duration="3"/>
  </file>
  <file path="/Users/davitbejanyan/Desktop/kafka-ui/kafka-ui-react-app/src/components/Topics/Topic/ConsumerGroups/__test__/TopicConsumerGroups.spec.tsx">
    <testCase name="TopicConsumerGroups renders empty table if consumer groups payload is empty" duration="53"/>
    <testCase name="TopicConsumerGroups renders empty table if consumer groups payload is undefined" duration="7"/>
    <testCase name="TopicConsumerGroups renders table of consumer groups" duration="37"/>
  </file>
  <file path="/Users/davitbejanyan/Desktop/kafka-ui/kafka-ui-react-app/src/components/Topics/Topic/Settings/__test__/Settings.spec.tsx">
    <testCase name="Settings should check it returns null if no config is passed" duration="30"/>
  </file>
  <file path="/Users/davitbejanyan/Desktop/kafka-ui/kafka-ui-react-app/src/components/Connect/Details/Overview/__tests__/Overview.spec.tsx">
    <testCase name="Overview is empty when no connector" duration="11"/>
    <testCase name="Overview when connector is loaded renders metrics" duration="24"/>
  </file>
  <file path="/Users/davitbejanyan/Desktop/kafka-ui/kafka-ui-react-app/src/components/KsqlDb/__test__/KsqlDb.spec.tsx">
    <testCase name="KsqlDb Component Renders the List" duration="15"/>
    <testCase name="KsqlDb Component Renders the List" duration="3"/>
  </file>
  <file path="/Users/davitbejanyan/Desktop/kafka-ui/kafka-ui-react-app/src/components/Topics/__tests__/Topics.spec.tsx">
    <testCase name="Topics Component should check if the page is Topics List rendered" duration="36"/>
    <testCase name="Topics Component should check if the page is  New Topic  rendered" duration="3"/>
    <testCase name="Topics Component should check if the page is Copy Topic rendered" duration="2"/>
    <testCase name="Topics Component should check if the page is Topic page rendered" duration="1"/>
  </file>
  <file path="/Users/davitbejanyan/Desktop/kafka-ui/kafka-ui-react-app/src/components/ConsumerGroups/__test__/ConsumerGroups.spec.tsx">
    <testCase name="ConsumerGroups renders ListContainer" duration="18"/>
    <testCase name="ConsumerGroups renders ResetOffsets" duration="3"/>
    <testCase name="ConsumerGroups renders Details" duration="1"/>
  </file>
  <file path="/Users/davitbejanyan/Desktop/kafka-ui/kafka-ui-react-app/src/components/Dashboard/__test__/Dashboard.spec.tsx">
    <testCase name="Dashboard renders ClustersWidget" duration="22"/>
  </file>
  <file path="/Users/davitbejanyan/Desktop/kafka-ui/kafka-ui-react-app/src/components/Connect/__tests__/Connect.spec.tsx">
    <testCase name="Connect renders ListPage" duration="17"/>
    <testCase name="Connect renders New Page" duration="3"/>
    <testCase name="Connect renders Details Page" duration="2"/>
  </file>
  <file path="/Users/davitbejanyan/Desktop/kafka-ui/kafka-ui-react-app/src/components/common/PageLoader/__tests__/PageLoader.spec.tsx">
    <testCase name="PageLoader renders spinner" duration="21"/>
  </file>
  <file path="/Users/davitbejanyan/Desktop/kafka-ui/kafka-ui-react-app/src/components/Topics/Topic/SendMessage/__test__/utils.spec.ts">
    <testCase name="SendMessage utils getDefaultValues should return default values" duration="3"/>
    <testCase name="SendMessage utils getDefaultValues works even with empty serdes" duration="1"/>
    <testCase name="SendMessage utils getSerdeOptions should return options" duration="0"/>
    <testCase name="SendMessage utils getSerdeOptions should skip options without label" duration="1"/>
    <testCase name="SendMessage utils validateBySchema should return empty error data if value is empty" duration="0"/>
    <testCase name="SendMessage utils validateBySchema should return empty error data if schema is empty" duration="0"/>
    <testCase name="SendMessage utils validateBySchema should return parsing error data if schema is not parsed with type of key" duration="0"/>
    <testCase name="SendMessage utils validateBySchema should return parsing error data if schema is not parsed with type of key" duration="0"/>
    <testCase name="SendMessage utils validateBySchema should return empty error data if schema type is string" duration="0"/>
    <testCase name="SendMessage utils validateBySchema returns errors on invalid input data" duration="49"/>
    <testCase name="SendMessage utils validateBySchema returns error on broken key value" duration="0"/>
    <testCase name="SendMessage utils validateBySchema returns error on broken content value" duration="0"/>
  </file>
  <file path="/Users/davitbejanyan/Desktop/kafka-ui/kafka-ui-react-app/src/components/Brokers/__test__/Brokers.spec.tsx">
    <testCase name="Brokers Component renders BrokersList" duration="17"/>
    <testCase name="Brokers Component renders Broker" duration="10"/>
  </file>
  <file path="/Users/davitbejanyan/Desktop/kafka-ui/kafka-ui-react-app/src/components/Topics/Topic/Messages/__test__/FiltersContainer.spec.tsx">
    <testCase name="FiltersContainer renders Filters component" duration="23"/>
  </file>
  <file path="/Users/davitbejanyan/Desktop/kafka-ui/kafka-ui-react-app/src/components/common/BytesFormatted/__tests__/BytesFormatted.spec.tsx">
    <testCase name="BytesFormatted renders Bytes correctly" duration="9"/>
    <testCase name="BytesFormatted renders correct units" duration="20"/>
    <testCase name="BytesFormatted renders correct precision" duration="4"/>
    <testCase name="BytesFormatted correctly handles invalid props" duration="5"/>
  </file>
  <file path="/Users/davitbejanyan/Desktop/kafka-ui/kafka-ui-react-app/src/components/Topics/Topic/Edit/__test__/topicParamsTransformer.spec.ts">
    <testCase name="getValue returns value when field exists" duration="1"/>
    <testCase name="getValue returns default value when field does not exists" duration="1"/>
    <testCase name="topicParamsTransformer returns default values when config payload is not defined" duration="0"/>
    <testCase name="topicParamsTransformer returns default values when topic payload is not defined" duration="0"/>
    <testCase name="topicParamsTransformer returns transformed config" duration="1"/>
    <testCase name="topicParamsTransformer returns default partitions config" duration="0"/>
    <testCase name="topicParamsTransformer returns empty list of custom params" duration="1"/>
    <testCase name="topicParamsTransformer returns list of custom params" duration="5"/>
  </file>
  <file path="/Users/davitbejanyan/Desktop/kafka-ui/kafka-ui-react-app/src/redux/reducers/ksqlDb/__test__/selectors.spec.ts">
    <testCase name="TopicMessages selectors Initial state Returns empty state" duration="2"/>
    <testCase name="TopicMessages selectors State Returns tables and streams" duration="0"/>
  </file>
  <file path="/Users/davitbejanyan/Desktop/kafka-ui/kafka-ui-react-app/src/redux/reducers/topicMessages/__test__/selectors.spec.ts">
    <testCase name="TopicMessages selectors Initial state returns empty message array" duration="2"/>
    <testCase name="TopicMessages selectors Initial state returns undefined phase" duration="0"/>
    <testCase name="TopicMessages selectors Initial state returns initial vesrion of meta" duration="1"/>
    <testCase name="TopicMessages selectors state returns messages" duration="1"/>
    <testCase name="TopicMessages selectors state returns phase" duration="0"/>
    <testCase name="TopicMessages selectors state returns ordered versions of schema" duration="1"/>
  </file>
  <file path="/Users/davitbejanyan/Desktop/kafka-ui/kafka-ui-react-app/src/lib/hooks/__tests__/useBoolean.spec.ts">
    <testCase name="useBoolean CustomHook should check true initial values" duration="10"/>
    <testCase name="useBoolean CustomHook should check false initial values" duration="1"/>
    <testCase name="useBoolean CustomHook should check setTrue function" duration="2"/>
    <testCase name="useBoolean CustomHook should check setFalse function" duration="2"/>
    <testCase name="useBoolean CustomHook should check setToggle function" duration="1"/>
  </file>
  <file path="/Users/davitbejanyan/Desktop/kafka-ui/kafka-ui-react-app/src/redux/reducers/consumerGroups/__test__/consumerGroupSlice.spec.ts">
    <testCase name="Consumer Groups Slice Actions should test the sortBy actions" duration="3"/>
    <testCase name="Consumer Groups Slice Thunk Actions should check the fetchConsumerPaged " duration="3"/>
  </file>
  <file path="/Users/davitbejanyan/Desktop/kafka-ui/kafka-ui-react-app/src/components/common/Metrics/__tests__/Section.spec.tsx">
    <testCase name="Metrics.Section renders without title" duration="11"/>
    <testCase name="Metrics.Section renders with title" duration="23"/>
  </file>
  <file path="/Users/davitbejanyan/Desktop/kafka-ui/kafka-ui-react-app/src/components/Topics/Topic/Messages/__test__/utils.spec.ts">
    <testCase name="utils filterOptions returns options if no filter is defined" duration="1"/>
    <testCase name="utils filterOptions returns filtered options" duration="0"/>
    <testCase name="utils getOffsetFromSeekToParam returns nothing when param &quot;seekType&quot; is equal BEGGINING" duration="0"/>
    <testCase name="utils getOffsetFromSeekToParam returns nothing when param &quot;seekType&quot; is equal TIMESTAMP" duration="0"/>
    <testCase name="utils getOffsetFromSeekToParam returns correct messages list when param &quot;seekType&quot; is equal OFFSET" duration="0"/>
    <testCase name="utils getOffsetFromSeekToParam returns 0 when param &quot;seekTo&quot; is not defined and param &quot;seekType&quot; is equal OFFSET" duration="1"/>
    <testCase name="utils getTimestampFromSeekToParam returns null when param &quot;seekType&quot; is equal BEGGINING" duration="0"/>
    <testCase name="utils getTimestampFromSeekToParam returns null when param &quot;seekType&quot; is equal OFFSET" duration="0"/>
    <testCase name="utils getTimestampFromSeekToParam returns correct messages list when param &quot;seekType&quot; is equal TIMESTAMP" duration="0"/>
    <testCase name="utils getTimestampFromSeekToParam returns default timestamp when param &quot;seekTo&quot; is empty and param &quot;seekType&quot; is equal TIMESTAMP" duration="1"/>
    <testCase name="utils getSelectedPartitionsFromSeekToParam returns parsed partition from params when partition list includes selected partition" duration="0"/>
    <testCase name="utils getSelectedPartitionsFromSeekToParam returns parsed partition from params when partition list NOT includes selected partition" duration="0"/>
    <testCase name="utils getSelectedPartitionsFromSeekToParam returns partitions when param &quot;seekTo&quot; is not defined" duration="0"/>
  </file>
  <file path="/Users/davitbejanyan/Desktop/kafka-ui/kafka-ui-react-app/src/lib/hooks/__tests__/useDataSaver.spec.tsx">
    <testCase name="useDataSaver hook Save as file downloads json file" duration="13"/>
    <testCase name="useDataSaver hook Save as file downloads txt file" duration="1"/>
    <testCase name="useDataSaver hook copies the data to the clipboard data with type Object" duration="3"/>
    <testCase name="useDataSaver hook copies the data to the clipboard data with type String" duration="3"/>
  </file>
  <file path="/Users/davitbejanyan/Desktop/kafka-ui/kafka-ui-react-app/src/redux/reducers/topicMessages/__test__/reducer.spec.ts">
    <testCase name="TopicMessages reducer Adds new message" duration="2"/>
    <testCase name="TopicMessages reducer Adds new message with live tailing one" duration="1"/>
    <testCase name="TopicMessages reducer Adds new message with live tailing off" duration="1"/>
    <testCase name="TopicMessages reducer reset messages" duration="0"/>
    <testCase name="TopicMessages reducer clear messages" duration="2"/>
    <testCase name="TopicMessages reducer Updates Topic Messages Phase" duration="1"/>
    <testCase name="TopicMessages reducer Updates Topic Messages Meta" duration="0"/>
  </file>
  <file path="/Users/davitbejanyan/Desktop/kafka-ui/kafka-ui-react-app/src/components/Connect/Details/Overview/__tests__/getTaskMetrics.spec.ts">
    <testCase name="getTaskMetrics should return the correct metrics when task list is undefined" duration="3"/>
    <testCase name="getTaskMetrics should return the correct metrics" duration="0"/>
  </file>
  <file path="/Users/davitbejanyan/Desktop/kafka-ui/kafka-ui-react-app/src/lib/__test__/paths.spec.ts">
    <testCase name="Paths gitCommitPath" duration="2"/>
    <testCase name="Paths getNonExactPath" duration="9"/>
    <testCase name="Paths clusterPath" duration="1"/>
    <testCase name="Paths clusterBrokersPath" duration="0"/>
    <testCase name="Paths clusterConsumerGroupsPath" duration="0"/>
    <testCase name="Paths clusterConsumerGroupDetailsPath" duration="1"/>
    <testCase name="Paths clusterConsumerGroupResetOffsetsPath" duration="0"/>
    <testCase name="Paths clusterSchemasPath" duration="0"/>
    <testCase name="Paths clusterSchemaNewPath" duration="1"/>
    <testCase name="Paths clusterSchemaPath" duration="1"/>
    <testCase name="Paths clusterSchemaEditPath" duration="1"/>
    <testCase name="Paths clusterSchemaComparePath" duration="1"/>
    <testCase name="Paths clusterTopicsPath" duration="1"/>
    <testCase name="Paths clusterTopicNewPath" duration="0"/>
    <testCase name="Paths clusterTopicPath" duration="0"/>
    <testCase name="Paths clusterTopicSettingsPath" duration="1"/>
    <testCase name="Paths clusterTopicConsumerGroupsPath" duration="0"/>
    <testCase name="Paths clusterTopicMessagesPath" duration="0"/>
    <testCase name="Paths clusterTopicEditPath" duration="0"/>
    <testCase name="Paths clusterTopicCopyPath" duration="1"/>
    <testCase name="Paths clusterTopicStatisticsPath" duration="0"/>
    <testCase name="Paths clusterConnectsPath" duration="1"/>
    <testCase name="Paths clusterConnectorsPath" duration="0"/>
    <testCase name="Paths clusterConnectorNewPath" duration="1"/>
    <testCase name="Paths clusterConnectConnectorPath" duration="2"/>
    <testCase name="Paths clusterConnectConnectorsPath" duration="0"/>
    <testCase name="Paths clusterConnectConnectorEditPath" duration="0"/>
    <testCase name="Paths clusterConnectConnectorTasksPath" duration="0"/>
    <testCase name="Paths clusterConnectConnectorConfigPath" duration="3"/>
    <testCase name="Paths clusterKsqlDbPath" duration="0"/>
    <testCase name="Paths clusterKsqlDbQueryPath" duration="1"/>
    <testCase name="Paths clusterKsqlDbTablesPath" duration="0"/>
    <testCase name="Paths clusterKsqlDbStreamsPath" duration="0"/>
  </file>
  <file path="/Users/davitbejanyan/Desktop/kafka-ui/kafka-ui-react-app/src/components/common/NewTable/utils/__test__/updateSortingState.spec.ts">
    <testCase name="updateSortingState should update the sorting state" duration="2"/>
    <testCase name="updateSortingState should update the sorting state" duration="1"/>
  </file>
  <file path="/Users/davitbejanyan/Desktop/kafka-ui/kafka-ui-react-app/src/lib/__test__/yupExtended.spec.ts">
    <testCase name="yup extended isValidJsonObject returns false for no value" duration="1"/>
    <testCase name="yup extended isValidJsonObject returns false for invalid string" duration="1"/>
    <testCase name="yup extended isValidJsonObject returns false on parsing error" duration="0"/>
    <testCase name="yup extended isValidJsonObject returns true for valid JSON object" duration="1"/>
  </file>
  <file path="/Users/davitbejanyan/Desktop/kafka-ui/kafka-ui-react-app/src/components/Version/__tests__/compareVersions.spec.ts">
    <testCase name="compareVersions function single-segment versions" duration="2"/>
    <testCase name="compareVersions function two-segment versions" duration="1"/>
    <testCase name="compareVersions function three-segment versions" duration="4"/>
    <testCase name="compareVersions function different number of digits in same group" duration="0"/>
    <testCase name="compareVersions function different number of digits in different groups" duration="0"/>
    <testCase name="compareVersions function different number of digits" duration="1"/>
    <testCase name="compareVersions function ignore non-numeric characters" duration="0"/>
    <testCase name="compareVersions function returns valid result (negative test cases)" duration="1"/>
  </file>
  <file path="/Users/davitbejanyan/Desktop/kafka-ui/kafka-ui-react-app/src/components/Brokers/utils/__test__/getEditorText.spec.tsx">
    <testCase name="Get editor text returns error message when broker metrics is not defined" duration="1"/>
    <testCase name="Get editor text returns transformed metrics text when broker logdirs metrics" duration="0"/>
  </file>
  <file path="/Users/davitbejanyan/Desktop/kafka-ui/kafka-ui-react-app/src/components/common/Select/__tests__/Select.spec.tsx">
  </file>
  <file path="/Users/davitbejanyan/Desktop/kafka-ui/kafka-ui-react-app/src/components/Topics/Topic/Messages/__test__/Messages.spec.tsx">
  </file>
</testExecutions>